#
# There is insufficient memory for the Java Runtime Environment to continue.
# Native memory allocation (malloc) failed to allocate 1035216 bytes for Chunk::new
# Possible reasons:
#   The system is out of physical RAM or swap space
#   In 32 bit mode, the process size limit was hit
# Possible solutions:
#   Reduce memory load on the system
#   Increase physical memory or swap space
#   Check if swap backing store is full
#   Use 64 bit Java on a 64 bit OS
#   Decrease Java heap size (-Xmx/-Xms)
#   Decrease number of Java threads
#   Decrease Java thread stack sizes (-Xss)
#   Set larger code cache with -XX:ReservedCodeCacheSize=
# This output file may be truncated or incomplete.
#
#  Out of Memory Error (allocation.cpp:390), pid=14468, tid=0x000000000000059c
#
# JRE version: OpenJDK Runtime Environment (8.0_76-b03) (build 1.8.0_76-release-b03)
# Java VM: OpenJDK 64-Bit Server VM (25.76-b03 mixed mode windows-amd64 compressed oops)
# Failed to write core dump. Minidumps are not enabled by default on client versions of Windows
#

---------------  T H R E A D  ---------------

Current thread (0x00000000151bc000):  JavaThread "C2 CompilerThread1" daemon [_thread_in_native, id=1436, stack(0x0000000016830000,0x0000000016930000)]

Stack: [0x0000000016830000,0x0000000016930000]
[error occurred during error reporting (printing stack bounds), id 0xc0000005]

Native frames: (J=compiled Java code, j=interpreted, Vv=VM code, C=native code)


Current CompileTask:
C2:2651461 14476       4       java.net.URLClassLoader$1::run (5 bytes)


---------------  P R O C E S S  ---------------

Java Threads: ( => current thread )
  0x000000001b68f000 JavaThread "Forward streams with process: command 'D:\android-studio\jre\bin\java.exe' Thread 3" [_thread_in_native, id=13692, stack(0x0000000026b80000,0x0000000026c80000)]
  0x000000001b687800 JavaThread "Forward streams with process: command 'D:\android-studio\jre\bin\java.exe' Thread 2" [_thread_in_native, id=17580, stack(0x0000000026a80000,0x0000000026b80000)]
  0x000000001b68e000 JavaThread "Forward streams with process: command 'D:\android-studio\jre\bin\java.exe'" [_thread_blocked, id=18684, stack(0x0000000026980000,0x0000000026a80000)]
  0x000000001b686000 JavaThread "Forward streams with process: command 'D:\android-studio\jre\bin\java.exe' Thread 3" [_thread_in_native, id=2324, stack(0x0000000026780000,0x0000000026880000)]
  0x000000001b68b000 JavaThread "Forward streams with process: command 'D:\android-studio\jre\bin\java.exe' Thread 2" [_thread_in_native, id=7296, stack(0x0000000026680000,0x0000000026780000)]
  0x000000001b68c000 JavaThread "Forward streams with process: command 'D:\android-studio\jre\bin\java.exe'" [_thread_blocked, id=17028, stack(0x0000000026580000,0x0000000026680000)]
  0x000000001b689000 JavaThread "Forward streams with process: command 'D:\android-studio\jre\bin\java.exe' Thread 3" [_thread_in_native, id=4780, stack(0x0000000026380000,0x0000000026480000)]
  0x000000001b689800 JavaThread "Forward streams with process: command 'D:\android-studio\jre\bin\java.exe' Thread 2" [_thread_in_native, id=13340, stack(0x0000000026280000,0x0000000026380000)]
  0x000000001b68c800 JavaThread "Forward streams with process: command 'D:\android-studio\jre\bin\java.exe'" [_thread_blocked, id=13652, stack(0x0000000026180000,0x0000000026280000)]
  0x000000001b6a0000 JavaThread "Forward streams with process: command 'D:\android-studio\jre\bin\java.exe' Thread 3" [_thread_in_native, id=4544, stack(0x0000000025f80000,0x0000000026080000)]
  0x000000001b69e800 JavaThread "Forward streams with process: command 'D:\android-studio\jre\bin\java.exe' Thread 2" [_thread_in_native, id=14556, stack(0x0000000025e80000,0x0000000025f80000)]
  0x000000001b69d800 JavaThread "Forward streams with process: command 'D:\android-studio\jre\bin\java.exe'" [_thread_blocked, id=16732, stack(0x0000000025d80000,0x0000000025e80000)]
  0x000000001b69a800 JavaThread "Run command 'D:\android-studio\jre\bin\java.exe'" [_thread_in_native, id=18876, stack(0x0000000025b80000,0x0000000025c80000)]
  0x000000001b69d000 JavaThread "Run command 'D:\android-studio\jre\bin\java.exe'" [_thread_in_native, id=16484, stack(0x0000000025a80000,0x0000000025b80000)]
  0x000000001b69c000 JavaThread "Run command 'D:\android-studio\jre\bin\java.exe'" [_thread_in_native, id=12396, stack(0x0000000025980000,0x0000000025a80000)]
  0x000000001b69f000 JavaThread "Run command 'D:\android-studio\jre\bin\java.exe'" [_thread_in_native, id=17852, stack(0x0000000025880000,0x0000000025980000)]
  0x000000001b69b800 JavaThread "pool-11-thread-4" [_thread_blocked, id=18704, stack(0x0000000025780000,0x0000000025880000)]
  0x000000001b6a0800 JavaThread "pool-11-thread-3" [_thread_blocked, id=15324, stack(0x0000000025680000,0x0000000025780000)]
  0x0000000018718000 JavaThread "pool-11-thread-2" [_thread_blocked, id=9396, stack(0x0000000025580000,0x0000000025680000)]
  0x0000000018716800 JavaThread "pool-11-thread-1" [_thread_blocked, id=13684, stack(0x0000000025480000,0x0000000025580000)]
  0x000000001db5b000 JavaThread "pool-10-thread-4" [_thread_blocked, id=19012, stack(0x0000000025380000,0x0000000025480000)]
  0x000000001db59800 JavaThread "pool-10-thread-3" [_thread_blocked, id=19304, stack(0x0000000025280000,0x0000000025380000)]
  0x000000001db58000 JavaThread "pool-10-thread-2" [_thread_blocked, id=17756, stack(0x0000000025180000,0x0000000025280000)]
  0x000000001db57000 JavaThread "pool-10-thread-1" [_thread_blocked, id=15308, stack(0x0000000025080000,0x0000000025180000)]
  0x000000001db5a000 JavaThread "Stdin handler" [_thread_blocked, id=16248, stack(0x0000000023d80000,0x0000000023e80000)]
  0x000000001db5e000 JavaThread "Asynchronous log dispatcher for org.gradle.launcher.daemon.server.DefaultDaemonConnection@41034406" [_thread_blocked, id=18928, stack(0x0000000023c80000,0x0000000023d80000)]
  0x000000001db5d000 JavaThread "Daemon worker Thread 2" [_thread_blocked, id=16756, stack(0x0000000023b80000,0x0000000023c80000)]
  0x000000001db5c800 JavaThread "Cancel handler" [_thread_blocked, id=14860, stack(0x0000000023a80000,0x0000000023b80000)]
  0x000000001db5b800 JavaThread "Handler for socket connection from /127.0.0.1:1940 to /127.0.0.1:5527" [_thread_in_native, id=5348, stack(0x0000000023980000,0x0000000023a80000)]
  0x0000000018717000 JavaThread "Daemon Thread 2" [_thread_blocked, id=440, stack(0x0000000023880000,0x0000000023980000)]
  0x0000000018719800 JavaThread "pool-2-thread-1" [_thread_blocked, id=8632, stack(0x000000001ea40000,0x000000001eb40000)]
  0x000000001b16c000 JavaThread "File lock request listener" [_thread_in_native, id=4892, stack(0x000000001bef0000,0x000000001bff0000)]
  0x0000000017ec3800 JavaThread "pool-1-thread-1" [_thread_blocked, id=15908, stack(0x0000000018e50000,0x0000000018f50000)]
  0x0000000017bcf800 JavaThread "Incoming local TCP Connector on port 1940" [_thread_in_native, id=18884, stack(0x0000000018860000,0x0000000018960000)]
  0x00000000169ae000 JavaThread "Service Thread" daemon [_thread_blocked, id=12644, stack(0x0000000016e30000,0x0000000016f30000)]
  0x0000000016934000 JavaThread "C1 CompilerThread2" daemon [_thread_blocked, id=12904, stack(0x0000000016d30000,0x0000000016e30000)]
=>0x00000000151bc000 JavaThread "C2 CompilerThread1" daemon [_thread_in_native, id=1436, stack(0x0000000016830000,0x0000000016930000)]
  0x00000000151b9000 JavaThread "C2 CompilerThread0" daemon [_thread_in_native, id=16072, stack(0x0000000016730000,0x0000000016830000)]
  0x000000001516c000 JavaThread "Attach Listener" daemon [_thread_blocked, id=13240, stack(0x0000000016630000,0x0000000016730000)]
  0x000000001516b800 JavaThread "Signal Dispatcher" daemon [_thread_blocked, id=9200, stack(0x0000000016530000,0x0000000016630000)]
  0x0000000015147000 JavaThread "Finalizer" daemon [_thread_blocked, id=19072, stack(0x00000000163d0000,0x00000000164d0000)]
  0x0000000002a81000 JavaThread "Reference Handler" daemon [_thread_blocked, id=15852, stack(0x00000000162d0000,0x00000000163d0000)]
  0x000000000250d800 JavaThread "main" [_thread_blocked, id=14028, stack(0x0000000002510000,0x0000000002610000)]

Other Threads:
  0x0000000015124800 VMThread [stack: 0x00000000161d0000,0x00000000162d0000] [id=18576]
  0x00000000169af800 WatcherThread [stack: 0x0000000016f30000,0x0000000017030000] [id=19216]

VM state:not at safepoint (normal execution)

VM Mutex/Monitor currently owned by a thread: None

Heap:
 PSYoungGen      total 244736K, used 184733K [0x00000000eab00000, 0x0000000100000000, 0x0000000100000000)
  eden space 198656K, 69% used [0x00000000eab00000,0x00000000f32c0fd0,0x00000000f6d00000)
  from space 46080K, 99% used [0x00000000f6d00000,0x00000000f99a6498,0x00000000f9a00000)
  to   space 77312K, 0% used [0x00000000fb480000,0x00000000fb480000,0x0000000100000000)
 ParOldGen       total 223232K, used 98833K [0x00000000c0000000, 0x00000000cda00000, 0x00000000eab00000)
  object space 223232K, 44% used [0x00000000c0000000,0x00000000c6084520,0x00000000cda00000)
 Metaspace       used 63059K, capacity 65294K, committed 65536K, reserved 1105920K
  class space    used 7949K, capacity 8407K, committed 8448K, reserved 1048576K

Card table byte_map: [0x0000000011e50000,0x0000000012060000] byte_map_base: 0x0000000011850000

Marking Bits: (ParMarkBitMap*) 0x000000005a979d00
 Begin Bits: [0x00000000125c0000, 0x00000000135c0000)
 End Bits:   [0x00000000135c0000, 0x00000000145c0000)

Polling page: 0x0000000002490000

CodeCache: size=245760Kb used=44055Kb max_used=44304Kb free=201704Kb
 bounds [0x0000000002a90000, 0x0000000005640000, 0x0000000011a90000]
 total_blobs=12461 nmethods=11723 adapters=649
 compilation: enabled

Compilation events (10 events):
Event: 2650.269 Thread 0x0000000016934000 14477       3       java.lang.ref.SoftReference::get (29 bytes)
Event: 2650.269 Thread 0x0000000016934000 nmethod 14477 0x0000000004fd7dd0 code [0x0000000004fd7f20, 0x0000000004fd8110]
Event: 2650.269 Thread 0x0000000016934000 14478       3       java.lang.Class::reflectionData (49 bytes)
Event: 2650.270 Thread 0x0000000016934000 nmethod 14478 0x00000000043d8c50 code [0x00000000043d8de0, 0x00000000043d92e8]
Event: 2650.325 Thread 0x0000000016934000 14480       3       java.util.concurrent.ThreadPoolExecutor::runStateAtLeast (11 bytes)
Event: 2650.325 Thread 0x0000000016934000 nmethod 14480 0x000000000477c790 code [0x000000000477c8e0, 0x000000000477ca70]
Event: 2650.325 Thread 0x0000000016934000 14481       3       java.lang.ThreadLocal$ThreadLocalMap$Entry::<init> (11 bytes)
Event: 2650.326 Thread 0x0000000016934000 nmethod 14481 0x000000000493edd0 code [0x000000000493ef40, 0x000000000493f290]
Event: 2650.326 Thread 0x0000000016934000 14482       3       java.util.concurrent.locks.AbstractQueuedSynchronizer::acquire (27 bytes)
Event: 2650.326 Thread 0x0000000016934000 nmethod 14482 0x0000000004512550 code [0x0000000004512700, 0x0000000004512bb8]

GC Heap History (10 events):
Event: 64.562 GC heap before
{Heap before GC invocations=17 (full 3):
 PSYoungGen      total 228352K, used 213641K [0x00000000eab00000, 0x0000000100000000, 0x0000000100000000)
  eden space 198144K, 94% used [0x00000000eab00000,0x00000000f62b9e70,0x00000000f6c80000)
  from space 30208K, 84% used [0x00000000f6c80000,0x00000000f8568610,0x00000000f8a00000)
  to   space 53248K, 0% used [0x00000000fcc00000,0x00000000fcc00000,0x0000000100000000)
 ParOldGen       total 223232K, used 96117K [0x00000000c0000000, 0x00000000cda00000, 0x00000000eab00000)
  object space 223232K, 43% used [0x00000000c0000000,0x00000000c5ddd440,0x00000000cda00000)
 Metaspace       used 60009K, capacity 61774K, committed 62080K, reserved 1103872K
  class space    used 7686K, capacity 8037K, committed 8064K, reserved 1048576K
Event: 64.660 GC heap after
Heap after GC invocations=17 (full 3):
 PSYoungGen      total 297472K, used 24788K [0x00000000eab00000, 0x0000000100000000, 0x0000000100000000)
  eden space 244224K, 0% used [0x00000000eab00000,0x00000000eab00000,0x00000000f9980000)
  from space 53248K, 46% used [0x00000000fcc00000,0x00000000fe435058,0x0000000100000000)
  to   space 51712K, 0% used [0x00000000f9980000,0x00000000f9980000,0x00000000fcc00000)
 ParOldGen       total 223232K, used 120575K [0x00000000c0000000, 0x00000000cda00000, 0x00000000eab00000)
  object space 223232K, 54% used [0x00000000c0000000,0x00000000c75bfcb0,0x00000000cda00000)
 Metaspace       used 60009K, capacity 61774K, committed 62080K, reserved 1103872K
  class space    used 7686K, capacity 8037K, committed 8064K, reserved 1048576K
}
Event: 64.660 GC heap before
{Heap before GC invocations=18 (full 4):
 PSYoungGen      total 297472K, used 24788K [0x00000000eab00000, 0x0000000100000000, 0x0000000100000000)
  eden space 244224K, 0% used [0x00000000eab00000,0x00000000eab00000,0x00000000f9980000)
  from space 53248K, 46% used [0x00000000fcc00000,0x00000000fe435058,0x0000000100000000)
  to   space 51712K, 0% used [0x00000000f9980000,0x00000000f9980000,0x00000000fcc00000)
 ParOldGen       total 223232K, used 120575K [0x00000000c0000000, 0x00000000cda00000, 0x00000000eab00000)
  object space 223232K, 54% used [0x00000000c0000000,0x00000000c75bfcb0,0x00000000cda00000)
 Metaspace       used 60009K, capacity 61774K, committed 62080K, reserved 1103872K
  class space    used 7686K, capacity 8037K, committed 8064K, reserved 1048576K
Event: 64.994 GC heap after
Heap after GC invocations=18 (full 4):
 PSYoungGen      total 297472K, used 0K [0x00000000eab00000, 0x0000000100000000, 0x0000000100000000)
  eden space 244224K, 0% used [0x00000000eab00000,0x00000000eab00000,0x00000000f9980000)
  from space 53248K, 0% used [0x00000000fcc00000,0x00000000fcc00000,0x0000000100000000)
  to   space 51712K, 0% used [0x00000000f9980000,0x00000000f9980000,0x00000000fcc00000)
 ParOldGen       total 223232K, used 46062K [0x00000000c0000000, 0x00000000cda00000, 0x00000000eab00000)
  object space 223232K, 20% used [0x00000000c0000000,0x00000000c2cfb8c8,0x00000000cda00000)
 Metaspace       used 59892K, capacity 61596K, committed 62080K, reserved 1103872K
  class space    used 7668K, capacity 7996K, committed 8064K, reserved 1048576K
}
Event: 2637.168 GC heap before
{Heap before GC invocations=19 (full 4):
 PSYoungGen      total 297472K, used 244224K [0x00000000eab00000, 0x0000000100000000, 0x0000000100000000)
  eden space 244224K, 100% used [0x00000000eab00000,0x00000000f9980000,0x00000000f9980000)
  from space 53248K, 0% used [0x00000000fcc00000,0x00000000fcc00000,0x0000000100000000)
  to   space 51712K, 0% used [0x00000000f9980000,0x00000000f9980000,0x00000000fcc00000)
 ParOldGen       total 223232K, used 46062K [0x00000000c0000000, 0x00000000cda00000, 0x00000000eab00000)
  object space 223232K, 20% used [0x00000000c0000000,0x00000000c2cfb8c8,0x00000000cda00000)
 Metaspace       used 61288K, capacity 63212K, committed 63488K, reserved 1103872K
  class space    used 7788K, capacity 8128K, committed 8192K, reserved 1048576K
Event: 2637.189 GC heap after
Heap after GC invocations=19 (full 4):
 PSYoungGen      total 254464K, used 10132K [0x00000000eab00000, 0x00000000ffb80000, 0x0000000100000000)
  eden space 244224K, 0% used [0x00000000eab00000,0x00000000eab00000,0x00000000f9980000)
  from space 10240K, 98% used [0x00000000f9980000,0x00000000fa365318,0x00000000fa380000)
  to   space 50176K, 0% used [0x00000000fca80000,0x00000000fca80000,0x00000000ffb80000)
 ParOldGen       total 223232K, used 46070K [0x00000000c0000000, 0x00000000cda00000, 0x00000000eab00000)
  object space 223232K, 20% used [0x00000000c0000000,0x00000000c2cfd8c8,0x00000000cda00000)
 Metaspace       used 61288K, capacity 63212K, committed 63488K, reserved 1103872K
  class space    used 7788K, capacity 8128K, committed 8192K, reserved 1048576K
}
Event: 2639.101 GC heap before
{Heap before GC invocations=20 (full 4):
 PSYoungGen      total 254464K, used 254356K [0x00000000eab00000, 0x00000000ffb80000, 0x0000000100000000)
  eden space 244224K, 100% used [0x00000000eab00000,0x00000000f9980000,0x00000000f9980000)
  from space 10240K, 98% used [0x00000000f9980000,0x00000000fa365318,0x00000000fa380000)
  to   space 50176K, 0% used [0x00000000fca80000,0x00000000fca80000,0x00000000ffb80000)
 ParOldGen       total 223232K, used 46070K [0x00000000c0000000, 0x00000000cda00000, 0x00000000eab00000)
  object space 223232K, 20% used [0x00000000c0000000,0x00000000c2cfd8c8,0x00000000cda00000)
 Metaspace       used 61455K, capacity 63454K, committed 63488K, reserved 1103872K
  class space    used 7806K, capacity 8169K, committed 8192K, reserved 1048576K
Event: 2639.223 GC heap after
Heap after GC invocations=20 (full 4):
 PSYoungGen      total 248832K, used 50147K [0x00000000eab00000, 0x0000000100000000, 0x0000000100000000)
  eden space 198656K, 0% used [0x00000000eab00000,0x00000000eab00000,0x00000000f6d00000)
  from space 50176K, 99% used [0x00000000fca80000,0x00000000ffb78e00,0x00000000ffb80000)
  to   space 75264K, 0% used [0x00000000f6d00000,0x00000000f6d00000,0x00000000fb680000)
 ParOldGen       total 223232K, used 90353K [0x00000000c0000000, 0x00000000cda00000, 0x00000000eab00000)
  object space 223232K, 40% used [0x00000000c0000000,0x00000000c583c798,0x00000000cda00000)
 Metaspace       used 61455K, capacity 63454K, committed 63488K, reserved 1103872K
  class space    used 7806K, capacity 8169K, committed 8192K, reserved 1048576K
}
Event: 2643.665 GC heap before
{Heap before GC invocations=21 (full 4):
 PSYoungGen      total 248832K, used 248803K [0x00000000eab00000, 0x0000000100000000, 0x0000000100000000)
  eden space 198656K, 100% used [0x00000000eab00000,0x00000000f6d00000,0x00000000f6d00000)
  from space 50176K, 99% used [0x00000000fca80000,0x00000000ffb78e00,0x00000000ffb80000)
  to   space 75264K, 0% used [0x00000000f6d00000,0x00000000f6d00000,0x00000000fb680000)
 ParOldGen       total 223232K, used 90353K [0x00000000c0000000, 0x00000000cda00000, 0x00000000eab00000)
  object space 223232K, 40% used [0x00000000c0000000,0x00000000c583c798,0x00000000cda00000)
 Metaspace       used 61876K, capacity 63934K, committed 64128K, reserved 1105920K
  class space    used 7813K, capacity 8201K, committed 8320K, reserved 1048576K
Event: 2643.746 GC heap after
Heap after GC invocations=21 (full 4):
 PSYoungGen      total 244736K, used 45721K [0x00000000eab00000, 0x0000000100000000, 0x0000000100000000)
  eden space 198656K, 0% used [0x00000000eab00000,0x00000000eab00000,0x00000000f6d00000)
  from space 46080K, 99% used [0x00000000f6d00000,0x00000000f99a6498,0x00000000f9a00000)
  to   space 77312K, 0% used [0x00000000fb480000,0x00000000fb480000,0x0000000100000000)
 ParOldGen       total 223232K, used 98833K [0x00000000c0000000, 0x00000000cda00000, 0x00000000eab00000)
  object space 223232K, 44% used [0x00000000c0000000,0x00000000c6084520,0x00000000cda00000)
 Metaspace       used 61876K, capacity 63934K, committed 64128K, reserved 1105920K
  class space    used 7813K, capacity 8201K, committed 8320K, reserved 1048576K
}

Deoptimization events (10 events):
Event: 2650.189 Thread 0x000000001db57000 Uncommon trap: reason=unstable_if action=reinterpret pc=0x00000000038f9250 method=java.util.concurrent.ConcurrentHashMap.putVal(Ljava/lang/Object;Ljava/lang/Object;Z)Ljava/lang/Object; @ 98
Event: 2650.189 Thread 0x000000001db5b000 Uncommon trap: reason=unstable_if action=reinterpret pc=0x00000000038f9250 method=java.util.concurrent.ConcurrentHashMap.putVal(Ljava/lang/Object;Ljava/lang/Object;Z)Ljava/lang/Object; @ 98
Event: 2650.271 Thread 0x0000000018718000 Uncommon trap: reason=predicate action=maybe_recompile pc=0x0000000004cf6dac method=org.gradle.util.GUtil.addToCollection(Ljava/util/Collection;Z[Ljava/lang/Iterable;)Ljava/util/Collection; @ 41
Event: 2650.273 Thread 0x000000001b6a0800 Uncommon trap: reason=bimorphic action=maybe_recompile pc=0x000000000559ffc4 method=org.gradle.util.CollectionUtils.join(Ljava/lang/String;Ljava/lang/Iterable;)Ljava/lang/String; @ 37
Event: 2650.274 Thread 0x0000000018718000 Uncommon trap: reason=unstable_if action=reinterpret pc=0x0000000004c6a54c method=java.io.ExpiringCache.put(Ljava/lang/String;Ljava/lang/String;)V @ 29
Event: 2650.274 Thread 0x000000001b69b800 Uncommon trap: reason=unstable_if action=reinterpret pc=0x0000000004c6a54c method=java.io.ExpiringCache.put(Ljava/lang/String;Ljava/lang/String;)V @ 29
Event: 2650.275 Thread 0x0000000018718000 Uncommon trap: reason=bimorphic action=maybe_recompile pc=0x000000000559ffc4 method=org.gradle.util.CollectionUtils.join(Ljava/lang/String;Ljava/lang/Iterable;)Ljava/lang/String; @ 37
Event: 2650.275 Thread 0x0000000018716800 Uncommon trap: reason=unstable_if action=reinterpret pc=0x0000000004c6a54c method=java.io.ExpiringCache.put(Ljava/lang/String;Ljava/lang/String;)V @ 29
Event: 2650.275 Thread 0x0000000018716800 Uncommon trap: reason=bimorphic action=maybe_recompile pc=0x000000000559ffc4 method=org.gradle.util.CollectionUtils.join(Ljava/lang/String;Ljava/lang/Iterable;)Ljava/lang/String; @ 37
Event: 2650.275 Thread 0x000000001b69b800 Uncommon trap: reason=bimorphic action=maybe_recompile pc=0x000000000559ffc4 method=org.gradle.util.CollectionUtils.join(Ljava/lang/String;Ljava/lang/Iterable;)Ljava/lang/String; @ 37

Internal exceptions (10 events):
Event: 2631.931 Thread 0x000000001db5d000 Exception <a 'java/lang/ClassNotFoundException': com/android/build/gradle/tasks/CheckManifestInInstantRunMode_DecoratedCustomizer> (0x00000000f2dd7838) thrown at [C:\src\android\AOSP-openjdk\external\jetbrains\jdk\hotspot\src\share\vm\classfile\systemDicti….Ã;Âè§@
Event: 2631.948 Thread 0x000000001db5d000 Exception <a 'java/lang/ClassNotFoundException': com/android/build/gradle/tasks/fd/GenerateInstantRunAppInfoTask_DecoratedBeanInfo> (0x00000000f2ef9788) thrown at [C:\src\android\AOSP-openjdk\external\jetbrains\jdk\hotspot\src\share\vm\classfile\systemDictmNäÂè§@
Event: 2631.948 Thread 0x000000001db5d000 Exception <a 'java/lang/ClassNotFoundException': com/android/build/gradle/tasks/fd/GenerateInstantRunAppInfoTaskBeanInfo> (0x00000000f2f0dcc8) thrown at [C:\src\android\AOSP-openjdk\external\jetbrains\jdk\hotspot\src\share\vm\classfile\systemDictionary.cpp÷ˇ„Âè§@
Event: 2631.949 Thread 0x000000001db5d000 Exception <a 'java/lang/ClassNotFoundException': com/android/build/gradle/tasks/fd/GenerateInstantRunAppInfoTaskCustomizer> (0x00000000f2f22628) thrown at [C:\src\android\AOSP-openjdk\external\jetbrains\jdk\hotspot\src\share\vm\classfile\systemDictionary.c»s™Êè§@
Event: 2631.951 Thread 0x000000001db5d000 Exception <a 'java/lang/ClassNotFoundException': com/android/build/gradle/tasks/fd/GenerateInstantRunAppInfoTask_DecoratedCustomizer> (0x00000000f2f4ad50) thrown at [C:\src\android\AOSP-openjdk\external\jetbrains\jdk\hotspot\src\share\vm\classfile\systemDiŒ¿ç†ú§@
Event: 2638.023 Thread 0x000000001db5d000 Implicit null exception at 0x0000000004b83e5c to 0x0000000004b8744d
Event: 2640.796 Thread 0x000000001db5d000 Implicit null exception at 0x0000000005278ae0 to 0x0000000005278e7d
Event: 2643.927 Thread 0x000000001db5d000 Implicit null exception at 0x000000000391c8bc to 0x000000000391ce3d
Event: 2643.927 Thread 0x000000001db5d000 Implicit null exception at 0x0000000003269e80 to 0x000000000326a2ed
Event: 2647.022 Thread 0x000000001db5d000 Exception <a 'java/lang/NoSuchMethodError': <clinit>> (0x00000000ed7b7b38) thrown at [C:\src\android\AOSP-openjdk\external\jetbrains\jdk\hotspot\src\share\vm\prims\jni.cpp, line 1591]

Events (10 events):
Event: 2650.317 Executing VM operation: RevokeBias
Event: 2650.324 Executing VM operation: RevokeBias done
Event: 2650.324 Thread 0x000000001b69a000 Thread exited: 0x000000001b69a000
Event: 2650.325 Executing VM operation: RevokeBias
Event: 2650.325 Executing VM operation: RevokeBias done
Event: 2650.326 Executing VM operation: RevokeBias
Event: 2650.327 Executing VM operation: RevokeBias done
Event: 2650.327 Thread 0x000000001b68d800 Thread exited: 0x000000001b68d800
Event: 2650.327 Thread 0x000000001b686800 Thread exited: 0x000000001b686800
Event: 2650.327 Thread 0x000000001b68a800 Thread exited: 0x000000001b68a800


Dynamic libraries:
0x00007ff6a7d30000 - 0x00007ff6a7d61000 	D:\android-studio\jre\bin\java.exe
0x00007ff920c10000 - 0x00007ff920de1000 	C:\WINDOWS\SYSTEM32\ntdll.dll
0x00007ff9205d0000 - 0x00007ff92067b000 	C:\WINDOWS\System32\KERNEL32.DLL
0x00007ff91cf50000 - 0x00007ff91d16d000 	C:\WINDOWS\System32\KERNELBASE.dll
0x00007ff91e010000 - 0x00007ff91e0b2000 	C:\WINDOWS\System32\ADVAPI32.dll
0x00007ff91e7e0000 - 0x00007ff91e87e000 	C:\WINDOWS\System32\msvcrt.dll
0x00007ff91e5f0000 - 0x00007ff91e649000 	C:\WINDOWS\System32\sechost.dll
0x00007ff920730000 - 0x00007ff920851000 	C:\WINDOWS\System32\RPCRT4.dll
0x00007ff920960000 - 0x00007ff920ac5000 	C:\WINDOWS\System32\USER32.dll
0x00007ff91dd30000 - 0x00007ff91dd4e000 	C:\WINDOWS\System32\win32u.dll
0x00007ff920680000 - 0x00007ff9206b4000 	C:\WINDOWS\System32\GDI32.dll
0x00007ff91de50000 - 0x00007ff91dfd2000 	C:\WINDOWS\System32\gdi32full.dll
0x00007ff916e20000 - 0x00007ff917099000 	C:\WINDOWS\WinSxS\amd64_microsoft.windows.common-controls_6595b64144ccf1df_6.0.14393.447_none_42191651c6827bb3\COMCTL32.dll
0x00007ff91e0c0000 - 0x00007ff91e387000 	C:\WINDOWS\System32\combase.dll
0x00007ff91dd50000 - 0x00007ff91de45000 	C:\WINDOWS\System32\ucrtbase.dll
0x00007ff91d170000 - 0x00007ff91d1da000 	C:\WINDOWS\System32\bcryptPrimitives.dll
0x00007ff91e650000 - 0x00007ff91e67e000 	C:\WINDOWS\System32\IMM32.DLL
0x000000005ac10000 - 0x000000005ace2000 	D:\android-studio\jre\jre\bin\msvcr100.dll
0x000000005a1c0000 - 0x000000005a9f4000 	D:\android-studio\jre\jre\bin\server\jvm.dll
0x00007ff91dd00000 - 0x00007ff91dd23000 	C:\WINDOWS\System32\WINMM.dll
0x00007ff91ce60000 - 0x00007ff91ce8b000 	C:\WINDOWS\System32\WINMMBASE.dll
0x00007ff91dc60000 - 0x00007ff91dca2000 	C:\WINDOWS\System32\cfgmgr32.dll
0x00007ff8f9890000 - 0x00007ff8f9899000 	C:\WINDOWS\SYSTEM32\WSOCK32.dll
0x00007ff9205c0000 - 0x00007ff9205c8000 	C:\WINDOWS\System32\PSAPI.DLL
0x00007ff91fe60000 - 0x00007ff91feca000 	C:\WINDOWS\System32\WS2_32.dll
0x00007ff919b80000 - 0x00007ff919b8a000 	C:\WINDOWS\SYSTEM32\VERSION.dll
0x00007ff91b350000 - 0x00007ff91b35f000 	D:\android-studio\jre\jre\bin\verify.dll
0x00007ff9120e0000 - 0x00007ff912109000 	D:\android-studio\jre\jre\bin\java.dll
0x00007ff918f90000 - 0x00007ff918fa6000 	D:\android-studio\jre\jre\bin\zip.dll
0x00007ff91e8e0000 - 0x00007ff91fde9000 	C:\WINDOWS\System32\SHELL32.dll
0x00007ff91d300000 - 0x00007ff91d9da000 	C:\WINDOWS\System32\windows.storage.dll
0x00007ff91dcb0000 - 0x00007ff91dcfc000 	C:\WINDOWS\System32\powrprof.dll
0x00007ff9206d0000 - 0x00007ff920722000 	C:\WINDOWS\System32\shlwapi.dll
0x00007ff91ce90000 - 0x00007ff91ce9f000 	C:\WINDOWS\System32\kernel.appcore.dll
0x00007ff91dbb0000 - 0x00007ff91dc59000 	C:\WINDOWS\System32\shcore.dll
0x00007ff91ce40000 - 0x00007ff91ce54000 	C:\WINDOWS\System32\profapi.dll
0x00007ff918c30000 - 0x00007ff918c4a000 	D:\android-studio\jre\jre\bin\net.dll
0x00007ff91c640000 - 0x00007ff91c69c000 	C:\WINDOWS\system32\mswsock.dll
0x00007ff9163d0000 - 0x00007ff9163e1000 	D:\android-studio\jre\jre\bin\nio.dll
0x00007ff910e10000 - 0x00007ff910e22000 	D:\gradle\.gradle\native\19\windows-amd64\native-platform.dll
0x00007ff91c8b0000 - 0x00007ff91c8c7000 	C:\WINDOWS\SYSTEM32\CRYPTSP.dll
0x00007ff91c7c0000 - 0x00007ff91c7f3000 	C:\WINDOWS\system32\rsaenh.dll
0x00007ff91cd80000 - 0x00007ff91cdab000 	C:\WINDOWS\SYSTEM32\bcrypt.dll
0x00007ff91c4c0000 - 0x00007ff91c4df000 	C:\WINDOWS\SYSTEM32\USERENV.dll
0x00007ff91c8d0000 - 0x00007ff91c8db000 	C:\WINDOWS\SYSTEM32\CRYPTBASE.dll
0x00007ff91c3d0000 - 0x00007ff91c408000 	C:\WINDOWS\SYSTEM32\IPHLPAPI.DLL
0x00007ff9206c0000 - 0x00007ff9206c8000 	C:\WINDOWS\System32\NSI.dll
0x00007ff919460000 - 0x00007ff919476000 	C:\WINDOWS\SYSTEM32\dhcpcsvc6.DLL
0x00007ff919440000 - 0x00007ff91945a000 	C:\WINDOWS\SYSTEM32\dhcpcsvc.DLL
0x00007ff918d70000 - 0x00007ff918d7d000 	D:\android-studio\jre\jre\bin\management.dll

VM Arguments:
jvm_args: -XX:MaxPermSize=256m -XX:+HeapDumpOnOutOfMemoryError -Xmx1024m -Dfile.encoding=GBK -Duser.country=CN -Duser.language=zh -Duser.variant 
java_command: org.gradle.launcher.daemon.bootstrap.GradleDaemon 2.14.1
java_class_path (initial): D:\android-studio\gradle\gradle-2.14.1\lib\gradle-launcher-2.14.1.jar
Launcher Type: SUN_STANDARD

Environment Variables:
JAVA_HOME=C:\Program Files\Java\jdk1.8.0_111
CLASSPATH=C:\Program Files\Java\jdk1.8.0_111\lib\dt.jar;C:\Program Files\Java\jdk1.8.0_111\lib\tools.jar
PATH=C:\ProgramData\Oracle\Java\javapath;C:\Windows\system32;C:\Windows;C:\Windows\System32\Wbem;C:\Windows\System32\WindowsPowerShell\v1.0\;C:\Program Files (x86)\NVIDIA Corporation\PhysX\Common;%JAVA_HOME%\bin;%JAVA_HOME%\jre\bin;D:\ADT-Bundle\sdk\platform-tools;C:\Program Files (x86)\decomp;%GRADLE_HOME%\bin;C:\Program Files\Git\bin;C:\WINDOWS\system32;C:\WINDOWS;C:\WINDOWS\System32\Wbem;C:\WINDOWS\System32\WindowsPowerShell\v1.0\;C:\Users\AllenIverson\AppData\Local\Microsoft\WindowsApps;
USERNAME=AllenIverson
OS=Windows_NT
PROCESSOR_IDENTIFIER=Intel64 Family 6 Model 42 Stepping 7, GenuineIntel



---------------  S Y S T E M  ---------------

OS: Windows 10.0 , 64 bit Build 14393 (10.0.14393.0)

CPU:total 4 (2 cores per cpu, 2 threads per core) family 6 model 42 stepping 7, cmov, cx8, fxsr, mmx, sse, sse2, sse3, ssse3, sse4.1, sse4.2, popcnt, avx, aes, clmul, ht, tsc, tscinvbit

Memory: 4k page, physical 8364836k(1090724k free), swap 8364836k(6184k free)

vm_info: OpenJDK 64-Bit Server VM (25.76-b03) for windows-amd64 JRE (1.8.0_76-release-b03), built on Jun 29 2016 19:09:20 by "ralucas" with MS VC++ 10.0 (VS2010)

time: Tue Dec 13 16:21:41 2016
elapsed time: 2650 seconds (0d 0h 44m 10s)

