#
# There is insufficient memory for the Java Runtime Environment to continue.
# Native memory allocation (malloc) failed to allocate 2180656 bytes for Chunk::new
# Possible reasons:
#   The system is out of physical RAM or swap space
#   In 32 bit mode, the process size limit was hit
# Possible solutions:
#   Reduce memory load on the system
#   Increase physical memory or swap space
#   Check if swap backing store is full
#   Use 64 bit Java on a 64 bit OS
#   Decrease Java heap size (-Xmx/-Xms)
#   Decrease number of Java threads
#   Decrease Java thread stack sizes (-Xss)
#   Set larger code cache with -XX:ReservedCodeCacheSize=
# This output file may be truncated or incomplete.
#
#  Out of Memory Error (allocation.cpp:390), pid=14368, tid=0x00000000000039d0
#
# JRE version: OpenJDK Runtime Environment (8.0_76-b03) (build 1.8.0_76-release-b03)
# Java VM: OpenJDK 64-Bit Server VM (25.76-b03 mixed mode windows-amd64 compressed oops)
# Failed to write core dump. Minidumps are not enabled by default on client versions of Windows
#

---------------  T H R E A D  ---------------

Current thread (0x000000001598e000):  JavaThread "C2 CompilerThread1" daemon [_thread_in_native, id=14800, stack(0x0000000017450000,0x0000000017550000)]

Stack: [0x0000000017450000,0x0000000017550000]
[error occurred during error reporting (printing stack bounds), id 0xc0000005]

Native frames: (J=compiled Java code, j=interpreted, Vv=VM code, C=native code)


Current CompileTask:
C2:  43405 10257   !   4       java.net.URLClassLoader$1::run (63 bytes)


---------------  P R O C E S S  ---------------

Java Threads: ( => current thread )
  0x000000001d604000 JavaThread "Forward streams with process: command 'D:\android-studio\jre\bin\java.exe' Thread 3" [_thread_in_native, id=15856, stack(0x0000000023b40000,0x0000000023c40000)]
  0x000000001d60a800 JavaThread "Forward streams with process: command 'D:\android-studio\jre\bin\java.exe' Thread 2" [_thread_in_native, id=8948, stack(0x0000000023a40000,0x0000000023b40000)]
  0x000000001d603000 JavaThread "Forward streams with process: command 'D:\android-studio\jre\bin\java.exe'" [_thread_blocked, id=2560, stack(0x0000000023940000,0x0000000023a40000)]
  0x000000001d60a000 JavaThread "Forward streams with process: command 'D:\android-studio\jre\bin\java.exe' Thread 3" [_thread_in_native, id=18072, stack(0x0000000023740000,0x0000000023840000)]
  0x000000001d602800 JavaThread "Forward streams with process: command 'D:\android-studio\jre\bin\java.exe' Thread 2" [_thread_in_native, id=16340, stack(0x0000000023640000,0x0000000023740000)]
  0x000000001d609000 JavaThread "Forward streams with process: command 'D:\android-studio\jre\bin\java.exe'" [_thread_blocked, id=4348, stack(0x0000000023540000,0x0000000023640000)]
  0x000000001d607800 JavaThread "Forward streams with process: command 'D:\android-studio\jre\bin\java.exe' Thread 3" [_thread_in_native, id=13600, stack(0x0000000023340000,0x0000000023440000)]
  0x000000001d607000 JavaThread "Forward streams with process: command 'D:\android-studio\jre\bin\java.exe' Thread 2" [_thread_in_native, id=18020, stack(0x0000000023240000,0x0000000023340000)]
  0x000000001d606000 JavaThread "Forward streams with process: command 'D:\android-studio\jre\bin\java.exe'" [_thread_blocked, id=9440, stack(0x0000000023140000,0x0000000023240000)]
  0x0000000017c99000 JavaThread "Forward streams with process: command 'D:\android-studio\jre\bin\java.exe' Thread 3" [_thread_in_native, id=5800, stack(0x0000000022f40000,0x0000000023040000)]
  0x0000000017c96000 JavaThread "Forward streams with process: command 'D:\android-studio\jre\bin\java.exe' Thread 2" [_thread_in_native, id=17696, stack(0x0000000022e40000,0x0000000022f40000)]
  0x0000000017c95000 JavaThread "Forward streams with process: command 'D:\android-studio\jre\bin\java.exe'" [_thread_blocked, id=11112, stack(0x0000000022d40000,0x0000000022e40000)]
  0x000000001b780800 JavaThread "Run command 'D:\android-studio\jre\bin\java.exe'" [_thread_in_native, id=14744, stack(0x0000000022b40000,0x0000000022c40000)]
  0x000000001b77f000 JavaThread "Run command 'D:\android-studio\jre\bin\java.exe'" [_thread_in_native, id=18152, stack(0x0000000022a40000,0x0000000022b40000)]
  0x000000001b77e000 JavaThread "Run command 'D:\android-studio\jre\bin\java.exe'" [_thread_in_native, id=14060, stack(0x0000000022940000,0x0000000022a40000)]
  0x000000001b77b000 JavaThread "Run command 'D:\android-studio\jre\bin\java.exe'" [_thread_in_native, id=18392, stack(0x0000000022840000,0x0000000022940000)]
  0x000000001b77c800 JavaThread "pool-4-thread-4" [_thread_blocked, id=17016, stack(0x0000000022740000,0x0000000022840000)]
  0x000000001b77c000 JavaThread "pool-4-thread-2" [_thread_blocked, id=16816, stack(0x0000000022640000,0x0000000022740000)]
  0x000000001b781800 JavaThread "pool-4-thread-3" [_thread_blocked, id=11052, stack(0x0000000022540000,0x0000000022640000)]
  0x000000001b779800 JavaThread "pool-4-thread-1" [_thread_blocked, id=17564, stack(0x0000000022440000,0x0000000022540000)]
  0x000000001b77a800 JavaThread "pool-3-thread-4" [_thread_blocked, id=15956, stack(0x0000000022340000,0x0000000022440000)]
  0x000000001b772000 JavaThread "pool-3-thread-3" [_thread_blocked, id=14676, stack(0x0000000022240000,0x0000000022340000)]
  0x000000001b779000 JavaThread "pool-3-thread-2" [_thread_blocked, id=19244, stack(0x0000000022140000,0x0000000022240000)]
  0x000000001b777800 JavaThread "pool-3-thread-1" [_thread_blocked, id=18468, stack(0x0000000022040000,0x0000000022140000)]
  0x0000000017c97800 JavaThread "pool-2-thread-1" [_thread_blocked, id=7692, stack(0x000000001f240000,0x000000001f340000)]
  0x000000001d49a800 JavaThread "File lock request listener" [_thread_in_native, id=6688, stack(0x000000001c760000,0x000000001c860000)]
  0x000000001879f000 JavaThread "Stdin handler" [_thread_blocked, id=8768, stack(0x0000000019cc0000,0x0000000019dc0000)]
  0x000000001879c000 JavaThread "Asynchronous log dispatcher for org.gradle.launcher.daemon.server.DefaultDaemonConnection@1d54be28" [_thread_blocked, id=10492, stack(0x0000000019bc0000,0x0000000019cc0000)]
  0x0000000018795000 JavaThread "Daemon worker" [_thread_blocked, id=13840, stack(0x0000000019ac0000,0x0000000019bc0000)]
  0x000000001878f800 JavaThread "Cancel handler" [_thread_blocked, id=5348, stack(0x00000000199c0000,0x0000000019ac0000)]
  0x00000000187a6800 JavaThread "Handler for socket connection from /127.0.0.1:9822 to /127.0.0.1:9823" [_thread_in_native, id=10236, stack(0x00000000198c0000,0x00000000199c0000)]
  0x00000000187b3800 JavaThread "Daemon" [_thread_blocked, id=17596, stack(0x00000000197c0000,0x00000000198c0000)]
  0x00000000186d7000 JavaThread "pool-1-thread-1" [_thread_blocked, id=16980, stack(0x00000000196c0000,0x00000000197c0000)]
  0x0000000018482800 JavaThread "Incoming local TCP Connector on port 9822" [_thread_in_native, id=10052, stack(0x00000000190d0000,0x00000000191d0000)]
  0x00000000159de000 JavaThread "Service Thread" daemon [_thread_blocked, id=8560, stack(0x0000000017650000,0x0000000017750000)]
  0x0000000015992000 JavaThread "C1 CompilerThread2" daemon [_thread_blocked, id=5696, stack(0x0000000017550000,0x0000000017650000)]
=>0x000000001598e000 JavaThread "C2 CompilerThread1" daemon [_thread_in_native, id=14800, stack(0x0000000017450000,0x0000000017550000)]
  0x0000000015989000 JavaThread "C2 CompilerThread0" daemon [_thread_blocked, id=13304, stack(0x0000000017350000,0x0000000017450000)]
  0x00000000159d7800 JavaThread "Attach Listener" daemon [_thread_blocked, id=18980, stack(0x0000000017250000,0x0000000017350000)]
  0x0000000016d58800 JavaThread "Signal Dispatcher" daemon [_thread_blocked, id=11532, stack(0x0000000017150000,0x0000000017250000)]
  0x0000000015968000 JavaThread "Finalizer" daemon [_thread_blocked, id=17064, stack(0x0000000016be0000,0x0000000016ce0000)]
  0x0000000003271000 JavaThread "Reference Handler" daemon [_thread_blocked, id=13524, stack(0x0000000016ae0000,0x0000000016be0000)]
  0x000000000307d800 JavaThread "main" [_thread_blocked, id=11868, stack(0x0000000003080000,0x0000000003180000)]

Other Threads:
  0x0000000015944800 VMThread [stack: 0x00000000169e0000,0x0000000016ae0000] [id=19104]
  0x0000000016d88000 WatcherThread [stack: 0x0000000017750000,0x0000000017850000] [id=13192]

VM state:not at safepoint (normal execution)

VM Mutex/Monitor currently owned by a thread: None

Heap:
 PSYoungGen      total 215552K, used 81562K [0x00000000eab00000, 0x00000000fca80000, 0x0000000100000000)
  eden space 184320K, 44% used [0x00000000eab00000,0x00000000efaa68c0,0x00000000f5f00000)
  from space 31232K, 0% used [0x00000000f5f00000,0x00000000f5f00000,0x00000000f7d80000)
  to   space 34304K, 0% used [0x00000000fa900000,0x00000000fa900000,0x00000000fca80000)
 ParOldGen       total 169984K, used 50480K [0x00000000c0000000, 0x00000000ca600000, 0x00000000eab00000)
  object space 169984K, 29% used [0x00000000c0000000,0x00000000c314c080,0x00000000ca600000)
 Metaspace       used 58439K, capacity 60108K, committed 60312K, reserved 1101824K
  class space    used 7558K, capacity 7916K, committed 7936K, reserved 1048576K

Card table byte_map: [0x0000000012650000,0x0000000012860000] byte_map_base: 0x0000000012050000

Marking Bits: (ParMarkBitMap*) 0x000000005a979d00
 Begin Bits: [0x0000000012dc0000, 0x0000000013dc0000)
 End Bits:   [0x0000000013dc0000, 0x0000000014dc0000)

Polling page: 0x0000000003050000

CodeCache: size=245760Kb used=29149Kb max_used=30712Kb free=216610Kb
 bounds [0x0000000003290000, 0x00000000050d0000, 0x0000000012290000]
 total_blobs=9218 nmethods=8487 adapters=643
 compilation: enabled

Compilation events (10 events):
Event: 42.920 Thread 0x0000000015989000 10282       4       java.lang.Character::codePointAt (51 bytes)
Event: 42.922 Thread 0x0000000015989000 nmethod 10282 0x00000000036a5050 code [0x00000000036a51a0, 0x00000000036a52b8]
Event: 42.922 Thread 0x0000000015989000 10287  s    4       java.io.DataOutputStream::write (16 bytes)
Event: 42.925 Thread 0x0000000015989000 nmethod 10287 0x0000000004dcfc50 code [0x0000000004dcfda0, 0x0000000004dd00b8]
Event: 42.928 Thread 0x0000000015992000 10288       3       java.lang.ProcessEnvironment$EntryComparator::compare (13 bytes)
Event: 42.928 Thread 0x0000000015992000 nmethod 10288 0x0000000003cd6690 code [0x0000000003cd6860, 0x0000000003cd7108]
Event: 42.933 Thread 0x0000000015992000 10289       1       java.util.concurrent.atomic.AtomicLong::incrementAndGet (14 bytes)
Event: 42.933 Thread 0x0000000015992000 nmethod 10289 0x0000000004e16b10 code [0x0000000004e16c60, 0x0000000004e16d90]
Event: 42.952 Thread 0x0000000015992000 10290       1       java.util.concurrent.atomic.AtomicInteger::get (5 bytes)
Event: 42.952 Thread 0x0000000015992000 nmethod 10290 0x00000000033a4010 code [0x00000000033a4160, 0x00000000033a4270]

GC Heap History (10 events):
Event: 20.073 GC heap before
{Heap before GC invocations=12 (full 2):
 PSYoungGen      total 139776K, used 138858K [0x00000000eab00000, 0x00000000f6200000, 0x0000000100000000)
  eden space 128000K, 100% used [0x00000000eab00000,0x00000000f2800000,0x00000000f2800000)
  from space 11776K, 92% used [0x00000000f2800000,0x00000000f329aa60,0x00000000f3380000)
  to   space 12288K, 0% used [0x00000000f5600000,0x00000000f5600000,0x00000000f6200000)
 ParOldGen       total 96256K, used 15496K [0x00000000c0000000, 0x00000000c5e00000, 0x00000000eab00000)
  object space 96256K, 16% used [0x00000000c0000000,0x00000000c0f221b0,0x00000000c5e00000)
 Metaspace       used 49404K, capacity 50904K, committed 50944K, reserved 1093632K
  class space    used 6595K, capacity 6878K, committed 6912K, reserved 1048576K
Event: 20.117 GC heap after
Heap after GC invocations=12 (full 2):
 PSYoungGen      total 171008K, used 12257K [0x00000000eab00000, 0x00000000f6800000, 0x0000000100000000)
  eden space 158720K, 0% used [0x00000000eab00000,0x00000000eab00000,0x00000000f4600000)
  from space 12288K, 99% used [0x00000000f5600000,0x00000000f61f84f0,0x00000000f6200000)
  to   space 16384K, 0% used [0x00000000f4600000,0x00000000f4600000,0x00000000f5600000)
 ParOldGen       total 96256K, used 23130K [0x00000000c0000000, 0x00000000c5e00000, 0x00000000eab00000)
  object space 96256K, 24% used [0x00000000c0000000,0x00000000c1696910,0x00000000c5e00000)
 Metaspace       used 49404K, capacity 50904K, committed 50944K, reserved 1093632K
  class space    used 6595K, capacity 6878K, committed 6912K, reserved 1048576K
}
Event: 27.426 GC heap before
{Heap before GC invocations=13 (full 2):
 PSYoungGen      total 171008K, used 170977K [0x00000000eab00000, 0x00000000f6800000, 0x0000000100000000)
  eden space 158720K, 100% used [0x00000000eab00000,0x00000000f4600000,0x00000000f4600000)
  from space 12288K, 99% used [0x00000000f5600000,0x00000000f61f84f0,0x00000000f6200000)
  to   space 16384K, 0% used [0x00000000f4600000,0x00000000f4600000,0x00000000f5600000)
 ParOldGen       total 96256K, used 23130K [0x00000000c0000000, 0x00000000c5e00000, 0x00000000eab00000)
  object space 96256K, 24% used [0x00000000c0000000,0x00000000c1696910,0x00000000c5e00000)
 Metaspace       used 50347K, capacity 51936K, committed 52096K, reserved 1093632K
  class space    used 6668K, capacity 6976K, committed 7040K, reserved 1048576K
Event: 27.465 GC heap after
Heap after GC invocations=13 (full 2):
 PSYoungGen      total 175104K, used 16353K [0x00000000eab00000, 0x00000000f9180000, 0x0000000100000000)
  eden space 158720K, 0% used [0x00000000eab00000,0x00000000eab00000,0x00000000f4600000)
  from space 16384K, 99% used [0x00000000f4600000,0x00000000f55f8708,0x00000000f5600000)
  to   space 20480K, 0% used [0x00000000f7d80000,0x00000000f7d80000,0x00000000f9180000)
 ParOldGen       total 96256K, used 28928K [0x00000000c0000000, 0x00000000c5e00000, 0x00000000eab00000)
  object space 96256K, 30% used [0x00000000c0000000,0x00000000c1c40058,0x00000000c5e00000)
 Metaspace       used 50347K, capacity 51936K, committed 52096K, reserved 1093632K
  class space    used 6668K, capacity 6976K, committed 7040K, reserved 1048576K
}
Event: 31.173 GC heap before
{Heap before GC invocations=14 (full 2):
 PSYoungGen      total 175104K, used 175073K [0x00000000eab00000, 0x00000000f9180000, 0x0000000100000000)
  eden space 158720K, 100% used [0x00000000eab00000,0x00000000f4600000,0x00000000f4600000)
  from space 16384K, 99% used [0x00000000f4600000,0x00000000f55f8708,0x00000000f5600000)
  to   space 20480K, 0% used [0x00000000f7d80000,0x00000000f7d80000,0x00000000f9180000)
 ParOldGen       total 96256K, used 28928K [0x00000000c0000000, 0x00000000c5e00000, 0x00000000eab00000)
  object space 96256K, 30% used [0x00000000c0000000,0x00000000c1c40058,0x00000000c5e00000)
 Metaspace       used 55475K, capacity 57072K, committed 57344K, reserved 1099776K
  class space    used 7275K, capacity 7628K, committed 7680K, reserved 1048576K
Event: 31.274 GC heap after
Heap after GC invocations=14 (full 2):
 PSYoungGen      total 204800K, used 20476K [0x00000000eab00000, 0x00000000faa00000, 0x0000000100000000)
  eden space 184320K, 0% used [0x00000000eab00000,0x00000000eab00000,0x00000000f5f00000)
  from space 20480K, 99% used [0x00000000f7d80000,0x00000000f917f368,0x00000000f9180000)
  to   space 31232K, 0% used [0x00000000f5f00000,0x00000000f5f00000,0x00000000f7d80000)
 ParOldGen       total 96256K, used 50403K [0x00000000c0000000, 0x00000000c5e00000, 0x00000000eab00000)
  object space 96256K, 52% used [0x00000000c0000000,0x00000000c3138eb0,0x00000000c5e00000)
 Metaspace       used 55475K, capacity 57072K, committed 57344K, reserved 1099776K
  class space    used 7275K, capacity 7628K, committed 7680K, reserved 1048576K
}
Event: 40.452 GC heap before
{Heap before GC invocations=15 (full 2):
 PSYoungGen      total 204800K, used 168383K [0x00000000eab00000, 0x00000000faa00000, 0x0000000100000000)
  eden space 184320K, 80% used [0x00000000eab00000,0x00000000f3b70ab8,0x00000000f5f00000)
  from space 20480K, 99% used [0x00000000f7d80000,0x00000000f917f368,0x00000000f9180000)
  to   space 31232K, 0% used [0x00000000f5f00000,0x00000000f5f00000,0x00000000f7d80000)
 ParOldGen       total 96256K, used 50403K [0x00000000c0000000, 0x00000000c5e00000, 0x00000000eab00000)
  object space 96256K, 52% used [0x00000000c0000000,0x00000000c3138eb0,0x00000000c5e00000)
 Metaspace       used 57490K, capacity 59066K, committed 59160K, reserved 1101824K
  class space    used 7451K, capacity 7770K, committed 7808K, reserved 1048576K
Event: 40.508 GC heap after
Heap after GC invocations=15 (full 2):
 PSYoungGen      total 215552K, used 26713K [0x00000000eab00000, 0x00000000fca80000, 0x0000000100000000)
  eden space 184320K, 0% used [0x00000000eab00000,0x00000000eab00000,0x00000000f5f00000)
  from space 31232K, 85% used [0x00000000f5f00000,0x00000000f7916760,0x00000000f7d80000)
  to   space 34304K, 0% used [0x00000000fa900000,0x00000000fa900000,0x00000000fca80000)
 ParOldGen       total 96256K, used 60451K [0x00000000c0000000, 0x00000000c5e00000, 0x00000000eab00000)
  object space 96256K, 62% used [0x00000000c0000000,0x00000000c3b08e28,0x00000000c5e00000)
 Metaspace       used 57490K, capacity 59066K, committed 59160K, reserved 1101824K
  class space    used 7451K, capacity 7770K, committed 7808K, reserved 1048576K
}
Event: 40.508 GC heap before
{Heap before GC invocations=16 (full 3):
 PSYoungGen      total 215552K, used 26713K [0x00000000eab00000, 0x00000000fca80000, 0x0000000100000000)
  eden space 184320K, 0% used [0x00000000eab00000,0x00000000eab00000,0x00000000f5f00000)
  from space 31232K, 85% used [0x00000000f5f00000,0x00000000f7916760,0x00000000f7d80000)
  to   space 34304K, 0% used [0x00000000fa900000,0x00000000fa900000,0x00000000fca80000)
 ParOldGen       total 96256K, used 60451K [0x00000000c0000000, 0x00000000c5e00000, 0x00000000eab00000)
  object space 96256K, 62% used [0x00000000c0000000,0x00000000c3b08e28,0x00000000c5e00000)
 Metaspace       used 57490K, capacity 59066K, committed 59160K, reserved 1101824K
  class space    used 7451K, capacity 7770K, committed 7808K, reserved 1048576K
Event: 41.015 GC heap after
Heap after GC invocations=16 (full 3):
 PSYoungGen      total 215552K, used 0K [0x00000000eab00000, 0x00000000fca80000, 0x0000000100000000)
  eden space 184320K, 0% used [0x00000000eab00000,0x00000000eab00000,0x00000000f5f00000)
  from space 31232K, 0% used [0x00000000f5f00000,0x00000000f5f00000,0x00000000f7d80000)
  to   space 34304K, 0% used [0x00000000fa900000,0x00000000fa900000,0x00000000fca80000)
 ParOldGen       total 169984K, used 50480K [0x00000000c0000000, 0x00000000ca600000, 0x00000000eab00000)
  object space 169984K, 29% used [0x00000000c0000000,0x00000000c314c080,0x00000000ca600000)
 Metaspace       used 57376K, capacity 58894K, committed 59160K, reserved 1101824K
  class space    used 7434K, capacity 7730K, committed 7808K, reserved 1048576K
}

Deoptimization events (10 events):
Event: 41.670 Thread 0x0000000018795000 Uncommon trap: reason=unstable_if action=reinterpret pc=0x0000000004896158 method=com.google.common.collect.MapMakerInternalMap$Segment.drainKeyReferenceQueue()V @ 11
Event: 42.818 Thread 0x0000000018795000 Uncommon trap: reason=unstable_if action=reinterpret pc=0x0000000004c08c44 method=java.util.regex.Pattern.append(II)V @ 6
Event: 42.842 Thread 0x000000001b777800 Uncommon trap: reason=unstable_if action=reinterpret pc=0x00000000040788fc method=java.lang.String.lastIndexOf([CII[CIII)I @ 118
Event: 42.843 Thread 0x000000001b77a800 Uncommon trap: reason=unstable_if action=reinterpret pc=0x00000000039d3334 method=java.lang.String.lastIndexOf([CII[CIII)I @ 118
Event: 42.844 Thread 0x000000001b777800 Uncommon trap: reason=class_check action=maybe_recompile pc=0x00000000040b9358 method=java.util.concurrent.ConcurrentHashMap.putVal(Ljava/lang/Object;Ljava/lang/Object;Z)Ljava/lang/Object; @ 192
Event: 42.844 Thread 0x000000001b772000 Uncommon trap: reason=class_check action=maybe_recompile pc=0x00000000040b9358 method=java.util.concurrent.ConcurrentHashMap.putVal(Ljava/lang/Object;Ljava/lang/Object;Z)Ljava/lang/Object; @ 192
Event: 42.844 Thread 0x000000001b77a800 Uncommon trap: reason=class_check action=maybe_recompile pc=0x00000000040b9358 method=java.util.concurrent.ConcurrentHashMap.putVal(Ljava/lang/Object;Ljava/lang/Object;Z)Ljava/lang/Object; @ 192
Event: 42.912 Thread 0x000000001b779800 Uncommon trap: reason=unstable_if action=reinterpret pc=0x0000000004a76d78 method=java.io.WinNTFileSystem.parentOrNull(Ljava/lang/String;)Ljava/lang/String; @ 62
Event: 42.914 Thread 0x000000001b781800 Uncommon trap: reason=unstable_if action=reinterpret pc=0x0000000004a76d78 method=java.io.WinNTFileSystem.parentOrNull(Ljava/lang/String;)Ljava/lang/String; @ 62
Event: 42.915 Thread 0x000000001b77c000 Uncommon trap: reason=unstable_if action=reinterpret pc=0x0000000004a76d78 method=java.io.WinNTFileSystem.parentOrNull(Ljava/lang/String;)Ljava/lang/String; @ 62

Internal exceptions (10 events):
Event: 19.420 Thread 0x0000000018795000 Exception <a 'java/lang/ClassNotFoundException': com/android/build/gradle/internal/tasks/DeviceProviderInstrumentTestTask_DecoratedCustomizer> (0x00000000f1b7aa30) thrown at [C:\src\android\AOSP-openjdk\external\jetbrains\jdk\hotspot\src\share\vm\classfileè·V‡4@
Event: 20.022 Thread 0x0000000018795000 Exception <a 'java/lang/NoSuchMethodError': <clinit>> (0x00000000f2646f00) thrown at [C:\src\android\AOSP-openjdk\external\jetbrains\jdk\hotspot\src\share\vm\prims\jni.cpp, line 1591]
Event: 20.026 Thread 0x0000000018795000 Exception <a 'java/lang/NoSuchMethodError': <clinit>> (0x00000000f2653ee8) thrown at [C:\src\android\AOSP-openjdk\external\jetbrains\jdk\hotspot\src\share\vm\prims\jni.cpp, line 1591]
Event: 20.134 Thread 0x0000000018795000 Exception <a 'java/lang/NoSuchMethodError': <clinit>> (0x00000000eab3dd48) thrown at [C:\src\android\AOSP-openjdk\external\jetbrains\jdk\hotspot\src\share\vm\prims\jni.cpp, line 1591]
Event: 20.137 Thread 0x0000000018795000 Exception <a 'java/lang/NoSuchMethodError': <clinit>> (0x00000000eab56558) thrown at [C:\src\android\AOSP-openjdk\external\jetbrains\jdk\hotspot\src\share\vm\prims\jni.cpp, line 1591]
Event: 20.137 Thread 0x0000000018795000 Exception <a 'java/lang/NoSuchMethodError': <clinit>> (0x00000000eab57a70) thrown at [C:\src\android\AOSP-openjdk\external\jetbrains\jdk\hotspot\src\share\vm\prims\jni.cpp, line 1591]
Event: 27.868 Thread 0x0000000018795000 Implicit null exception at 0x000000000437e3cf to 0x000000000437f4e1
Event: 30.818 Thread 0x0000000018795000 Implicit null exception at 0x0000000004be8a6f to 0x0000000004be8e21
Event: 30.882 Thread 0x0000000018795000 Implicit null exception at 0x0000000004c67580 to 0x0000000004c69611
Event: 39.494 Thread 0x0000000018795000 Exception <a 'java/lang/NoSuchMethodError': <clinit>> (0x00000000f1f11728) thrown at [C:\src\android\AOSP-openjdk\external\jetbrains\jdk\hotspot\src\share\vm\prims\jni.cpp, line 1591]

Events (10 events):
Event: 42.970 Executing VM operation: RevokeBias
Event: 42.980 Executing VM operation: RevokeBias done
Event: 42.980 Thread 0x000000001d608800 Thread exited: 0x000000001d608800
Event: 42.980 Executing VM operation: RevokeBias
Event: 42.985 Executing VM operation: RevokeBias done
Event: 42.985 Executing VM operation: RevokeBias
Event: 42.985 Executing VM operation: RevokeBias done
Event: 42.985 Executing VM operation: RevokeBias
Event: 42.985 Executing VM operation: RevokeBias done
Event: 42.985 Thread 0x000000001d605800 Thread exited: 0x000000001d605800


Dynamic libraries:
0x00007ff6d5630000 - 0x00007ff6d5661000 	D:\android-studio\jre\bin\java.exe
0x00007ff920c10000 - 0x00007ff920de1000 	C:\WINDOWS\SYSTEM32\ntdll.dll
0x00007ff9205d0000 - 0x00007ff92067b000 	C:\WINDOWS\System32\KERNEL32.DLL
0x00007ff91cf50000 - 0x00007ff91d16d000 	C:\WINDOWS\System32\KERNELBASE.dll
0x00007ff91e010000 - 0x00007ff91e0b2000 	C:\WINDOWS\System32\ADVAPI32.dll
0x00007ff91e7e0000 - 0x00007ff91e87e000 	C:\WINDOWS\System32\msvcrt.dll
0x00007ff91e5f0000 - 0x00007ff91e649000 	C:\WINDOWS\System32\sechost.dll
0x00007ff920730000 - 0x00007ff920851000 	C:\WINDOWS\System32\RPCRT4.dll
0x00007ff920960000 - 0x00007ff920ac5000 	C:\WINDOWS\System32\USER32.dll
0x00007ff91dd30000 - 0x00007ff91dd4e000 	C:\WINDOWS\System32\win32u.dll
0x00007ff920680000 - 0x00007ff9206b4000 	C:\WINDOWS\System32\GDI32.dll
0x00007ff91de50000 - 0x00007ff91dfd2000 	C:\WINDOWS\System32\gdi32full.dll
0x00007ff916e20000 - 0x00007ff917099000 	C:\WINDOWS\WinSxS\amd64_microsoft.windows.common-controls_6595b64144ccf1df_6.0.14393.447_none_42191651c6827bb3\COMCTL32.dll
0x00007ff91e0c0000 - 0x00007ff91e387000 	C:\WINDOWS\System32\combase.dll
0x00007ff91dd50000 - 0x00007ff91de45000 	C:\WINDOWS\System32\ucrtbase.dll
0x00007ff91d170000 - 0x00007ff91d1da000 	C:\WINDOWS\System32\bcryptPrimitives.dll
0x00007ff91e650000 - 0x00007ff91e67e000 	C:\WINDOWS\System32\IMM32.DLL
0x0000000058ef0000 - 0x0000000058fc2000 	D:\android-studio\jre\jre\bin\msvcr100.dll
0x000000005a1c0000 - 0x000000005a9f4000 	D:\android-studio\jre\jre\bin\server\jvm.dll
0x00007ff91dd00000 - 0x00007ff91dd23000 	C:\WINDOWS\System32\WINMM.dll
0x00007ff91ce60000 - 0x00007ff91ce8b000 	C:\WINDOWS\System32\WINMMBASE.dll
0x00007ff91dc60000 - 0x00007ff91dca2000 	C:\WINDOWS\System32\cfgmgr32.dll
0x00007ff8f9890000 - 0x00007ff8f9899000 	C:\WINDOWS\SYSTEM32\WSOCK32.dll
0x00007ff91fe60000 - 0x00007ff91feca000 	C:\WINDOWS\System32\WS2_32.dll
0x00007ff9205c0000 - 0x00007ff9205c8000 	C:\WINDOWS\System32\PSAPI.DLL
0x00007ff919b80000 - 0x00007ff919b8a000 	C:\WINDOWS\SYSTEM32\VERSION.dll
0x00007ff91b350000 - 0x00007ff91b35f000 	D:\android-studio\jre\jre\bin\verify.dll
0x00007ff9120e0000 - 0x00007ff912109000 	D:\android-studio\jre\jre\bin\java.dll
0x00007ff918f90000 - 0x00007ff918fa6000 	D:\android-studio\jre\jre\bin\zip.dll
0x00007ff91e8e0000 - 0x00007ff91fde9000 	C:\WINDOWS\System32\SHELL32.dll
0x00007ff91d300000 - 0x00007ff91d9da000 	C:\WINDOWS\System32\windows.storage.dll
0x00007ff91dcb0000 - 0x00007ff91dcfc000 	C:\WINDOWS\System32\powrprof.dll
0x00007ff9206d0000 - 0x00007ff920722000 	C:\WINDOWS\System32\shlwapi.dll
0x00007ff91ce90000 - 0x00007ff91ce9f000 	C:\WINDOWS\System32\kernel.appcore.dll
0x00007ff91dbb0000 - 0x00007ff91dc59000 	C:\WINDOWS\System32\shcore.dll
0x00007ff91ce40000 - 0x00007ff91ce54000 	C:\WINDOWS\System32\profapi.dll
0x00007ff918c30000 - 0x00007ff918c4a000 	D:\android-studio\jre\jre\bin\net.dll
0x00007ff91c640000 - 0x00007ff91c69c000 	C:\WINDOWS\system32\mswsock.dll
0x00007ff9163d0000 - 0x00007ff9163e1000 	D:\android-studio\jre\jre\bin\nio.dll
0x00007ff910e10000 - 0x00007ff910e22000 	D:\gradle\.gradle\native\19\windows-amd64\native-platform.dll
0x00007ff91c8b0000 - 0x00007ff91c8c7000 	C:\WINDOWS\SYSTEM32\CRYPTSP.dll
0x00007ff91c7c0000 - 0x00007ff91c7f3000 	C:\WINDOWS\system32\rsaenh.dll
0x00007ff91cd80000 - 0x00007ff91cdab000 	C:\WINDOWS\SYSTEM32\bcrypt.dll
0x00007ff91c4c0000 - 0x00007ff91c4df000 	C:\WINDOWS\SYSTEM32\USERENV.dll
0x00007ff91c8d0000 - 0x00007ff91c8db000 	C:\WINDOWS\SYSTEM32\CRYPTBASE.dll
0x00007ff91c3d0000 - 0x00007ff91c408000 	C:\WINDOWS\SYSTEM32\IPHLPAPI.DLL
0x00007ff9206c0000 - 0x00007ff9206c8000 	C:\WINDOWS\System32\NSI.dll
0x00007ff919460000 - 0x00007ff919476000 	C:\WINDOWS\SYSTEM32\dhcpcsvc6.DLL
0x00007ff919440000 - 0x00007ff91945a000 	C:\WINDOWS\SYSTEM32\dhcpcsvc.DLL
0x00007ff918d70000 - 0x00007ff918d7d000 	D:\android-studio\jre\jre\bin\management.dll

VM Arguments:
jvm_args: -XX:MaxPermSize=256m -XX:+HeapDumpOnOutOfMemoryError -Xmx1024m -Dfile.encoding=GBK -Duser.country=CN -Duser.language=zh -Duser.variant 
java_command: org.gradle.launcher.daemon.bootstrap.GradleDaemon 2.14.1
java_class_path (initial): D:\android-studio\gradle\gradle-2.14.1\lib\gradle-launcher-2.14.1.jar
Launcher Type: SUN_STANDARD

Environment Variables:
JAVA_HOME=C:\Program Files\Java\jdk1.8.0_111
CLASSPATH=C:\Program Files\Java\jdk1.8.0_111\lib\dt.jar;C:\Program Files\Java\jdk1.8.0_111\lib\tools.jar
PATH=C:\ProgramData\Oracle\Java\javapath;C:\Windows\system32;C:\Windows;C:\Windows\System32\Wbem;C:\Windows\System32\WindowsPowerShell\v1.0\;C:\Program Files (x86)\NVIDIA Corporation\PhysX\Common;%JAVA_HOME%\bin;%JAVA_HOME%\jre\bin;D:\ADT-Bundle\sdk\platform-tools;C:\Program Files (x86)\decomp;%GRADLE_HOME%\bin;C:\Program Files\Git\bin;C:\WINDOWS\system32;C:\WINDOWS;C:\WINDOWS\System32\Wbem;C:\WINDOWS\System32\WindowsPowerShell\v1.0\;C:\Users\AllenIverson\AppData\Local\Microsoft\WindowsApps;
USERNAME=AllenIverson
OS=Windows_NT
PROCESSOR_IDENTIFIER=Intel64 Family 6 Model 42 Stepping 7, GenuineIntel



---------------  S Y S T E M  ---------------

OS: Windows 10.0 , 64 bit Build 14393 (10.0.14393.0)

CPU:total 4 (2 cores per cpu, 2 threads per core) family 6 model 42 stepping 7, cmov, cx8, fxsr, mmx, sse, sse2, sse3, ssse3, sse4.1, sse4.2, popcnt, avx, aes, clmul, ht, tsc, tscinvbit

Memory: 4k page, physical 8364836k(1512848k free), swap 8364836k(5260k free)

vm_info: OpenJDK 64-Bit Server VM (25.76-b03) for windows-amd64 JRE (1.8.0_76-release-b03), built on Jun 29 2016 19:09:20 by "ralucas" with MS VC++ 10.0 (VS2010)

time: Mon Dec 12 00:37:56 2016
elapsed time: 43 seconds (0d 0h 0m 43s)

