#
# There is insufficient memory for the Java Runtime Environment to continue.
# Native memory allocation (malloc) failed to allocate 693776 bytes for Chunk::new
# Possible reasons:
#   The system is out of physical RAM or swap space
#   In 32 bit mode, the process size limit was hit
# Possible solutions:
#   Reduce memory load on the system
#   Increase physical memory or swap space
#   Check if swap backing store is full
#   Use 64 bit Java on a 64 bit OS
#   Decrease Java heap size (-Xmx/-Xms)
#   Decrease number of Java threads
#   Decrease Java thread stack sizes (-Xss)
#   Set larger code cache with -XX:ReservedCodeCacheSize=
# This output file may be truncated or incomplete.
#
#  Out of Memory Error (allocation.cpp:390), pid=8264, tid=0x000000000000475c
#
# JRE version: OpenJDK Runtime Environment (8.0_76-b03) (build 1.8.0_76-release-b03)
# Java VM: OpenJDK 64-Bit Server VM (25.76-b03 mixed mode windows-amd64 compressed oops)
# Failed to write core dump. Minidumps are not enabled by default on client versions of Windows
#

---------------  T H R E A D  ---------------

Current thread (0x0000000016d5d800):  JavaThread "C2 CompilerThread1" daemon [_thread_in_native, id=18268, stack(0x0000000017110000,0x0000000017210000)]

Stack: [0x0000000017110000,0x0000000017210000]
[error occurred during error reporting (printing stack bounds), id 0xc0000005]

Native frames: (J=compiled Java code, j=interpreted, Vv=VM code, C=native code)


Current CompileTask:
C2:   5189 1153       4       com.android.dx.ssa.SCCP::simulateStmt (481 bytes)


---------------  P R O C E S S  ---------------

Java Threads: ( => current thread )
  0x0000000016f89800 JavaThread "pool-2-thread-4" [_thread_blocked, id=16508, stack(0x0000000017910000,0x0000000017a10000)]
  0x0000000016f87000 JavaThread "pool-2-thread-3" [_thread_blocked, id=14812, stack(0x0000000017810000,0x0000000017910000)]
  0x0000000016f82800 JavaThread "pool-2-thread-2" [_thread_blocked, id=16196, stack(0x0000000017710000,0x0000000017810000)]
  0x0000000016f80800 JavaThread "pool-3-thread-1" [_thread_blocked, id=11932, stack(0x0000000017610000,0x0000000017710000)]
  0x0000000016f7e000 JavaThread "pool-2-thread-1" [_thread_blocked, id=17280, stack(0x0000000017510000,0x0000000017610000)]
  0x0000000016d6e000 JavaThread "Service Thread" daemon [_thread_blocked, id=9396, stack(0x0000000017310000,0x0000000017410000)]
  0x0000000016d68800 JavaThread "C1 CompilerThread2" daemon [_thread_blocked, id=18760, stack(0x0000000017210000,0x0000000017310000)]
=>0x0000000016d5d800 JavaThread "C2 CompilerThread1" daemon [_thread_in_native, id=18268, stack(0x0000000017110000,0x0000000017210000)]
  0x00000000156d7800 JavaThread "C2 CompilerThread0" daemon [_thread_blocked, id=8388, stack(0x0000000016c10000,0x0000000016d10000)]
  0x00000000156d6800 JavaThread "Attach Listener" daemon [_thread_blocked, id=7812, stack(0x0000000016b10000,0x0000000016c10000)]
  0x000000001568a000 JavaThread "Signal Dispatcher" daemon [_thread_blocked, id=3356, stack(0x0000000016a10000,0x0000000016b10000)]
  0x0000000015668800 JavaThread "Finalizer" daemon [_thread_blocked, id=14996, stack(0x0000000016910000,0x0000000016a10000)]
  0x0000000002f9f000 JavaThread "Reference Handler" daemon [_thread_blocked, id=14480, stack(0x0000000016810000,0x0000000016910000)]
  0x0000000002eb0800 JavaThread "main" [_thread_blocked, id=9716, stack(0x0000000002c30000,0x0000000002d30000)]

Other Threads:
  0x0000000015646000 VMThread [stack: 0x0000000016710000,0x0000000016810000] [id=17044]
  0x0000000016d6f000 WatcherThread [stack: 0x0000000017410000,0x0000000017510000] [id=10388]

VM state:at safepoint (normal execution)

VM Mutex/Monitor currently owned by a thread:  ([mutex/lock_event])
[0x0000000002dabf50] Threads_lock - owner thread: 0x0000000015646000
[0x0000000002dac0d0] Heap_lock - owner thread: 0x0000000016f82800

Heap:
 PSYoungGen      total 38400K, used 33280K [0x00000000eab00000, 0x00000000ed580000, 0x0000000100000000)
  eden space 33280K, 100% used [0x00000000eab00000,0x00000000ecb80000,0x00000000ecb80000)
  from space 5120K, 0% used [0x00000000ed080000,0x00000000ed080000,0x00000000ed580000)
  to   space 5120K, 24% used [0x00000000ecb80000,0x00000000eccbfc60,0x00000000ed080000)
 ParOldGen       total 87552K, used 16K [0x00000000c0000000, 0x00000000c5580000, 0x00000000eab00000)
  object space 87552K, 0% used [0x00000000c0000000,0x00000000c0004000,0x00000000c5580000)
 Metaspace       used 6015K, capacity 6960K, committed 7040K, reserved 1056768K
  class space    used 575K, capacity 616K, committed 640K, reserved 1048576K

Card table byte_map: [0x0000000012370000,0x0000000012580000] byte_map_base: 0x0000000011d70000

Marking Bits: (ParMarkBitMap*) 0x000000005a979d00
 Begin Bits: [0x0000000012ae0000, 0x0000000013ae0000)
 End Bits:   [0x0000000013ae0000, 0x0000000014ae0000)

Polling page: 0x0000000000f30000

CodeCache: size=245760Kb used=5214Kb max_used=5214Kb free=240545Kb
 bounds [0x0000000002fb0000, 0x00000000034d0000, 0x0000000011fb0000]
 total_blobs=1542 nmethods=1272 adapters=184
 compilation: enabled

Compilation events (10 events):
Event: 5.148 Thread 0x0000000016d68800 nmethod 1265 0x00000000034c20d0 code [0x00000000034c2240, 0x00000000034c2458]
Event: 5.148 Thread 0x0000000016d68800 1273       1       com.android.dx.ssa.back.FirstFitLocalCombiningAllocator$Multiset::getSize (5 bytes)
Event: 5.148 Thread 0x0000000016d68800 nmethod 1273 0x00000000034c1e10 code [0x00000000034c1f60, 0x00000000034c2070]
Event: 5.150 Thread 0x0000000016d68800 1276       3       com.android.dx.rop.cst.CstString::equals (24 bytes)
Event: 5.150 Thread 0x0000000016d68800 nmethod 1276 0x00000000034c1750 code [0x00000000034c18c0, 0x00000000034c1d08]
Event: 5.151 Thread 0x0000000016d68800 1277       3       com.android.dx.rop.cst.CstArray$List::set (7 bytes)
Event: 5.151 Thread 0x0000000016d68800 nmethod 1277 0x00000000034c07d0 code [0x00000000034c09a0, 0x00000000034c1188]
Event: 5.152 Thread 0x0000000016d68800 1278       3       com.android.dx.dex.cf.AttributeTranslator::getAnnotations (22 bytes)
Event: 5.153 Thread 0x0000000016d68800 nmethod 1278 0x00000000034cacd0 code [0x00000000034caee0, 0x00000000034cb968]
Event: 5.153 Thread 0x0000000016d68800 1279       3       com.android.dx.dex.cf.AttributeTranslator::getAnnotations0 (62 bytes)

GC Heap History (1 events):
Event: 5.184 GC heap before
{Heap before GC invocations=1 (full 0):
 PSYoungGen      total 38400K, used 33280K [0x00000000eab00000, 0x00000000ed580000, 0x0000000100000000)
  eden space 33280K, 100% used [0x00000000eab00000,0x00000000ecb80000,0x00000000ecb80000)
  from space 5120K, 0% used [0x00000000ed080000,0x00000000ed080000,0x00000000ed580000)
  to   space 5120K, 0% used [0x00000000ecb80000,0x00000000ecb80000,0x00000000ed080000)
 ParOldGen       total 87552K, used 0K [0x00000000c0000000, 0x00000000c5580000, 0x00000000eab00000)
  object space 87552K, 0% used [0x00000000c0000000,0x00000000c0000000,0x00000000c5580000)
 Metaspace       used 6015K, capacity 6960K, committed 7040K, reserved 1056768K
  class space    used 575K, capacity 616K, committed 640K, reserved 1048576K

Deoptimization events (10 events):
Event: 3.835 Thread 0x0000000016f7e000 Uncommon trap: reason=unstable_if action=reinterpret pc=0x00000000031d8694 method=java.util.HashMap.getNode(ILjava/lang/Object;)Ljava/util/HashMap$Node; @ 129
Event: 3.837 Thread 0x0000000002eb0800 Uncommon trap: reason=unstable_if action=reinterpret pc=0x0000000003194a5c method=java.lang.String.<init>([CII)V @ 18
Event: 4.202 Thread 0x0000000016f7e000 Uncommon trap: reason=unstable_if action=reinterpret pc=0x00000000031d96b0 method=java.util.BitSet.nextSetBit(I)I @ 87
Event: 4.218 Thread 0x0000000016f87000 Uncommon trap: reason=class_check action=maybe_recompile pc=0x00000000031f5530 method=com.android.dx.ssa.NormalSsaInsn.accept(Lcom/android/dx/ssa/SsaInsn$Visitor;)V @ 9
Event: 4.218 Thread 0x0000000016f87000 Uncommon trap: reason=class_check action=maybe_recompile pc=0x00000000031f5530 method=com.android.dx.ssa.NormalSsaInsn.accept(Lcom/android/dx/ssa/SsaInsn$Visitor;)V @ 9
Event: 4.218 Thread 0x0000000016f87000 Uncommon trap: reason=class_check action=maybe_recompile pc=0x00000000031f5530 method=com.android.dx.ssa.NormalSsaInsn.accept(Lcom/android/dx/ssa/SsaInsn$Visitor;)V @ 9
Event: 4.218 Thread 0x0000000016f87000 Uncommon trap: reason=class_check action=maybe_recompile pc=0x00000000031f5530 method=com.android.dx.ssa.NormalSsaInsn.accept(Lcom/android/dx/ssa/SsaInsn$Visitor;)V @ 9
Event: 4.606 Thread 0x0000000016f89800 Uncommon trap: reason=unstable_if action=reinterpret pc=0x00000000032cd3ec method=com.android.dx.rop.code.RegisterSpecSet.put(Lcom/android/dx/rop/code/RegisterSpec;)V @ 77
Event: 4.885 Thread 0x0000000002eb0800 Uncommon trap: reason=null_check action=make_not_entrant pc=0x0000000003316e40 method=com.android.dx.ssa.SsaRenamer.getLocalForNewReg(I)Lcom/android/dx/rop/code/LocalItem; @ 19
Event: 4.889 Thread 0x0000000016f87000 Uncommon trap: reason=null_check action=make_not_entrant pc=0x00000000032d44e0 method=com.android.dx.ssa.SsaRenamer.getLocalForNewReg(I)Lcom/android/dx/rop/code/LocalItem; @ 19

Internal exceptions (4 events):
Event: 1.646 Thread 0x0000000002eb0800 Exception <a 'java/lang/NoSuchMethodError': Method sun.misc.Unsafe.defineClass(Ljava/lang/String;[BII)Ljava/lang/Class; name or signature does not match> (0x00000000eab07cc0) thrown at [C:\src\android\AOSP-openjdk\external\jetbrains\jdk\hotspot\src\share\vXO4Xú?
Event: 1.647 Thread 0x0000000002eb0800 Exception <a 'java/lang/NoSuchMethodError': Method sun.misc.Unsafe.prefetchRead(Ljava/lang/Object;J)V name or signature does not match> (0x00000000eab07fa8) thrown at [C:\src\android\AOSP-openjdk\external\jetbrains\jdk\hotspot\src\share\vm\prims\jni.cpp, lË,c–Š@
Event: 4.885 Thread 0x0000000002eb0800 Implicit null exception at 0x0000000003314992 to 0x0000000003316df5
Event: 4.889 Thread 0x0000000016f87000 Implicit null exception at 0x00000000032d2440 to 0x00000000032d44bd

Events (10 events):
Event: 4.792 loading class com/android/dx/cf/attrib/AttRuntimeVisibleAnnotations done
Event: 4.793 loading class com/android/dx/cf/attrib/BaseAnnotations
Event: 4.793 loading class com/android/dx/cf/attrib/BaseAnnotations done
Event: 4.885 Thread 0x0000000002eb0800 Uncommon trap: trap_request=0xfffffff4 fr.pc=0x0000000003316e40
Event: 4.885 Thread 0x0000000002eb0800 DEOPT PACKING pc=0x0000000003316e40 sp=0x0000000002d2e020
Event: 4.885 Thread 0x0000000002eb0800 DEOPT UNPACKING pc=0x0000000002ff556a sp=0x0000000002d2de98 mode 2
Event: 4.889 Thread 0x0000000016f87000 Uncommon trap: trap_request=0xfffffff4 fr.pc=0x00000000032d44e0
Event: 4.889 Thread 0x0000000016f87000 DEOPT PACKING pc=0x00000000032d44e0 sp=0x000000001790e780
Event: 4.889 Thread 0x0000000016f87000 DEOPT UNPACKING pc=0x0000000002ff556a sp=0x000000001790e658 mode 2
Event: 5.153 Executing VM operation: ParallelGCFailedAllocation


Dynamic libraries:
0x00007ff6a7d30000 - 0x00007ff6a7d61000 	D:\android-studio\jre\bin\java.exe
0x00007ff920c10000 - 0x00007ff920de1000 	C:\WINDOWS\SYSTEM32\ntdll.dll
0x00007ff9205d0000 - 0x00007ff92067b000 	C:\WINDOWS\System32\KERNEL32.DLL
0x00007ff91cf50000 - 0x00007ff91d16d000 	C:\WINDOWS\System32\KERNELBASE.dll
0x00007ff91e010000 - 0x00007ff91e0b2000 	C:\WINDOWS\System32\ADVAPI32.dll
0x00007ff91e7e0000 - 0x00007ff91e87e000 	C:\WINDOWS\System32\msvcrt.dll
0x00007ff91e5f0000 - 0x00007ff91e649000 	C:\WINDOWS\System32\sechost.dll
0x00007ff920730000 - 0x00007ff920851000 	C:\WINDOWS\System32\RPCRT4.dll
0x00007ff920960000 - 0x00007ff920ac5000 	C:\WINDOWS\System32\USER32.dll
0x00007ff91dd30000 - 0x00007ff91dd4e000 	C:\WINDOWS\System32\win32u.dll
0x00007ff920680000 - 0x00007ff9206b4000 	C:\WINDOWS\System32\GDI32.dll
0x00007ff91de50000 - 0x00007ff91dfd2000 	C:\WINDOWS\System32\gdi32full.dll
0x00007ff916e20000 - 0x00007ff917099000 	C:\WINDOWS\WinSxS\amd64_microsoft.windows.common-controls_6595b64144ccf1df_6.0.14393.447_none_42191651c6827bb3\COMCTL32.dll
0x00007ff91e0c0000 - 0x00007ff91e387000 	C:\WINDOWS\System32\combase.dll
0x00007ff91dd50000 - 0x00007ff91de45000 	C:\WINDOWS\System32\ucrtbase.dll
0x00007ff91d170000 - 0x00007ff91d1da000 	C:\WINDOWS\System32\bcryptPrimitives.dll
0x00007ff91e650000 - 0x00007ff91e67e000 	C:\WINDOWS\System32\IMM32.DLL
0x000000005ac10000 - 0x000000005ace2000 	D:\android-studio\jre\jre\bin\msvcr100.dll
0x000000005a1c0000 - 0x000000005a9f4000 	D:\android-studio\jre\jre\bin\server\jvm.dll
0x00007ff91dd00000 - 0x00007ff91dd23000 	C:\WINDOWS\System32\WINMM.dll
0x00007ff91ce60000 - 0x00007ff91ce8b000 	C:\WINDOWS\System32\WINMMBASE.dll
0x00007ff91dc60000 - 0x00007ff91dca2000 	C:\WINDOWS\System32\cfgmgr32.dll
0x00007ff9205c0000 - 0x00007ff9205c8000 	C:\WINDOWS\System32\PSAPI.DLL
0x00007ff8f9890000 - 0x00007ff8f9899000 	C:\WINDOWS\SYSTEM32\WSOCK32.dll
0x00007ff91fe60000 - 0x00007ff91feca000 	C:\WINDOWS\System32\WS2_32.dll
0x00007ff919b80000 - 0x00007ff919b8a000 	C:\WINDOWS\SYSTEM32\VERSION.dll
0x00007ff91b350000 - 0x00007ff91b35f000 	D:\android-studio\jre\jre\bin\verify.dll
0x00007ff9120e0000 - 0x00007ff912109000 	D:\android-studio\jre\jre\bin\java.dll
0x00007ff918f90000 - 0x00007ff918fa6000 	D:\android-studio\jre\jre\bin\zip.dll
0x00007ff91e8e0000 - 0x00007ff91fde9000 	C:\WINDOWS\System32\SHELL32.dll
0x00007ff91d300000 - 0x00007ff91d9da000 	C:\WINDOWS\System32\windows.storage.dll
0x00007ff91dcb0000 - 0x00007ff91dcfc000 	C:\WINDOWS\System32\powrprof.dll
0x00007ff9206d0000 - 0x00007ff920722000 	C:\WINDOWS\System32\shlwapi.dll
0x00007ff91ce90000 - 0x00007ff91ce9f000 	C:\WINDOWS\System32\kernel.appcore.dll
0x00007ff91dbb0000 - 0x00007ff91dc59000 	C:\WINDOWS\System32\shcore.dll
0x00007ff91ce40000 - 0x00007ff91ce54000 	C:\WINDOWS\System32\profapi.dll

VM Arguments:
jvm_args: -Djava.awt.headless=true -Xmx1024M -Dfile.encoding=GBK -Duser.country=CN -Duser.language=zh -Duser.variant 
java_command: com.android.dx.command.Main --dex --force-jumbo --num-threads=4 --multi-dex --output E:\workspace\SmartCity\app\build\intermediates\transforms\dex\debug\folders\1000\10\gson-2.7_b91581e2859b1a5c08bb10fc43db1511ba58c9e0 D:\gradle\.gradle\caches\modules-2\files-2.1\com.google.code.gson\gson\2.7\751f548c85fa49f330cecbb1875893f971b33c4e\gson-2.7.jar
java_class_path (initial): D:\ADT-Bundle\sdk\build-tools\25.0.0\lib\dx.jar
Launcher Type: SUN_STANDARD

Environment Variables:
JAVA_HOME=C:\Program Files\Java\jdk1.8.0_111
CLASSPATH=C:\Program Files\Java\jdk1.8.0_111\lib\dt.jar;C:\Program Files\Java\jdk1.8.0_111\lib\tools.jar
PATH=C:\ProgramData\Oracle\Java\javapath;C:\Windows\system32;C:\Windows;C:\Windows\System32\Wbem;C:\Windows\System32\WindowsPowerShell\v1.0\;C:\Program Files (x86)\NVIDIA Corporation\PhysX\Common;%JAVA_HOME%\bin;%JAVA_HOME%\jre\bin;D:\ADT-Bundle\sdk\platform-tools;C:\Program Files (x86)\decomp;%GRADLE_HOME%\bin;C:\Program Files\Git\bin;C:\WINDOWS\system32;C:\WINDOWS;C:\WINDOWS\System32\Wbem;C:\WINDOWS\System32\WindowsPowerShell\v1.0\;C:\Users\AllenIverson\AppData\Local\Microsoft\WindowsApps;
USERNAME=AllenIverson
OS=Windows_NT
PROCESSOR_IDENTIFIER=Intel64 Family 6 Model 42 Stepping 7, GenuineIntel



---------------  S Y S T E M  ---------------

OS: Windows 10.0 , 64 bit Build 14393 (10.0.14393.0)

CPU:total 4 (2 cores per cpu, 2 threads per core) family 6 model 42 stepping 7, cmov, cx8, fxsr, mmx, sse, sse2, sse3, ssse3, sse4.1, sse4.2, popcnt, avx, aes, clmul, ht, tsc, tscinvbit

Memory: 4k page, physical 8364836k(1524696k free), swap 8364836k(4312k free)

vm_info: OpenJDK 64-Bit Server VM (25.76-b03) for windows-amd64 JRE (1.8.0_76-release-b03), built on Jun 29 2016 19:09:20 by "ralucas" with MS VC++ 10.0 (VS2010)

time: Tue Dec 13 16:36:23 2016
elapsed time: 5 seconds (0d 0h 0m 5s)

