#
# There is insufficient memory for the Java Runtime Environment to continue.
# Native memory allocation (malloc) failed to allocate 398496 bytes for Chunk::new
# Possible reasons:
#   The system is out of physical RAM or swap space
#   In 32 bit mode, the process size limit was hit
# Possible solutions:
#   Reduce memory load on the system
#   Increase physical memory or swap space
#   Check if swap backing store is full
#   Use 64 bit Java on a 64 bit OS
#   Decrease Java heap size (-Xmx/-Xms)
#   Decrease number of Java threads
#   Decrease Java thread stack sizes (-Xss)
#   Set larger code cache with -XX:ReservedCodeCacheSize=
# This output file may be truncated or incomplete.
#
#  Out of Memory Error (allocation.cpp:390), pid=3880, tid=0x00000000000048f8
#
# JRE version: OpenJDK Runtime Environment (8.0_76-b03) (build 1.8.0_76-release-b03)
# Java VM: OpenJDK 64-Bit Server VM (25.76-b03 mixed mode windows-amd64 compressed oops)
# Failed to write core dump. Minidumps are not enabled by default on client versions of Windows
#

---------------  T H R E A D  ---------------

Current thread (0x000000001510d800):  JavaThread "C2 CompilerThread0" daemon [_thread_in_native, id=18680, stack(0x0000000016690000,0x0000000016790000)]

Stack: [0x0000000016690000,0x0000000016790000]
[error occurred during error reporting (printing stack bounds), id 0xc0000005]

Native frames: (J=compiled Java code, j=interpreted, Vv=VM code, C=native code)


Current CompileTask:
C2:  14224 2024       4       com.android.dx.ssa.SCCP::run (298 bytes)


---------------  P R O C E S S  ---------------

Java Threads: ( => current thread )
  0x0000000016a3f000 JavaThread "pool-2-thread-4" [_thread_in_Java, id=11936, stack(0x0000000017390000,0x0000000017490000)]
  0x0000000016a3c000 JavaThread "pool-2-thread-3" [_thread_blocked, id=6316, stack(0x0000000017290000,0x0000000017390000)]
  0x000000001698b000 JavaThread "pool-2-thread-2" [_thread_in_Java, id=15652, stack(0x0000000017190000,0x0000000017290000)]
  0x00000000168eb800 JavaThread "pool-3-thread-1" [_thread_blocked, id=1932, stack(0x0000000017090000,0x0000000017190000)]
  0x00000000168eb000 JavaThread "pool-2-thread-1" [_thread_blocked, id=12904, stack(0x0000000016f90000,0x0000000017090000)]
  0x00000000167e9000 JavaThread "Service Thread" daemon [_thread_blocked, id=15504, stack(0x0000000016d90000,0x0000000016e90000)]
  0x00000000167e5800 JavaThread "C1 CompilerThread2" daemon [_thread_blocked, id=9632, stack(0x0000000016c90000,0x0000000016d90000)]
  0x00000000167e3000 JavaThread "C2 CompilerThread1" daemon [_thread_in_native, id=15928, stack(0x0000000016b90000,0x0000000016c90000)]
=>0x000000001510d800 JavaThread "C2 CompilerThread0" daemon [_thread_in_native, id=18680, stack(0x0000000016690000,0x0000000016790000)]
  0x000000001510b800 JavaThread "Attach Listener" daemon [_thread_blocked, id=19040, stack(0x0000000016590000,0x0000000016690000)]
  0x00000000150c1000 JavaThread "Signal Dispatcher" daemon [_thread_blocked, id=5312, stack(0x0000000016490000,0x0000000016590000)]
  0x00000000029d4800 JavaThread "Finalizer" daemon [_thread_blocked, id=20208, stack(0x0000000016330000,0x0000000016430000)]
  0x00000000029cf000 JavaThread "Reference Handler" daemon [_thread_blocked, id=3716, stack(0x0000000016230000,0x0000000016330000)]
  0x00000000028e0800 JavaThread "main" [_thread_blocked, id=19236, stack(0x0000000002730000,0x0000000002830000)]

Other Threads:
  0x0000000015076000 VMThread [stack: 0x0000000016130000,0x0000000016230000] [id=9780]
  0x00000000167eb000 WatcherThread [stack: 0x0000000016e90000,0x0000000016f90000] [id=18336]

VM state:not at safepoint (normal execution)

VM Mutex/Monitor currently owned by a thread: None

Heap:
 PSYoungGen      total 150016K, used 24286K [0x00000000eab00000, 0x00000000ff800000, 0x0000000100000000)
  eden space 130560K, 18% used [0x00000000eab00000,0x00000000ec2b7aa8,0x00000000f2a80000)
  from space 19456K, 0% used [0x00000000f2a80000,0x00000000f2a80000,0x00000000f3d80000)
  to   space 39936K, 0% used [0x00000000fd100000,0x00000000fd100000,0x00000000ff800000)
 ParOldGen       total 157696K, used 76833K [0x00000000c0000000, 0x00000000c9a00000, 0x00000000eab00000)
  object space 157696K, 48% used [0x00000000c0000000,0x00000000c4b08698,0x00000000c9a00000)
 Metaspace       used 6099K, capacity 7152K, committed 7296K, reserved 1056768K
  class space    used 566K, capacity 616K, committed 640K, reserved 1048576K

Card table byte_map: [0x0000000011da0000,0x0000000011fb0000] byte_map_base: 0x00000000117a0000

Marking Bits: (ParMarkBitMap*) 0x000000005a979d00
 Begin Bits: [0x0000000012510000, 0x0000000013510000)
 End Bits:   [0x0000000013510000, 0x0000000014510000)

Polling page: 0x0000000002830000

CodeCache: size=245760Kb used=8994Kb max_used=9007Kb free=236765Kb
 bounds [0x00000000029e0000, 0x00000000032c0000, 0x00000000119e0000]
 total_blobs=2197 nmethods=1933 adapters=177
 compilation: enabled

Compilation events (10 events):
Event: 14.015 Thread 0x00000000167e5800 2029       3       com.android.dx.cf.code.Merger::mergeType (142 bytes)
Event: 14.017 Thread 0x00000000167e5800 nmethod 2029 0x000000000326fa10 code [0x000000000326fcc0, 0x0000000003271148]
Event: 14.021 Thread 0x00000000167e3000 nmethod 2025% 0x000000000326bed0 code [0x000000000326c080, 0x000000000326ca88]
Event: 14.021 Thread 0x00000000167e3000 2027       4       com.android.dx.ssa.PhiInsn::mapSourceRegisters (78 bytes)
Event: 14.150 Thread 0x00000000167e5800 2030   !   3       java.io.FileInputStream::close (62 bytes)
Event: 14.151 Thread 0x00000000167e5800 nmethod 2030 0x0000000003232b50 code [0x0000000003232ce0, 0x0000000003233358]
Event: 14.187 Thread 0x00000000167e3000 nmethod 2027 0x0000000003266650 code [0x0000000003266820, 0x00000000032679f8]
Event: 14.187 Thread 0x00000000167e3000 2026       4       com.android.dx.rop.code.BasicBlockList$RegCountVisitor::visitThrowingInsn (6 bytes)
Event: 14.194 Thread 0x00000000167e3000 nmethod 2026 0x000000000323df90 code [0x000000000323e0e0, 0x000000000323e358]
Event: 14.216 Thread 0x00000000167e3000 2031 %     4       com.android.dx.ssa.SsaMethod::convertRopToSsaBlocks @ 27 (103 bytes)

GC Heap History (10 events):
Event: 4.909 GC heap before
{Heap before GC invocations=4 (full 0):
 PSYoungGen      total 38400K, used 38381K [0x00000000eab00000, 0x00000000ef600000, 0x0000000100000000)
  eden space 33280K, 100% used [0x00000000eab00000,0x00000000ecb80000,0x00000000ecb80000)
  from space 5120K, 99% used [0x00000000ecb80000,0x00000000ed07b760,0x00000000ed080000)
  to   space 5120K, 0% used [0x00000000ef100000,0x00000000ef100000,0x00000000ef600000)
 ParOldGen       total 87552K, used 11099K [0x00000000c0000000, 0x00000000c5580000, 0x00000000eab00000)
  object space 87552K, 12% used [0x00000000c0000000,0x00000000c0ad6f50,0x00000000c5580000)
 Metaspace       used 6012K, capacity 7088K, committed 7296K, reserved 1056768K
  class space    used 563K, capacity 616K, committed 640K, reserved 1048576K
Event: 4.990 GC heap after
Heap after GC invocations=4 (full 0):
 PSYoungGen      total 71680K, used 5093K [0x00000000eab00000, 0x00000000ef600000, 0x0000000100000000)
  eden space 66560K, 0% used [0x00000000eab00000,0x00000000eab00000,0x00000000eec00000)
  from space 5120K, 99% used [0x00000000ef100000,0x00000000ef5f95e0,0x00000000ef600000)
  to   space 5120K, 0% used [0x00000000eec00000,0x00000000eec00000,0x00000000ef100000)
 ParOldGen       total 87552K, used 16452K [0x00000000c0000000, 0x00000000c5580000, 0x00000000eab00000)
  object space 87552K, 18% used [0x00000000c0000000,0x00000000c10111f8,0x00000000c5580000)
 Metaspace       used 6012K, capacity 7088K, committed 7296K, reserved 1056768K
  class space    used 563K, capacity 616K, committed 640K, reserved 1048576K
}
Event: 5.654 GC heap before
{Heap before GC invocations=5 (full 0):
 PSYoungGen      total 71680K, used 71653K [0x00000000eab00000, 0x00000000ef600000, 0x0000000100000000)
  eden space 66560K, 100% used [0x00000000eab00000,0x00000000eec00000,0x00000000eec00000)
  from space 5120K, 99% used [0x00000000ef100000,0x00000000ef5f95e0,0x00000000ef600000)
  to   space 5120K, 0% used [0x00000000eec00000,0x00000000eec00000,0x00000000ef100000)
 ParOldGen       total 87552K, used 16452K [0x00000000c0000000, 0x00000000c5580000, 0x00000000eab00000)
  object space 87552K, 18% used [0x00000000c0000000,0x00000000c10111f8,0x00000000c5580000)
 Metaspace       used 6052K, capacity 7152K, committed 7296K, reserved 1056768K
  class space    used 563K, capacity 616K, committed 640K, reserved 1048576K
Event: 5.703 GC heap after
Heap after GC invocations=5 (full 0):
 PSYoungGen      total 71680K, used 5115K [0x00000000eab00000, 0x00000000f4e00000, 0x0000000100000000)
  eden space 66560K, 0% used [0x00000000eab00000,0x00000000eab00000,0x00000000eec00000)
  from space 5120K, 99% used [0x00000000eec00000,0x00000000ef0fed90,0x00000000ef100000)
  to   space 16896K, 0% used [0x00000000f3d80000,0x00000000f3d80000,0x00000000f4e00000)
 ParOldGen       total 87552K, used 27684K [0x00000000c0000000, 0x00000000c5580000, 0x00000000eab00000)
  object space 87552K, 31% used [0x00000000c0000000,0x00000000c1b093d8,0x00000000c5580000)
 Metaspace       used 6052K, capacity 7152K, committed 7296K, reserved 1056768K
  class space    used 563K, capacity 616K, committed 640K, reserved 1048576K
}
Event: 6.237 GC heap before
{Heap before GC invocations=6 (full 0):
 PSYoungGen      total 71680K, used 71675K [0x00000000eab00000, 0x00000000f4e00000, 0x0000000100000000)
  eden space 66560K, 100% used [0x00000000eab00000,0x00000000eec00000,0x00000000eec00000)
  from space 5120K, 99% used [0x00000000eec00000,0x00000000ef0fed90,0x00000000ef100000)
  to   space 16896K, 0% used [0x00000000f3d80000,0x00000000f3d80000,0x00000000f4e00000)
 ParOldGen       total 87552K, used 27684K [0x00000000c0000000, 0x00000000c5580000, 0x00000000eab00000)
  object space 87552K, 31% used [0x00000000c0000000,0x00000000c1b093d8,0x00000000c5580000)
 Metaspace       used 6071K, capacity 7152K, committed 7296K, reserved 1056768K
  class space    used 563K, capacity 616K, committed 640K, reserved 1048576K
Event: 6.370 GC heap after
Heap after GC invocations=6 (full 0):
 PSYoungGen      total 147456K, used 16727K [0x00000000eab00000, 0x00000000f5300000, 0x0000000100000000)
  eden space 130560K, 0% used [0x00000000eab00000,0x00000000eab00000,0x00000000f2a80000)
  from space 16896K, 99% used [0x00000000f3d80000,0x00000000f4dd5d58,0x00000000f4e00000)
  to   space 19456K, 0% used [0x00000000f2a80000,0x00000000f2a80000,0x00000000f3d80000)
 ParOldGen       total 87552K, used 27684K [0x00000000c0000000, 0x00000000c5580000, 0x00000000eab00000)
  object space 87552K, 31% used [0x00000000c0000000,0x00000000c1b093d8,0x00000000c5580000)
 Metaspace       used 6071K, capacity 7152K, committed 7296K, reserved 1056768K
  class space    used 563K, capacity 616K, committed 640K, reserved 1048576K
}
Event: 11.060 GC heap before
{Heap before GC invocations=7 (full 0):
 PSYoungGen      total 147456K, used 147287K [0x00000000eab00000, 0x00000000f5300000, 0x0000000100000000)
  eden space 130560K, 100% used [0x00000000eab00000,0x00000000f2a80000,0x00000000f2a80000)
  from space 16896K, 99% used [0x00000000f3d80000,0x00000000f4dd5d58,0x00000000f4e00000)
  to   space 19456K, 0% used [0x00000000f2a80000,0x00000000f2a80000,0x00000000f3d80000)
 ParOldGen       total 87552K, used 27684K [0x00000000c0000000, 0x00000000c5580000, 0x00000000eab00000)
  object space 87552K, 31% used [0x00000000c0000000,0x00000000c1b093d8,0x00000000c5580000)
 Metaspace       used 6096K, capacity 7152K, committed 7296K, reserved 1056768K
  class space    used 566K, capacity 616K, committed 640K, reserved 1048576K
Event: 11.434 GC heap after
Heap after GC invocations=7 (full 0):
 PSYoungGen      total 150016K, used 19428K [0x00000000eab00000, 0x00000000ff800000, 0x0000000100000000)
  eden space 130560K, 0% used [0x00000000eab00000,0x00000000eab00000,0x00000000f2a80000)
  from space 19456K, 99% used [0x00000000f2a80000,0x00000000f3d79030,0x00000000f3d80000)
  to   space 39936K, 0% used [0x00000000fd100000,0x00000000fd100000,0x00000000ff800000)
 ParOldGen       total 87552K, used 63086K [0x00000000c0000000, 0x00000000c5580000, 0x00000000eab00000)
  object space 87552K, 72% used [0x00000000c0000000,0x00000000c3d9ba70,0x00000000c5580000)
 Metaspace       used 6096K, capacity 7152K, committed 7296K, reserved 1056768K
  class space    used 566K, capacity 616K, committed 640K, reserved 1048576K
}
Event: 11.434 GC heap before
{Heap before GC invocations=8 (full 1):
 PSYoungGen      total 150016K, used 19428K [0x00000000eab00000, 0x00000000ff800000, 0x0000000100000000)
  eden space 130560K, 0% used [0x00000000eab00000,0x00000000eab00000,0x00000000f2a80000)
  from space 19456K, 99% used [0x00000000f2a80000,0x00000000f3d79030,0x00000000f3d80000)
  to   space 39936K, 0% used [0x00000000fd100000,0x00000000fd100000,0x00000000ff800000)
 ParOldGen       total 87552K, used 63086K [0x00000000c0000000, 0x00000000c5580000, 0x00000000eab00000)
  object space 87552K, 72% used [0x00000000c0000000,0x00000000c3d9ba70,0x00000000c5580000)
 Metaspace       used 6096K, capacity 7152K, committed 7296K, reserved 1056768K
  class space    used 566K, capacity 616K, committed 640K, reserved 1048576K
Event: 13.971 GC heap after
Heap after GC invocations=8 (full 1):
 PSYoungGen      total 150016K, used 0K [0x00000000eab00000, 0x00000000ff800000, 0x0000000100000000)
  eden space 130560K, 0% used [0x00000000eab00000,0x00000000eab00000,0x00000000f2a80000)
  from space 19456K, 0% used [0x00000000f2a80000,0x00000000f2a80000,0x00000000f3d80000)
  to   space 39936K, 0% used [0x00000000fd100000,0x00000000fd100000,0x00000000ff800000)
 ParOldGen       total 157696K, used 76833K [0x00000000c0000000, 0x00000000c9a00000, 0x00000000eab00000)
  object space 157696K, 48% used [0x00000000c0000000,0x00000000c4b08698,0x00000000c9a00000)
 Metaspace       used 6096K, capacity 7152K, committed 7296K, reserved 1056768K
  class space    used 566K, capacity 616K, committed 640K, reserved 1048576K
}

Deoptimization events (10 events):
Event: 4.895 Thread 0x000000001698b000 Uncommon trap: reason=unstable_if action=reinterpret pc=0x0000000002fa0e58 method=com.android.dx.rop.type.Prototype.compareTo(Lcom/android/dx/rop/type/Prototype;)I @ 20
Event: 5.214 Thread 0x0000000016a3f000 Uncommon trap: reason=bimorphic action=maybe_recompile pc=0x0000000003039b18 method=com.android.dx.ssa.SCCP.simulatePhi(Lcom/android/dx/ssa/PhiInsn;)V @ 124
Event: 5.237 Thread 0x0000000016a3c000 Uncommon trap: reason=null_check action=make_not_entrant pc=0x0000000002cc6ccc method=com.android.dx.ssa.SsaRenamer.getLocalForNewReg(I)Lcom/android/dx/rop/code/LocalItem; @ 19
Event: 5.237 Thread 0x0000000016a3c000 Uncommon trap: reason=null_check action=make_not_entrant pc=0x0000000002d022a0 method=com.android.dx.ssa.SsaRenamer.getLocalForNewReg(I)Lcom/android/dx/rop/code/LocalItem; @ 19
Event: 5.303 Thread 0x00000000168eb000 Uncommon trap: reason=unstable_if action=reinterpret pc=0x000000000306a36c method=com.android.dx.cf.code.BytecodeArray.parseInstruction(ILcom/android/dx/cf/code/BytecodeArray$Visitor;)I @ 1198
Event: 5.335 Thread 0x000000001698b000 Uncommon trap: reason=bimorphic action=maybe_recompile pc=0x0000000003039b18 method=com.android.dx.ssa.SCCP.simulatePhi(Lcom/android/dx/ssa/PhiInsn;)V @ 124
Event: 5.525 Thread 0x0000000016a3f000 Uncommon trap: reason=bimorphic action=maybe_recompile pc=0x0000000003039b18 method=com.android.dx.ssa.SCCP.simulatePhi(Lcom/android/dx/ssa/PhiInsn;)V @ 124
Event: 5.727 Thread 0x0000000016a3c000 Uncommon trap: reason=bimorphic action=maybe_recompile pc=0x0000000003039b18 method=com.android.dx.ssa.SCCP.simulatePhi(Lcom/android/dx/ssa/PhiInsn;)V @ 124
Event: 5.766 Thread 0x000000001698b000 Uncommon trap: reason=unstable_if action=reinterpret pc=0x0000000002f00e68 method=com.android.dx.ssa.SCCP.simulateStmt(Lcom/android/dx/ssa/SsaInsn;)V @ 59
Event: 6.068 Thread 0x000000001698b000 Uncommon trap: reason=unstable_if action=reinterpret pc=0x0000000002fb50a0 method=com.android.dx.ssa.SCCP.simulateBranch(Lcom/android/dx/ssa/SsaInsn;)V @ 118

Internal exceptions (5 events):
Event: 0.422 Thread 0x00000000028e0800 Exception <a 'java/lang/NoSuchMethodError': Method sun.misc.Unsafe.defineClass(Ljava/lang/String;[BII)Ljava/lang/Class; name or signature does not match> (0x00000000eab07cc0) thrown at [C:\src\android\AOSP-openjdk\external\jetbrains\jdk\hotspot\src\share\v’:——}Û?
Event: 0.422 Thread 0x00000000028e0800 Exception <a 'java/lang/NoSuchMethodError': Method sun.misc.Unsafe.prefetchRead(Ljava/lang/Object;J)V name or signature does not match> (0x00000000eab07fa8) thrown at [C:\src\android\AOSP-openjdk\external\jetbrains\jdk\hotspot\src\share\vm\prims\jni.cpp, lšô@
Event: 4.752 Thread 0x0000000016a3c000 Implicit null exception at 0x0000000002f3b75a to 0x0000000002f3b84f
Event: 5.237 Thread 0x0000000016a3c000 Implicit null exception at 0x0000000002cc55b8 to 0x0000000002cc6c95
Event: 5.237 Thread 0x0000000016a3c000 Implicit null exception at 0x0000000002cffd8d to 0x0000000002d02281

Events (10 events):
Event: 14.168 Executing VM operation: RevokeBias
Event: 14.168 Executing VM operation: RevokeBias done
Event: 14.212 Executing VM operation: RevokeBias
Event: 14.213 Executing VM operation: RevokeBias done
Event: 14.213 Executing VM operation: RevokeBias
Event: 14.213 Executing VM operation: RevokeBias done
Event: 14.213 Executing VM operation: RevokeBias
Event: 14.213 Executing VM operation: RevokeBias done
Event: 14.213 Executing VM operation: RevokeBias
Event: 14.213 Executing VM operation: RevokeBias done


Dynamic libraries:
0x00007ff7cb9f0000 - 0x00007ff7cba21000 	D:\android-studio\jre\bin\java.exe
0x00007ff920c10000 - 0x00007ff920de1000 	C:\WINDOWS\SYSTEM32\ntdll.dll
0x00007ff9205d0000 - 0x00007ff92067b000 	C:\WINDOWS\System32\KERNEL32.DLL
0x00007ff91cf50000 - 0x00007ff91d16d000 	C:\WINDOWS\System32\KERNELBASE.dll
0x00007ff91e010000 - 0x00007ff91e0b2000 	C:\WINDOWS\System32\ADVAPI32.dll
0x00007ff91e7e0000 - 0x00007ff91e87e000 	C:\WINDOWS\System32\msvcrt.dll
0x00007ff91e5f0000 - 0x00007ff91e649000 	C:\WINDOWS\System32\sechost.dll
0x00007ff920730000 - 0x00007ff920851000 	C:\WINDOWS\System32\RPCRT4.dll
0x00007ff920960000 - 0x00007ff920ac5000 	C:\WINDOWS\System32\USER32.dll
0x00007ff91dd30000 - 0x00007ff91dd4e000 	C:\WINDOWS\System32\win32u.dll
0x00007ff920680000 - 0x00007ff9206b4000 	C:\WINDOWS\System32\GDI32.dll
0x00007ff91de50000 - 0x00007ff91dfd2000 	C:\WINDOWS\System32\gdi32full.dll
0x00007ff916e20000 - 0x00007ff917099000 	C:\WINDOWS\WinSxS\amd64_microsoft.windows.common-controls_6595b64144ccf1df_6.0.14393.447_none_42191651c6827bb3\COMCTL32.dll
0x00007ff91e0c0000 - 0x00007ff91e387000 	C:\WINDOWS\System32\combase.dll
0x00007ff91dd50000 - 0x00007ff91de45000 	C:\WINDOWS\System32\ucrtbase.dll
0x00007ff91d170000 - 0x00007ff91d1da000 	C:\WINDOWS\System32\bcryptPrimitives.dll
0x00007ff91e650000 - 0x00007ff91e67e000 	C:\WINDOWS\System32\IMM32.DLL
0x000000005ac10000 - 0x000000005ace2000 	D:\android-studio\jre\jre\bin\msvcr100.dll
0x000000005a1c0000 - 0x000000005a9f4000 	D:\android-studio\jre\jre\bin\server\jvm.dll
0x00007ff91dd00000 - 0x00007ff91dd23000 	C:\WINDOWS\System32\WINMM.dll
0x00007ff91ce60000 - 0x00007ff91ce8b000 	C:\WINDOWS\System32\WINMMBASE.dll
0x00007ff91dc60000 - 0x00007ff91dca2000 	C:\WINDOWS\System32\cfgmgr32.dll
0x00007ff9205c0000 - 0x00007ff9205c8000 	C:\WINDOWS\System32\PSAPI.DLL
0x00007ff8f9890000 - 0x00007ff8f9899000 	C:\WINDOWS\SYSTEM32\WSOCK32.dll
0x00007ff91fe60000 - 0x00007ff91feca000 	C:\WINDOWS\System32\WS2_32.dll
0x00007ff919b80000 - 0x00007ff919b8a000 	C:\WINDOWS\SYSTEM32\VERSION.dll
0x00007ff91b350000 - 0x00007ff91b35f000 	D:\android-studio\jre\jre\bin\verify.dll
0x00007ff913180000 - 0x00007ff9131a9000 	D:\android-studio\jre\jre\bin\java.dll
0x00007ff918f90000 - 0x00007ff918fa6000 	D:\android-studio\jre\jre\bin\zip.dll
0x00007ff91e8e0000 - 0x00007ff91fde9000 	C:\WINDOWS\System32\SHELL32.dll
0x00007ff91d300000 - 0x00007ff91d9da000 	C:\WINDOWS\System32\windows.storage.dll
0x00007ff91dcb0000 - 0x00007ff91dcfc000 	C:\WINDOWS\System32\powrprof.dll
0x00007ff9206d0000 - 0x00007ff920722000 	C:\WINDOWS\System32\shlwapi.dll
0x00007ff91ce90000 - 0x00007ff91ce9f000 	C:\WINDOWS\System32\kernel.appcore.dll
0x00007ff91dbb0000 - 0x00007ff91dc59000 	C:\WINDOWS\System32\shcore.dll
0x00007ff91ce40000 - 0x00007ff91ce54000 	C:\WINDOWS\System32\profapi.dll

VM Arguments:
jvm_args: -Djava.awt.headless=true -Xmx1024M -Dfile.encoding=GBK -Duser.country=CN -Duser.language=zh -Duser.variant 
java_command: com.android.dx.command.Main --dex --force-jumbo --num-threads=4 --multi-dex --output E:\workspace\SmartCity\app\build\intermediates\transforms\dex\debug\folders\1000\5\slice_6 E:\workspace\SmartCity\app\build\intermediates\transforms\instantRunSlicer\debug\folders\1\5\slice_6
java_class_path (initial): D:\ADT-Bundle\sdk\build-tools\25.0.0\lib\dx.jar
Launcher Type: SUN_STANDARD

Environment Variables:
JAVA_HOME=C:\Program Files\Java\jdk1.8.0_111
CLASSPATH=C:\Program Files\Java\jdk1.8.0_111\lib\dt.jar;C:\Program Files\Java\jdk1.8.0_111\lib\tools.jar
PATH=C:\ProgramData\Oracle\Java\javapath;C:\Windows\system32;C:\Windows;C:\Windows\System32\Wbem;C:\Windows\System32\WindowsPowerShell\v1.0\;C:\Program Files (x86)\NVIDIA Corporation\PhysX\Common;%JAVA_HOME%\bin;%JAVA_HOME%\jre\bin;D:\ADT-Bundle\sdk\platform-tools;C:\Program Files (x86)\decomp;%GRADLE_HOME%\bin;C:\Program Files\Git\bin;C:\WINDOWS\system32;C:\WINDOWS;C:\WINDOWS\System32\Wbem;C:\WINDOWS\System32\WindowsPowerShell\v1.0\;C:\Users\AllenIverson\AppData\Local\Microsoft\WindowsApps;
USERNAME=AllenIverson
OS=Windows_NT
PROCESSOR_IDENTIFIER=Intel64 Family 6 Model 42 Stepping 7, GenuineIntel



---------------  S Y S T E M  ---------------

OS: Windows 10.0 , 64 bit Build 14393 (10.0.14393.0)

CPU:total 4 (2 cores per cpu, 2 threads per core) family 6 model 42 stepping 7, cmov, cx8, fxsr, mmx, sse, sse2, sse3, ssse3, sse4.1, sse4.2, popcnt, avx, aes, clmul, ht, tsc, tscinvbit

Memory: 4k page, physical 8364836k(1785632k free), swap 8364836k(5076k free)

vm_info: OpenJDK 64-Bit Server VM (25.76-b03) for windows-amd64 JRE (1.8.0_76-release-b03), built on Jun 29 2016 19:09:20 by "ralucas" with MS VC++ 10.0 (VS2010)

time: Fri Dec 16 12:28:46 2016
elapsed time: 14 seconds (0d 0h 0m 14s)

