#
# There is insufficient memory for the Java Runtime Environment to continue.
# Native memory allocation (malloc) failed to allocate 32744 bytes for ChunkPool::allocate
# Possible reasons:
#   The system is out of physical RAM or swap space
#   In 32 bit mode, the process size limit was hit
# Possible solutions:
#   Reduce memory load on the system
#   Increase physical memory or swap space
#   Check if swap backing store is full
#   Use 64 bit Java on a 64 bit OS
#   Decrease Java heap size (-Xmx/-Xms)
#   Decrease number of Java threads
#   Decrease Java thread stack sizes (-Xss)
#   Set larger code cache with -XX:ReservedCodeCacheSize=
# This output file may be truncated or incomplete.
#
#  Out of Memory Error (allocation.cpp:273), pid=3772, tid=0x00000000000044a0
#
# JRE version: OpenJDK Runtime Environment (8.0_76-b03) (build 1.8.0_76-release-b03)
# Java VM: OpenJDK 64-Bit Server VM (25.76-b03 mixed mode windows-amd64 compressed oops)
# Failed to write core dump. Minidumps are not enabled by default on client versions of Windows
#

---------------  T H R E A D  ---------------

Current thread (0x00000000151bc000):  JavaThread "C2 CompilerThread1" daemon [_thread_in_native, id=17568, stack(0x00000000167b0000,0x00000000168b0000)]

Stack: [0x00000000167b0000,0x00000000168b0000]
[error occurred during error reporting (printing stack bounds), id 0xc0000005]

Native frames: (J=compiled Java code, j=interpreted, Vv=VM code, C=native code)


Current CompileTask:
C2:   5126 1541   !   4       com.android.dx.cf.code.BytecodeArray::parseInstruction (2764 bytes)


---------------  P R O C E S S  ---------------

Java Threads: ( => current thread )
  0x0000000016b2b000 JavaThread "pool-2-thread-4" [_thread_in_Java, id=5504, stack(0x00000000173b0000,0x00000000174b0000)]
  0x0000000016a37000 JavaThread "pool-2-thread-3" [_thread_in_Java, id=19484, stack(0x00000000172b0000,0x00000000173b0000)]
  0x0000000016a3c000 JavaThread "pool-2-thread-2" [_thread_blocked, id=7528, stack(0x00000000171b0000,0x00000000172b0000)]
  0x0000000016a16000 JavaThread "pool-3-thread-1" [_thread_blocked, id=5816, stack(0x00000000170b0000,0x00000000171b0000)]
  0x0000000016a18000 JavaThread "pool-2-thread-1" [_thread_in_Java, id=4508, stack(0x0000000016fb0000,0x00000000170b0000)]
  0x0000000016925800 JavaThread "Service Thread" daemon [_thread_blocked, id=20420, stack(0x0000000016db0000,0x0000000016eb0000)]
  0x00000000168b3800 JavaThread "C1 CompilerThread2" daemon [_thread_blocked, id=12508, stack(0x0000000016cb0000,0x0000000016db0000)]
=>0x00000000151bc000 JavaThread "C2 CompilerThread1" daemon [_thread_in_native, id=17568, stack(0x00000000167b0000,0x00000000168b0000)]
  0x00000000151b8800 JavaThread "C2 CompilerThread0" daemon [_thread_in_native, id=3768, stack(0x00000000166b0000,0x00000000167b0000)]
  0x000000001516b800 JavaThread "Attach Listener" daemon [_thread_blocked, id=12004, stack(0x00000000165b0000,0x00000000166b0000)]
  0x00000000151b7800 JavaThread "Signal Dispatcher" daemon [_thread_blocked, id=14140, stack(0x00000000164b0000,0x00000000165b0000)]
  0x0000000015148000 JavaThread "Finalizer" daemon [_thread_blocked, id=12044, stack(0x00000000163b0000,0x00000000164b0000)]
  0x0000000002a7f000 JavaThread "Reference Handler" daemon [_thread_blocked, id=14944, stack(0x00000000162b0000,0x00000000163b0000)]
  0x0000000002990800 JavaThread "main" [_thread_in_native, id=8996, stack(0x00000000027e0000,0x00000000028e0000)]

Other Threads:
  0x0000000015126000 VMThread [stack: 0x00000000161b0000,0x00000000162b0000] [id=10172]
  0x0000000016938000 WatcherThread [stack: 0x0000000016eb0000,0x0000000016fb0000] [id=7864]

VM state:not at safepoint (normal execution)

VM Mutex/Monitor currently owned by a thread: None

Heap:
 PSYoungGen      total 38400K, used 33955K [0x00000000eab00000, 0x00000000ed580000, 0x0000000100000000)
  eden space 33280K, 86% used [0x00000000eab00000,0x00000000ec72cf20,0x00000000ecb80000)
  from space 5120K, 99% used [0x00000000ed080000,0x00000000ed57bf60,0x00000000ed580000)
  to   space 5120K, 0% used [0x00000000ecb80000,0x00000000ecb80000,0x00000000ed080000)
 ParOldGen       total 87552K, used 7381K [0x00000000c0000000, 0x00000000c5580000, 0x00000000eab00000)
  object space 87552K, 8% used [0x00000000c0000000,0x00000000c07355c8,0x00000000c5580000)
 Metaspace       used 5935K, capacity 7024K, committed 7296K, reserved 1056768K
  class space    used 559K, capacity 616K, committed 640K, reserved 1048576K

Card table byte_map: [0x0000000011e50000,0x0000000012060000] byte_map_base: 0x0000000011850000

Marking Bits: (ParMarkBitMap*) 0x000000005a979d00
 Begin Bits: [0x00000000125c0000, 0x00000000135c0000)
 End Bits:   [0x00000000135c0000, 0x00000000145c0000)

Polling page: 0x0000000000ce0000

CodeCache: size=245760Kb used=6745Kb max_used=6745Kb free=239014Kb
 bounds [0x0000000002a90000, 0x0000000003130000, 0x0000000011a90000]
 total_blobs=1827 nmethods=1564 adapters=177
 compilation: enabled

Compilation events (10 events):
Event: 5.083 Thread 0x00000000168b3800 1606       2       java.util.Arrays::sort (19 bytes)
Event: 5.084 Thread 0x00000000168b3800 nmethod 1606 0x0000000003126bd0 code [0x0000000003126d40, 0x0000000003126ef8]
Event: 5.093 Thread 0x00000000168b3800 1608       2       com.android.dx.rop.code.Rops::opGetStatic (97 bytes)
Event: 5.094 Thread 0x00000000168b3800 nmethod 1608 0x0000000003126fd0 code [0x00000000031271a0, 0x0000000003127718]
Event: 5.099 Thread 0x00000000168b3800 1609       2       com.android.dx.cf.code.BytecodeArray::parseLookupswitch (175 bytes)
Event: 5.101 Thread 0x00000000168b3800 nmethod 1609 0x0000000003127a10 code [0x0000000003127c40, 0x00000000031283e8]
Event: 5.102 Thread 0x00000000168b3800 1610       2       com.android.dx.dex.code.OutputFinisher::hasLocalInfo (20 bytes)
Event: 5.103 Thread 0x00000000168b3800 nmethod 1610 0x0000000003128d90 code [0x0000000003128ee0, 0x0000000003129050]
Event: 5.104 Thread 0x00000000168b3800 1611       2       com.android.dx.cf.code.LineNumberList::concat (92 bytes)
Event: 5.106 Thread 0x00000000168b3800 nmethod 1611 0x0000000003129110 code [0x0000000003129380, 0x0000000003129f88]

GC Heap History (4 events):
Event: 2.063 GC heap before
{Heap before GC invocations=1 (full 0):
 PSYoungGen      total 38400K, used 33280K [0x00000000eab00000, 0x00000000ed580000, 0x0000000100000000)
  eden space 33280K, 100% used [0x00000000eab00000,0x00000000ecb80000,0x00000000ecb80000)
  from space 5120K, 0% used [0x00000000ed080000,0x00000000ed080000,0x00000000ed580000)
  to   space 5120K, 0% used [0x00000000ecb80000,0x00000000ecb80000,0x00000000ed080000)
 ParOldGen       total 87552K, used 0K [0x00000000c0000000, 0x00000000c5580000, 0x00000000eab00000)
  object space 87552K, 0% used [0x00000000c0000000,0x00000000c0000000,0x00000000c5580000)
 Metaspace       used 5740K, capacity 6896K, committed 7040K, reserved 1056768K
  class space    used 557K, capacity 616K, committed 640K, reserved 1048576K
Event: 2.081 GC heap after
Heap after GC invocations=1 (full 0):
 PSYoungGen      total 38400K, used 5103K [0x00000000eab00000, 0x00000000ed580000, 0x0000000100000000)
  eden space 33280K, 0% used [0x00000000eab00000,0x00000000eab00000,0x00000000ecb80000)
  from space 5120K, 99% used [0x00000000ecb80000,0x00000000ed07bf50,0x00000000ed080000)
  to   space 5120K, 0% used [0x00000000ed080000,0x00000000ed080000,0x00000000ed580000)
 ParOldGen       total 87552K, used 2506K [0x00000000c0000000, 0x00000000c5580000, 0x00000000eab00000)
  object space 87552K, 2% used [0x00000000c0000000,0x00000000c0272be8,0x00000000c5580000)
 Metaspace       used 5740K, capacity 6896K, committed 7040K, reserved 1056768K
  class space    used 557K, capacity 616K, committed 640K, reserved 1048576K
}
Event: 4.211 GC heap before
{Heap before GC invocations=2 (full 0):
 PSYoungGen      total 38400K, used 38383K [0x00000000eab00000, 0x00000000ed580000, 0x0000000100000000)
  eden space 33280K, 100% used [0x00000000eab00000,0x00000000ecb80000,0x00000000ecb80000)
  from space 5120K, 99% used [0x00000000ecb80000,0x00000000ed07bf50,0x00000000ed080000)
  to   space 5120K, 0% used [0x00000000ed080000,0x00000000ed080000,0x00000000ed580000)
 ParOldGen       total 87552K, used 2506K [0x00000000c0000000, 0x00000000c5580000, 0x00000000eab00000)
  object space 87552K, 2% used [0x00000000c0000000,0x00000000c0272be8,0x00000000c5580000)
 Metaspace       used 5891K, capacity 7024K, committed 7296K, reserved 1056768K
  class space    used 559K, capacity 616K, committed 640K, reserved 1048576K
Event: 4.242 GC heap after
Heap after GC invocations=2 (full 0):
 PSYoungGen      total 38400K, used 5103K [0x00000000eab00000, 0x00000000ed580000, 0x0000000100000000)
  eden space 33280K, 0% used [0x00000000eab00000,0x00000000eab00000,0x00000000ecb80000)
  from space 5120K, 99% used [0x00000000ed080000,0x00000000ed57bf60,0x00000000ed580000)
  to   space 5120K, 0% used [0x00000000ecb80000,0x00000000ecb80000,0x00000000ed080000)
 ParOldGen       total 87552K, used 7381K [0x00000000c0000000, 0x00000000c5580000, 0x00000000eab00000)
  object space 87552K, 8% used [0x00000000c0000000,0x00000000c07355c8,0x00000000c5580000)
 Metaspace       used 5891K, capacity 7024K, committed 7296K, reserved 1056768K
  class space    used 559K, capacity 616K, committed 640K, reserved 1048576K
}

Deoptimization events (10 events):
Event: 2.986 Thread 0x0000000016a18000 Uncommon trap: reason=bimorphic action=maybe_recompile pc=0x0000000002e9017c method=java.util.HashMap.putVal(ILjava/lang/Object;Ljava/lang/Object;ZZ)Ljava/lang/Object; @ 91
Event: 2.991 Thread 0x0000000016b2b000 Uncommon trap: reason=unstable_if action=reinterpret pc=0x0000000002f5e2b8 method=com.android.dx.util.BitIntSet.has(I)Z @ 8
Event: 3.628 Thread 0x0000000016b2b000 Uncommon trap: reason=unstable_if action=reinterpret pc=0x000000000305c3f4 method=com.android.dx.cf.code.Ropper.processBlock(Lcom/android/dx/cf/code/ByteBlock;Lcom/android/dx/cf/code/Frame;[I)V @ 940
Event: 3.671 Thread 0x0000000016b2b000 Uncommon trap: reason=uninitialized action=reinterpret pc=0x0000000002f46428 method=com.android.dx.cf.code.BytecodeArray.parseInstruction(ILcom/android/dx/cf/code/BytecodeArray$Visitor;)I @ 1047
Event: 3.697 Thread 0x0000000016a37000 Uncommon trap: reason=bimorphic action=maybe_recompile pc=0x0000000002e9017c method=java.util.HashMap.putVal(ILjava/lang/Object;Ljava/lang/Object;ZZ)Ljava/lang/Object; @ 91
Event: 3.697 Thread 0x0000000016a37000 Uncommon trap: reason=bimorphic action=maybe_recompile pc=0x0000000002e9017c method=java.util.HashMap.putVal(ILjava/lang/Object;Ljava/lang/Object;ZZ)Ljava/lang/Object; @ 91
Event: 4.391 Thread 0x0000000016a3c000 Uncommon trap: reason=unstable_if action=reinterpret pc=0x0000000002fd1bd8 method=com.android.dx.ssa.SCCP.simulateStmt(Lcom/android/dx/ssa/SsaInsn;)V @ 59
Event: 5.002 Thread 0x0000000016a37000 Uncommon trap: reason=unstable_if action=reinterpret pc=0x0000000002fd81c8 method=com.android.dx.rop.code.RegisterSpecSet.intersect(Lcom/android/dx/rop/code/RegisterSpecSet;Z)V @ 73
Event: 5.013 Thread 0x0000000016a37000 Uncommon trap: reason=null_check action=make_not_entrant pc=0x000000000302f1e0 method=com.android.dx.rop.type.Type.equals(Ljava/lang/Object;)Z @ 8
Event: 5.029 Thread 0x0000000016a37000 Uncommon trap: reason=bimorphic action=maybe_recompile pc=0x0000000003053b40 method=java.util.HashMap.getNode(ILjava/lang/Object;)Ljava/util/HashMap$Node; @ 126

Internal exceptions (5 events):
Event: 0.040 Thread 0x0000000002990800 Exception <a 'java/lang/NoSuchMethodError': Method sun.misc.Unsafe.defineClass(Ljava/lang/String;[BII)Ljava/lang/Class; name or signature does not match> (0x00000000eab07cc0) thrown at [C:\src\android\AOSP-openjdk\external\jetbrains\jdk\hotspot\src\share\väÚ-Â¤?
Event: 0.041 Thread 0x0000000002990800 Exception <a 'java/lang/NoSuchMethodError': Method sun.misc.Unsafe.prefetchRead(Ljava/lang/Object;J)V name or signature does not match> (0x00000000eab07fa8) thrown at [C:\src\android\AOSP-openjdk\external\jetbrains\jdk\hotspot\src\share\vm\prims\jni.cpp, lU‰HÕ@
Event: 2.979 Thread 0x0000000016b2b000 Implicit null exception at 0x0000000002f519ae to 0x0000000002f541f1
Event: 5.002 Thread 0x0000000016a37000 Implicit null exception at 0x0000000002fd78d5 to 0x0000000002fd818f
Event: 5.013 Thread 0x0000000016a37000 Implicit null exception at 0x000000000302f0e2 to 0x000000000302f1d2

Events (10 events):
Event: 4.392 Thread 0x0000000016a3c000 DEOPT UNPACKING pc=0x0000000002ad556a sp=0x00000000172ae9c8 mode 2
Event: 5.002 Thread 0x0000000016a37000 Uncommon trap: trap_request=0xffffff65 fr.pc=0x0000000002fd81c8
Event: 5.002 Thread 0x0000000016a37000 DEOPT PACKING pc=0x0000000002fd81c8 sp=0x00000000173ae610
Event: 5.002 Thread 0x0000000016a37000 DEOPT UNPACKING pc=0x0000000002ad556a sp=0x00000000173ae548 mode 2
Event: 5.013 Thread 0x0000000016a37000 Uncommon trap: trap_request=0xfffffff4 fr.pc=0x000000000302f1e0
Event: 5.013 Thread 0x0000000016a37000 DEOPT PACKING pc=0x000000000302f1e0 sp=0x00000000173ae2d0
Event: 5.013 Thread 0x0000000016a37000 DEOPT UNPACKING pc=0x0000000002ad556a sp=0x00000000173ae258 mode 2
Event: 5.029 Thread 0x0000000016a37000 Uncommon trap: trap_request=0xffffffc6 fr.pc=0x0000000003053b40
Event: 5.029 Thread 0x0000000016a37000 DEOPT PACKING pc=0x0000000003053b40 sp=0x00000000173ae610
Event: 5.029 Thread 0x0000000016a37000 DEOPT UNPACKING pc=0x0000000002ad556a sp=0x00000000173ae528 mode 2


Dynamic libraries:
0x00007ff7cb9f0000 - 0x00007ff7cba21000 	D:\android-studio\jre\bin\java.exe
0x00007ff920c10000 - 0x00007ff920de1000 	C:\WINDOWS\SYSTEM32\ntdll.dll
0x00007ff9205d0000 - 0x00007ff92067b000 	C:\WINDOWS\System32\KERNEL32.DLL
0x00007ff91cf50000 - 0x00007ff91d16d000 	C:\WINDOWS\System32\KERNELBASE.dll
0x00007ff91e010000 - 0x00007ff91e0b2000 	C:\WINDOWS\System32\ADVAPI32.dll
0x00007ff91e7e0000 - 0x00007ff91e87e000 	C:\WINDOWS\System32\msvcrt.dll
0x00007ff91e5f0000 - 0x00007ff91e649000 	C:\WINDOWS\System32\sechost.dll
0x00007ff920730000 - 0x00007ff920851000 	C:\WINDOWS\System32\RPCRT4.dll
0x00007ff920960000 - 0x00007ff920ac5000 	C:\WINDOWS\System32\USER32.dll
0x00007ff91dd30000 - 0x00007ff91dd4e000 	C:\WINDOWS\System32\win32u.dll
0x00007ff920680000 - 0x00007ff9206b4000 	C:\WINDOWS\System32\GDI32.dll
0x00007ff91de50000 - 0x00007ff91dfd2000 	C:\WINDOWS\System32\gdi32full.dll
0x00007ff916e20000 - 0x00007ff917099000 	C:\WINDOWS\WinSxS\amd64_microsoft.windows.common-controls_6595b64144ccf1df_6.0.14393.447_none_42191651c6827bb3\COMCTL32.dll
0x00007ff91e0c0000 - 0x00007ff91e387000 	C:\WINDOWS\System32\combase.dll
0x00007ff91dd50000 - 0x00007ff91de45000 	C:\WINDOWS\System32\ucrtbase.dll
0x00007ff91d170000 - 0x00007ff91d1da000 	C:\WINDOWS\System32\bcryptPrimitives.dll
0x00007ff91e650000 - 0x00007ff91e67e000 	C:\WINDOWS\System32\IMM32.DLL
0x000000005ac10000 - 0x000000005ace2000 	D:\android-studio\jre\jre\bin\msvcr100.dll
0x000000005a1c0000 - 0x000000005a9f4000 	D:\android-studio\jre\jre\bin\server\jvm.dll
0x00007ff91dd00000 - 0x00007ff91dd23000 	C:\WINDOWS\System32\WINMM.dll
0x00007ff91ce60000 - 0x00007ff91ce8b000 	C:\WINDOWS\System32\WINMMBASE.dll
0x00007ff91dc60000 - 0x00007ff91dca2000 	C:\WINDOWS\System32\cfgmgr32.dll
0x00007ff9205c0000 - 0x00007ff9205c8000 	C:\WINDOWS\System32\PSAPI.DLL
0x00007ff8f9890000 - 0x00007ff8f9899000 	C:\WINDOWS\SYSTEM32\WSOCK32.dll
0x00007ff91fe60000 - 0x00007ff91feca000 	C:\WINDOWS\System32\WS2_32.dll
0x00007ff919b80000 - 0x00007ff919b8a000 	C:\WINDOWS\SYSTEM32\VERSION.dll
0x00007ff91b350000 - 0x00007ff91b35f000 	D:\android-studio\jre\jre\bin\verify.dll
0x00007ff913180000 - 0x00007ff9131a9000 	D:\android-studio\jre\jre\bin\java.dll
0x00007ff918f90000 - 0x00007ff918fa6000 	D:\android-studio\jre\jre\bin\zip.dll
0x00007ff91e8e0000 - 0x00007ff91fde9000 	C:\WINDOWS\System32\SHELL32.dll
0x00007ff91d300000 - 0x00007ff91d9da000 	C:\WINDOWS\System32\windows.storage.dll
0x00007ff91dcb0000 - 0x00007ff91dcfc000 	C:\WINDOWS\System32\powrprof.dll
0x00007ff9206d0000 - 0x00007ff920722000 	C:\WINDOWS\System32\shlwapi.dll
0x00007ff91ce90000 - 0x00007ff91ce9f000 	C:\WINDOWS\System32\kernel.appcore.dll
0x00007ff91dbb0000 - 0x00007ff91dc59000 	C:\WINDOWS\System32\shcore.dll
0x00007ff91ce40000 - 0x00007ff91ce54000 	C:\WINDOWS\System32\profapi.dll

VM Arguments:
jvm_args: -Djava.awt.headless=true -Xmx1024M -Dfile.encoding=GBK -Duser.country=CN -Duser.language=zh -Duser.variant 
java_command: com.android.dx.command.Main --dex --force-jumbo --num-threads=4 --multi-dex --output E:\workspace\SmartCity\app\build\intermediates\transforms\dex\debug\folders\1000\5\slice_4 E:\workspace\SmartCity\app\build\intermediates\transforms\instantRunSlicer\debug\folders\1\5\slice_4
java_class_path (initial): D:\ADT-Bundle\sdk\build-tools\25.0.0\lib\dx.jar
Launcher Type: SUN_STANDARD

Environment Variables:
JAVA_HOME=C:\Program Files\Java\jdk1.8.0_111
CLASSPATH=C:\Program Files\Java\jdk1.8.0_111\lib\dt.jar;C:\Program Files\Java\jdk1.8.0_111\lib\tools.jar
PATH=C:\ProgramData\Oracle\Java\javapath;C:\Windows\system32;C:\Windows;C:\Windows\System32\Wbem;C:\Windows\System32\WindowsPowerShell\v1.0\;C:\Program Files (x86)\NVIDIA Corporation\PhysX\Common;%JAVA_HOME%\bin;%JAVA_HOME%\jre\bin;D:\ADT-Bundle\sdk\platform-tools;C:\Program Files (x86)\decomp;%GRADLE_HOME%\bin;C:\Program Files\Git\bin;C:\WINDOWS\system32;C:\WINDOWS;C:\WINDOWS\System32\Wbem;C:\WINDOWS\System32\WindowsPowerShell\v1.0\;C:\Users\AllenIverson\AppData\Local\Microsoft\WindowsApps;
USERNAME=AllenIverson
OS=Windows_NT
PROCESSOR_IDENTIFIER=Intel64 Family 6 Model 42 Stepping 7, GenuineIntel



---------------  S Y S T E M  ---------------

OS: Windows 10.0 , 64 bit Build 14393 (10.0.14393.0)

CPU:total 4 (2 cores per cpu, 2 threads per core) family 6 model 42 stepping 7, cmov, cx8, fxsr, mmx, sse, sse2, sse3, ssse3, sse4.1, sse4.2, popcnt, avx, aes, clmul, ht, tsc, tscinvbit

Memory: 4k page, physical 8364836k(1515256k free), swap 8364836k(5140k free)

vm_info: OpenJDK 64-Bit Server VM (25.76-b03) for windows-amd64 JRE (1.8.0_76-release-b03), built on Jun 29 2016 19:09:20 by "ralucas" with MS VC++ 10.0 (VS2010)

time: Fri Dec 16 12:19:42 2016
elapsed time: 5 seconds (0d 0h 0m 5s)

