#
# There is insufficient memory for the Java Runtime Environment to continue.
# Native memory allocation (malloc) failed to allocate 563056 bytes for Chunk::new
# Possible reasons:
#   The system is out of physical RAM or swap space
#   In 32 bit mode, the process size limit was hit
# Possible solutions:
#   Reduce memory load on the system
#   Increase physical memory or swap space
#   Check if swap backing store is full
#   Use 64 bit Java on a 64 bit OS
#   Decrease Java heap size (-Xmx/-Xms)
#   Decrease number of Java threads
#   Decrease Java thread stack sizes (-Xss)
#   Set larger code cache with -XX:ReservedCodeCacheSize=
# This output file may be truncated or incomplete.
#
#  Out of Memory Error (allocation.cpp:390), pid=9436, tid=0x0000000000001c60
#
# JRE version: OpenJDK Runtime Environment (8.0_76-b03) (build 1.8.0_76-release-b03)
# Java VM: OpenJDK 64-Bit Server VM (25.76-b03 mixed mode windows-amd64 compressed oops)
# Failed to write core dump. Minidumps are not enabled by default on client versions of Windows
#

---------------  T H R E A D  ---------------

Current thread (0x000000001563a800):  JavaThread "C2 CompilerThread1" daemon [_thread_in_native, id=7264, stack(0x0000000016c40000,0x0000000016d40000)]

Stack: [0x0000000016c40000,0x0000000016d40000]
[error occurred during error reporting (printing stack bounds), id 0xc0000005]

Native frames: (J=compiled Java code, j=interpreted, Vv=VM code, C=native code)


Current CompileTask:
C2:  17048 1828 %     4       com.android.dx.ssa.SsaConverter::edgeSplitSuccessors @ 45 (98 bytes)


---------------  P R O C E S S  ---------------

Java Threads: ( => current thread )
  0x0000000017027000 JavaThread "pool-2-thread-4" [_thread_blocked, id=10896, stack(0x0000000017840000,0x0000000017940000)]
  0x0000000017026000 JavaThread "pool-2-thread-3" [_thread_in_Java, id=8828, stack(0x0000000017740000,0x0000000017840000)]
  0x0000000017025800 JavaThread "pool-2-thread-2" [_thread_in_Java, id=9704, stack(0x0000000017640000,0x0000000017740000)]
  0x0000000017022800 JavaThread "pool-3-thread-1" [_thread_blocked, id=10228, stack(0x0000000017540000,0x0000000017640000)]
  0x0000000017022000 JavaThread "pool-2-thread-1" [_thread_in_Java, id=6140, stack(0x0000000017440000,0x0000000017540000)]
  0x0000000016d9b800 JavaThread "Service Thread" daemon [_thread_blocked, id=10328, stack(0x0000000017240000,0x0000000017340000)]
  0x0000000016d94800 JavaThread "C1 CompilerThread2" daemon [_thread_blocked, id=6124, stack(0x0000000017140000,0x0000000017240000)]
=>0x000000001563a800 JavaThread "C2 CompilerThread1" daemon [_thread_in_native, id=7264, stack(0x0000000016c40000,0x0000000016d40000)]
  0x0000000015637800 JavaThread "C2 CompilerThread0" daemon [_thread_in_native, id=3800, stack(0x0000000016b40000,0x0000000016c40000)]
  0x0000000015636800 JavaThread "Attach Listener" daemon [_thread_blocked, id=2828, stack(0x0000000016a40000,0x0000000016b40000)]
  0x00000000155ea000 JavaThread "Signal Dispatcher" daemon [_thread_blocked, id=4848, stack(0x0000000016940000,0x0000000016a40000)]
  0x00000000155c8800 JavaThread "Finalizer" daemon [_thread_blocked, id=4676, stack(0x0000000016830000,0x0000000016930000)]
  0x0000000002eff000 JavaThread "Reference Handler" daemon [_thread_blocked, id=7668, stack(0x0000000016730000,0x0000000016830000)]
  0x0000000002e10800 JavaThread "main" [_thread_in_Java, id=836, stack(0x0000000002d00000,0x0000000002e00000)]

Other Threads:
  0x00000000155a6000 VMThread [stack: 0x0000000016630000,0x0000000016730000] [id=8312]
  0x0000000016d9c800 WatcherThread [stack: 0x0000000017340000,0x0000000017440000] [id=1372]

VM state:not at safepoint (normal execution)

VM Mutex/Monitor currently owned by a thread: None

Heap:
 PSYoungGen      total 71680K, used 48209K [0x00000000eab00000, 0x00000000f3700000, 0x0000000100000000)
  eden space 66560K, 64% used [0x00000000eab00000,0x00000000ed516a48,0x00000000eec00000)
  from space 5120K, 99% used [0x00000000eec00000,0x00000000ef0fdae8,0x00000000ef100000)
  to   space 5120K, 0% used [0x00000000f3200000,0x00000000f3200000,0x00000000f3700000)
 ParOldGen       total 87552K, used 15595K [0x00000000c0000000, 0x00000000c5580000, 0x00000000eab00000)
  object space 87552K, 17% used [0x00000000c0000000,0x00000000c0f3afd8,0x00000000c5580000)
 Metaspace       used 6134K, capacity 7152K, committed 7296K, reserved 1056768K
  class space    used 567K, capacity 616K, committed 640K, reserved 1048576K

Card table byte_map: [0x00000000122d0000,0x00000000124e0000] byte_map_base: 0x0000000011cd0000

Marking Bits: (ParMarkBitMap*) 0x000000005a979d00
 Begin Bits: [0x0000000012a40000, 0x0000000013a40000)
 End Bits:   [0x0000000013a40000, 0x0000000014a40000)

Polling page: 0x0000000002900000

CodeCache: size=245760Kb used=8779Kb max_used=8779Kb free=236980Kb
 bounds [0x0000000002f10000, 0x00000000037b0000, 0x0000000011f10000]
 total_blobs=2055 nmethods=1791 adapters=178
 compilation: enabled

Compilation events (10 events):
Event: 16.942 Thread 0x0000000016d94800 1849       2       com.android.dx.ssa.LocalVariableInfo::getStarts (19 bytes)
Event: 16.943 Thread 0x0000000016d94800 nmethod 1849 0x000000000377d1d0 code [0x000000000377d340, 0x000000000377d588]
Event: 16.955 Thread 0x0000000016d94800 1851       2       com.android.dx.ssa.SCCP::simulateStmt (481 bytes)
Event: 16.957 Thread 0x0000000016d94800 nmethod 1851 0x00000000037a1410 code [0x00000000037a1680, 0x00000000037a1f58]
Event: 16.962 Thread 0x0000000016d94800 1852   !   2       com.android.dx.dex.cf.CfTranslator::processMethods (583 bytes)
Event: 16.970 Thread 0x0000000016d94800 nmethod 1852 0x00000000037a2d90 code [0x00000000037a3240, 0x00000000037a4888]
Event: 16.979 Thread 0x0000000016d94800 1853       2       com.android.dx.ssa.back.RegisterAllocator::insertMoveBefore (240 bytes)
Event: 16.983 Thread 0x0000000016d94800 nmethod 1853 0x00000000037a8410 code [0x00000000037a8720, 0x00000000037a96e8]
Event: 16.983 Thread 0x0000000016d94800 1854       2       com.android.dx.ssa.SsaMethod$1::visitMoveInsn (17 bytes)
Event: 16.983 Thread 0x0000000016d94800 nmethod 1854 0x000000000377a390 code [0x000000000377a500, 0x000000000377a710]

GC Heap History (6 events):
Event: 6.298 GC heap before
{Heap before GC invocations=1 (full 0):
 PSYoungGen      total 38400K, used 33280K [0x00000000eab00000, 0x00000000ed580000, 0x0000000100000000)
  eden space 33280K, 100% used [0x00000000eab00000,0x00000000ecb80000,0x00000000ecb80000)
  from space 5120K, 0% used [0x00000000ed080000,0x00000000ed080000,0x00000000ed580000)
  to   space 5120K, 0% used [0x00000000ecb80000,0x00000000ecb80000,0x00000000ed080000)
 ParOldGen       total 87552K, used 0K [0x00000000c0000000, 0x00000000c5580000, 0x00000000eab00000)
  object space 87552K, 0% used [0x00000000c0000000,0x00000000c0000000,0x00000000c5580000)
 Metaspace       used 5887K, capacity 6960K, committed 7040K, reserved 1056768K
  class space    used 566K, capacity 616K, committed 640K, reserved 1048576K
Event: 6.797 GC heap after
Heap after GC invocations=1 (full 0):
 PSYoungGen      total 38400K, used 5117K [0x00000000eab00000, 0x00000000ef600000, 0x0000000100000000)
  eden space 33280K, 0% used [0x00000000eab00000,0x00000000eab00000,0x00000000ecb80000)
  from space 5120K, 99% used [0x00000000ecb80000,0x00000000ed07f640,0x00000000ed080000)
  to   space 5120K, 0% used [0x00000000ef100000,0x00000000ef100000,0x00000000ef600000)
 ParOldGen       total 87552K, used 943K [0x00000000c0000000, 0x00000000c5580000, 0x00000000eab00000)
  object space 87552K, 1% used [0x00000000c0000000,0x00000000c00ebc68,0x00000000c5580000)
 Metaspace       used 5887K, capacity 6960K, committed 7040K, reserved 1056768K
  class space    used 566K, capacity 616K, committed 640K, reserved 1048576K
}
Event: 9.110 GC heap before
{Heap before GC invocations=2 (full 0):
 PSYoungGen      total 38400K, used 38397K [0x00000000eab00000, 0x00000000ef600000, 0x0000000100000000)
  eden space 33280K, 100% used [0x00000000eab00000,0x00000000ecb80000,0x00000000ecb80000)
  from space 5120K, 99% used [0x00000000ecb80000,0x00000000ed07f640,0x00000000ed080000)
  to   space 5120K, 0% used [0x00000000ef100000,0x00000000ef100000,0x00000000ef600000)
 ParOldGen       total 87552K, used 943K [0x00000000c0000000, 0x00000000c5580000, 0x00000000eab00000)
  object space 87552K, 1% used [0x00000000c0000000,0x00000000c00ebc68,0x00000000c5580000)
 Metaspace       used 6050K, capacity 7088K, committed 7296K, reserved 1056768K
  class space    used 567K, capacity 616K, committed 640K, reserved 1048576K
Event: 9.641 GC heap after
Heap after GC invocations=2 (full 0):
 PSYoungGen      total 71680K, used 5093K [0x00000000eab00000, 0x00000000ef600000, 0x0000000100000000)
  eden space 66560K, 0% used [0x00000000eab00000,0x00000000eab00000,0x00000000eec00000)
  from space 5120K, 99% used [0x00000000ef100000,0x00000000ef5f9400,0x00000000ef600000)
  to   space 5120K, 0% used [0x00000000eec00000,0x00000000eec00000,0x00000000ef100000)
 ParOldGen       total 87552K, used 5750K [0x00000000c0000000, 0x00000000c5580000, 0x00000000eab00000)
  object space 87552K, 6% used [0x00000000c0000000,0x00000000c059db28,0x00000000c5580000)
 Metaspace       used 6050K, capacity 7088K, committed 7296K, reserved 1056768K
  class space    used 567K, capacity 616K, committed 640K, reserved 1048576K
}
Event: 15.181 GC heap before
{Heap before GC invocations=3 (full 0):
 PSYoungGen      total 71680K, used 71653K [0x00000000eab00000, 0x00000000ef600000, 0x0000000100000000)
  eden space 66560K, 100% used [0x00000000eab00000,0x00000000eec00000,0x00000000eec00000)
  from space 5120K, 99% used [0x00000000ef100000,0x00000000ef5f9400,0x00000000ef600000)
  to   space 5120K, 0% used [0x00000000eec00000,0x00000000eec00000,0x00000000ef100000)
 ParOldGen       total 87552K, used 5750K [0x00000000c0000000, 0x00000000c5580000, 0x00000000eab00000)
  object space 87552K, 6% used [0x00000000c0000000,0x00000000c059db28,0x00000000c5580000)
 Metaspace       used 6124K, capacity 7152K, committed 7296K, reserved 1056768K
  class space    used 567K, capacity 616K, committed 640K, reserved 1048576K
Event: 16.181 GC heap after
Heap after GC invocations=3 (full 0):
 PSYoungGen      total 71680K, used 5110K [0x00000000eab00000, 0x00000000f3700000, 0x0000000100000000)
  eden space 66560K, 0% used [0x00000000eab00000,0x00000000eab00000,0x00000000eec00000)
  from space 5120K, 99% used [0x00000000eec00000,0x00000000ef0fdae8,0x00000000ef100000)
  to   space 5120K, 0% used [0x00000000f3200000,0x00000000f3200000,0x00000000f3700000)
 ParOldGen       total 87552K, used 15595K [0x00000000c0000000, 0x00000000c5580000, 0x00000000eab00000)
  object space 87552K, 17% used [0x00000000c0000000,0x00000000c0f3afd8,0x00000000c5580000)
 Metaspace       used 6124K, capacity 7152K, committed 7296K, reserved 1056768K
  class space    used 567K, capacity 616K, committed 640K, reserved 1048576K
}

Deoptimization events (10 events):
Event: 9.884 Thread 0x0000000002e10800 Uncommon trap: reason=unloaded action=reinterpret pc=0x00000000034c36d4 method=com.android.dx.cf.cst.ConstantPoolParser.parse0(ILjava/util/BitSet;)Lcom/android/dx/rop/cst/Constant; @ 198
Event: 12.201 Thread 0x0000000017022000 Uncommon trap: reason=unstable_if action=reinterpret pc=0x000000000367fde8 method=com.android.dx.cf.code.Ropper.processBlock(Lcom/android/dx/cf/code/ByteBlock;Lcom/android/dx/cf/code/Frame;[I)V @ 413
Event: 12.202 Thread 0x0000000017022000 Uncommon trap: reason=unstable_if action=reinterpret pc=0x0000000003369cbc method=com.android.dx.util.IntList.binarysearch(I)I @ 105
Event: 12.202 Thread 0x0000000017022000 Uncommon trap: reason=unstable_if action=reinterpret pc=0x00000000035bb6ac method=com.android.dx.ssa.SsaBasicBlock.newFromRop(Lcom/android/dx/rop/code/RopMethod;ILcom/android/dx/ssa/SsaMethod;)Lcom/android/dx/ssa/SsaBasicBlock; @ 164
Event: 12.204 Thread 0x0000000017022000 Uncommon trap: reason=unstable_if action=reinterpret pc=0x00000000035f3438 method=com.android.dx.ssa.SsaMethod.blockIndexToRopLabel(I)I @ 1
Event: 13.131 Thread 0x0000000017025800 Uncommon trap: reason=bimorphic action=maybe_recompile pc=0x00000000036c7970 method=com.android.dx.cf.code.BytecodeArray.parseInstruction(ILcom/android/dx/cf/code/BytecodeArray$Visitor;)I @ 939
Event: 13.132 Thread 0x0000000017025800 Uncommon trap: reason=bimorphic action=maybe_recompile pc=0x00000000036c7970 method=com.android.dx.cf.code.BytecodeArray.parseInstruction(ILcom/android/dx/cf/code/BytecodeArray$Visitor;)I @ 939
Event: 13.841 Thread 0x0000000017027000 Uncommon trap: reason=unloaded action=reinterpret pc=0x000000000349353c method=com.android.dx.ssa.LiteralOpUpgrader$1.visitNonMoveInsn(Lcom/android/dx/ssa/NormalSsaInsn;)V @ 72
Event: 13.842 Thread 0x0000000017027000 Uncommon trap: reason=unstable_if action=reinterpret pc=0x000000000332da9c method=com.android.dx.ssa.SsaMethod.updateOneDefinition(Lcom/android/dx/ssa/SsaInsn;Lcom/android/dx/rop/code/RegisterSpec;)V @ 4
Event: 16.954 Thread 0x0000000002e10800 Uncommon trap: reason=unstable_if action=reinterpret pc=0x0000000003665fb0 method=com.android.dx.ssa.SCCP.simulateStmt(Lcom/android/dx/ssa/SsaInsn;)V @ 59

Internal exceptions (3 events):
Event: 0.096 Thread 0x0000000002e10800 Exception <a 'java/lang/NoSuchMethodError': Method sun.misc.Unsafe.defineClass(Ljava/lang/String;[BII)Ljava/lang/Class; name or signature does not match> (0x00000000eab07cc0) thrown at [C:\src\android\AOSP-openjdk\external\jetbrains\jdk\hotspot\src\share\vÜh|aŒ‘¸?
Event: 0.096 Thread 0x0000000002e10800 Exception <a 'java/lang/NoSuchMethodError': Method sun.misc.Unsafe.prefetchRead(Ljava/lang/Object;J)V name or signature does not match> (0x00000000eab07fa8) thrown at [C:\src\android\AOSP-openjdk\external\jetbrains\jdk\hotspot\src\share\vm\prims\jni.cpp, l‹˜\Ý£ @
Event: 8.319 Thread 0x0000000017027000 Implicit null exception at 0x00000000032c666c to 0x00000000032c94a1

Events (10 events):
Event: 16.905 Thread 0x0000000017022000 DEOPT UNPACKING pc=0x0000000002f575bf sp=0x000000001753e580 mode 0
Event: 16.931 Thread 0x0000000017026000 DEOPT PACKING pc=0x000000000340b97d sp=0x000000001783e640
Event: 16.931 Thread 0x0000000017026000 DEOPT UNPACKING pc=0x0000000002f575bf sp=0x000000001783e378 mode 0
Event: 16.942 Thread 0x0000000002e10800 DEOPT PACKING pc=0x0000000003383dd9 sp=0x0000000002dfe5d0
Event: 16.942 Thread 0x0000000002e10800 DEOPT UNPACKING pc=0x0000000002f575bf sp=0x0000000002dfe400 mode 0
Event: 16.954 Thread 0x0000000002e10800 Uncommon trap: trap_request=0xffffff65 fr.pc=0x0000000003665fb0
Event: 16.954 Thread 0x0000000002e10800 DEOPT PACKING pc=0x0000000003665fb0 sp=0x0000000002dfe4f0
Event: 16.954 Thread 0x0000000002e10800 DEOPT UNPACKING pc=0x0000000002f5556a sp=0x0000000002dfe4d8 mode 2
Event: 16.972 Thread 0x0000000017027000 DEOPT PACKING pc=0x0000000003383dd9 sp=0x000000001793e7b0
Event: 16.972 Thread 0x0000000017027000 DEOPT UNPACKING pc=0x0000000002f575bf sp=0x000000001793e5e0 mode 0


Dynamic libraries:
0x00007ff6ecad0000 - 0x00007ff6ecb01000 	D:\android-studio\jre\bin\java.exe
0x00007ff920c10000 - 0x00007ff920de1000 	C:\WINDOWS\SYSTEM32\ntdll.dll
0x00007ff9205d0000 - 0x00007ff92067b000 	C:\WINDOWS\System32\KERNEL32.DLL
0x00007ff91cf50000 - 0x00007ff91d16d000 	C:\WINDOWS\System32\KERNELBASE.dll
0x00007ff91e010000 - 0x00007ff91e0b2000 	C:\WINDOWS\System32\ADVAPI32.dll
0x00007ff91e7e0000 - 0x00007ff91e87e000 	C:\WINDOWS\System32\msvcrt.dll
0x00007ff91e5f0000 - 0x00007ff91e649000 	C:\WINDOWS\System32\sechost.dll
0x00007ff920730000 - 0x00007ff920851000 	C:\WINDOWS\System32\RPCRT4.dll
0x00007ff920960000 - 0x00007ff920ac5000 	C:\WINDOWS\System32\USER32.dll
0x00007ff91dd30000 - 0x00007ff91dd4e000 	C:\WINDOWS\System32\win32u.dll
0x00007ff920680000 - 0x00007ff9206b4000 	C:\WINDOWS\System32\GDI32.dll
0x00007ff91de50000 - 0x00007ff91dfd2000 	C:\WINDOWS\System32\gdi32full.dll
0x00007ff916e20000 - 0x00007ff917099000 	C:\WINDOWS\WinSxS\amd64_microsoft.windows.common-controls_6595b64144ccf1df_6.0.14393.447_none_42191651c6827bb3\COMCTL32.dll
0x00007ff91e0c0000 - 0x00007ff91e387000 	C:\WINDOWS\System32\combase.dll
0x00007ff91dd50000 - 0x00007ff91de45000 	C:\WINDOWS\System32\ucrtbase.dll
0x00007ff91d170000 - 0x00007ff91d1da000 	C:\WINDOWS\System32\bcryptPrimitives.dll
0x00007ff91e650000 - 0x00007ff91e67e000 	C:\WINDOWS\System32\IMM32.DLL
0x000000005ac10000 - 0x000000005ace2000 	D:\android-studio\jre\jre\bin\msvcr100.dll
0x000000005a1c0000 - 0x000000005a9f4000 	D:\android-studio\jre\jre\bin\server\jvm.dll
0x00007ff91dd00000 - 0x00007ff91dd23000 	C:\WINDOWS\System32\WINMM.dll
0x00007ff91ce60000 - 0x00007ff91ce8b000 	C:\WINDOWS\System32\WINMMBASE.dll
0x00007ff91dc60000 - 0x00007ff91dca2000 	C:\WINDOWS\System32\cfgmgr32.dll
0x00007ff9205c0000 - 0x00007ff9205c8000 	C:\WINDOWS\System32\PSAPI.DLL
0x00007ff8f9890000 - 0x00007ff8f9899000 	C:\WINDOWS\SYSTEM32\WSOCK32.dll
0x00007ff91fe60000 - 0x00007ff91feca000 	C:\WINDOWS\System32\WS2_32.dll
0x00007ff919b80000 - 0x00007ff919b8a000 	C:\WINDOWS\SYSTEM32\VERSION.dll
0x00007ff91b350000 - 0x00007ff91b35f000 	D:\android-studio\jre\jre\bin\verify.dll
0x00007ff916460000 - 0x00007ff916489000 	D:\android-studio\jre\jre\bin\java.dll
0x00007ff918f90000 - 0x00007ff918fa6000 	D:\android-studio\jre\jre\bin\zip.dll
0x00007ff91e8e0000 - 0x00007ff91fde9000 	C:\WINDOWS\System32\SHELL32.dll
0x00007ff91d300000 - 0x00007ff91d9da000 	C:\WINDOWS\System32\windows.storage.dll
0x00007ff91dcb0000 - 0x00007ff91dcfc000 	C:\WINDOWS\System32\powrprof.dll
0x00007ff9206d0000 - 0x00007ff920722000 	C:\WINDOWS\System32\shlwapi.dll
0x00007ff91ce90000 - 0x00007ff91ce9f000 	C:\WINDOWS\System32\kernel.appcore.dll
0x00007ff91dbb0000 - 0x00007ff91dc59000 	C:\WINDOWS\System32\shcore.dll
0x00007ff91ce40000 - 0x00007ff91ce54000 	C:\WINDOWS\System32\profapi.dll

VM Arguments:
jvm_args: -Djava.awt.headless=true -Xmx1024M -Dfile.encoding=GBK -Duser.country=CN -Duser.language=zh -Duser.variant 
java_command: com.android.dx.command.Main --dex --force-jumbo --num-threads=4 --multi-dex --output E:\workspace\SmartCity\app\build\intermediates\transforms\dex\debug\folders\1000\10\com.android.support-appcompat-v7-25.0.1_96a579c39b988f4e7c995ee7ea02d5ec8937c186 E:\workspace\SmartCity\app\build\intermediates\exploded-aar\com.android.support\appcompat-v7\25.0.1\jars\classes.jar
java_class_path (initial): D:\ADT-Bundle\sdk\build-tools\25.0.0\lib\dx.jar
Launcher Type: SUN_STANDARD

Environment Variables:
JAVA_HOME=C:\Program Files\Java\jdk1.8.0_111
CLASSPATH=C:\Program Files\Java\jdk1.8.0_111\lib\dt.jar;C:\Program Files\Java\jdk1.8.0_111\lib\tools.jar
PATH=C:\ProgramData\Oracle\Java\javapath;C:\Windows\system32;C:\Windows;C:\Windows\System32\Wbem;C:\Windows\System32\WindowsPowerShell\v1.0\;C:\Program Files (x86)\NVIDIA Corporation\PhysX\Common;%JAVA_HOME%\bin;%JAVA_HOME%\jre\bin;D:\ADT-Bundle\sdk\platform-tools;C:\Program Files (x86)\decomp;%GRADLE_HOME%\bin;C:\Program Files\Git\bin;C:\WINDOWS\system32;C:\WINDOWS;C:\WINDOWS\System32\Wbem;C:\WINDOWS\System32\WindowsPowerShell\v1.0\;C:\Users\AllenIverson\AppData\Local\Microsoft\WindowsApps;
USERNAME=AllenIverson
OS=Windows_NT
PROCESSOR_IDENTIFIER=Intel64 Family 6 Model 42 Stepping 7, GenuineIntel



---------------  S Y S T E M  ---------------

OS: Windows 10.0 , 64 bit Build 14393 (10.0.14393.0)

CPU:total 4 (2 cores per cpu, 2 threads per core) family 6 model 42 stepping 7, cmov, cx8, fxsr, mmx, sse, sse2, sse3, ssse3, sse4.1, sse4.2, popcnt, avx, aes, clmul, ht, tsc, tscinvbit

Memory: 4k page, physical 8364836k(1274980k free), swap 8364836k(5160k free)

vm_info: OpenJDK 64-Bit Server VM (25.76-b03) for windows-amd64 JRE (1.8.0_76-release-b03), built on Jun 29 2016 19:09:20 by "ralucas" with MS VC++ 10.0 (VS2010)

time: Thu Dec 01 19:57:18 2016
elapsed time: 17 seconds (0d 0h 0m 17s)

