#
# There is insufficient memory for the Java Runtime Environment to continue.
# Native memory allocation (malloc) failed to allocate 65552 bytes for Chunk::new
# Possible reasons:
#   The system is out of physical RAM or swap space
#   In 32 bit mode, the process size limit was hit
# Possible solutions:
#   Reduce memory load on the system
#   Increase physical memory or swap space
#   Check if swap backing store is full
#   Use 64 bit Java on a 64 bit OS
#   Decrease Java heap size (-Xmx/-Xms)
#   Decrease number of Java threads
#   Decrease Java thread stack sizes (-Xss)
#   Set larger code cache with -XX:ReservedCodeCacheSize=
# This output file may be truncated or incomplete.
#
#  Out of Memory Error (allocation.cpp:390), pid=9264, tid=0x0000000000002f0c
#
# JRE version: OpenJDK Runtime Environment (8.0_76-b03) (build 1.8.0_76-release-b03)
# Java VM: OpenJDK 64-Bit Server VM (25.76-b03 mixed mode windows-amd64 compressed oops)
# Failed to write core dump. Minidumps are not enabled by default on client versions of Windows
#

---------------  T H R E A D  ---------------

Current thread (0x00000000171a5800):  JavaThread "C2 CompilerThread1" daemon [_thread_in_native, id=12044, stack(0x0000000017550000,0x0000000017650000)]

Stack: [0x0000000017550000,0x0000000017650000]
[error occurred during error reporting (printing stack bounds), id 0xc0000005]

Native frames: (J=compiled Java code, j=interpreted, Vv=VM code, C=native code)


Current CompileTask:
C2:  10782 1525       4       com.android.dx.dex.code.OutputFinisher::addConstants (93 bytes)


---------------  P R O C E S S  ---------------

Java Threads: ( => current thread )
  0x00000000172bb000 JavaThread "pool-1-thread-1" [_thread_in_Java, id=13452, stack(0x000000001a5f0000,0x000000001a6f0000)]
  0x00000000171af000 JavaThread "Service Thread" daemon [_thread_blocked, id=12004, stack(0x0000000017750000,0x0000000017850000)]
  0x00000000171a8800 JavaThread "C1 CompilerThread2" daemon [_thread_blocked, id=14140, stack(0x0000000017650000,0x0000000017750000)]
=>0x00000000171a5800 JavaThread "C2 CompilerThread1" daemon [_thread_in_native, id=12044, stack(0x0000000017550000,0x0000000017650000)]
  0x0000000015b47800 JavaThread "C2 CompilerThread0" daemon [_thread_in_native, id=14944, stack(0x0000000017050000,0x0000000017150000)]
  0x0000000015b46800 JavaThread "Attach Listener" daemon [_thread_blocked, id=10172, stack(0x0000000016f50000,0x0000000017050000)]
  0x0000000015afa000 JavaThread "Signal Dispatcher" daemon [_thread_blocked, id=4884, stack(0x0000000016e50000,0x0000000016f50000)]
  0x0000000015ad8800 JavaThread "Finalizer" daemon [_thread_blocked, id=1440, stack(0x0000000016d50000,0x0000000016e50000)]
  0x000000000340f000 JavaThread "Reference Handler" daemon [_thread_blocked, id=19088, stack(0x0000000016c50000,0x0000000016d50000)]
  0x0000000003320800 JavaThread "main" [_thread_blocked, id=15828, stack(0x0000000003070000,0x0000000003170000)]

Other Threads:
  0x0000000015ab6000 VMThread [stack: 0x0000000016b50000,0x0000000016c50000] [id=12976]
  0x00000000171b0000 WatcherThread [stack: 0x0000000017850000,0x0000000017950000] [id=3768]

VM state:not at safepoint (normal execution)

VM Mutex/Monitor currently owned by a thread: None

Heap:
 PSYoungGen      total 38400K, used 33292K [0x00000000eab00000, 0x00000000ef600000, 0x0000000100000000)
  eden space 33280K, 84% used [0x00000000eab00000,0x00000000ec6850e0,0x00000000ecb80000)
  from space 5120K, 99% used [0x00000000ecb80000,0x00000000ed07e058,0x00000000ed080000)
  to   space 5120K, 0% used [0x00000000ef100000,0x00000000ef100000,0x00000000ef600000)
 ParOldGen       total 87552K, used 1296K [0x00000000c0000000, 0x00000000c5580000, 0x00000000eab00000)
  object space 87552K, 1% used [0x00000000c0000000,0x00000000c01441e8,0x00000000c5580000)
 Metaspace       used 6074K, capacity 7088K, committed 7296K, reserved 1056768K
  class space    used 570K, capacity 616K, committed 640K, reserved 1048576K

Card table byte_map: [0x00000000127e0000,0x00000000129f0000] byte_map_base: 0x00000000121e0000

Marking Bits: (ParMarkBitMap*) 0x000000005a979d00
 Begin Bits: [0x0000000012f50000, 0x0000000013f50000)
 End Bits:   [0x0000000013f50000, 0x0000000014f50000)

Polling page: 0x0000000002c80000

CodeCache: size=245760Kb used=6438Kb max_used=6438Kb free=239321Kb
 bounds [0x0000000003420000, 0x0000000003a80000, 0x0000000012420000]
 total_blobs=1784 nmethods=1520 adapters=178
 compilation: enabled

Compilation events (10 events):
Event: 10.747 Thread 0x00000000171a8800 1528       3       com.android.dx.dex.code.StdCatchBuilder::hasAnyCatches (57 bytes)
Event: 10.748 Thread 0x00000000171a8800 nmethod 1528 0x0000000003a6d090 code [0x0000000003a6d280, 0x0000000003a6dfb8]
Event: 10.756 Thread 0x00000000171a8800 1530       3       com.android.dx.dex.file.CodeItem::addContents (174 bytes)
Event: 10.758 Thread 0x00000000171a8800 nmethod 1530 0x0000000003a6e510 code [0x0000000003a6e820, 0x0000000003a701c8]
Event: 10.761 Thread 0x00000000171a8800 1532       3       java.util.HashMap::keySet (25 bytes)
Event: 10.762 Thread 0x00000000171a8800 nmethod 1532 0x0000000003a69010 code [0x0000000003a69180, 0x0000000003a69510]
Event: 10.762 Thread 0x00000000171a8800 1533       3       java.util.HashMap$KeySet::iterator (12 bytes)
Event: 10.762 Thread 0x00000000171a8800 nmethod 1533 0x0000000003a6bad0 code [0x0000000003a6bc40, 0x0000000003a6bea8]
Event: 10.765 Thread 0x00000000171a8800 1534       3       com.android.dx.dex.file.DebugInfoItem::<init> (36 bytes)
Event: 10.765 Thread 0x00000000171a8800 nmethod 1534 0x0000000003a6b590 code [0x0000000003a6b700, 0x0000000003a6b9d8]

GC Heap History (2 events):
Event: 8.870 GC heap before
{Heap before GC invocations=1 (full 0):
 PSYoungGen      total 38400K, used 33280K [0x00000000eab00000, 0x00000000ed580000, 0x0000000100000000)
  eden space 33280K, 100% used [0x00000000eab00000,0x00000000ecb80000,0x00000000ecb80000)
  from space 5120K, 0% used [0x00000000ed080000,0x00000000ed080000,0x00000000ed580000)
  to   space 5120K, 0% used [0x00000000ecb80000,0x00000000ecb80000,0x00000000ed080000)
 ParOldGen       total 87552K, used 0K [0x00000000c0000000, 0x00000000c5580000, 0x00000000eab00000)
  object space 87552K, 0% used [0x00000000c0000000,0x00000000c0000000,0x00000000c5580000)
 Metaspace       used 5874K, capacity 6960K, committed 7040K, reserved 1056768K
  class space    used 564K, capacity 616K, committed 640K, reserved 1048576K
Event: 9.235 GC heap after
Heap after GC invocations=1 (full 0):
 PSYoungGen      total 38400K, used 5112K [0x00000000eab00000, 0x00000000ef600000, 0x0000000100000000)
  eden space 33280K, 0% used [0x00000000eab00000,0x00000000eab00000,0x00000000ecb80000)
  from space 5120K, 99% used [0x00000000ecb80000,0x00000000ed07e058,0x00000000ed080000)
  to   space 5120K, 0% used [0x00000000ef100000,0x00000000ef100000,0x00000000ef600000)
 ParOldGen       total 87552K, used 1296K [0x00000000c0000000, 0x00000000c5580000, 0x00000000eab00000)
  object space 87552K, 1% used [0x00000000c0000000,0x00000000c01441e8,0x00000000c5580000)
 Metaspace       used 5874K, capacity 6960K, committed 7040K, reserved 1056768K
  class space    used 564K, capacity 616K, committed 640K, reserved 1048576K
}

Deoptimization events (10 events):
Event: 10.283 Thread 0x00000000172bb000 Uncommon trap: reason=unstable_if action=reinterpret pc=0x0000000003a12b94 method=com.android.dx.ssa.LocalVariableExtractor.processBlock(I)V @ 251
Event: 10.637 Thread 0x00000000172bb000 Uncommon trap: reason=class_check action=maybe_recompile pc=0x000000000393c398 method=java.util.Arrays.hashCode([Ljava/lang/Object;)I @ 43
Event: 10.637 Thread 0x00000000172bb000 Uncommon trap: reason=class_check action=maybe_recompile pc=0x000000000393c398 method=java.util.Arrays.hashCode([Ljava/lang/Object;)I @ 43
Event: 10.637 Thread 0x00000000172bb000 Uncommon trap: reason=class_check action=maybe_recompile pc=0x000000000393c398 method=java.util.Arrays.hashCode([Ljava/lang/Object;)I @ 43
Event: 10.637 Thread 0x00000000172bb000 Uncommon trap: reason=class_check action=maybe_recompile pc=0x000000000393c398 method=java.util.Arrays.hashCode([Ljava/lang/Object;)I @ 43
Event: 10.637 Thread 0x00000000172bb000 Uncommon trap: reason=class_check action=maybe_recompile pc=0x0000000003912f78 method=java.util.Arrays.hashCode([Ljava/lang/Object;)I @ 43
Event: 10.663 Thread 0x00000000172bb000 Uncommon trap: reason=bimorphic action=maybe_recompile pc=0x00000000036a8b74 method=java.util.HashMap.getNode(ILjava/lang/Object;)Ljava/util/HashMap$Node; @ 126
Event: 10.673 Thread 0x00000000172bb000 Uncommon trap: reason=class_check action=maybe_recompile pc=0x000000000392f540 method=java.util.HashMap.putVal(ILjava/lang/Object;Ljava/lang/Object;ZZ)Ljava/lang/Object; @ 203
Event: 10.680 Thread 0x00000000172bb000 Uncommon trap: reason=class_check action=maybe_recompile pc=0x000000000392f540 method=java.util.HashMap.putVal(ILjava/lang/Object;Ljava/lang/Object;ZZ)Ljava/lang/Object; @ 203
Event: 10.681 Thread 0x00000000172bb000 Uncommon trap: reason=class_check action=maybe_recompile pc=0x000000000392f540 method=java.util.HashMap.putVal(ILjava/lang/Object;Ljava/lang/Object;ZZ)Ljava/lang/Object; @ 203

Internal exceptions (2 events):
Event: 0.874 Thread 0x0000000003320800 Exception <a 'java/lang/NoSuchMethodError': Method sun.misc.Unsafe.defineClass(Ljava/lang/String;[BII)Ljava/lang/Class; name or signature does not match> (0x00000000eab07cc0) thrown at [C:\src\android\AOSP-openjdk\external\jetbrains\jdk\hotspot\src\share\vJŠ¦Züë?
Event: 0.875 Thread 0x0000000003320800 Exception <a 'java/lang/NoSuchMethodError': Method sun.misc.Unsafe.prefetchRead(Ljava/lang/Object;J)V name or signature does not match> (0x00000000eab07fa8) thrown at [C:\src\android\AOSP-openjdk\external\jetbrains\jdk\hotspot\src\share\vm\prims\jni.cpp, l

Events (10 events):
Event: 10.673 Thread 0x00000000172bb000 DEOPT PACKING pc=0x000000000392f540 sp=0x000000001a6eee00
Event: 10.673 Thread 0x00000000172bb000 DEOPT UNPACKING pc=0x000000000346556a sp=0x000000001a6eed88 mode 2
Event: 10.680 Thread 0x00000000172bb000 Uncommon trap: trap_request=0xffffffde fr.pc=0x000000000392f540
Event: 10.680 Thread 0x00000000172bb000 DEOPT PACKING pc=0x000000000392f540 sp=0x000000001a6eec60
Event: 10.681 Thread 0x00000000172bb000 DEOPT UNPACKING pc=0x000000000346556a sp=0x000000001a6eebe8 mode 2
Event: 10.681 Thread 0x00000000172bb000 Uncommon trap: trap_request=0xffffffde fr.pc=0x000000000392f540
Event: 10.681 Thread 0x00000000172bb000 DEOPT PACKING pc=0x000000000392f540 sp=0x000000001a6eec60
Event: 10.681 Thread 0x00000000172bb000 DEOPT UNPACKING pc=0x000000000346556a sp=0x000000001a6eebe8 mode 2
Event: 10.682 loading class com/android/dx/dex/file/CatchStructs
Event: 10.682 loading class com/android/dx/dex/file/CatchStructs done


Dynamic libraries:
0x00007ff7cb9f0000 - 0x00007ff7cba21000 	D:\android-studio\jre\bin\java.exe
0x00007ff920c10000 - 0x00007ff920de1000 	C:\WINDOWS\SYSTEM32\ntdll.dll
0x00007ff9205d0000 - 0x00007ff92067b000 	C:\WINDOWS\System32\KERNEL32.DLL
0x00007ff91cf50000 - 0x00007ff91d16d000 	C:\WINDOWS\System32\KERNELBASE.dll
0x00007ff91e010000 - 0x00007ff91e0b2000 	C:\WINDOWS\System32\ADVAPI32.dll
0x00007ff91e7e0000 - 0x00007ff91e87e000 	C:\WINDOWS\System32\msvcrt.dll
0x00007ff91e5f0000 - 0x00007ff91e649000 	C:\WINDOWS\System32\sechost.dll
0x00007ff920730000 - 0x00007ff920851000 	C:\WINDOWS\System32\RPCRT4.dll
0x00007ff920960000 - 0x00007ff920ac5000 	C:\WINDOWS\System32\USER32.dll
0x00007ff91dd30000 - 0x00007ff91dd4e000 	C:\WINDOWS\System32\win32u.dll
0x00007ff920680000 - 0x00007ff9206b4000 	C:\WINDOWS\System32\GDI32.dll
0x00007ff91de50000 - 0x00007ff91dfd2000 	C:\WINDOWS\System32\gdi32full.dll
0x00007ff916e20000 - 0x00007ff917099000 	C:\WINDOWS\WinSxS\amd64_microsoft.windows.common-controls_6595b64144ccf1df_6.0.14393.447_none_42191651c6827bb3\COMCTL32.dll
0x00007ff91e0c0000 - 0x00007ff91e387000 	C:\WINDOWS\System32\combase.dll
0x00007ff91dd50000 - 0x00007ff91de45000 	C:\WINDOWS\System32\ucrtbase.dll
0x00007ff91d170000 - 0x00007ff91d1da000 	C:\WINDOWS\System32\bcryptPrimitives.dll
0x00007ff91e650000 - 0x00007ff91e67e000 	C:\WINDOWS\System32\IMM32.DLL
0x000000005ac10000 - 0x000000005ace2000 	D:\android-studio\jre\jre\bin\msvcr100.dll
0x000000005a1c0000 - 0x000000005a9f4000 	D:\android-studio\jre\jre\bin\server\jvm.dll
0x00007ff91dd00000 - 0x00007ff91dd23000 	C:\WINDOWS\System32\WINMM.dll
0x00007ff91ce60000 - 0x00007ff91ce8b000 	C:\WINDOWS\System32\WINMMBASE.dll
0x00007ff91dc60000 - 0x00007ff91dca2000 	C:\WINDOWS\System32\cfgmgr32.dll
0x00007ff9205c0000 - 0x00007ff9205c8000 	C:\WINDOWS\System32\PSAPI.DLL
0x00007ff8f9890000 - 0x00007ff8f9899000 	C:\WINDOWS\SYSTEM32\WSOCK32.dll
0x00007ff91fe60000 - 0x00007ff91feca000 	C:\WINDOWS\System32\WS2_32.dll
0x00007ff919b80000 - 0x00007ff919b8a000 	C:\WINDOWS\SYSTEM32\VERSION.dll
0x00007ff91b350000 - 0x00007ff91b35f000 	D:\android-studio\jre\jre\bin\verify.dll
0x00007ff913180000 - 0x00007ff9131a9000 	D:\android-studio\jre\jre\bin\java.dll
0x00007ff918f90000 - 0x00007ff918fa6000 	D:\android-studio\jre\jre\bin\zip.dll
0x00007ff91e8e0000 - 0x00007ff91fde9000 	C:\WINDOWS\System32\SHELL32.dll
0x00007ff91d300000 - 0x00007ff91d9da000 	C:\WINDOWS\System32\windows.storage.dll
0x00007ff91dcb0000 - 0x00007ff91dcfc000 	C:\WINDOWS\System32\powrprof.dll
0x00007ff9206d0000 - 0x00007ff920722000 	C:\WINDOWS\System32\shlwapi.dll
0x00007ff91ce90000 - 0x00007ff91ce9f000 	C:\WINDOWS\System32\kernel.appcore.dll
0x00007ff91dbb0000 - 0x00007ff91dc59000 	C:\WINDOWS\System32\shcore.dll
0x00007ff91ce40000 - 0x00007ff91ce54000 	C:\WINDOWS\System32\profapi.dll

VM Arguments:
jvm_args: -Djava.awt.headless=true -Xmx1024M -Dfile.encoding=GBK -Duser.country=CN -Duser.language=zh -Duser.variant 
java_command: com.android.dx.command.Main --dex --force-jumbo --num-threads=4 --multi-dex --output E:\workspace\SmartCity\app\build\intermediates\transforms\dex\debug\folders\1000\10\com.android.support-transition-25.0.1_c64d2c8285cc498f8627b52cc76033e8008e2426 E:\workspace\SmartCity\app\build\intermediates\exploded-aar\com.android.support\transition\25.0.1\jars\classes.jar
java_class_path (initial): D:\ADT-Bundle\sdk\build-tools\25.0.0\lib\dx.jar
Launcher Type: SUN_STANDARD

Environment Variables:
JAVA_HOME=C:\Program Files\Java\jdk1.8.0_111
CLASSPATH=C:\Program Files\Java\jdk1.8.0_111\lib\dt.jar;C:\Program Files\Java\jdk1.8.0_111\lib\tools.jar
PATH=C:\ProgramData\Oracle\Java\javapath;C:\Windows\system32;C:\Windows;C:\Windows\System32\Wbem;C:\Windows\System32\WindowsPowerShell\v1.0\;C:\Program Files (x86)\NVIDIA Corporation\PhysX\Common;%JAVA_HOME%\bin;%JAVA_HOME%\jre\bin;D:\ADT-Bundle\sdk\platform-tools;C:\Program Files (x86)\decomp;%GRADLE_HOME%\bin;C:\Program Files\Git\bin;C:\WINDOWS\system32;C:\WINDOWS;C:\WINDOWS\System32\Wbem;C:\WINDOWS\System32\WindowsPowerShell\v1.0\;C:\Users\AllenIverson\AppData\Local\Microsoft\WindowsApps;
USERNAME=AllenIverson
OS=Windows_NT
PROCESSOR_IDENTIFIER=Intel64 Family 6 Model 42 Stepping 7, GenuineIntel



---------------  S Y S T E M  ---------------

OS: Windows 10.0 , 64 bit Build 14393 (10.0.14393.0)

CPU:total 4 (2 cores per cpu, 2 threads per core) family 6 model 42 stepping 7, cmov, cx8, fxsr, mmx, sse, sse2, sse3, ssse3, sse4.1, sse4.2, popcnt, avx, aes, clmul, ht, tsc, tscinvbit

Memory: 4k page, physical 8364836k(1811500k free), swap 8364836k(5292k free)

vm_info: OpenJDK 64-Bit Server VM (25.76-b03) for windows-amd64 JRE (1.8.0_76-release-b03), built on Jun 29 2016 19:09:20 by "ralucas" with MS VC++ 10.0 (VS2010)

time: Fri Dec 16 12:21:59 2016
elapsed time: 10 seconds (0d 0h 0m 10s)

