#
# There is insufficient memory for the Java Runtime Environment to continue.
# Native memory allocation (malloc) failed to allocate 102288 bytes for Chunk::new
# Possible reasons:
#   The system is out of physical RAM or swap space
#   In 32 bit mode, the process size limit was hit
# Possible solutions:
#   Reduce memory load on the system
#   Increase physical memory or swap space
#   Check if swap backing store is full
#   Use 64 bit Java on a 64 bit OS
#   Decrease Java heap size (-Xmx/-Xms)
#   Decrease number of Java threads
#   Decrease Java thread stack sizes (-Xss)
#   Set larger code cache with -XX:ReservedCodeCacheSize=
# This output file may be truncated or incomplete.
#
#  Out of Memory Error (allocation.cpp:390), pid=7660, tid=0x0000000000004ec4
#
# JRE version: OpenJDK Runtime Environment (8.0_76-b03) (build 1.8.0_76-release-b03)
# Java VM: OpenJDK 64-Bit Server VM (25.76-b03 mixed mode windows-amd64 compressed oops)
# Failed to write core dump. Minidumps are not enabled by default on client versions of Windows
#

---------------  T H R E A D  ---------------

Current thread (0x0000000015788800):  JavaThread "C2 CompilerThread0" daemon [_thread_in_native, id=20164, stack(0x0000000016cf0000,0x0000000016df0000)]

Stack: [0x0000000016cf0000,0x0000000016df0000]
[error occurred during error reporting (printing stack bounds), id 0xc0000005]

Native frames: (J=compiled Java code, j=interpreted, Vv=VM code, C=native code)


Current CompileTask:
C2:  13270 2024       4       com.android.dx.cf.code.Simulator$SimVisitor::visitConstant (332 bytes)


---------------  P R O C E S S  ---------------

Java Threads: ( => current thread )
  0x00000000171a6800 JavaThread "pool-2-thread-3" [_thread_in_Java, id=8872, stack(0x00000000178f0000,0x00000000179f0000)]
  0x000000001704e800 JavaThread "pool-3-thread-1" [_thread_blocked, id=19192, stack(0x00000000176f0000,0x00000000177f0000)]
  0x0000000016f49000 JavaThread "Service Thread" daemon [_thread_blocked, id=14256, stack(0x00000000173f0000,0x00000000174f0000)]
  0x0000000016f45800 JavaThread "C1 CompilerThread2" daemon [_thread_blocked, id=4220, stack(0x00000000172f0000,0x00000000173f0000)]
  0x000000001578b800 JavaThread "C2 CompilerThread1" daemon [_thread_in_native, id=18576, stack(0x0000000016df0000,0x0000000016ef0000)]
=>0x0000000015788800 JavaThread "C2 CompilerThread0" daemon [_thread_in_native, id=20164, stack(0x0000000016cf0000,0x0000000016df0000)]
  0x000000001573b800 JavaThread "Attach Listener" daemon [_thread_blocked, id=18528, stack(0x0000000016bf0000,0x0000000016cf0000)]
  0x0000000015787800 JavaThread "Signal Dispatcher" daemon [_thread_blocked, id=4876, stack(0x0000000016af0000,0x0000000016bf0000)]
  0x0000000015718000 JavaThread "Finalizer" daemon [_thread_blocked, id=9892, stack(0x0000000016990000,0x0000000016a90000)]
  0x000000000304f000 JavaThread "Reference Handler" daemon [_thread_blocked, id=7904, stack(0x0000000016890000,0x0000000016990000)]
  0x0000000002f60800 JavaThread "main" [_thread_blocked, id=16260, stack(0x0000000002d60000,0x0000000002e60000)]

Other Threads:
  0x00000000156f6000 VMThread [stack: 0x0000000016790000,0x0000000016890000] [id=11892]
  0x0000000016f4b800 WatcherThread [stack: 0x00000000174f0000,0x00000000175f0000] [id=19544]

VM state:not at safepoint (normal execution)

VM Mutex/Monitor currently owned by a thread: None

Heap:
 PSYoungGen      total 274432K, used 15630K [0x00000000eab00000, 0x0000000100000000, 0x0000000100000000)
  eden space 234496K, 6% used [0x00000000eab00000,0x00000000eba43b18,0x00000000f9000000)
  from space 39936K, 0% used [0x00000000fcf00000,0x00000000fcf00000,0x00000000ff600000)
  to   space 57344K, 0% used [0x00000000f9000000,0x00000000f9000000,0x00000000fc800000)
 ParOldGen       total 166912K, used 87071K [0x00000000c0000000, 0x00000000ca300000, 0x00000000eab00000)
  object space 166912K, 52% used [0x00000000c0000000,0x00000000c5507e98,0x00000000ca300000)
 Metaspace       used 6088K, capacity 7152K, committed 7296K, reserved 1056768K
  class space    used 567K, capacity 616K, committed 640K, reserved 1048576K

Card table byte_map: [0x0000000012420000,0x0000000012630000] byte_map_base: 0x0000000011e20000

Marking Bits: (ParMarkBitMap*) 0x000000005a979d00
 Begin Bits: [0x0000000012b90000, 0x0000000013b90000)
 End Bits:   [0x0000000013b90000, 0x0000000014b90000)

Polling page: 0x0000000002980000

CodeCache: size=245760Kb used=9098Kb max_used=9113Kb free=236661Kb
 bounds [0x0000000003060000, 0x0000000003970000, 0x0000000012060000]
 total_blobs=2088 nmethods=1824 adapters=177
 compilation: enabled

Compilation events (10 events):
Event: 12.920 Thread 0x0000000015788800 nmethod 2008% 0x0000000003955590 code [0x00000000039557a0, 0x0000000003956698]
Event: 12.920 Thread 0x0000000015788800 2019 %     4       com.android.dx.ssa.SsaMethod::forEachBlockDepthFirst @ 129 (194 bytes)
Event: 13.019 Thread 0x0000000015788800 nmethod 2019% 0x0000000003961310 code [0x0000000003961560, 0x0000000003963750]
Event: 13.019 Thread 0x0000000015788800 2023       4       com.android.dx.cf.code.LocalVariableList::pcAndIndexToLocal (51 bytes)
Event: 13.022 Thread 0x0000000015788800 nmethod 2023 0x0000000003229210 code [0x0000000003229360, 0x0000000003229498]
Event: 13.022 Thread 0x0000000015788800 1992       4       com.android.dx.ssa.back.FirstFitLocalCombiningAllocator::findNextUnreservedRopReg (68 bytes)
Event: 13.030 Thread 0x0000000015788800 nmethod 1992 0x000000000326ca50 code [0x000000000326cbc0, 0x000000000326cfb8]
Event: 13.030 Thread 0x0000000015788800 2024       4       com.android.dx.cf.code.Simulator$SimVisitor::visitConstant (332 bytes)
Event: 13.217 Thread 0x0000000016f45800 2040       1       java.util.HashMap::afterNodeAccess (1 bytes)
Event: 13.217 Thread 0x0000000016f45800 nmethod 2040 0x00000000031e5f10 code [0x00000000031e6060, 0x00000000031e6170]

GC Heap History (10 events):
Event: 6.172 GC heap before
{Heap before GC invocations=5 (full 0):
 PSYoungGen      total 71680K, used 71680K [0x00000000eab00000, 0x00000000ef600000, 0x0000000100000000)
  eden space 66560K, 100% used [0x00000000eab00000,0x00000000eec00000,0x00000000eec00000)
  from space 5120K, 100% used [0x00000000ef100000,0x00000000ef600000,0x00000000ef600000)
  to   space 5120K, 0% used [0x00000000eec00000,0x00000000eec00000,0x00000000ef100000)
 ParOldGen       total 87552K, used 15839K [0x00000000c0000000, 0x00000000c5580000, 0x00000000eab00000)
  object space 87552K, 18% used [0x00000000c0000000,0x00000000c0f77f48,0x00000000c5580000)
 Metaspace       used 6043K, capacity 7152K, committed 7296K, reserved 1056768K
  class space    used 564K, capacity 616K, committed 640K, reserved 1048576K
Event: 6.231 GC heap after
Heap after GC invocations=5 (full 0):
 PSYoungGen      total 71680K, used 5099K [0x00000000eab00000, 0x00000000f4e00000, 0x0000000100000000)
  eden space 66560K, 0% used [0x00000000eab00000,0x00000000eab00000,0x00000000eec00000)
  from space 5120K, 99% used [0x00000000eec00000,0x00000000ef0fad18,0x00000000ef100000)
  to   space 16896K, 0% used [0x00000000f3d80000,0x00000000f3d80000,0x00000000f4e00000)
 ParOldGen       total 87552K, used 27133K [0x00000000c0000000, 0x00000000c5580000, 0x00000000eab00000)
  object space 87552K, 30% used [0x00000000c0000000,0x00000000c1a7f628,0x00000000c5580000)
 Metaspace       used 6043K, capacity 7152K, committed 7296K, reserved 1056768K
  class space    used 564K, capacity 616K, committed 640K, reserved 1048576K
}
Event: 6.610 GC heap before
{Heap before GC invocations=6 (full 0):
 PSYoungGen      total 71680K, used 71659K [0x00000000eab00000, 0x00000000f4e00000, 0x0000000100000000)
  eden space 66560K, 100% used [0x00000000eab00000,0x00000000eec00000,0x00000000eec00000)
  from space 5120K, 99% used [0x00000000eec00000,0x00000000ef0fad18,0x00000000ef100000)
  to   space 16896K, 0% used [0x00000000f3d80000,0x00000000f3d80000,0x00000000f4e00000)
 ParOldGen       total 87552K, used 27133K [0x00000000c0000000, 0x00000000c5580000, 0x00000000eab00000)
  object space 87552K, 30% used [0x00000000c0000000,0x00000000c1a7f628,0x00000000c5580000)
 Metaspace       used 6055K, capacity 7152K, committed 7296K, reserved 1056768K
  class space    used 564K, capacity 616K, committed 640K, reserved 1048576K
Event: 6.707 GC heap after
Heap after GC invocations=6 (full 0):
 PSYoungGen      total 146432K, used 16895K [0x00000000eab00000, 0x00000000f5500000, 0x0000000100000000)
  eden space 129536K, 0% used [0x00000000eab00000,0x00000000eab00000,0x00000000f2980000)
  from space 16896K, 99% used [0x00000000f3d80000,0x00000000f4dfff70,0x00000000f4e00000)
  to   space 20480K, 0% used [0x00000000f2980000,0x00000000f2980000,0x00000000f3d80000)
 ParOldGen       total 87552K, used 28426K [0x00000000c0000000, 0x00000000c5580000, 0x00000000eab00000)
  object space 87552K, 32% used [0x00000000c0000000,0x00000000c1bc2b70,0x00000000c5580000)
 Metaspace       used 6055K, capacity 7152K, committed 7296K, reserved 1056768K
  class space    used 564K, capacity 616K, committed 640K, reserved 1048576K
}
Event: 8.057 GC heap before
{Heap before GC invocations=7 (full 0):
 PSYoungGen      total 146432K, used 146431K [0x00000000eab00000, 0x00000000f5500000, 0x0000000100000000)
  eden space 129536K, 100% used [0x00000000eab00000,0x00000000f2980000,0x00000000f2980000)
  from space 16896K, 99% used [0x00000000f3d80000,0x00000000f4dfff70,0x00000000f4e00000)
  to   space 20480K, 0% used [0x00000000f2980000,0x00000000f2980000,0x00000000f3d80000)
 ParOldGen       total 87552K, used 28426K [0x00000000c0000000, 0x00000000c5580000, 0x00000000eab00000)
  object space 87552K, 32% used [0x00000000c0000000,0x00000000c1bc2b70,0x00000000c5580000)
 Metaspace       used 6083K, capacity 7152K, committed 7296K, reserved 1056768K
  class space    used 566K, capacity 616K, committed 640K, reserved 1048576K
Event: 8.218 GC heap after
Heap after GC invocations=7 (full 0):
 PSYoungGen      total 150016K, used 20452K [0x00000000eab00000, 0x00000000ff600000, 0x0000000100000000)
  eden space 129536K, 0% used [0x00000000eab00000,0x00000000eab00000,0x00000000f2980000)
  from space 20480K, 99% used [0x00000000f2980000,0x00000000f3d79350,0x00000000f3d80000)
  to   space 39936K, 0% used [0x00000000fcf00000,0x00000000fcf00000,0x00000000ff600000)
 ParOldGen       total 87552K, used 61614K [0x00000000c0000000, 0x00000000c5580000, 0x00000000eab00000)
  object space 87552K, 70% used [0x00000000c0000000,0x00000000c3c2b9a8,0x00000000c5580000)
 Metaspace       used 6083K, capacity 7152K, committed 7296K, reserved 1056768K
  class space    used 566K, capacity 616K, committed 640K, reserved 1048576K
}
Event: 10.999 GC heap before
{Heap before GC invocations=8 (full 0):
 PSYoungGen      total 150016K, used 149988K [0x00000000eab00000, 0x00000000ff600000, 0x0000000100000000)
  eden space 129536K, 100% used [0x00000000eab00000,0x00000000f2980000,0x00000000f2980000)
  from space 20480K, 99% used [0x00000000f2980000,0x00000000f3d79350,0x00000000f3d80000)
  to   space 39936K, 0% used [0x00000000fcf00000,0x00000000fcf00000,0x00000000ff600000)
 ParOldGen       total 87552K, used 61614K [0x00000000c0000000, 0x00000000c5580000, 0x00000000eab00000)
  object space 87552K, 70% used [0x00000000c0000000,0x00000000c3c2b9a8,0x00000000c5580000)
 Metaspace       used 6088K, capacity 7152K, committed 7296K, reserved 1056768K
  class space    used 567K, capacity 616K, committed 640K, reserved 1048576K
Event: 11.471 GC heap after
Heap after GC invocations=8 (full 0):
 PSYoungGen      total 274432K, used 39910K [0x00000000eab00000, 0x0000000100000000, 0x0000000100000000)
  eden space 234496K, 0% used [0x00000000eab00000,0x00000000eab00000,0x00000000f9000000)
  from space 39936K, 99% used [0x00000000fcf00000,0x00000000ff5f9930,0x00000000ff600000)
  to   space 57344K, 0% used [0x00000000f9000000,0x00000000f9000000,0x00000000fc800000)
 ParOldGen       total 87552K, used 85069K [0x00000000c0000000, 0x00000000c5580000, 0x00000000eab00000)
  object space 87552K, 97% used [0x00000000c0000000,0x00000000c53136d0,0x00000000c5580000)
 Metaspace       used 6088K, capacity 7152K, committed 7296K, reserved 1056768K
  class space    used 567K, capacity 616K, committed 640K, reserved 1048576K
}
Event: 11.471 GC heap before
{Heap before GC invocations=9 (full 1):
 PSYoungGen      total 274432K, used 39910K [0x00000000eab00000, 0x0000000100000000, 0x0000000100000000)
  eden space 234496K, 0% used [0x00000000eab00000,0x00000000eab00000,0x00000000f9000000)
  from space 39936K, 99% used [0x00000000fcf00000,0x00000000ff5f9930,0x00000000ff600000)
  to   space 57344K, 0% used [0x00000000f9000000,0x00000000f9000000,0x00000000fc800000)
 ParOldGen       total 87552K, used 85069K [0x00000000c0000000, 0x00000000c5580000, 0x00000000eab00000)
  object space 87552K, 97% used [0x00000000c0000000,0x00000000c53136d0,0x00000000c5580000)
 Metaspace       used 6088K, capacity 7152K, committed 7296K, reserved 1056768K
  class space    used 567K, capacity 616K, committed 640K, reserved 1048576K
Event: 12.917 GC heap after
Heap after GC invocations=9 (full 1):
 PSYoungGen      total 274432K, used 0K [0x00000000eab00000, 0x0000000100000000, 0x0000000100000000)
  eden space 234496K, 0% used [0x00000000eab00000,0x00000000eab00000,0x00000000f9000000)
  from space 39936K, 0% used [0x00000000fcf00000,0x00000000fcf00000,0x00000000ff600000)
  to   space 57344K, 0% used [0x00000000f9000000,0x00000000f9000000,0x00000000fc800000)
 ParOldGen       total 166912K, used 87071K [0x00000000c0000000, 0x00000000ca300000, 0x00000000eab00000)
  object space 166912K, 52% used [0x00000000c0000000,0x00000000c5507e98,0x00000000ca300000)
 Metaspace       used 6088K, capacity 7152K, committed 7296K, reserved 1056768K
  class space    used 567K, capacity 616K, committed 640K, reserved 1048576K
}

Deoptimization events (10 events):
Event: 10.581 Thread 0x00000000171a6800 Uncommon trap: reason=unstable_if action=reinterpret pc=0x00000000038c785c method=com.android.dx.cf.code.Merger.isPossiblyAssignableFrom(Lcom/android/dx/rop/type/TypeBearer;Lcom/android/dx/rop/type/TypeBearer;)Z @ 131
Event: 10.592 Thread 0x00000000171a5000 Uncommon trap: reason=class_check action=maybe_recompile pc=0x0000000003945c88 method=com.android.dx.ssa.back.InterferenceGraph.add(II)V @ 19
Event: 10.592 Thread 0x00000000171a5000 Uncommon trap: reason=class_check action=maybe_recompile pc=0x0000000003945c88 method=com.android.dx.ssa.back.InterferenceGraph.add(II)V @ 19
Event: 10.592 Thread 0x00000000171a5000 Uncommon trap: reason=class_check action=maybe_recompile pc=0x0000000003945c88 method=com.android.dx.ssa.back.InterferenceGraph.add(II)V @ 19
Event: 10.592 Thread 0x00000000171a5000 Uncommon trap: reason=class_check action=maybe_recompile pc=0x0000000003945c88 method=com.android.dx.ssa.back.InterferenceGraph.add(II)V @ 19
Event: 10.612 Thread 0x00000000171a5000 Uncommon trap: reason=class_check action=maybe_recompile pc=0x000000000381a534 method=com.android.dx.ssa.back.InterferenceGraph.mergeInterferenceSet(ILcom/android/dx/util/IntSet;)V @ 20
Event: 10.612 Thread 0x00000000171a5000 Uncommon trap: reason=class_check action=maybe_recompile pc=0x000000000381a534 method=com.android.dx.ssa.back.InterferenceGraph.mergeInterferenceSet(ILcom/android/dx/util/IntSet;)V @ 20
Event: 10.612 Thread 0x00000000171a5000 Uncommon trap: reason=class_check action=maybe_recompile pc=0x000000000381a534 method=com.android.dx.ssa.back.InterferenceGraph.mergeInterferenceSet(ILcom/android/dx/util/IntSet;)V @ 20
Event: 10.613 Thread 0x00000000171a5000 Uncommon trap: reason=class_check action=maybe_recompile pc=0x000000000381a534 method=com.android.dx.ssa.back.InterferenceGraph.mergeInterferenceSet(ILcom/android/dx/util/IntSet;)V @ 20
Event: 10.935 Thread 0x00000000171a6800 Uncommon trap: reason=class_check action=maybe_recompile pc=0x0000000003464be0 method=java.util.HashMap.putVal(ILjava/lang/Object;Ljava/lang/Object;ZZ)Ljava/lang/Object; @ 203

Internal exceptions (4 events):
Event: 0.108 Thread 0x0000000002f60800 Exception <a 'java/lang/NoSuchMethodError': Method sun.misc.Unsafe.defineClass(Ljava/lang/String;[BII)Ljava/lang/Class; name or signature does not match> (0x00000000eab07cc0) thrown at [C:\src\android\AOSP-openjdk\external\jetbrains\jdk\hotspot\src\share\vÖ∆^çª?
Event: 0.108 Thread 0x0000000002f60800 Exception <a 'java/lang/NoSuchMethodError': Method sun.misc.Unsafe.prefetchRead(Ljava/lang/Object;J)V name or signature does not match> (0x00000000eab07fa8) thrown at [C:\src\android\AOSP-openjdk\external\jetbrains\jdk\hotspot\src\share\vm\prims\jni.cpp, lë©1L¨@
Event: 5.418 Thread 0x00000000171a5000 Implicit null exception at 0x000000000366b75a to 0x000000000366b84f
Event: 5.741 Thread 0x00000000171b9000 Implicit null exception at 0x00000000033bc1ad to 0x00000000033bd5e9

Events (10 events):
Event: 10.995 Executing VM operation: ParallelGCFailedAllocation
Event: 12.917 Executing VM operation: ParallelGCFailedAllocation done
Event: 12.960 Thread 0x000000001704a800 DEOPT PACKING pc=0x000000000347494b sp=0x00000000176ee550
Event: 12.960 Thread 0x000000001704a800 DEOPT UNPACKING pc=0x00000000030a75bf sp=0x00000000176ee2c8 mode 0
Event: 12.984 Thread 0x00000000171a5000 DEOPT PACKING pc=0x000000000356abd4 sp=0x00000000178eeb40
Event: 12.984 Thread 0x00000000171a5000 DEOPT UNPACKING pc=0x00000000030a75bf sp=0x00000000178ee868 mode 0
Event: 12.984 Thread 0x00000000171a5000 DEOPT PACKING pc=0x000000000357122f sp=0x00000000178eeb50
Event: 12.984 Thread 0x00000000171a5000 DEOPT UNPACKING pc=0x00000000030a75bf sp=0x00000000178ee880 mode 0
Event: 13.100 Thread 0x00000000171a5000 Thread exited: 0x00000000171a5000
Event: 13.220 Thread 0x000000001704a800 Thread exited: 0x000000001704a800


Dynamic libraries:
0x00007ff7cb9f0000 - 0x00007ff7cba21000 	D:\android-studio\jre\bin\java.exe
0x00007ff920c10000 - 0x00007ff920de1000 	C:\WINDOWS\SYSTEM32\ntdll.dll
0x00007ff9205d0000 - 0x00007ff92067b000 	C:\WINDOWS\System32\KERNEL32.DLL
0x00007ff91cf50000 - 0x00007ff91d16d000 	C:\WINDOWS\System32\KERNELBASE.dll
0x00007ff91e010000 - 0x00007ff91e0b2000 	C:\WINDOWS\System32\ADVAPI32.dll
0x00007ff91e7e0000 - 0x00007ff91e87e000 	C:\WINDOWS\System32\msvcrt.dll
0x00007ff91e5f0000 - 0x00007ff91e649000 	C:\WINDOWS\System32\sechost.dll
0x00007ff920730000 - 0x00007ff920851000 	C:\WINDOWS\System32\RPCRT4.dll
0x00007ff920960000 - 0x00007ff920ac5000 	C:\WINDOWS\System32\USER32.dll
0x00007ff91dd30000 - 0x00007ff91dd4e000 	C:\WINDOWS\System32\win32u.dll
0x00007ff920680000 - 0x00007ff9206b4000 	C:\WINDOWS\System32\GDI32.dll
0x00007ff91de50000 - 0x00007ff91dfd2000 	C:\WINDOWS\System32\gdi32full.dll
0x00007ff916e20000 - 0x00007ff917099000 	C:\WINDOWS\WinSxS\amd64_microsoft.windows.common-controls_6595b64144ccf1df_6.0.14393.447_none_42191651c6827bb3\COMCTL32.dll
0x00007ff91e0c0000 - 0x00007ff91e387000 	C:\WINDOWS\System32\combase.dll
0x00007ff91dd50000 - 0x00007ff91de45000 	C:\WINDOWS\System32\ucrtbase.dll
0x00007ff91d170000 - 0x00007ff91d1da000 	C:\WINDOWS\System32\bcryptPrimitives.dll
0x00007ff91e650000 - 0x00007ff91e67e000 	C:\WINDOWS\System32\IMM32.DLL
0x000000005ac10000 - 0x000000005ace2000 	D:\android-studio\jre\jre\bin\msvcr100.dll
0x000000005a1c0000 - 0x000000005a9f4000 	D:\android-studio\jre\jre\bin\server\jvm.dll
0x00007ff91dd00000 - 0x00007ff91dd23000 	C:\WINDOWS\System32\WINMM.dll
0x00007ff91ce60000 - 0x00007ff91ce8b000 	C:\WINDOWS\System32\WINMMBASE.dll
0x00007ff91dc60000 - 0x00007ff91dca2000 	C:\WINDOWS\System32\cfgmgr32.dll
0x00007ff9205c0000 - 0x00007ff9205c8000 	C:\WINDOWS\System32\PSAPI.DLL
0x00007ff8f9890000 - 0x00007ff8f9899000 	C:\WINDOWS\SYSTEM32\WSOCK32.dll
0x00007ff91fe60000 - 0x00007ff91feca000 	C:\WINDOWS\System32\WS2_32.dll
0x00007ff919b80000 - 0x00007ff919b8a000 	C:\WINDOWS\SYSTEM32\VERSION.dll
0x00007ff91b350000 - 0x00007ff91b35f000 	D:\android-studio\jre\jre\bin\verify.dll
0x00007ff913180000 - 0x00007ff9131a9000 	D:\android-studio\jre\jre\bin\java.dll
0x00007ff918f90000 - 0x00007ff918fa6000 	D:\android-studio\jre\jre\bin\zip.dll
0x00007ff91e8e0000 - 0x00007ff91fde9000 	C:\WINDOWS\System32\SHELL32.dll
0x00007ff91d300000 - 0x00007ff91d9da000 	C:\WINDOWS\System32\windows.storage.dll
0x00007ff91dcb0000 - 0x00007ff91dcfc000 	C:\WINDOWS\System32\powrprof.dll
0x00007ff9206d0000 - 0x00007ff920722000 	C:\WINDOWS\System32\shlwapi.dll
0x00007ff91ce90000 - 0x00007ff91ce9f000 	C:\WINDOWS\System32\kernel.appcore.dll
0x00007ff91dbb0000 - 0x00007ff91dc59000 	C:\WINDOWS\System32\shcore.dll
0x00007ff91ce40000 - 0x00007ff91ce54000 	C:\WINDOWS\System32\profapi.dll

VM Arguments:
jvm_args: -Djava.awt.headless=true -Xmx1024M -Dfile.encoding=GBK -Duser.country=CN -Duser.language=zh -Duser.variant 
java_command: com.android.dx.command.Main --dex --force-jumbo --num-threads=4 --multi-dex --output E:\workspace\SmartCity\app\build\intermediates\transforms\dex\debug\folders\1000\5\slice_6 E:\workspace\SmartCity\app\build\intermediates\transforms\instantRunSlicer\debug\folders\1\5\slice_6
java_class_path (initial): D:\ADT-Bundle\sdk\build-tools\25.0.0\lib\dx.jar
Launcher Type: SUN_STANDARD

Environment Variables:
JAVA_HOME=C:\Program Files\Java\jdk1.8.0_111
CLASSPATH=C:\Program Files\Java\jdk1.8.0_111\lib\dt.jar;C:\Program Files\Java\jdk1.8.0_111\lib\tools.jar
PATH=C:\ProgramData\Oracle\Java\javapath;C:\Windows\system32;C:\Windows;C:\Windows\System32\Wbem;C:\Windows\System32\WindowsPowerShell\v1.0\;C:\Program Files (x86)\NVIDIA Corporation\PhysX\Common;%JAVA_HOME%\bin;%JAVA_HOME%\jre\bin;D:\ADT-Bundle\sdk\platform-tools;C:\Program Files (x86)\decomp;%GRADLE_HOME%\bin;C:\Program Files\Git\bin;C:\WINDOWS\system32;C:\WINDOWS;C:\WINDOWS\System32\Wbem;C:\WINDOWS\System32\WindowsPowerShell\v1.0\;C:\Users\AllenIverson\AppData\Local\Microsoft\WindowsApps;
USERNAME=AllenIverson
OS=Windows_NT
PROCESSOR_IDENTIFIER=Intel64 Family 6 Model 42 Stepping 7, GenuineIntel



---------------  S Y S T E M  ---------------

OS: Windows 10.0 , 64 bit Build 14393 (10.0.14393.0)

CPU:total 4 (2 cores per cpu, 2 threads per core) family 6 model 42 stepping 7, cmov, cx8, fxsr, mmx, sse, sse2, sse3, ssse3, sse4.1, sse4.2, popcnt, avx, aes, clmul, ht, tsc, tscinvbit

Memory: 4k page, physical 8364836k(1853208k free), swap 8364836k(5284k free)

vm_info: OpenJDK 64-Bit Server VM (25.76-b03) for windows-amd64 JRE (1.8.0_76-release-b03), built on Jun 29 2016 19:09:20 by "ralucas" with MS VC++ 10.0 (VS2010)

time: Fri Dec 16 12:24:23 2016
elapsed time: 13 seconds (0d 0h 0m 13s)

