#
# There is insufficient memory for the Java Runtime Environment to continue.
# Native memory allocation (malloc) failed to allocate 810896 bytes for Chunk::new
# Possible reasons:
#   The system is out of physical RAM or swap space
#   In 32 bit mode, the process size limit was hit
# Possible solutions:
#   Reduce memory load on the system
#   Increase physical memory or swap space
#   Check if swap backing store is full
#   Use 64 bit Java on a 64 bit OS
#   Decrease Java heap size (-Xmx/-Xms)
#   Decrease number of Java threads
#   Decrease Java thread stack sizes (-Xss)
#   Set larger code cache with -XX:ReservedCodeCacheSize=
# This output file may be truncated or incomplete.
#
#  Out of Memory Error (allocation.cpp:390), pid=2204, tid=0x0000000000004c8c
#
# JRE version: OpenJDK Runtime Environment (8.0_76-b03) (build 1.8.0_76-release-b03)
# Java VM: OpenJDK 64-Bit Server VM (25.76-b03 mixed mode windows-amd64 compressed oops)
# Failed to write core dump. Minidumps are not enabled by default on client versions of Windows
#

---------------  T H R E A D  ---------------

Current thread (0x000000001565d800):  JavaThread "C2 CompilerThread0" daemon [_thread_in_native, id=19596, stack(0x0000000016bc0000,0x0000000016cc0000)]

Stack: [0x0000000016bc0000,0x0000000016cc0000]
[error occurred during error reporting (printing stack bounds), id 0xc0000005]

Native frames: (J=compiled Java code, j=interpreted, Vv=VM code, C=native code)


Current CompileTask:
C2:   5164 1030   !   4       com.android.dx.cf.code.RopperMachine::run (1550 bytes)


---------------  P R O C E S S  ---------------

Java Threads: ( => current thread )
  0x0000000016f3a000 JavaThread "pool-2-thread-4" [_thread_in_vm, id=8428, stack(0x00000000178c0000,0x00000000179c0000)]
  0x0000000016f39000 JavaThread "pool-2-thread-3" [_thread_in_Java, id=6452, stack(0x00000000177c0000,0x00000000178c0000)]
  0x0000000016f36800 JavaThread "pool-2-thread-2" [_thread_in_Java, id=14284, stack(0x00000000176c0000,0x00000000177c0000)]
  0x0000000016e15000 JavaThread "pool-3-thread-1" [_thread_blocked, id=13680, stack(0x00000000175c0000,0x00000000176c0000)]
  0x0000000016e11000 JavaThread "pool-2-thread-1" [_thread_in_Java, id=17752, stack(0x00000000174c0000,0x00000000175c0000)]
  0x0000000016d19000 JavaThread "Service Thread" daemon [_thread_blocked, id=6276, stack(0x00000000172c0000,0x00000000173c0000)]
  0x0000000016d15800 JavaThread "C1 CompilerThread2" daemon [_thread_blocked, id=5032, stack(0x00000000171c0000,0x00000000172c0000)]
  0x0000000016d13000 JavaThread "C2 CompilerThread1" daemon [_thread_in_vm, id=18124, stack(0x00000000170c0000,0x00000000171c0000)]
=>0x000000001565d800 JavaThread "C2 CompilerThread0" daemon [_thread_in_native, id=19596, stack(0x0000000016bc0000,0x0000000016cc0000)]
  0x000000001565b800 JavaThread "Attach Listener" daemon [_thread_blocked, id=11416, stack(0x0000000016ac0000,0x0000000016bc0000)]
  0x0000000015611000 JavaThread "Signal Dispatcher" daemon [_thread_blocked, id=16204, stack(0x00000000169c0000,0x0000000016ac0000)]
  0x0000000002f24800 JavaThread "Finalizer" daemon [_thread_blocked, id=13392, stack(0x0000000016860000,0x0000000016960000)]
  0x0000000002f1f000 JavaThread "Reference Handler" daemon [_thread_blocked, id=11236, stack(0x0000000016760000,0x0000000016860000)]
  0x0000000002e30800 JavaThread "main" [_thread_in_Java, id=18244, stack(0x0000000002c30000,0x0000000002d30000)]

Other Threads:
  0x00000000155c6000 VMThread [stack: 0x0000000016660000,0x0000000016760000] [id=6128]
  0x0000000016d1b800 WatcherThread [stack: 0x00000000173c0000,0x00000000174c0000] [id=6832]

VM state:not at safepoint (normal execution)

VM Mutex/Monitor currently owned by a thread: None

Heap:
 PSYoungGen      total 38400K, used 21311K [0x00000000eab00000, 0x00000000ed580000, 0x0000000100000000)
  eden space 33280K, 48% used [0x00000000eab00000,0x00000000ebad6b60,0x00000000ecb80000)
  from space 5120K, 99% used [0x00000000ecb80000,0x00000000ed0792d8,0x00000000ed080000)
  to   space 5120K, 0% used [0x00000000ed080000,0x00000000ed080000,0x00000000ed580000)
 ParOldGen       total 87552K, used 6174K [0x00000000c0000000, 0x00000000c5580000, 0x00000000eab00000)
  object space 87552K, 7% used [0x00000000c0000000,0x00000000c0607818,0x00000000c5580000)
 Metaspace       used 5694K, capacity 6832K, committed 7040K, reserved 1056768K
  class space    used 558K, capacity 616K, committed 640K, reserved 1048576K

Card table byte_map: [0x00000000122f0000,0x0000000012500000] byte_map_base: 0x0000000011cf0000

Marking Bits: (ParMarkBitMap*) 0x000000005a979d00
 Begin Bits: [0x0000000012a60000, 0x0000000013a60000)
 End Bits:   [0x0000000013a60000, 0x0000000014a60000)

Polling page: 0x0000000000f00000

CodeCache: size=245760Kb used=4619Kb max_used=4629Kb free=241140Kb
 bounds [0x0000000002f30000, 0x00000000033c0000, 0x0000000011f30000]
 total_blobs=1371 nmethods=1108 adapters=177
 compilation: enabled

Compilation events (10 events):
Event: 5.108 Thread 0x0000000016d15800 1116       3       com.android.dx.rop.cst.CstInteger::make (47 bytes)
Event: 5.108 Thread 0x0000000016d15800 nmethod 1116 0x00000000033ae2d0 code [0x00000000033ae480, 0x00000000033aebb0]
Event: 5.112 Thread 0x0000000016d15800 1118       3       com.android.dx.rop.cst.CstBaseMethodRef::isInstanceInit (8 bytes)
Event: 5.113 Thread 0x0000000016d15800 nmethod 1118 0x00000000033aef50 code [0x00000000033af0c0, 0x00000000033af4e8]
Event: 5.148 Thread 0x0000000016d13000 nmethod 1070 0x00000000033b34d0 code [0x00000000033b4000, 0x00000000033b64c0]
Event: 5.149 Thread 0x0000000016d13000 1119 %     4       java.util.BitSet::cardinality @ 4 (32 bytes)
Event: 5.152 Thread 0x0000000016d15800 1120       3       com.android.dx.rop.code.RegisterSpecSet::intersect (117 bytes)
Event: 5.153 Thread 0x0000000016d13000 nmethod 1119% 0x00000000033b0350 code [0x00000000033b04a0, 0x00000000033b0638]
Event: 5.153 Thread 0x0000000016d13000 1094   !   4       com.android.dx.cf.code.Ropper::processBlock (1101 bytes)
Event: 5.153 Thread 0x0000000016d15800 nmethod 1120 0x00000000033b2290 code [0x00000000033b2480, 0x00000000033b2e78]

GC Heap History (2 events):
Event: 4.944 GC heap before
{Heap before GC invocations=1 (full 0):
 PSYoungGen      total 38400K, used 33280K [0x00000000eab00000, 0x00000000ed580000, 0x0000000100000000)
  eden space 33280K, 100% used [0x00000000eab00000,0x00000000ecb80000,0x00000000ecb80000)
  from space 5120K, 0% used [0x00000000ed080000,0x00000000ed080000,0x00000000ed580000)
  to   space 5120K, 0% used [0x00000000ecb80000,0x00000000ecb80000,0x00000000ed080000)
 ParOldGen       total 87552K, used 0K [0x00000000c0000000, 0x00000000c5580000, 0x00000000eab00000)
  object space 87552K, 0% used [0x00000000c0000000,0x00000000c0000000,0x00000000c5580000)
 Metaspace       used 5675K, capacity 6832K, committed 7040K, reserved 1056768K
  class space    used 558K, capacity 616K, committed 640K, reserved 1048576K
Event: 4.965 GC heap after
Heap after GC invocations=1 (full 0):
 PSYoungGen      total 38400K, used 5092K [0x00000000eab00000, 0x00000000ed580000, 0x0000000100000000)
  eden space 33280K, 0% used [0x00000000eab00000,0x00000000eab00000,0x00000000ecb80000)
  from space 5120K, 99% used [0x00000000ecb80000,0x00000000ed0792d8,0x00000000ed080000)
  to   space 5120K, 0% used [0x00000000ed080000,0x00000000ed080000,0x00000000ed580000)
 ParOldGen       total 87552K, used 6174K [0x00000000c0000000, 0x00000000c5580000, 0x00000000eab00000)
  object space 87552K, 7% used [0x00000000c0000000,0x00000000c0607818,0x00000000c5580000)
 Metaspace       used 5675K, capacity 6832K, committed 7040K, reserved 1056768K
  class space    used 558K, capacity 616K, committed 640K, reserved 1048576K
}

Deoptimization events (10 events):
Event: 3.472 Thread 0x0000000016e11000 Uncommon trap: reason=bimorphic action=maybe_recompile pc=0x00000000030cfe04 method=java.util.HashMap.getNode(ILjava/lang/Object;)Ljava/util/HashMap$Node; @ 59
Event: 3.472 Thread 0x0000000016e11000 Uncommon trap: reason=bimorphic action=maybe_recompile pc=0x00000000030c3480 method=java.util.HashMap.getNode(ILjava/lang/Object;)Ljava/util/HashMap$Node; @ 59
Event: 3.892 Thread 0x0000000002e30800 Uncommon trap: reason=unstable_if action=reinterpret pc=0x00000000030ee204 method=java.util.HashMap.getNode(ILjava/lang/Object;)Ljava/util/HashMap$Node; @ 62
Event: 4.155 Thread 0x0000000016f36800 Uncommon trap: reason=unstable_if action=reinterpret pc=0x00000000031720f0 method=java.util.BitSet.nextSetBit(I)I @ 87
Event: 4.182 Thread 0x0000000016f36800 Uncommon trap: reason=unstable_if action=reinterpret pc=0x00000000030ec410 method=java.util.HashMap.getNode(ILjava/lang/Object;)Ljava/util/HashMap$Node; @ 62
Event: 4.367 Thread 0x0000000016f36800 Uncommon trap: reason=class_check action=maybe_recompile pc=0x00000000032102d4 method=com.android.dx.ssa.NormalSsaInsn.accept(Lcom/android/dx/ssa/SsaInsn$Visitor;)V @ 9
Event: 4.367 Thread 0x0000000016f36800 Uncommon trap: reason=class_check action=maybe_recompile pc=0x00000000031e96c8 method=com.android.dx.ssa.NormalSsaInsn.accept(Lcom/android/dx/ssa/SsaInsn$Visitor;)V @ 9
Event: 4.372 Thread 0x0000000016f36800 Uncommon trap: reason=class_check action=maybe_recompile pc=0x00000000032102d4 method=com.android.dx.ssa.NormalSsaInsn.accept(Lcom/android/dx/ssa/SsaInsn$Visitor;)V @ 9
Event: 4.372 Thread 0x0000000016f36800 Uncommon trap: reason=class_check action=maybe_recompile pc=0x00000000031e96c8 method=com.android.dx.ssa.NormalSsaInsn.accept(Lcom/android/dx/ssa/SsaInsn$Visitor;)V @ 9
Event: 4.372 Thread 0x0000000016f36800 Uncommon trap: reason=class_check action=maybe_recompile pc=0x00000000032102d4 method=com.android.dx.ssa.NormalSsaInsn.accept(Lcom/android/dx/ssa/SsaInsn$Visitor;)V @ 9

Internal exceptions (2 events):
Event: 0.528 Thread 0x0000000002e30800 Exception <a 'java/lang/NoSuchMethodError': Method sun.misc.Unsafe.defineClass(Ljava/lang/String;[BII)Ljava/lang/Class; name or signature does not match> (0x00000000eab07cc0) thrown at [C:\src\android\AOSP-openjdk\external\jetbrains\jdk\hotspot\src\share\vT±”:O„‡?
Event: 0.528 Thread 0x0000000002e30800 Exception <a 'java/lang/NoSuchMethodError': Method sun.misc.Unsafe.prefetchRead(Ljava/lang/Object;J)V name or signature does not match> (0x00000000eab07fa8) thrown at [C:\src\android\AOSP-openjdk\external\jetbrains\jdk\hotspot\src\share\vm\prims\jni.cpp, l

Events (10 events):
Event: 4.372 Thread 0x0000000016f36800 DEOPT PACKING pc=0x00000000032102d4 sp=0x00000000177be690
Event: 4.372 Thread 0x0000000016f36800 DEOPT UNPACKING pc=0x0000000002f7556a sp=0x00000000177be680 mode 2
Event: 4.666 loading class com/android/dx/cf/code/BytecodeArray$ConstantParserVisitor
Event: 4.666 loading class com/android/dx/cf/code/BytecodeArray$ConstantParserVisitor done
Event: 4.677 Thread 0x0000000016f36800 DEOPT PACKING pc=0x000000000326c5fa sp=0x00000000177be690
Event: 4.677 Thread 0x0000000016f36800 DEOPT UNPACKING pc=0x0000000002f775bf sp=0x00000000177be3f8 mode 0
Event: 4.725 loading class com/android/dx/dex/file/MethodAnnotationStruct
Event: 4.725 loading class com/android/dx/dex/file/MethodAnnotationStruct done
Event: 4.944 Executing VM operation: ParallelGCFailedAllocation
Event: 4.965 Executing VM operation: ParallelGCFailedAllocation done


Dynamic libraries:
0x00007ff7cb9f0000 - 0x00007ff7cba21000 	D:\android-studio\jre\bin\java.exe
0x00007ff920c10000 - 0x00007ff920de1000 	C:\WINDOWS\SYSTEM32\ntdll.dll
0x00007ff9205d0000 - 0x00007ff92067b000 	C:\WINDOWS\System32\KERNEL32.DLL
0x00007ff91cf50000 - 0x00007ff91d16d000 	C:\WINDOWS\System32\KERNELBASE.dll
0x00007ff91e010000 - 0x00007ff91e0b2000 	C:\WINDOWS\System32\ADVAPI32.dll
0x00007ff91e7e0000 - 0x00007ff91e87e000 	C:\WINDOWS\System32\msvcrt.dll
0x00007ff91e5f0000 - 0x00007ff91e649000 	C:\WINDOWS\System32\sechost.dll
0x00007ff920730000 - 0x00007ff920851000 	C:\WINDOWS\System32\RPCRT4.dll
0x00007ff920960000 - 0x00007ff920ac5000 	C:\WINDOWS\System32\USER32.dll
0x00007ff91dd30000 - 0x00007ff91dd4e000 	C:\WINDOWS\System32\win32u.dll
0x00007ff920680000 - 0x00007ff9206b4000 	C:\WINDOWS\System32\GDI32.dll
0x00007ff91de50000 - 0x00007ff91dfd2000 	C:\WINDOWS\System32\gdi32full.dll
0x00007ff916e20000 - 0x00007ff917099000 	C:\WINDOWS\WinSxS\amd64_microsoft.windows.common-controls_6595b64144ccf1df_6.0.14393.447_none_42191651c6827bb3\COMCTL32.dll
0x00007ff91e0c0000 - 0x00007ff91e387000 	C:\WINDOWS\System32\combase.dll
0x00007ff91dd50000 - 0x00007ff91de45000 	C:\WINDOWS\System32\ucrtbase.dll
0x00007ff91d170000 - 0x00007ff91d1da000 	C:\WINDOWS\System32\bcryptPrimitives.dll
0x00007ff91e650000 - 0x00007ff91e67e000 	C:\WINDOWS\System32\IMM32.DLL
0x000000005ac10000 - 0x000000005ace2000 	D:\android-studio\jre\jre\bin\msvcr100.dll
0x000000005a1c0000 - 0x000000005a9f4000 	D:\android-studio\jre\jre\bin\server\jvm.dll
0x00007ff91dd00000 - 0x00007ff91dd23000 	C:\WINDOWS\System32\WINMM.dll
0x00007ff91ce60000 - 0x00007ff91ce8b000 	C:\WINDOWS\System32\WINMMBASE.dll
0x00007ff91dc60000 - 0x00007ff91dca2000 	C:\WINDOWS\System32\cfgmgr32.dll
0x00007ff9205c0000 - 0x00007ff9205c8000 	C:\WINDOWS\System32\PSAPI.DLL
0x00007ff8f9890000 - 0x00007ff8f9899000 	C:\WINDOWS\SYSTEM32\WSOCK32.dll
0x00007ff91fe60000 - 0x00007ff91feca000 	C:\WINDOWS\System32\WS2_32.dll
0x00007ff919b80000 - 0x00007ff919b8a000 	C:\WINDOWS\SYSTEM32\VERSION.dll
0x00007ff91b350000 - 0x00007ff91b35f000 	D:\android-studio\jre\jre\bin\verify.dll
0x00007ff913180000 - 0x00007ff9131a9000 	D:\android-studio\jre\jre\bin\java.dll
0x00007ff918f90000 - 0x00007ff918fa6000 	D:\android-studio\jre\jre\bin\zip.dll
0x00007ff91e8e0000 - 0x00007ff91fde9000 	C:\WINDOWS\System32\SHELL32.dll
0x00007ff91d300000 - 0x00007ff91d9da000 	C:\WINDOWS\System32\windows.storage.dll
0x00007ff91dcb0000 - 0x00007ff91dcfc000 	C:\WINDOWS\System32\powrprof.dll
0x00007ff9206d0000 - 0x00007ff920722000 	C:\WINDOWS\System32\shlwapi.dll
0x00007ff91ce90000 - 0x00007ff91ce9f000 	C:\WINDOWS\System32\kernel.appcore.dll
0x00007ff91dbb0000 - 0x00007ff91dc59000 	C:\WINDOWS\System32\shcore.dll
0x00007ff91ce40000 - 0x00007ff91ce54000 	C:\WINDOWS\System32\profapi.dll

VM Arguments:
jvm_args: -Djava.awt.headless=true -Xmx1024M -Dfile.encoding=GBK -Duser.country=CN -Duser.language=zh -Duser.variant 
java_command: com.android.dx.command.Main --dex --force-jumbo --num-threads=4 --multi-dex --output E:\workspace\SmartCity\app\build\intermediates\transforms\dex\debug\folders\1000\5\slice_8 E:\workspace\SmartCity\app\build\intermediates\transforms\instantRunSlicer\debug\folders\1\5\slice_8
java_class_path (initial): D:\ADT-Bundle\sdk\build-tools\25.0.0\lib\dx.jar
Launcher Type: SUN_STANDARD

Environment Variables:
JAVA_HOME=C:\Program Files\Java\jdk1.8.0_111
CLASSPATH=C:\Program Files\Java\jdk1.8.0_111\lib\dt.jar;C:\Program Files\Java\jdk1.8.0_111\lib\tools.jar
PATH=C:\ProgramData\Oracle\Java\javapath;C:\Windows\system32;C:\Windows;C:\Windows\System32\Wbem;C:\Windows\System32\WindowsPowerShell\v1.0\;C:\Program Files (x86)\NVIDIA Corporation\PhysX\Common;%JAVA_HOME%\bin;%JAVA_HOME%\jre\bin;D:\ADT-Bundle\sdk\platform-tools;C:\Program Files (x86)\decomp;%GRADLE_HOME%\bin;C:\Program Files\Git\bin;C:\WINDOWS\system32;C:\WINDOWS;C:\WINDOWS\System32\Wbem;C:\WINDOWS\System32\WindowsPowerShell\v1.0\;C:\Users\AllenIverson\AppData\Local\Microsoft\WindowsApps;
USERNAME=AllenIverson
OS=Windows_NT
PROCESSOR_IDENTIFIER=Intel64 Family 6 Model 42 Stepping 7, GenuineIntel



---------------  S Y S T E M  ---------------

OS: Windows 10.0 , 64 bit Build 14393 (10.0.14393.0)

CPU:total 4 (2 cores per cpu, 2 threads per core) family 6 model 42 stepping 7, cmov, cx8, fxsr, mmx, sse, sse2, sse3, ssse3, sse4.1, sse4.2, popcnt, avx, aes, clmul, ht, tsc, tscinvbit

Memory: 4k page, physical 8364836k(1785684k free), swap 8364836k(5840k free)

vm_info: OpenJDK 64-Bit Server VM (25.76-b03) for windows-amd64 JRE (1.8.0_76-release-b03), built on Jun 29 2016 19:09:20 by "ralucas" with MS VC++ 10.0 (VS2010)

time: Fri Dec 16 12:28:46 2016
elapsed time: 5 seconds (0d 0h 0m 5s)

