#
# There is insufficient memory for the Java Runtime Environment to continue.
# Native memory allocation (malloc) failed to allocate 882016 bytes for Chunk::new
# Possible reasons:
#   The system is out of physical RAM or swap space
#   In 32 bit mode, the process size limit was hit
# Possible solutions:
#   Reduce memory load on the system
#   Increase physical memory or swap space
#   Check if swap backing store is full
#   Use 64 bit Java on a 64 bit OS
#   Decrease Java heap size (-Xmx/-Xms)
#   Decrease number of Java threads
#   Decrease Java thread stack sizes (-Xss)
#   Set larger code cache with -XX:ReservedCodeCacheSize=
# This output file may be truncated or incomplete.
#
#  Out of Memory Error (allocation.cpp:390), pid=14852, tid=0x0000000000000c50
#
# JRE version: OpenJDK Runtime Environment (8.0_76-b03) (build 1.8.0_76-release-b03)
# Java VM: OpenJDK 64-Bit Server VM (25.76-b03 mixed mode windows-amd64 compressed oops)
# Failed to write core dump. Minidumps are not enabled by default on client versions of Windows
#

---------------  T H R E A D  ---------------

Current thread (0x0000000015af7800):  JavaThread "C2 CompilerThread0" daemon [_thread_in_native, id=3152, stack(0x0000000017050000,0x0000000017150000)]

Stack: [0x0000000017050000,0x0000000017150000]
[error occurred during error reporting (printing stack bounds), id 0xc0000005]

Native frames: (J=compiled Java code, j=interpreted, Vv=VM code, C=native code)


Current CompileTask:
C2:   6349 1522   !   4       com.android.dx.cf.code.BytecodeArray::parseInstruction (2764 bytes)


---------------  P R O C E S S  ---------------

Java Threads: ( => current thread )
  0x00000000173d9000 JavaThread "pool-2-thread-4" [_thread_in_Java, id=14468, stack(0x0000000017d50000,0x0000000017e50000)]
  0x00000000172cc800 JavaThread "pool-2-thread-3" [_thread_in_Java, id=17796, stack(0x0000000017c50000,0x0000000017d50000)]
  0x00000000172e1000 JavaThread "pool-2-thread-2" [_thread_in_Java, id=18628, stack(0x0000000017b50000,0x0000000017c50000)]
  0x00000000172c2000 JavaThread "pool-3-thread-1" [_thread_blocked, id=5884, stack(0x0000000017a50000,0x0000000017b50000)]
  0x00000000172bf800 JavaThread "pool-2-thread-1" [_thread_in_Java, id=10848, stack(0x0000000017950000,0x0000000017a50000)]
  0x00000000171ad800 JavaThread "Service Thread" daemon [_thread_blocked, id=14968, stack(0x0000000017750000,0x0000000017850000)]
  0x00000000171a8000 JavaThread "C1 CompilerThread2" daemon [_thread_blocked, id=3768, stack(0x0000000017650000,0x0000000017750000)]
  0x000000001719d800 JavaThread "C2 CompilerThread1" daemon [_thread_in_native, id=3320, stack(0x0000000017550000,0x0000000017650000)]
=>0x0000000015af7800 JavaThread "C2 CompilerThread0" daemon [_thread_in_native, id=3152, stack(0x0000000017050000,0x0000000017150000)]
  0x0000000015aab000 JavaThread "Attach Listener" daemon [_thread_blocked, id=9036, stack(0x0000000016f50000,0x0000000017050000)]
  0x0000000015aaa000 JavaThread "Signal Dispatcher" daemon [_thread_blocked, id=6952, stack(0x0000000016e50000,0x0000000016f50000)]
  0x0000000015a88000 JavaThread "Finalizer" daemon [_thread_blocked, id=896, stack(0x0000000016cf0000,0x0000000016df0000)]
  0x000000000339f000 JavaThread "Reference Handler" daemon [_thread_blocked, id=10120, stack(0x0000000016bf0000,0x0000000016cf0000)]
  0x00000000032b0800 JavaThread "main" [_thread_blocked, id=17748, stack(0x0000000003170000,0x0000000003270000)]

Other Threads:
  0x0000000015a65800 VMThread [stack: 0x0000000016af0000,0x0000000016bf0000] [id=10172]
  0x00000000171af800 WatcherThread [stack: 0x0000000017850000,0x0000000017950000] [id=17284]

VM state:not at safepoint (normal execution)

VM Mutex/Monitor currently owned by a thread: None

Heap:
 PSYoungGen      total 38400K, used 25969K [0x00000000eab00000, 0x00000000ed580000, 0x0000000100000000)
  eden space 33280K, 62% used [0x00000000eab00000,0x00000000ebf627c8,0x00000000ecb80000)
  from space 5120K, 99% used [0x00000000ed080000,0x00000000ed579ed8,0x00000000ed580000)
  to   space 5120K, 0% used [0x00000000ecb80000,0x00000000ecb80000,0x00000000ed080000)
 ParOldGen       total 87552K, used 7320K [0x00000000c0000000, 0x00000000c5580000, 0x00000000eab00000)
  object space 87552K, 8% used [0x00000000c0000000,0x00000000c0726190,0x00000000c5580000)
 Metaspace       used 5964K, capacity 7088K, committed 7296K, reserved 1056768K
  class space    used 560K, capacity 616K, committed 640K, reserved 1048576K

Card table byte_map: [0x0000000012770000,0x0000000012980000] byte_map_base: 0x0000000012170000

Marking Bits: (ParMarkBitMap*) 0x000000005a979d00
 Begin Bits: [0x0000000012ee0000, 0x0000000013ee0000)
 End Bits:   [0x0000000013ee0000, 0x0000000014ee0000)

Polling page: 0x00000000014d0000

CodeCache: size=245760Kb used=7039Kb max_used=7061Kb free=238720Kb
 bounds [0x00000000033b0000, 0x0000000003aa0000, 0x00000000123b0000]
 total_blobs=1836 nmethods=1573 adapters=177
 compilation: enabled

Compilation events (10 events):
Event: 6.041 Thread 0x00000000171a8000 1592   !   2       com.android.dx.cf.attrib.BaseLocalVariables::<init> (42 bytes)
Event: 6.042 Thread 0x00000000171a8000 nmethod 1592 0x0000000003a86990 code [0x0000000003a86b20, 0x0000000003a86ee8]
Event: 6.042 Thread 0x00000000171a8000 1593       2       java.io.DataInputStream::<init> (30 bytes)
Event: 6.042 Thread 0x00000000171a8000 nmethod 1593 0x0000000003a87190 code [0x0000000003a87300, 0x0000000003a87630]
Event: 6.179 Thread 0x000000001719d800 nmethod 1523 0x0000000003a8e290 code [0x0000000003a8e940, 0x0000000003a94600]
Event: 6.180 Thread 0x000000001719d800 1555       4       com.android.dx.rop.type.Type::equals (31 bytes)
Event: 6.181 Thread 0x000000001719d800 nmethod 1555 0x0000000003a8b190 code [0x0000000003a8b2e0, 0x0000000003a8b458]
Event: 6.181 Thread 0x000000001719d800 1554       4       java.util.HashMap::resize (359 bytes)
Event: 6.194 Thread 0x000000001719d800 nmethod 1554 0x0000000003a8c710 code [0x0000000003a8c8a0, 0x0000000003a8cdf8]
Event: 6.194 Thread 0x000000001719d800 1524       4       com.android.dx.cf.code.ValueAwareMachine::run (1142 bytes)

GC Heap History (4 events):
Event: 2.679 GC heap before
{Heap before GC invocations=1 (full 0):
 PSYoungGen      total 38400K, used 33280K [0x00000000eab00000, 0x00000000ed580000, 0x0000000100000000)
  eden space 33280K, 100% used [0x00000000eab00000,0x00000000ecb80000,0x00000000ecb80000)
  from space 5120K, 0% used [0x00000000ed080000,0x00000000ed080000,0x00000000ed580000)
  to   space 5120K, 0% used [0x00000000ecb80000,0x00000000ecb80000,0x00000000ed080000)
 ParOldGen       total 87552K, used 0K [0x00000000c0000000, 0x00000000c5580000, 0x00000000eab00000)
  object space 87552K, 0% used [0x00000000c0000000,0x00000000c0000000,0x00000000c5580000)
 Metaspace       used 5762K, capacity 6896K, committed 7040K, reserved 1056768K
  class space    used 557K, capacity 616K, committed 640K, reserved 1048576K
Event: 2.988 GC heap after
Heap after GC invocations=1 (full 0):
 PSYoungGen      total 38400K, used 5113K [0x00000000eab00000, 0x00000000ed580000, 0x0000000100000000)
  eden space 33280K, 0% used [0x00000000eab00000,0x00000000eab00000,0x00000000ecb80000)
  from space 5120K, 99% used [0x00000000ecb80000,0x00000000ed07e410,0x00000000ed080000)
  to   space 5120K, 0% used [0x00000000ed080000,0x00000000ed080000,0x00000000ed580000)
 ParOldGen       total 87552K, used 2288K [0x00000000c0000000, 0x00000000c5580000, 0x00000000eab00000)
  object space 87552K, 2% used [0x00000000c0000000,0x00000000c023c240,0x00000000c5580000)
 Metaspace       used 5762K, capacity 6896K, committed 7040K, reserved 1056768K
  class space    used 557K, capacity 616K, committed 640K, reserved 1048576K
}
Event: 5.455 GC heap before
{Heap before GC invocations=2 (full 0):
 PSYoungGen      total 38400K, used 38393K [0x00000000eab00000, 0x00000000ed580000, 0x0000000100000000)
  eden space 33280K, 100% used [0x00000000eab00000,0x00000000ecb80000,0x00000000ecb80000)
  from space 5120K, 99% used [0x00000000ecb80000,0x00000000ed07e410,0x00000000ed080000)
  to   space 5120K, 0% used [0x00000000ed080000,0x00000000ed080000,0x00000000ed580000)
 ParOldGen       total 87552K, used 2288K [0x00000000c0000000, 0x00000000c5580000, 0x00000000eab00000)
  object space 87552K, 2% used [0x00000000c0000000,0x00000000c023c240,0x00000000c5580000)
 Metaspace       used 5933K, capacity 7024K, committed 7296K, reserved 1056768K
  class space    used 559K, capacity 616K, committed 640K, reserved 1048576K
Event: 5.799 GC heap after
Heap after GC invocations=2 (full 0):
 PSYoungGen      total 38400K, used 5095K [0x00000000eab00000, 0x00000000ed580000, 0x0000000100000000)
  eden space 33280K, 0% used [0x00000000eab00000,0x00000000eab00000,0x00000000ecb80000)
  from space 5120K, 99% used [0x00000000ed080000,0x00000000ed579ed8,0x00000000ed580000)
  to   space 5120K, 0% used [0x00000000ecb80000,0x00000000ecb80000,0x00000000ed080000)
 ParOldGen       total 87552K, used 7320K [0x00000000c0000000, 0x00000000c5580000, 0x00000000eab00000)
  object space 87552K, 8% used [0x00000000c0000000,0x00000000c0726190,0x00000000c5580000)
 Metaspace       used 5933K, capacity 7024K, committed 7296K, reserved 1056768K
  class space    used 559K, capacity 616K, committed 640K, reserved 1048576K
}

Deoptimization events (10 events):
Event: 3.524 Thread 0x00000000172bf800 Uncommon trap: reason=unstable_if action=reinterpret pc=0x0000000003990200 method=com.android.dx.ssa.LocalVariableExtractor.processBlock(I)V @ 77
Event: 3.540 Thread 0x00000000172bf800 Uncommon trap: reason=null_check action=make_not_entrant pc=0x000000000399cc60 method=com.android.dx.ssa.SsaRenamer.getLocalForNewReg(I)Lcom/android/dx/rop/code/LocalItem; @ 19
Event: 4.936 Thread 0x00000000172e1000 Uncommon trap: reason=bimorphic action=maybe_recompile pc=0x0000000003a16d00 method=com.android.dx.cf.code.BytecodeArray.parseInstruction(ILcom/android/dx/cf/code/BytecodeArray$Visitor;)I @ 1501
Event: 5.003 Thread 0x00000000172e1000 Uncommon trap: reason=bimorphic action=maybe_recompile pc=0x0000000003a16d00 method=com.android.dx.cf.code.BytecodeArray.parseInstruction(ILcom/android/dx/cf/code/BytecodeArray$Visitor;)I @ 1501
Event: 5.004 Thread 0x00000000172e1000 Uncommon trap: reason=bimorphic action=maybe_recompile pc=0x0000000003a16d00 method=com.android.dx.cf.code.BytecodeArray.parseInstruction(ILcom/android/dx/cf/code/BytecodeArray$Visitor;)I @ 1501
Event: 5.006 Thread 0x00000000172e1000 Uncommon trap: reason=bimorphic action=maybe_recompile pc=0x0000000003a16d00 method=com.android.dx.cf.code.BytecodeArray.parseInstruction(ILcom/android/dx/cf/code/BytecodeArray$Visitor;)I @ 1501
Event: 5.869 Thread 0x00000000172bf800 Uncommon trap: reason=bimorphic action=maybe_recompile pc=0x0000000003811df0 method=java.util.HashMap.putVal(ILjava/lang/Object;Ljava/lang/Object;ZZ)Ljava/lang/Object; @ 91
Event: 5.869 Thread 0x00000000172bf800 Uncommon trap: reason=bimorphic action=maybe_recompile pc=0x0000000003811df0 method=java.util.HashMap.putVal(ILjava/lang/Object;Ljava/lang/Object;ZZ)Ljava/lang/Object; @ 91
Event: 5.894 Thread 0x00000000173d9000 Uncommon trap: reason=null_check action=make_not_entrant pc=0x0000000003901ea0 method=com.android.dx.rop.type.Type.equals(Ljava/lang/Object;)Z @ 8
Event: 5.902 Thread 0x00000000173d9000 Uncommon trap: reason=unstable_if action=reinterpret pc=0x000000000386abbc method=com.android.dx.ssa.SCCP.simulateStmt(Lcom/android/dx/ssa/SsaInsn;)V @ 53

Internal exceptions (4 events):
Event: 0.048 Thread 0x00000000032b0800 Exception <a 'java/lang/NoSuchMethodError': Method sun.misc.Unsafe.defineClass(Ljava/lang/String;[BII)Ljava/lang/Class; name or signature does not match> (0x00000000eab07cc0) thrown at [C:\src\android\AOSP-openjdk\external\jetbrains\jdk\hotspot\src\share\v‘¨9Òü®?
Event: 0.048 Thread 0x00000000032b0800 Exception <a 'java/lang/NoSuchMethodError': Method sun.misc.Unsafe.prefetchRead(Ljava/lang/Object;J)V name or signature does not match> (0x00000000eab07fa8) thrown at [C:\src\android\AOSP-openjdk\external\jetbrains\jdk\hotspot\src\share\vm\prims\jni.cpp, lŸn‚JQ@
Event: 3.540 Thread 0x00000000172bf800 Implicit null exception at 0x000000000399b47e to 0x000000000399cc25
Event: 5.894 Thread 0x00000000173d9000 Implicit null exception at 0x0000000003901da2 to 0x0000000003901e92

Events (10 events):
Event: 5.894 Thread 0x00000000173d9000 DEOPT UNPACKING pc=0x00000000033f556a sp=0x0000000017e4e048 mode 2
Event: 5.902 Thread 0x00000000173d9000 Uncommon trap: trap_request=0xffffff65 fr.pc=0x000000000386abbc
Event: 5.902 Thread 0x00000000173d9000 DEOPT PACKING pc=0x000000000386abbc sp=0x0000000017e4e4f0
Event: 5.902 Thread 0x00000000173d9000 DEOPT UNPACKING pc=0x00000000033f556a sp=0x0000000017e4e4b8 mode 2
Event: 5.948 Thread 0x00000000172cc800 DEOPT PACKING pc=0x00000000037dffb5 sp=0x0000000017d4e9d0
Event: 5.948 Thread 0x00000000172cc800 DEOPT UNPACKING pc=0x00000000033f75bf sp=0x0000000017d4e6b0 mode 0
Event: 6.042 loading class java/util/HashMap$KeySet
Event: 6.042 loading class java/util/HashMap$KeySet done
Event: 6.044 loading class java/util/HashMap$KeyIterator
Event: 6.044 loading class java/util/HashMap$KeyIterator done


Dynamic libraries:
0x00007ff6a7d30000 - 0x00007ff6a7d61000 	D:\android-studio\jre\bin\java.exe
0x00007ff920c10000 - 0x00007ff920de1000 	C:\WINDOWS\SYSTEM32\ntdll.dll
0x00007ff9205d0000 - 0x00007ff92067b000 	C:\WINDOWS\System32\KERNEL32.DLL
0x00007ff91cf50000 - 0x00007ff91d16d000 	C:\WINDOWS\System32\KERNELBASE.dll
0x00007ff91e010000 - 0x00007ff91e0b2000 	C:\WINDOWS\System32\ADVAPI32.dll
0x00007ff91e7e0000 - 0x00007ff91e87e000 	C:\WINDOWS\System32\msvcrt.dll
0x00007ff91e5f0000 - 0x00007ff91e649000 	C:\WINDOWS\System32\sechost.dll
0x00007ff920730000 - 0x00007ff920851000 	C:\WINDOWS\System32\RPCRT4.dll
0x00007ff920960000 - 0x00007ff920ac5000 	C:\WINDOWS\System32\USER32.dll
0x00007ff91dd30000 - 0x00007ff91dd4e000 	C:\WINDOWS\System32\win32u.dll
0x00007ff920680000 - 0x00007ff9206b4000 	C:\WINDOWS\System32\GDI32.dll
0x00007ff91de50000 - 0x00007ff91dfd2000 	C:\WINDOWS\System32\gdi32full.dll
0x00007ff916e20000 - 0x00007ff917099000 	C:\WINDOWS\WinSxS\amd64_microsoft.windows.common-controls_6595b64144ccf1df_6.0.14393.447_none_42191651c6827bb3\COMCTL32.dll
0x00007ff91e0c0000 - 0x00007ff91e387000 	C:\WINDOWS\System32\combase.dll
0x00007ff91dd50000 - 0x00007ff91de45000 	C:\WINDOWS\System32\ucrtbase.dll
0x00007ff91d170000 - 0x00007ff91d1da000 	C:\WINDOWS\System32\bcryptPrimitives.dll
0x00007ff91e650000 - 0x00007ff91e67e000 	C:\WINDOWS\System32\IMM32.DLL
0x000000005ac10000 - 0x000000005ace2000 	D:\android-studio\jre\jre\bin\msvcr100.dll
0x000000005a1c0000 - 0x000000005a9f4000 	D:\android-studio\jre\jre\bin\server\jvm.dll
0x00007ff91dd00000 - 0x00007ff91dd23000 	C:\WINDOWS\System32\WINMM.dll
0x00007ff91ce60000 - 0x00007ff91ce8b000 	C:\WINDOWS\System32\WINMMBASE.dll
0x00007ff91dc60000 - 0x00007ff91dca2000 	C:\WINDOWS\System32\cfgmgr32.dll
0x00007ff9205c0000 - 0x00007ff9205c8000 	C:\WINDOWS\System32\PSAPI.DLL
0x00007ff919b80000 - 0x00007ff919b8a000 	C:\WINDOWS\SYSTEM32\VERSION.dll
0x00007ff8f9890000 - 0x00007ff8f9899000 	C:\WINDOWS\SYSTEM32\WSOCK32.dll
0x00007ff91fe60000 - 0x00007ff91feca000 	C:\WINDOWS\System32\WS2_32.dll
0x00007ff91b350000 - 0x00007ff91b35f000 	D:\android-studio\jre\jre\bin\verify.dll
0x00007ff9120e0000 - 0x00007ff912109000 	D:\android-studio\jre\jre\bin\java.dll
0x00007ff918f90000 - 0x00007ff918fa6000 	D:\android-studio\jre\jre\bin\zip.dll
0x00007ff91e8e0000 - 0x00007ff91fde9000 	C:\WINDOWS\System32\SHELL32.dll
0x00007ff91d300000 - 0x00007ff91d9da000 	C:\WINDOWS\System32\windows.storage.dll
0x00007ff91dcb0000 - 0x00007ff91dcfc000 	C:\WINDOWS\System32\powrprof.dll
0x00007ff9206d0000 - 0x00007ff920722000 	C:\WINDOWS\System32\shlwapi.dll
0x00007ff91ce90000 - 0x00007ff91ce9f000 	C:\WINDOWS\System32\kernel.appcore.dll
0x00007ff91dbb0000 - 0x00007ff91dc59000 	C:\WINDOWS\System32\shcore.dll
0x00007ff91ce40000 - 0x00007ff91ce54000 	C:\WINDOWS\System32\profapi.dll

VM Arguments:
jvm_args: -Djava.awt.headless=true -Xmx1024M -Dfile.encoding=GBK -Duser.country=CN -Duser.language=zh -Duser.variant 
java_command: com.android.dx.command.Main --dex --force-jumbo --num-threads=4 --multi-dex --output E:\workspace\SmartCity\app\build\intermediates\transforms\dex\debug\folders\1000\5\slice_4 E:\workspace\SmartCity\app\build\intermediates\transforms\instantRunSlicer\debug\folders\1\5\slice_4
java_class_path (initial): D:\ADT-Bundle\sdk\build-tools\25.0.0\lib\dx.jar
Launcher Type: SUN_STANDARD

Environment Variables:
JAVA_HOME=C:\Program Files\Java\jdk1.8.0_111
CLASSPATH=C:\Program Files\Java\jdk1.8.0_111\lib\dt.jar;C:\Program Files\Java\jdk1.8.0_111\lib\tools.jar
PATH=C:\ProgramData\Oracle\Java\javapath;C:\Windows\system32;C:\Windows;C:\Windows\System32\Wbem;C:\Windows\System32\WindowsPowerShell\v1.0\;C:\Program Files (x86)\NVIDIA Corporation\PhysX\Common;%JAVA_HOME%\bin;%JAVA_HOME%\jre\bin;D:\ADT-Bundle\sdk\platform-tools;C:\Program Files (x86)\decomp;%GRADLE_HOME%\bin;C:\Program Files\Git\bin;C:\WINDOWS\system32;C:\WINDOWS;C:\WINDOWS\System32\Wbem;C:\WINDOWS\System32\WindowsPowerShell\v1.0\;C:\Users\AllenIverson\AppData\Local\Microsoft\WindowsApps;
USERNAME=AllenIverson
OS=Windows_NT
PROCESSOR_IDENTIFIER=Intel64 Family 6 Model 42 Stepping 7, GenuineIntel



---------------  S Y S T E M  ---------------

OS: Windows 10.0 , 64 bit Build 14393 (10.0.14393.0)

CPU:total 4 (2 cores per cpu, 2 threads per core) family 6 model 42 stepping 7, cmov, cx8, fxsr, mmx, sse, sse2, sse3, ssse3, sse4.1, sse4.2, popcnt, avx, aes, clmul, ht, tsc, tscinvbit

Memory: 4k page, physical 8364836k(1149500k free), swap 8364836k(5452k free)

vm_info: OpenJDK 64-Bit Server VM (25.76-b03) for windows-amd64 JRE (1.8.0_76-release-b03), built on Jun 29 2016 19:09:20 by "ralucas" with MS VC++ 10.0 (VS2010)

time: Tue Dec 13 23:59:07 2016
elapsed time: 6 seconds (0d 0h 0m 6s)

