#
# There is insufficient memory for the Java Runtime Environment to continue.
# Native memory allocation (malloc) failed to allocate 32744 bytes for ChunkPool::allocate
# Possible reasons:
#   The system is out of physical RAM or swap space
#   In 32 bit mode, the process size limit was hit
# Possible solutions:
#   Reduce memory load on the system
#   Increase physical memory or swap space
#   Check if swap backing store is full
#   Use 64 bit Java on a 64 bit OS
#   Decrease Java heap size (-Xmx/-Xms)
#   Decrease number of Java threads
#   Decrease Java thread stack sizes (-Xss)
#   Set larger code cache with -XX:ReservedCodeCacheSize=
# This output file may be truncated or incomplete.
#
#  Out of Memory Error (allocation.cpp:273), pid=17260, tid=0x00000000000037e0
#
# JRE version: OpenJDK Runtime Environment (8.0_76-b03) (build 1.8.0_76-release-b03)
# Java VM: OpenJDK 64-Bit Server VM (25.76-b03 mixed mode windows-amd64 compressed oops)
# Failed to write core dump. Minidumps are not enabled by default on client versions of Windows
#

---------------  T H R E A D  ---------------

Current thread (0x000000001590c000):  JavaThread "C2 CompilerThread0" daemon [_thread_in_native, id=14304, stack(0x0000000016e00000,0x0000000016f00000)]

Stack: [0x0000000016e00000,0x0000000016f00000]
[error occurred during error reporting (printing stack bounds), id 0xc0000005]

Native frames: (J=compiled Java code, j=interpreted, Vv=VM code, C=native code)


Current CompileTask:
C2:   1037  615       4       java.util.HashMap::getNode (148 bytes)


---------------  P R O C E S S  ---------------

Java Threads: ( => current thread )
  0x00000000172c5800 JavaThread "pool-2-thread-4" [_thread_in_Java, id=11632, stack(0x0000000017b00000,0x0000000017c00000)]
  0x00000000172bc000 JavaThread "pool-2-thread-3" [_thread_in_Java, id=17528, stack(0x0000000017a00000,0x0000000017b00000)]
  0x00000000172bb800 JavaThread "pool-2-thread-2" [_thread_in_Java, id=19620, stack(0x0000000017900000,0x0000000017a00000)]
  0x00000000172b7000 JavaThread "pool-3-thread-1" [_thread_blocked, id=18460, stack(0x0000000017800000,0x0000000017900000)]
  0x00000000172b6000 JavaThread "pool-2-thread-1" [_thread_in_native, id=9728, stack(0x0000000017700000,0x0000000017800000)]
  0x000000001707e000 JavaThread "Service Thread" daemon [_thread_blocked, id=16340, stack(0x0000000017500000,0x0000000017600000)]
  0x0000000017003000 JavaThread "C1 CompilerThread2" daemon [_thread_in_native, id=19408, stack(0x0000000017400000,0x0000000017500000)]
  0x00000000031db000 JavaThread "C2 CompilerThread1" daemon [_thread_in_native, id=18920, stack(0x0000000016f00000,0x0000000017000000)]
=>0x000000001590c000 JavaThread "C2 CompilerThread0" daemon [_thread_in_native, id=14304, stack(0x0000000016e00000,0x0000000016f00000)]
  0x00000000158c1000 JavaThread "Attach Listener" daemon [_thread_blocked, id=11280, stack(0x0000000016d00000,0x0000000016e00000)]
  0x00000000158c0000 JavaThread "Signal Dispatcher" daemon [_thread_blocked, id=2912, stack(0x0000000016c00000,0x0000000016d00000)]
  0x0000000015898000 JavaThread "Finalizer" daemon [_thread_blocked, id=3080, stack(0x0000000016b00000,0x0000000016c00000)]
  0x0000000015877000 JavaThread "Reference Handler" daemon [_thread_blocked, id=10288, stack(0x0000000016a00000,0x0000000016b00000)]
  0x00000000030e0800 JavaThread "main" [_thread_in_Java, id=19536, stack(0x0000000002fe0000,0x00000000030e0000)]

Other Threads:
  0x0000000015875800 VMThread [stack: 0x0000000016900000,0x0000000016a00000] [id=12192]
  0x000000001707f800 WatcherThread [stack: 0x0000000017600000,0x0000000017700000] [id=20128]

VM state:not at safepoint (normal execution)

VM Mutex/Monitor currently owned by a thread: None

Heap:
 PSYoungGen      total 38400K, used 15997K [0x00000000eab00000, 0x00000000ed580000, 0x0000000100000000)
  eden space 33280K, 48% used [0x00000000eab00000,0x00000000eba9f460,0x00000000ecb80000)
  from space 5120K, 0% used [0x00000000ed080000,0x00000000ed080000,0x00000000ed580000)
  to   space 5120K, 0% used [0x00000000ecb80000,0x00000000ecb80000,0x00000000ed080000)
 ParOldGen       total 87552K, used 0K [0x00000000c0000000, 0x00000000c5580000, 0x00000000eab00000)
  object space 87552K, 0% used [0x00000000c0000000,0x00000000c0000000,0x00000000c5580000)
 Metaspace       used 5583K, capacity 6576K, committed 6784K, reserved 1056768K
  class space    used 572K, capacity 616K, committed 640K, reserved 1048576K

Card table byte_map: [0x00000000125a0000,0x00000000127b0000] byte_map_base: 0x0000000011fa0000

Marking Bits: (ParMarkBitMap*) 0x000000005a979d00
 Begin Bits: [0x0000000012d10000, 0x0000000013d10000)
 End Bits:   [0x0000000013d10000, 0x0000000014d10000)

Polling page: 0x0000000001330000

CodeCache: size=245760Kb used=2390Kb max_used=2406Kb free=243369Kb
 bounds [0x00000000031e0000, 0x0000000003450000, 0x00000000121e0000]
 total_blobs=865 nmethods=595 adapters=184
 compilation: enabled

Compilation events (10 events):
Event: 1.023 Thread 0x00000000031db000  610       4       com.android.dx.ssa.NormalSsaInsn::accept (25 bytes)
Event: 1.024 Thread 0x000000001590c000  613       4       java.util.BitSet::get (69 bytes)
Event: 1.025 Thread 0x00000000031db000 nmethod 610 0x0000000003432b90 code [0x0000000003432ce0, 0x0000000003432de8]
Event: 1.025 Thread 0x00000000031db000  614       4       com.android.dx.rop.code.BasicBlockList::get (9 bytes)
Event: 1.025 Thread 0x000000001590c000 nmethod 613 0x00000000034328d0 code [0x0000000003432a00, 0x0000000003432ad8]
Event: 1.026 Thread 0x000000001590c000  615       4       java.util.HashMap::getNode (148 bytes)
Event: 1.026 Thread 0x00000000031db000 nmethod 614 0x0000000003432550 code [0x00000000034326a0, 0x0000000003432778]
Event: 1.027 Thread 0x00000000031db000  616       4       com.android.dx.util.IntList::growIfNeeded (46 bytes)
Event: 1.031 Thread 0x00000000031db000 nmethod 616 0x00000000034393d0 code [0x0000000003439520, 0x0000000003439778]
Event: 1.031 Thread 0x00000000031db000  617       4       com.android.dx.util.IntList::add (65 bytes)

GC Heap History (0 events):
No events

Deoptimization events (2 events):
Event: 0.559 Thread 0x00000000030e0800 Uncommon trap: reason=unstable_if action=reinterpret pc=0x0000000003327e18 method=java.lang.String.indexOf(II)I @ 49
Event: 0.978 Thread 0x00000000030e0800 Uncommon trap: reason=unstable_if action=reinterpret pc=0x000000000340d800 method=java.util.HashMap.getNode(ILjava/lang/Object;)Ljava/util/HashMap$Node; @ 62

Internal exceptions (2 events):
Event: 0.091 Thread 0x00000000030e0800 Exception <a 'java/lang/NoSuchMethodError': Method sun.misc.Unsafe.defineClass(Ljava/lang/String;[BII)Ljava/lang/Class; name or signature does not match> (0x00000000eab07cc0) thrown at [C:\src\android\AOSP-openjdk\external\jetbrains\jdk\hotspot\src\share\v™ZýÜc>·?
Event: 0.091 Thread 0x00000000030e0800 Exception <a 'java/lang/NoSuchMethodError': Method sun.misc.Unsafe.prefetchRead(Ljava/lang/Object;J)V name or signature does not match> (0x00000000eab07fa8) thrown at [C:\src\android\AOSP-openjdk\external\jetbrains\jdk\hotspot\src\share\vm\prims\jni.cpp, l

Events (10 events):
Event: 1.005 loading class com/android/dx/cf/code/Ropper$ExceptionHandlerSetup
Event: 1.005 loading class com/android/dx/cf/code/Ropper$ExceptionHandlerSetup done
Event: 1.007 loading class java/util/HashMap$Values
Event: 1.007 loading class java/util/HashMap$Values done
Event: 1.007 loading class java/util/HashMap$ValueIterator
Event: 1.007 loading class java/util/HashMap$ValueIterator done
Event: 1.023 loading class java/util/TreeMap$EntrySet
Event: 1.023 loading class java/util/TreeMap$EntrySet done
Event: 1.023 loading class java/util/TreeMap$EntryIterator
Event: 1.023 loading class java/util/TreeMap$EntryIterator done


Dynamic libraries:
0x00007ff748b30000 - 0x00007ff748b61000 	D:\android-studio\jre\bin\java.exe
0x00007ff920c10000 - 0x00007ff920de1000 	C:\WINDOWS\SYSTEM32\ntdll.dll
0x00007ff9205d0000 - 0x00007ff92067b000 	C:\WINDOWS\System32\KERNEL32.DLL
0x00007ff91cf50000 - 0x00007ff91d16d000 	C:\WINDOWS\System32\KERNELBASE.dll
0x00007ff91e010000 - 0x00007ff91e0b2000 	C:\WINDOWS\System32\ADVAPI32.dll
0x00007ff91e7e0000 - 0x00007ff91e87e000 	C:\WINDOWS\System32\msvcrt.dll
0x00007ff91e5f0000 - 0x00007ff91e649000 	C:\WINDOWS\System32\sechost.dll
0x00007ff920730000 - 0x00007ff920851000 	C:\WINDOWS\System32\RPCRT4.dll
0x00007ff920960000 - 0x00007ff920ac5000 	C:\WINDOWS\System32\USER32.dll
0x00007ff91dd30000 - 0x00007ff91dd4e000 	C:\WINDOWS\System32\win32u.dll
0x00007ff920680000 - 0x00007ff9206b4000 	C:\WINDOWS\System32\GDI32.dll
0x00007ff91de50000 - 0x00007ff91dfd2000 	C:\WINDOWS\System32\gdi32full.dll
0x00007ff916e20000 - 0x00007ff917099000 	C:\WINDOWS\WinSxS\amd64_microsoft.windows.common-controls_6595b64144ccf1df_6.0.14393.447_none_42191651c6827bb3\COMCTL32.dll
0x00007ff91e0c0000 - 0x00007ff91e387000 	C:\WINDOWS\System32\combase.dll
0x00007ff91dd50000 - 0x00007ff91de45000 	C:\WINDOWS\System32\ucrtbase.dll
0x00007ff91d170000 - 0x00007ff91d1da000 	C:\WINDOWS\System32\bcryptPrimitives.dll
0x00007ff91e650000 - 0x00007ff91e67e000 	C:\WINDOWS\System32\IMM32.DLL
0x000000005ac10000 - 0x000000005ace2000 	D:\android-studio\jre\jre\bin\msvcr100.dll
0x000000005a1c0000 - 0x000000005a9f4000 	D:\android-studio\jre\jre\bin\server\jvm.dll
0x00007ff91dd00000 - 0x00007ff91dd23000 	C:\WINDOWS\System32\WINMM.dll
0x00007ff91ce60000 - 0x00007ff91ce8b000 	C:\WINDOWS\System32\WINMMBASE.dll
0x00007ff91dc60000 - 0x00007ff91dca2000 	C:\WINDOWS\System32\cfgmgr32.dll
0x00007ff9205c0000 - 0x00007ff9205c8000 	C:\WINDOWS\System32\PSAPI.DLL
0x00007ff8f9890000 - 0x00007ff8f9899000 	C:\WINDOWS\SYSTEM32\WSOCK32.dll
0x00007ff91fe60000 - 0x00007ff91feca000 	C:\WINDOWS\System32\WS2_32.dll
0x00007ff919b80000 - 0x00007ff919b8a000 	C:\WINDOWS\SYSTEM32\VERSION.dll
0x00007ff91b350000 - 0x00007ff91b35f000 	D:\android-studio\jre\jre\bin\verify.dll
0x00007ff9120e0000 - 0x00007ff912109000 	D:\android-studio\jre\jre\bin\java.dll
0x00007ff918f90000 - 0x00007ff918fa6000 	D:\android-studio\jre\jre\bin\zip.dll
0x00007ff91e8e0000 - 0x00007ff91fde9000 	C:\WINDOWS\System32\SHELL32.dll
0x00007ff91d300000 - 0x00007ff91d9da000 	C:\WINDOWS\System32\windows.storage.dll
0x00007ff91dcb0000 - 0x00007ff91dcfc000 	C:\WINDOWS\System32\powrprof.dll
0x00007ff9206d0000 - 0x00007ff920722000 	C:\WINDOWS\System32\shlwapi.dll
0x00007ff91ce90000 - 0x00007ff91ce9f000 	C:\WINDOWS\System32\kernel.appcore.dll
0x00007ff91dbb0000 - 0x00007ff91dc59000 	C:\WINDOWS\System32\shcore.dll
0x00007ff91ce40000 - 0x00007ff91ce54000 	C:\WINDOWS\System32\profapi.dll

VM Arguments:
jvm_args: -Djava.awt.headless=true -Xmx1024M -Dfile.encoding=GBK -Duser.country=CN -Duser.language=zh -Duser.variant 
java_command: com.android.dx.command.Main --dex --force-jumbo --num-threads=4 --multi-dex --output E:\workspace\SmartCity\app\build\intermediates\transforms\dex\debug\folders\1000\10\okhttp-3.2.0_ab6e3885644783ad7940c10a8513a11ebead9aa1 D:\gradle\.gradle\caches\modules-2\files-2.1\com.squareup.okhttp3\okhttp\3.2.0\f7873a2ebde246a45c2a8d6f3247108b4c88a879\okhttp-3.2.0.jar
java_class_path (initial): D:\ADT-Bundle\sdk\build-tools\25.0.0\lib\dx.jar
Launcher Type: SUN_STANDARD

Environment Variables:
JAVA_HOME=C:\Program Files\Java\jdk1.8.0_111
CLASSPATH=C:\Program Files\Java\jdk1.8.0_111\lib\dt.jar;C:\Program Files\Java\jdk1.8.0_111\lib\tools.jar
PATH=C:\ProgramData\Oracle\Java\javapath;C:\Windows\system32;C:\Windows;C:\Windows\System32\Wbem;C:\Windows\System32\WindowsPowerShell\v1.0\;C:\Program Files (x86)\NVIDIA Corporation\PhysX\Common;%JAVA_HOME%\bin;%JAVA_HOME%\jre\bin;D:\ADT-Bundle\sdk\platform-tools;C:\Program Files (x86)\decomp;%GRADLE_HOME%\bin;C:\Program Files\Git\bin;C:\WINDOWS\system32;C:\WINDOWS;C:\WINDOWS\System32\Wbem;C:\WINDOWS\System32\WindowsPowerShell\v1.0\;C:\Users\AllenIverson\AppData\Local\Microsoft\WindowsApps;
USERNAME=AllenIverson
OS=Windows_NT
PROCESSOR_IDENTIFIER=Intel64 Family 6 Model 42 Stepping 7, GenuineIntel



---------------  S Y S T E M  ---------------

OS: Windows 10.0 , 64 bit Build 14393 (10.0.14393.0)

CPU:total 4 (2 cores per cpu, 2 threads per core) family 6 model 42 stepping 7, cmov, cx8, fxsr, mmx, sse, sse2, sse3, ssse3, sse4.1, sse4.2, popcnt, avx, aes, clmul, ht, tsc, tscinvbit

Memory: 4k page, physical 8364836k(1286820k free), swap 8364836k(5120k free)

vm_info: OpenJDK 64-Bit Server VM (25.76-b03) for windows-amd64 JRE (1.8.0_76-release-b03), built on Jun 29 2016 19:09:20 by "ralucas" with MS VC++ 10.0 (VS2010)

time: Thu Dec 15 10:44:49 2016
elapsed time: 1 seconds (0d 0h 0m 1s)

