#
# There is insufficient memory for the Java Runtime Environment to continue.
# Native memory allocation (malloc) failed to allocate 32784 bytes for Chunk::new
# Possible reasons:
#   The system is out of physical RAM or swap space
#   In 32 bit mode, the process size limit was hit
# Possible solutions:
#   Reduce memory load on the system
#   Increase physical memory or swap space
#   Check if swap backing store is full
#   Use 64 bit Java on a 64 bit OS
#   Decrease Java heap size (-Xmx/-Xms)
#   Decrease number of Java threads
#   Decrease Java thread stack sizes (-Xss)
#   Set larger code cache with -XX:ReservedCodeCacheSize=
# This output file may be truncated or incomplete.
#
#  Out of Memory Error (allocation.cpp:390), pid=3736, tid=0x0000000000000660
#
# JRE version: OpenJDK Runtime Environment (8.0_76-b03) (build 1.8.0_76-release-b03)
# Java VM: OpenJDK 64-Bit Server VM (25.76-b03 mixed mode windows-amd64 compressed oops)
# Failed to write core dump. Minidumps are not enabled by default on client versions of Windows
#

---------------  T H R E A D  ---------------

Current thread (0x000000001596c000):  JavaThread "C2 CompilerThread0" daemon [_thread_in_native, id=1632, stack(0x0000000016f10000,0x0000000017010000)]

Stack: [0x0000000016f10000,0x0000000017010000]
[error occurred during error reporting (printing stack bounds), id 0xc0000005]

Native frames: (J=compiled Java code, j=interpreted, Vv=VM code, C=native code)


Current CompileTask:
C2:   8740 1816       4       com.android.dx.ssa.SCCP::simulatePhi (169 bytes)


---------------  P R O C E S S  ---------------

Java Threads: ( => current thread )
  0x0000000017379800 JavaThread "pool-2-thread-4" [_thread_in_Java, id=10944, stack(0x0000000017c10000,0x0000000017d10000)]
  0x0000000017378800 JavaThread "pool-2-thread-3" [_thread_in_Java, id=8148, stack(0x0000000017b10000,0x0000000017c10000)]
  0x0000000017378000 JavaThread "pool-2-thread-2" [_thread_in_Java, id=10500, stack(0x0000000017a10000,0x0000000017b10000)]
  0x0000000017367800 JavaThread "pool-3-thread-1" [_thread_blocked, id=1460, stack(0x0000000017910000,0x0000000017a10000)]
  0x0000000017366800 JavaThread "pool-2-thread-1" [_thread_in_Java, id=11248, stack(0x0000000017810000,0x0000000017910000)]
  0x000000001716e800 JavaThread "Service Thread" daemon [_thread_blocked, id=5440, stack(0x0000000017610000,0x0000000017710000)]
  0x0000000017165800 JavaThread "C1 CompilerThread2" daemon [_thread_blocked, id=10296, stack(0x0000000017510000,0x0000000017610000)]
  0x00000000159bc000 JavaThread "C2 CompilerThread1" daemon [_thread_in_native, id=3248, stack(0x0000000017010000,0x0000000017110000)]
=>0x000000001596c000 JavaThread "C2 CompilerThread0" daemon [_thread_in_native, id=1632, stack(0x0000000016f10000,0x0000000017010000)]
  0x000000001596a800 JavaThread "Attach Listener" daemon [_thread_blocked, id=10164, stack(0x0000000016e10000,0x0000000016f10000)]
  0x00000000159b9800 JavaThread "Signal Dispatcher" daemon [_thread_blocked, id=7684, stack(0x0000000016d10000,0x0000000016e10000)]
  0x000000000326b000 JavaThread "Finalizer" daemon [_thread_blocked, id=9364, stack(0x0000000016bb0000,0x0000000016cb0000)]
  0x000000000325f000 JavaThread "Reference Handler" daemon [_thread_blocked, id=6952, stack(0x0000000016ab0000,0x0000000016bb0000)]
  0x0000000003170800 JavaThread "main" [_thread_in_vm, id=10452, stack(0x0000000002d10000,0x0000000002e10000)]

Other Threads:
  0x0000000015926000 VMThread [stack: 0x00000000169b0000,0x0000000016ab0000] [id=11168]
  0x000000001716f800 WatcherThread [stack: 0x0000000017710000,0x0000000017810000] [id=2436]

VM state:not at safepoint (normal execution)

VM Mutex/Monitor currently owned by a thread: None

Heap:
 PSYoungGen      total 71680K, used 38864K [0x00000000eab00000, 0x00000000ef600000, 0x0000000100000000)
  eden space 66560K, 50% used [0x00000000eab00000,0x00000000ecbf8620,0x00000000eec00000)
  from space 5120K, 99% used [0x00000000ef100000,0x00000000ef5fbcb8,0x00000000ef600000)
  to   space 5120K, 0% used [0x00000000eec00000,0x00000000eec00000,0x00000000ef100000)
 ParOldGen       total 87552K, used 5114K [0x00000000c0000000, 0x00000000c5580000, 0x00000000eab00000)
  object space 87552K, 5% used [0x00000000c0000000,0x00000000c04feb98,0x00000000c5580000)
 Metaspace       used 6146K, capacity 7152K, committed 7296K, reserved 1056768K
  class space    used 567K, capacity 616K, committed 640K, reserved 1048576K

Card table byte_map: [0x0000000012630000,0x0000000012840000] byte_map_base: 0x0000000012030000

Marking Bits: (ParMarkBitMap*) 0x000000005a979d00
 Begin Bits: [0x0000000012da0000, 0x0000000013da0000)
 End Bits:   [0x0000000013da0000, 0x0000000014da0000)

Polling page: 0x0000000002cc0000

CodeCache: size=245760Kb used=8300Kb max_used=8309Kb free=237459Kb
 bounds [0x0000000003270000, 0x0000000003aa0000, 0x0000000012270000]
 total_blobs=2062 nmethods=1797 adapters=178
 compilation: enabled

Compilation events (10 events):
Event: 8.488 Thread 0x0000000017165800 1815       1       com.android.dx.rop.cst.CstType::getType (4 bytes)
Event: 8.488 Thread 0x000000001596c000 nmethod 1777% 0x0000000003a86a50 code [0x0000000003a86d00, 0x0000000003a890d0]
Event: 8.488 Thread 0x000000001596c000 1811       4       com.android.dx.ssa.LocalVariableExtractor::processBlock (383 bytes)
Event: 8.488 Thread 0x0000000017165800 nmethod 1815 0x0000000003a86790 code [0x0000000003a868e0, 0x0000000003a869f0]
Event: 8.619 Thread 0x000000001596c000 nmethod 1811 0x0000000003a901d0 code [0x0000000003a904e0, 0x0000000003a92cf0]
Event: 8.619 Thread 0x000000001596c000 1757       4       com.android.dx.ssa.back.FirstFitLocalCombiningAllocator::canMapReg (32 bytes)
Event: 8.627 Thread 0x000000001596c000 nmethod 1757 0x0000000003a8c690 code [0x0000000003a8c800, 0x0000000003a8cb88]
Event: 8.627 Thread 0x000000001596c000 1785       4       com.android.dx.cf.code.Merger::isPossiblyAssignableFrom (202 bytes)
Event: 8.641 Thread 0x000000001596c000 nmethod 1785 0x0000000003a8da90 code [0x0000000003a8dc60, 0x0000000003a8e290]
Event: 8.643 Thread 0x000000001596c000 1816       4       com.android.dx.ssa.SCCP::simulatePhi (169 bytes)

GC Heap History (4 events):
Event: 2.530 GC heap before
{Heap before GC invocations=1 (full 0):
 PSYoungGen      total 38400K, used 33280K [0x00000000eab00000, 0x00000000ed580000, 0x0000000100000000)
  eden space 33280K, 100% used [0x00000000eab00000,0x00000000ecb80000,0x00000000ecb80000)
  from space 5120K, 0% used [0x00000000ed080000,0x00000000ed080000,0x00000000ed580000)
  to   space 5120K, 0% used [0x00000000ecb80000,0x00000000ecb80000,0x00000000ed080000)
 ParOldGen       total 87552K, used 0K [0x00000000c0000000, 0x00000000c5580000, 0x00000000eab00000)
  object space 87552K, 0% used [0x00000000c0000000,0x00000000c0000000,0x00000000c5580000)
 Metaspace       used 5909K, capacity 6960K, committed 7040K, reserved 1056768K
  class space    used 567K, capacity 616K, committed 640K, reserved 1048576K
Event: 2.639 GC heap after
Heap after GC invocations=1 (full 0):
 PSYoungGen      total 38400K, used 5107K [0x00000000eab00000, 0x00000000ef600000, 0x0000000100000000)
  eden space 33280K, 0% used [0x00000000eab00000,0x00000000eab00000,0x00000000ecb80000)
  from space 5120K, 99% used [0x00000000ecb80000,0x00000000ed07cec0,0x00000000ed080000)
  to   space 5120K, 0% used [0x00000000ef100000,0x00000000ef100000,0x00000000ef600000)
 ParOldGen       total 87552K, used 978K [0x00000000c0000000, 0x00000000c5580000, 0x00000000eab00000)
  object space 87552K, 1% used [0x00000000c0000000,0x00000000c00f4958,0x00000000c5580000)
 Metaspace       used 5909K, capacity 6960K, committed 7040K, reserved 1056768K
  class space    used 567K, capacity 616K, committed 640K, reserved 1048576K
}
Event: 5.476 GC heap before
{Heap before GC invocations=2 (full 0):
 PSYoungGen      total 38400K, used 38387K [0x00000000eab00000, 0x00000000ef600000, 0x0000000100000000)
  eden space 33280K, 100% used [0x00000000eab00000,0x00000000ecb80000,0x00000000ecb80000)
  from space 5120K, 99% used [0x00000000ecb80000,0x00000000ed07cec0,0x00000000ed080000)
  to   space 5120K, 0% used [0x00000000ef100000,0x00000000ef100000,0x00000000ef600000)
 ParOldGen       total 87552K, used 978K [0x00000000c0000000, 0x00000000c5580000, 0x00000000eab00000)
  object space 87552K, 1% used [0x00000000c0000000,0x00000000c00f4958,0x00000000c5580000)
 Metaspace       used 6087K, capacity 7088K, committed 7296K, reserved 1056768K
  class space    used 567K, capacity 616K, committed 640K, reserved 1048576K
Event: 5.664 GC heap after
Heap after GC invocations=2 (full 0):
 PSYoungGen      total 71680K, used 5103K [0x00000000eab00000, 0x00000000ef600000, 0x0000000100000000)
  eden space 66560K, 0% used [0x00000000eab00000,0x00000000eab00000,0x00000000eec00000)
  from space 5120K, 99% used [0x00000000ef100000,0x00000000ef5fbcb8,0x00000000ef600000)
  to   space 5120K, 0% used [0x00000000eec00000,0x00000000eec00000,0x00000000ef100000)
 ParOldGen       total 87552K, used 5114K [0x00000000c0000000, 0x00000000c5580000, 0x00000000eab00000)
  object space 87552K, 5% used [0x00000000c0000000,0x00000000c04feb98,0x00000000c5580000)
 Metaspace       used 6087K, capacity 7088K, committed 7296K, reserved 1056768K
  class space    used 567K, capacity 616K, committed 640K, reserved 1048576K
}

Deoptimization events (10 events):
Event: 8.332 Thread 0x0000000017366800 Uncommon trap: reason=bimorphic action=maybe_recompile pc=0x00000000039d57ec method=com.android.dx.cf.code.BytecodeArray.parseInstruction(ILcom/android/dx/cf/code/BytecodeArray$Visitor;)I @ 2135
Event: 8.332 Thread 0x0000000017366800 Uncommon trap: reason=bimorphic action=maybe_recompile pc=0x00000000039d5a58 method=com.android.dx.cf.code.BytecodeArray.parseInstruction(ILcom/android/dx/cf/code/BytecodeArray$Visitor;)I @ 1501
Event: 8.333 Thread 0x0000000017366800 Uncommon trap: reason=bimorphic action=maybe_recompile pc=0x00000000039d57ec method=com.android.dx.cf.code.BytecodeArray.parseInstruction(ILcom/android/dx/cf/code/BytecodeArray$Visitor;)I @ 2135
Event: 8.353 Thread 0x0000000017378000 Uncommon trap: reason=unstable_if action=reinterpret pc=0x00000000037c8fac method=com.android.dx.ssa.SCCP.simulateStmt(Lcom/android/dx/ssa/SsaInsn;)V @ 53
Event: 8.362 Thread 0x0000000003170800 Uncommon trap: reason=unloaded action=reinterpret pc=0x00000000037d3104 method=com.android.dx.cf.cst.ConstantPoolParser.parse0(ILjava/util/BitSet;)Lcom/android/dx/rop/cst/Constant; @ 176
Event: 8.409 Thread 0x0000000003170800 Uncommon trap: reason=bimorphic action=maybe_recompile pc=0x0000000003a06658 method=com.android.dx.cf.code.RopperMachine.run(Lcom/android/dx/cf/code/Frame;II)V @ 988
Event: 8.409 Thread 0x0000000003170800 Uncommon trap: reason=bimorphic action=maybe_recompile pc=0x0000000003a06658 method=com.android.dx.cf.code.RopperMachine.run(Lcom/android/dx/cf/code/Frame;II)V @ 988
Event: 8.409 Thread 0x0000000003170800 Uncommon trap: reason=bimorphic action=maybe_recompile pc=0x0000000003a06658 method=com.android.dx.cf.code.RopperMachine.run(Lcom/android/dx/cf/code/Frame;II)V @ 988
Event: 8.413 Thread 0x0000000003170800 Uncommon trap: reason=bimorphic action=maybe_recompile pc=0x0000000003a08244 method=com.android.dx.cf.code.RopperMachine.run(Lcom/android/dx/cf/code/Frame;II)V @ 310
Event: 8.414 Thread 0x0000000003170800 Uncommon trap: reason=bimorphic action=maybe_recompile pc=0x0000000003a08244 method=com.android.dx.cf.code.RopperMachine.run(Lcom/android/dx/cf/code/Frame;II)V @ 310

Internal exceptions (5 events):
Event: 0.048 Thread 0x0000000003170800 Exception <a 'java/lang/NoSuchMethodError': Method sun.misc.Unsafe.defineClass(Ljava/lang/String;[BII)Ljava/lang/Class; name or signature does not match> (0x00000000eab07cc0) thrown at [C:\src\android\AOSP-openjdk\external\jetbrains\jdk\hotspot\src\share\vÀÎåƒHœ¨?
Event: 0.048 Thread 0x0000000003170800 Exception <a 'java/lang/NoSuchMethodError': Method sun.misc.Unsafe.prefetchRead(Ljava/lang/Object;J)V name or signature does not match> (0x00000000eab07fa8) thrown at [C:\src\android\AOSP-openjdk\external\jetbrains\jdk\hotspot\src\share\vm\prims\jni.cpp, l3”}Ö«&@
Event: 3.894 Thread 0x0000000017366800 Implicit null exception at 0x00000000036093c8 to 0x000000000360ab25
Event: 3.894 Thread 0x0000000017366800 Implicit null exception at 0x00000000036a60ae to 0x00000000036a8ba1
Event: 5.209 Thread 0x0000000017378800 Implicit null exception at 0x0000000003706962 to 0x0000000003706a52

Events (10 events):
Event: 8.409 Thread 0x0000000003170800 DEOPT UNPACKING pc=0x00000000032b556a sp=0x0000000002e0e358 mode 2
Event: 8.409 Thread 0x0000000003170800 Uncommon trap: trap_request=0xffffffc6 fr.pc=0x0000000003a06658
Event: 8.409 Thread 0x0000000003170800 DEOPT PACKING pc=0x0000000003a06658 sp=0x0000000002e0e3a0
Event: 8.409 Thread 0x0000000003170800 DEOPT UNPACKING pc=0x00000000032b556a sp=0x0000000002e0e358 mode 2
Event: 8.413 Thread 0x0000000003170800 Uncommon trap: trap_request=0xffffffc6 fr.pc=0x0000000003a08244
Event: 8.413 Thread 0x0000000003170800 DEOPT PACKING pc=0x0000000003a08244 sp=0x0000000002e0e2a0
Event: 8.413 Thread 0x0000000003170800 DEOPT UNPACKING pc=0x00000000032b556a sp=0x0000000002e0e250 mode 2
Event: 8.414 Thread 0x0000000003170800 Uncommon trap: trap_request=0xffffffc6 fr.pc=0x0000000003a08244
Event: 8.414 Thread 0x0000000003170800 DEOPT PACKING pc=0x0000000003a08244 sp=0x0000000002e0e2a0
Event: 8.414 Thread 0x0000000003170800 DEOPT UNPACKING pc=0x00000000032b556a sp=0x0000000002e0e250 mode 2


Dynamic libraries:
0x00007ff6ecad0000 - 0x00007ff6ecb01000 	D:\android-studio\jre\bin\java.exe
0x00007ff920c10000 - 0x00007ff920de1000 	C:\WINDOWS\SYSTEM32\ntdll.dll
0x00007ff9205d0000 - 0x00007ff92067b000 	C:\WINDOWS\System32\KERNEL32.DLL
0x00007ff91cf50000 - 0x00007ff91d16d000 	C:\WINDOWS\System32\KERNELBASE.dll
0x00007ff91e010000 - 0x00007ff91e0b2000 	C:\WINDOWS\System32\ADVAPI32.dll
0x00007ff91e7e0000 - 0x00007ff91e87e000 	C:\WINDOWS\System32\msvcrt.dll
0x00007ff91e5f0000 - 0x00007ff91e649000 	C:\WINDOWS\System32\sechost.dll
0x00007ff920730000 - 0x00007ff920851000 	C:\WINDOWS\System32\RPCRT4.dll
0x00007ff920960000 - 0x00007ff920ac5000 	C:\WINDOWS\System32\USER32.dll
0x00007ff91dd30000 - 0x00007ff91dd4e000 	C:\WINDOWS\System32\win32u.dll
0x00007ff920680000 - 0x00007ff9206b4000 	C:\WINDOWS\System32\GDI32.dll
0x00007ff91de50000 - 0x00007ff91dfd2000 	C:\WINDOWS\System32\gdi32full.dll
0x00007ff916e20000 - 0x00007ff917099000 	C:\WINDOWS\WinSxS\amd64_microsoft.windows.common-controls_6595b64144ccf1df_6.0.14393.447_none_42191651c6827bb3\COMCTL32.dll
0x00007ff91e0c0000 - 0x00007ff91e387000 	C:\WINDOWS\System32\combase.dll
0x00007ff91dd50000 - 0x00007ff91de45000 	C:\WINDOWS\System32\ucrtbase.dll
0x00007ff91d170000 - 0x00007ff91d1da000 	C:\WINDOWS\System32\bcryptPrimitives.dll
0x00007ff91e650000 - 0x00007ff91e67e000 	C:\WINDOWS\System32\IMM32.DLL
0x000000005ac10000 - 0x000000005ace2000 	D:\android-studio\jre\jre\bin\msvcr100.dll
0x000000005a1c0000 - 0x000000005a9f4000 	D:\android-studio\jre\jre\bin\server\jvm.dll
0x00007ff91dd00000 - 0x00007ff91dd23000 	C:\WINDOWS\System32\WINMM.dll
0x00007ff91ce60000 - 0x00007ff91ce8b000 	C:\WINDOWS\System32\WINMMBASE.dll
0x00007ff91dc60000 - 0x00007ff91dca2000 	C:\WINDOWS\System32\cfgmgr32.dll
0x00007ff9205c0000 - 0x00007ff9205c8000 	C:\WINDOWS\System32\PSAPI.DLL
0x00007ff8f9890000 - 0x00007ff8f9899000 	C:\WINDOWS\SYSTEM32\WSOCK32.dll
0x00007ff91fe60000 - 0x00007ff91feca000 	C:\WINDOWS\System32\WS2_32.dll
0x00007ff919b80000 - 0x00007ff919b8a000 	C:\WINDOWS\SYSTEM32\VERSION.dll
0x00007ff91b350000 - 0x00007ff91b35f000 	D:\android-studio\jre\jre\bin\verify.dll
0x00007ff916460000 - 0x00007ff916489000 	D:\android-studio\jre\jre\bin\java.dll
0x00007ff918f90000 - 0x00007ff918fa6000 	D:\android-studio\jre\jre\bin\zip.dll
0x00007ff91e8e0000 - 0x00007ff91fde9000 	C:\WINDOWS\System32\SHELL32.dll
0x00007ff91d300000 - 0x00007ff91d9da000 	C:\WINDOWS\System32\windows.storage.dll
0x00007ff91dcb0000 - 0x00007ff91dcfc000 	C:\WINDOWS\System32\powrprof.dll
0x00007ff9206d0000 - 0x00007ff920722000 	C:\WINDOWS\System32\shlwapi.dll
0x00007ff91ce90000 - 0x00007ff91ce9f000 	C:\WINDOWS\System32\kernel.appcore.dll
0x00007ff91dbb0000 - 0x00007ff91dc59000 	C:\WINDOWS\System32\shcore.dll
0x00007ff91ce40000 - 0x00007ff91ce54000 	C:\WINDOWS\System32\profapi.dll

VM Arguments:
jvm_args: -Djava.awt.headless=true -Xmx1024M -Dfile.encoding=GBK -Duser.country=CN -Duser.language=zh -Duser.variant 
java_command: com.android.dx.command.Main --dex --force-jumbo --num-threads=4 --multi-dex --output E:\workspace\SmartCity\app\build\intermediates\transforms\dex\debug\folders\1000\10\com.android.support-support-compat-25.0.1_458b3d36dfd379a22ac0046f3915bb8ede80e0e8 E:\workspace\SmartCity\app\build\intermediates\exploded-aar\com.android.support\support-compat\25.0.1\jars\classes.jar
java_class_path (initial): D:\ADT-Bundle\sdk\build-tools\25.0.0\lib\dx.jar
Launcher Type: SUN_STANDARD

Environment Variables:
JAVA_HOME=C:\Program Files\Java\jdk1.8.0_111
CLASSPATH=C:\Program Files\Java\jdk1.8.0_111\lib\dt.jar;C:\Program Files\Java\jdk1.8.0_111\lib\tools.jar
PATH=C:\ProgramData\Oracle\Java\javapath;C:\Windows\system32;C:\Windows;C:\Windows\System32\Wbem;C:\Windows\System32\WindowsPowerShell\v1.0\;C:\Program Files (x86)\NVIDIA Corporation\PhysX\Common;%JAVA_HOME%\bin;%JAVA_HOME%\jre\bin;D:\ADT-Bundle\sdk\platform-tools;C:\Program Files (x86)\decomp;%GRADLE_HOME%\bin;C:\Program Files\Git\bin;C:\WINDOWS\system32;C:\WINDOWS;C:\WINDOWS\System32\Wbem;C:\WINDOWS\System32\WindowsPowerShell\v1.0\;C:\Users\AllenIverson\AppData\Local\Microsoft\WindowsApps;
USERNAME=AllenIverson
OS=Windows_NT
PROCESSOR_IDENTIFIER=Intel64 Family 6 Model 42 Stepping 7, GenuineIntel



---------------  S Y S T E M  ---------------

OS: Windows 10.0 , 64 bit Build 14393 (10.0.14393.0)

CPU:total 4 (2 cores per cpu, 2 threads per core) family 6 model 42 stepping 7, cmov, cx8, fxsr, mmx, sse, sse2, sse3, ssse3, sse4.1, sse4.2, popcnt, avx, aes, clmul, ht, tsc, tscinvbit

Memory: 4k page, physical 8364836k(1463052k free), swap 8364836k(5532k free)

vm_info: OpenJDK 64-Bit Server VM (25.76-b03) for windows-amd64 JRE (1.8.0_76-release-b03), built on Jun 29 2016 19:09:20 by "ralucas" with MS VC++ 10.0 (VS2010)

time: Thu Dec 01 22:31:28 2016
elapsed time: 8 seconds (0d 0h 0m 8s)

