#
# There is insufficient memory for the Java Runtime Environment to continue.
# Native memory allocation (malloc) failed to allocate 32744 bytes for ChunkPool::allocate
# Possible reasons:
#   The system is out of physical RAM or swap space
#   In 32 bit mode, the process size limit was hit
# Possible solutions:
#   Reduce memory load on the system
#   Increase physical memory or swap space
#   Check if swap backing store is full
#   Use 64 bit Java on a 64 bit OS
#   Decrease Java heap size (-Xmx/-Xms)
#   Decrease number of Java threads
#   Decrease Java thread stack sizes (-Xss)
#   Set larger code cache with -XX:ReservedCodeCacheSize=
# This output file may be truncated or incomplete.
#
#  Out of Memory Error (allocation.cpp:273), pid=13684, tid=0x00000000000041c4
#
# JRE version: OpenJDK Runtime Environment (8.0_76-b03) (build 1.8.0_76-release-b03)
# Java VM: OpenJDK 64-Bit Server VM (25.76-b03 mixed mode windows-amd64 compressed oops)
# Failed to write core dump. Minidumps are not enabled by default on client versions of Windows
#

---------------  T H R E A D  ---------------

Current thread (0x0000000016bec000):  JavaThread "C1 CompilerThread2" daemon [_thread_in_native, id=16836, stack(0x0000000017f50000,0x0000000018050000)]

Stack: [0x0000000017f50000,0x0000000018050000]
[error occurred during error reporting (printing stack bounds), id 0xc0000005]

Native frames: (J=compiled Java code, j=interpreted, Vv=VM code, C=native code)


Current CompileTask:
C1:   1246  509   !   3       com.android.dx.cf.code.BytecodeArray::parseInstruction (2764 bytes)


---------------  P R O C E S S  ---------------

Java Threads: ( => current thread )
  0x0000000016dd4800 JavaThread "pool-2-thread-4" [_thread_in_Java, id=14976, stack(0x0000000018650000,0x0000000018750000)]
  0x0000000016d63000 JavaThread "pool-2-thread-3" [_thread_in_Java, id=16564, stack(0x0000000018550000,0x0000000018650000)]
  0x0000000016d1a800 JavaThread "pool-2-thread-2" [_thread_in_Java, id=15468, stack(0x0000000018450000,0x0000000018550000)]
  0x0000000016d06000 JavaThread "pool-3-thread-1" [_thread_blocked, id=20404, stack(0x0000000018350000,0x0000000018450000)]
  0x0000000016d05000 JavaThread "pool-2-thread-1" [_thread_in_Java, id=17640, stack(0x0000000018250000,0x0000000018350000)]
  0x0000000016bf2000 JavaThread "Service Thread" daemon [_thread_blocked, id=20364, stack(0x0000000018050000,0x0000000018150000)]
=>0x0000000016bec000 JavaThread "C1 CompilerThread2" daemon [_thread_in_native, id=16836, stack(0x0000000017f50000,0x0000000018050000)]
  0x0000000015879800 JavaThread "C2 CompilerThread1" daemon [_thread_in_vm, id=17228, stack(0x0000000017e50000,0x0000000017f50000)]
  0x0000000015838800 JavaThread "C2 CompilerThread0" daemon [_thread_in_native, id=18628, stack(0x0000000017d50000,0x0000000017e50000)]
  0x0000000016bc2800 JavaThread "Attach Listener" daemon [_thread_blocked, id=18172, stack(0x0000000017c50000,0x0000000017d50000)]
  0x000000001582b000 JavaThread "Signal Dispatcher" daemon [_thread_blocked, id=13544, stack(0x0000000017b50000,0x0000000017c50000)]
  0x0000000015808800 JavaThread "Finalizer" daemon [_thread_blocked, id=7024, stack(0x0000000016a80000,0x0000000016b80000)]
  0x000000000313f000 JavaThread "Reference Handler" daemon [_thread_blocked, id=9308, stack(0x0000000016980000,0x0000000016a80000)]
  0x0000000003050800 JavaThread "main" [_thread_in_Java, id=13280, stack(0x0000000002e90000,0x0000000002f90000)]

Other Threads:
  0x00000000157e6000 VMThread [stack: 0x0000000016880000,0x0000000016980000] [id=15376]
  0x0000000016bf3000 WatcherThread [stack: 0x0000000018150000,0x0000000018250000] [id=20428]

VM state:not at safepoint (normal execution)

VM Mutex/Monitor currently owned by a thread: None

Heap:
 PSYoungGen      total 38400K, used 16734K [0x00000000eab00000, 0x00000000ed580000, 0x0000000100000000)
  eden space 33280K, 50% used [0x00000000eab00000,0x00000000ebb57810,0x00000000ecb80000)
  from space 5120K, 0% used [0x00000000ed080000,0x00000000ed080000,0x00000000ed580000)
  to   space 5120K, 0% used [0x00000000ecb80000,0x00000000ecb80000,0x00000000ed080000)
 ParOldGen       total 87552K, used 0K [0x00000000c0000000, 0x00000000c5580000, 0x00000000eab00000)
  object space 87552K, 0% used [0x00000000c0000000,0x00000000c0000000,0x00000000c5580000)
 Metaspace       used 5699K, capacity 6640K, committed 6784K, reserved 1056768K
  class space    used 573K, capacity 616K, committed 640K, reserved 1048576K

Card table byte_map: [0x0000000012510000,0x0000000012720000] byte_map_base: 0x0000000011f10000

Marking Bits: (ParMarkBitMap*) 0x000000005a979d00
 Begin Bits: [0x0000000012c80000, 0x0000000013c80000)
 End Bits:   [0x0000000013c80000, 0x0000000014c80000)

Polling page: 0x0000000000f20000

CodeCache: size=245760Kb used=2166Kb max_used=2178Kb free=243593Kb
 bounds [0x0000000003150000, 0x00000000033c0000, 0x0000000012150000]
 total_blobs=773 nmethods=503 adapters=184
 compilation: enabled

Compilation events (10 events):
Event: 1.123 Thread 0x0000000016bec000  469       1       com.android.dx.cf.code.Frame::getSubroutines (5 bytes)
Event: 1.123 Thread 0x0000000016bec000 nmethod 469 0x000000000336b750 code [0x000000000336b8a0, 0x000000000336b9b0]
Event: 1.123 Thread 0x0000000016bec000  509   !   3       com.android.dx.cf.code.BytecodeArray::parseInstruction (2764 bytes)
Event: 1.132 Thread 0x0000000015879800 nmethod 508 0x0000000003369910 code [0x0000000003369a80, 0x0000000003369ea8]
Event: 1.132 Thread 0x0000000015879800  515   !   4       com.android.dx.util.IntList::get (36 bytes)
Event: 1.133 Thread 0x0000000015879800 nmethod 515 0x000000000336edd0 code [0x000000000336ef00, 0x000000000336efb8]
Event: 1.133 Thread 0x0000000015879800  518       4       java.util.BitSet::nextSetBit (102 bytes)
Event: 1.137 Thread 0x0000000015879800 nmethod 518 0x0000000003369550 code [0x00000000033696a0, 0x00000000033697d8]
Event: 1.137 Thread 0x0000000015879800  520       4       java.lang.Long::bitCount (61 bytes)
Event: 1.138 Thread 0x0000000015879800 nmethod 520 0x0000000003369310 code [0x0000000003369440, 0x00000000033694f8]

GC Heap History (0 events):
No events

Deoptimization events (1 events):
Event: 0.758 Thread 0x0000000003050800 Uncommon trap: reason=unstable_if action=reinterpret pc=0x00000000032984d0 method=java.lang.String.indexOf(II)I @ 49

Internal exceptions (2 events):
Event: 0.130 Thread 0x0000000003050800 Exception <a 'java/lang/NoSuchMethodError': Method sun.misc.Unsafe.defineClass(Ljava/lang/String;[BII)Ljava/lang/Class; name or signature does not match> (0x00000000eab07cc0) thrown at [C:\src\android\AOSP-openjdk\external\jetbrains\jdk\hotspot\src\share\v8.ŸÀu™À?
Event: 0.130 Thread 0x0000000003050800 Exception <a 'java/lang/NoSuchMethodError': Method sun.misc.Unsafe.prefetchRead(Ljava/lang/Object;J)V name or signature does not match> (0x00000000eab07fa8) thrown at [C:\src\android\AOSP-openjdk\external\jetbrains\jdk\hotspot\src\share\vm\prims\jni.cpp, l

Events (10 events):
Event: 1.100 loading class java/util/DualPivotQuicksort
Event: 1.100 loading class java/util/DualPivotQuicksort done
Event: 1.102 loading class com/android/dx/ssa/PhiInsn$Operand
Event: 1.102 loading class com/android/dx/ssa/PhiInsn$Operand done
Event: 1.105 loading class com/android/dx/dex/file/MethodAnnotationStruct
Event: 1.105 loading class com/android/dx/dex/file/MethodAnnotationStruct done
Event: 1.108 loading class com/android/dx/cf/code/BytecodeArray$ConstantParserVisitor
Event: 1.108 loading class com/android/dx/cf/code/BytecodeArray$ConstantParserVisitor done
Event: 1.114 loading class com/android/dx/ssa/back/FirstFitLocalCombiningAllocator$Multiset
Event: 1.114 loading class com/android/dx/ssa/back/FirstFitLocalCombiningAllocator$Multiset done


Dynamic libraries:
0x00007ff748b30000 - 0x00007ff748b61000 	D:\android-studio\jre\bin\java.exe
0x00007ff920c10000 - 0x00007ff920de1000 	C:\WINDOWS\SYSTEM32\ntdll.dll
0x00007ff9205d0000 - 0x00007ff92067b000 	C:\WINDOWS\System32\KERNEL32.DLL
0x00007ff91cf50000 - 0x00007ff91d16d000 	C:\WINDOWS\System32\KERNELBASE.dll
0x00007ff91e010000 - 0x00007ff91e0b2000 	C:\WINDOWS\System32\ADVAPI32.dll
0x00007ff91e7e0000 - 0x00007ff91e87e000 	C:\WINDOWS\System32\msvcrt.dll
0x00007ff91e5f0000 - 0x00007ff91e649000 	C:\WINDOWS\System32\sechost.dll
0x00007ff920730000 - 0x00007ff920851000 	C:\WINDOWS\System32\RPCRT4.dll
0x00007ff920960000 - 0x00007ff920ac5000 	C:\WINDOWS\System32\USER32.dll
0x00007ff91dd30000 - 0x00007ff91dd4e000 	C:\WINDOWS\System32\win32u.dll
0x00007ff920680000 - 0x00007ff9206b4000 	C:\WINDOWS\System32\GDI32.dll
0x00007ff91de50000 - 0x00007ff91dfd2000 	C:\WINDOWS\System32\gdi32full.dll
0x00007ff916e20000 - 0x00007ff917099000 	C:\WINDOWS\WinSxS\amd64_microsoft.windows.common-controls_6595b64144ccf1df_6.0.14393.447_none_42191651c6827bb3\COMCTL32.dll
0x00007ff91e0c0000 - 0x00007ff91e387000 	C:\WINDOWS\System32\combase.dll
0x00007ff91dd50000 - 0x00007ff91de45000 	C:\WINDOWS\System32\ucrtbase.dll
0x00007ff91d170000 - 0x00007ff91d1da000 	C:\WINDOWS\System32\bcryptPrimitives.dll
0x00007ff91e650000 - 0x00007ff91e67e000 	C:\WINDOWS\System32\IMM32.DLL
0x000000005ac10000 - 0x000000005ace2000 	D:\android-studio\jre\jre\bin\msvcr100.dll
0x000000005a1c0000 - 0x000000005a9f4000 	D:\android-studio\jre\jre\bin\server\jvm.dll
0x00007ff91dd00000 - 0x00007ff91dd23000 	C:\WINDOWS\System32\WINMM.dll
0x00007ff91ce60000 - 0x00007ff91ce8b000 	C:\WINDOWS\System32\WINMMBASE.dll
0x00007ff91dc60000 - 0x00007ff91dca2000 	C:\WINDOWS\System32\cfgmgr32.dll
0x00007ff9205c0000 - 0x00007ff9205c8000 	C:\WINDOWS\System32\PSAPI.DLL
0x00007ff8f9890000 - 0x00007ff8f9899000 	C:\WINDOWS\SYSTEM32\WSOCK32.dll
0x00007ff91fe60000 - 0x00007ff91feca000 	C:\WINDOWS\System32\WS2_32.dll
0x00007ff919b80000 - 0x00007ff919b8a000 	C:\WINDOWS\SYSTEM32\VERSION.dll
0x00007ff91b350000 - 0x00007ff91b35f000 	D:\android-studio\jre\jre\bin\verify.dll
0x00007ff9120e0000 - 0x00007ff912109000 	D:\android-studio\jre\jre\bin\java.dll
0x00007ff918f90000 - 0x00007ff918fa6000 	D:\android-studio\jre\jre\bin\zip.dll
0x00007ff91e8e0000 - 0x00007ff91fde9000 	C:\WINDOWS\System32\SHELL32.dll
0x00007ff91d300000 - 0x00007ff91d9da000 	C:\WINDOWS\System32\windows.storage.dll
0x00007ff91dcb0000 - 0x00007ff91dcfc000 	C:\WINDOWS\System32\powrprof.dll
0x00007ff9206d0000 - 0x00007ff920722000 	C:\WINDOWS\System32\shlwapi.dll
0x00007ff91ce90000 - 0x00007ff91ce9f000 	C:\WINDOWS\System32\kernel.appcore.dll
0x00007ff91dbb0000 - 0x00007ff91dc59000 	C:\WINDOWS\System32\shcore.dll
0x00007ff91ce40000 - 0x00007ff91ce54000 	C:\WINDOWS\System32\profapi.dll

VM Arguments:
jvm_args: -Djava.awt.headless=true -Xmx1024M -Dfile.encoding=GBK -Duser.country=CN -Duser.language=zh -Duser.variant 
java_command: com.android.dx.command.Main --dex --force-jumbo --num-threads=4 --multi-dex --output E:\workspace\SmartCity\app\build\intermediates\transforms\dex\debug\folders\1000\10\okio-1.6.0_2911ec81dd659a87a3a72c7833c681a6d47bf80c D:\gradle\.gradle\caches\modules-2\files-2.1\com.squareup.okio\okio\1.6.0\98476622f10715998eacf9240d6b479f12c66143\okio-1.6.0.jar
java_class_path (initial): D:\ADT-Bundle\sdk\build-tools\25.0.0\lib\dx.jar
Launcher Type: SUN_STANDARD

Environment Variables:
JAVA_HOME=C:\Program Files\Java\jdk1.8.0_111
CLASSPATH=C:\Program Files\Java\jdk1.8.0_111\lib\dt.jar;C:\Program Files\Java\jdk1.8.0_111\lib\tools.jar
PATH=C:\ProgramData\Oracle\Java\javapath;C:\Windows\system32;C:\Windows;C:\Windows\System32\Wbem;C:\Windows\System32\WindowsPowerShell\v1.0\;C:\Program Files (x86)\NVIDIA Corporation\PhysX\Common;%JAVA_HOME%\bin;%JAVA_HOME%\jre\bin;D:\ADT-Bundle\sdk\platform-tools;C:\Program Files (x86)\decomp;%GRADLE_HOME%\bin;C:\Program Files\Git\bin;C:\WINDOWS\system32;C:\WINDOWS;C:\WINDOWS\System32\Wbem;C:\WINDOWS\System32\WindowsPowerShell\v1.0\;C:\Users\AllenIverson\AppData\Local\Microsoft\WindowsApps;
USERNAME=AllenIverson
OS=Windows_NT
PROCESSOR_IDENTIFIER=Intel64 Family 6 Model 42 Stepping 7, GenuineIntel



---------------  S Y S T E M  ---------------

OS: Windows 10.0 , 64 bit Build 14393 (10.0.14393.0)

CPU:total 4 (2 cores per cpu, 2 threads per core) family 6 model 42 stepping 7, cmov, cx8, fxsr, mmx, sse, sse2, sse3, ssse3, sse4.1, sse4.2, popcnt, avx, aes, clmul, ht, tsc, tscinvbit

Memory: 4k page, physical 8364836k(1306696k free), swap 8364836k(5188k free)

vm_info: OpenJDK 64-Bit Server VM (25.76-b03) for windows-amd64 JRE (1.8.0_76-release-b03), built on Jun 29 2016 19:09:20 by "ralucas" with MS VC++ 10.0 (VS2010)

time: Thu Dec 15 10:44:52 2016
elapsed time: 1 seconds (0d 0h 0m 1s)

