#
# There is insufficient memory for the Java Runtime Environment to continue.
# Native memory allocation (malloc) failed to allocate 225776 bytes for Chunk::new
# Possible reasons:
#   The system is out of physical RAM or swap space
#   In 32 bit mode, the process size limit was hit
# Possible solutions:
#   Reduce memory load on the system
#   Increase physical memory or swap space
#   Check if swap backing store is full
#   Use 64 bit Java on a 64 bit OS
#   Decrease Java heap size (-Xmx/-Xms)
#   Decrease number of Java threads
#   Decrease Java thread stack sizes (-Xss)
#   Set larger code cache with -XX:ReservedCodeCacheSize=
# This output file may be truncated or incomplete.
#
#  Out of Memory Error (allocation.cpp:390), pid=19420, tid=0x000000000000425c
#
# JRE version: OpenJDK Runtime Environment (8.0_76-b03) (build 1.8.0_76-release-b03)
# Java VM: OpenJDK 64-Bit Server VM (25.76-b03 mixed mode windows-amd64 compressed oops)
# Failed to write core dump. Minidumps are not enabled by default on client versions of Windows
#

---------------  T H R E A D  ---------------

Current thread (0x00000000157d7800):  JavaThread "C2 CompilerThread0" daemon [_thread_in_native, id=16988, stack(0x0000000016ce0000,0x0000000016de0000)]

Stack: [0x0000000016ce0000,0x0000000016de0000]
[error occurred during error reporting (printing stack bounds), id 0xc0000005]

Native frames: (J=compiled Java code, j=interpreted, Vv=VM code, C=native code)


Current CompileTask:
C2:   5326 1231 %     4       com.android.dx.ssa.SsaMethod::computeReachability @ 8 (131 bytes)


---------------  P R O C E S S  ---------------

Java Threads: ( => current thread )
  0x0000000016f5d000 JavaThread "pool-3-thread-1" [_thread_blocked, id=19372, stack(0x00000000176e0000,0x00000000177e0000)]
  0x0000000016f5a800 JavaThread "pool-2-thread-1" [_thread_in_vm, id=16312, stack(0x00000000175e0000,0x00000000176e0000)]
  0x0000000016e3f000 JavaThread "Service Thread" daemon [_thread_blocked, id=10384, stack(0x00000000173e0000,0x00000000174e0000)]
  0x00000000157de800 JavaThread "C1 CompilerThread2" daemon [_thread_blocked, id=5404, stack(0x00000000172e0000,0x00000000173e0000)]
  0x00000000157da800 JavaThread "C2 CompilerThread1" daemon [_thread_blocked, id=11900, stack(0x00000000171e0000,0x00000000172e0000)]
=>0x00000000157d7800 JavaThread "C2 CompilerThread0" daemon [_thread_in_native, id=16988, stack(0x0000000016ce0000,0x0000000016de0000)]
  0x000000001578b800 JavaThread "Attach Listener" daemon [_thread_blocked, id=18792, stack(0x0000000016be0000,0x0000000016ce0000)]
  0x000000001578a000 JavaThread "Signal Dispatcher" daemon [_thread_blocked, id=16088, stack(0x0000000016ae0000,0x0000000016be0000)]
  0x0000000015768800 JavaThread "Finalizer" daemon [_thread_blocked, id=17180, stack(0x00000000169e0000,0x0000000016ae0000)]
  0x0000000002f9f000 JavaThread "Reference Handler" daemon [_thread_blocked, id=18564, stack(0x00000000168e0000,0x00000000169e0000)]
  0x0000000002eb0800 JavaThread "main" [_thread_blocked, id=12936, stack(0x00000000029d0000,0x0000000002ad0000)]

Other Threads:
  0x0000000015745800 VMThread [stack: 0x00000000167e0000,0x00000000168e0000] [id=9728]
  0x0000000016e41000 WatcherThread [stack: 0x00000000174e0000,0x00000000175e0000] [id=7296]

VM state:not at safepoint (normal execution)

VM Mutex/Monitor currently owned by a thread: None

Heap:
 PSYoungGen      total 38400K, used 26437K [0x00000000eab00000, 0x00000000ef600000, 0x0000000100000000)
  eden space 33280K, 64% used [0x00000000eab00000,0x00000000ebfd6d28,0x00000000ecb80000)
  from space 5120K, 99% used [0x00000000ecb80000,0x00000000ed07a878,0x00000000ed080000)
  to   space 5120K, 0% used [0x00000000ef100000,0x00000000ef100000,0x00000000ef600000)
 ParOldGen       total 87552K, used 3231K [0x00000000c0000000, 0x00000000c5580000, 0x00000000eab00000)
  object space 87552K, 3% used [0x00000000c0000000,0x00000000c0327d78,0x00000000c5580000)
 Metaspace       used 5750K, capacity 6896K, committed 7040K, reserved 1056768K
  class space    used 563K, capacity 616K, committed 640K, reserved 1048576K

Card table byte_map: [0x0000000012470000,0x0000000012680000] byte_map_base: 0x0000000011e70000

Marking Bits: (ParMarkBitMap*) 0x000000005a979d00
 Begin Bits: [0x0000000012be0000, 0x0000000013be0000)
 End Bits:   [0x0000000013be0000, 0x0000000014be0000)

Polling page: 0x0000000000f50000

CodeCache: size=245760Kb used=5232Kb max_used=5251Kb free=240527Kb
 bounds [0x00000000030b0000, 0x00000000035e0000, 0x00000000120b0000]
 total_blobs=1492 nmethods=1229 adapters=177
 compilation: enabled

Compilation events (10 events):
Event: 4.536 Thread 0x00000000157da800 nmethod 1226 0x00000000035c0410 code [0x00000000035c0800, 0x00000000035c24c0]
Event: 4.540 Thread 0x00000000157d7800 1227       4       com.android.dx.ssa.SCCP::simulateBranch (666 bytes)
Event: 4.599 Thread 0x00000000157d7800 nmethod 1227 0x00000000035c5050 code [0x00000000035c52c0, 0x00000000035c63a0]
Event: 4.632 Thread 0x00000000157da800 1228       4       com.android.dx.ssa.SCCP::simulateBlock (54 bytes)
Event: 4.643 Thread 0x00000000157d7800 1229       4       com.android.dx.ssa.SCCP::simulatePhi (169 bytes)
Event: 4.786 Thread 0x00000000157da800 nmethod 1228 0x00000000035cc750 code [0x00000000035cca80, 0x00000000035cf9e0]
Event: 4.833 Thread 0x00000000157d7800 nmethod 1229 0x00000000035d4a10 code [0x00000000035d4d20, 0x00000000035d7290]
Event: 4.846 Thread 0x00000000157da800 1230       4       com.android.dx.ssa.SCCP::simulatePhiBlock (50 bytes)
Event: 4.851 Thread 0x00000000157da800 nmethod 1230 0x00000000035af1d0 code [0x00000000035af320, 0x00000000035af568]
Event: 5.314 Thread 0x00000000157d7800 1231 %     4       com.android.dx.ssa.SsaMethod::computeReachability @ 8 (131 bytes)

GC Heap History (2 events):
Event: 3.450 GC heap before
{Heap before GC invocations=1 (full 0):
 PSYoungGen      total 38400K, used 33280K [0x00000000eab00000, 0x00000000ed580000, 0x0000000100000000)
  eden space 33280K, 100% used [0x00000000eab00000,0x00000000ecb80000,0x00000000ecb80000)
  from space 5120K, 0% used [0x00000000ed080000,0x00000000ed080000,0x00000000ed580000)
  to   space 5120K, 0% used [0x00000000ecb80000,0x00000000ecb80000,0x00000000ed080000)
 ParOldGen       total 87552K, used 0K [0x00000000c0000000, 0x00000000c5580000, 0x00000000eab00000)
  object space 87552K, 0% used [0x00000000c0000000,0x00000000c0000000,0x00000000c5580000)
 Metaspace       used 5731K, capacity 6832K, committed 7040K, reserved 1056768K
  class space    used 562K, capacity 616K, committed 640K, reserved 1048576K
Event: 3.520 GC heap after
Heap after GC invocations=1 (full 0):
 PSYoungGen      total 38400K, used 5098K [0x00000000eab00000, 0x00000000ef600000, 0x0000000100000000)
  eden space 33280K, 0% used [0x00000000eab00000,0x00000000eab00000,0x00000000ecb80000)
  from space 5120K, 99% used [0x00000000ecb80000,0x00000000ed07a878,0x00000000ed080000)
  to   space 5120K, 0% used [0x00000000ef100000,0x00000000ef100000,0x00000000ef600000)
 ParOldGen       total 87552K, used 3231K [0x00000000c0000000, 0x00000000c5580000, 0x00000000eab00000)
  object space 87552K, 3% used [0x00000000c0000000,0x00000000c0327d78,0x00000000c5580000)
 Metaspace       used 5731K, capacity 6832K, committed 7040K, reserved 1056768K
  class space    used 562K, capacity 616K, committed 640K, reserved 1048576K
}

Deoptimization events (10 events):
Event: 1.503 Thread 0x0000000016f60800 Uncommon trap: reason=class_check action=maybe_recompile pc=0x00000000033766a0 method=com.android.dx.rop.type.Type.equals(Ljava/lang/Object;)Z @ 8
Event: 1.503 Thread 0x0000000016f60800 Uncommon trap: reason=unstable_if action=reinterpret pc=0x00000000032fe45c method=com.android.dx.rop.code.RegisterSpec.equals(ILcom/android/dx/rop/type/TypeBearer;Lcom/android/dx/rop/code/LocalItem;)Z @ 16
Event: 1.503 Thread 0x0000000016f60800 Uncommon trap: reason=class_check action=maybe_recompile pc=0x00000000033766a0 method=com.android.dx.rop.type.Type.equals(Ljava/lang/Object;)Z @ 8
Event: 1.575 Thread 0x0000000016f5a800 Uncommon trap: reason=unstable_if action=reinterpret pc=0x00000000033d7a4c method=com.android.dx.rop.code.RegisterSpecSet.put(Lcom/android/dx/rop/code/RegisterSpec;)V @ 77
Event: 1.575 Thread 0x0000000016f5a800 Uncommon trap: reason=unstable_if action=reinterpret pc=0x000000000344c7bc method=com.android.dx.rop.code.RegisterSpecSet.put(Lcom/android/dx/rop/code/RegisterSpec;)V @ 77
Event: 1.586 Thread 0x0000000016f5a800 Uncommon trap: reason=unstable_if action=reinterpret pc=0x000000000348c2f8 method=com.android.dx.cf.code.Ropper.labelToResultIndex(I)I @ 34
Event: 1.588 Thread 0x0000000016f5a800 Uncommon trap: reason=null_check action=make_not_entrant pc=0x00000000033e1bf8 method=com.android.dx.ssa.SsaRenamer.getLocalForNewReg(I)Lcom/android/dx/rop/code/LocalItem; @ 19
Event: 1.589 Thread 0x0000000016f5a800 Uncommon trap: reason=null_check action=make_not_entrant pc=0x000000000337bfb8 method=com.android.dx.ssa.SsaRenamer.getLocalForNewReg(I)Lcom/android/dx/rop/code/LocalItem; @ 19
Event: 1.592 Thread 0x0000000016f5a800 Uncommon trap: reason=unstable_if action=reinterpret pc=0x00000000034f48d4 method=com.android.dx.util.LabeledList.set(ILcom/android/dx/util/LabeledItem;)V @ 16
Event: 1.604 Thread 0x0000000016f68000 Uncommon trap: reason=unstable_if action=reinterpret pc=0x00000000034a3bdc method=com.android.dx.rop.cst.Constant.compareTo(Lcom/android/dx/rop/cst/Constant;)I @ 12

Internal exceptions (4 events):
Event: 0.273 Thread 0x0000000002eb0800 Exception <a 'java/lang/NoSuchMethodError': Method sun.misc.Unsafe.defineClass(Ljava/lang/String;[BII)Ljava/lang/Class; name or signature does not match> (0x00000000eab07cc0) thrown at [C:\src\android\AOSP-openjdk\external\jetbrains\jdk\hotspot\src\share\vÅ¨o9Ç—?
Event: 0.274 Thread 0x0000000002eb0800 Exception <a 'java/lang/NoSuchMethodError': Method sun.misc.Unsafe.prefetchRead(Ljava/lang/Object;J)V name or signature does not match> (0x00000000eab07fa8) thrown at [C:\src\android\AOSP-openjdk\external\jetbrains\jdk\hotspot\src\share\vm\prims\jni.cpp, lı˘|·i˘?
Event: 1.588 Thread 0x0000000016f5a800 Implicit null exception at 0x00000000033df51a to 0x00000000033e1bbd
Event: 1.589 Thread 0x0000000016f5a800 Implicit null exception at 0x0000000003379a91 to 0x000000000337bf99

Events (10 events):
Event: 3.902 loading class com/android/dx/util/ListIntSet
Event: 3.903 loading class com/android/dx/util/ListIntSet done
Event: 3.903 Executing VM operation: Deoptimize
Event: 3.903 Executing VM operation: Deoptimize done
Event: 4.000 loading class com/android/dx/util/ListIntSet$1
Event: 4.000 loading class com/android/dx/util/ListIntSet$1 done
Event: 4.150 loading class com/android/dx/rop/code/RegisterSpec$1
Event: 4.150 loading class com/android/dx/rop/code/RegisterSpec$1 done
Event: 4.536 Executing VM operation: EnableBiasedLocking
Event: 4.540 Executing VM operation: EnableBiasedLocking done


Dynamic libraries:
0x00007ff6a7d30000 - 0x00007ff6a7d61000 	D:\android-studio\jre\bin\java.exe
0x00007ff920c10000 - 0x00007ff920de1000 	C:\WINDOWS\SYSTEM32\ntdll.dll
0x00007ff9205d0000 - 0x00007ff92067b000 	C:\WINDOWS\System32\KERNEL32.DLL
0x00007ff91cf50000 - 0x00007ff91d16d000 	C:\WINDOWS\System32\KERNELBASE.dll
0x00007ff91e010000 - 0x00007ff91e0b2000 	C:\WINDOWS\System32\ADVAPI32.dll
0x00007ff91e7e0000 - 0x00007ff91e87e000 	C:\WINDOWS\System32\msvcrt.dll
0x00007ff91e5f0000 - 0x00007ff91e649000 	C:\WINDOWS\System32\sechost.dll
0x00007ff920730000 - 0x00007ff920851000 	C:\WINDOWS\System32\RPCRT4.dll
0x00007ff920960000 - 0x00007ff920ac5000 	C:\WINDOWS\System32\USER32.dll
0x00007ff91dd30000 - 0x00007ff91dd4e000 	C:\WINDOWS\System32\win32u.dll
0x00007ff920680000 - 0x00007ff9206b4000 	C:\WINDOWS\System32\GDI32.dll
0x00007ff91de50000 - 0x00007ff91dfd2000 	C:\WINDOWS\System32\gdi32full.dll
0x00007ff916e20000 - 0x00007ff917099000 	C:\WINDOWS\WinSxS\amd64_microsoft.windows.common-controls_6595b64144ccf1df_6.0.14393.447_none_42191651c6827bb3\COMCTL32.dll
0x00007ff91e0c0000 - 0x00007ff91e387000 	C:\WINDOWS\System32\combase.dll
0x00007ff91dd50000 - 0x00007ff91de45000 	C:\WINDOWS\System32\ucrtbase.dll
0x00007ff91d170000 - 0x00007ff91d1da000 	C:\WINDOWS\System32\bcryptPrimitives.dll
0x00007ff91e650000 - 0x00007ff91e67e000 	C:\WINDOWS\System32\IMM32.DLL
0x000000005ac10000 - 0x000000005ace2000 	D:\android-studio\jre\jre\bin\msvcr100.dll
0x000000005a1c0000 - 0x000000005a9f4000 	D:\android-studio\jre\jre\bin\server\jvm.dll
0x00007ff91dd00000 - 0x00007ff91dd23000 	C:\WINDOWS\System32\WINMM.dll
0x00007ff91ce60000 - 0x00007ff91ce8b000 	C:\WINDOWS\System32\WINMMBASE.dll
0x00007ff91dc60000 - 0x00007ff91dca2000 	C:\WINDOWS\System32\cfgmgr32.dll
0x00007ff9205c0000 - 0x00007ff9205c8000 	C:\WINDOWS\System32\PSAPI.DLL
0x00007ff8f9890000 - 0x00007ff8f9899000 	C:\WINDOWS\SYSTEM32\WSOCK32.dll
0x00007ff91fe60000 - 0x00007ff91feca000 	C:\WINDOWS\System32\WS2_32.dll
0x00007ff919b80000 - 0x00007ff919b8a000 	C:\WINDOWS\SYSTEM32\VERSION.dll
0x00007ff91b350000 - 0x00007ff91b35f000 	D:\android-studio\jre\jre\bin\verify.dll
0x00007ff9120e0000 - 0x00007ff912109000 	D:\android-studio\jre\jre\bin\java.dll
0x00007ff918f90000 - 0x00007ff918fa6000 	D:\android-studio\jre\jre\bin\zip.dll
0x00007ff91e8e0000 - 0x00007ff91fde9000 	C:\WINDOWS\System32\SHELL32.dll
0x00007ff91d300000 - 0x00007ff91d9da000 	C:\WINDOWS\System32\windows.storage.dll
0x00007ff91dcb0000 - 0x00007ff91dcfc000 	C:\WINDOWS\System32\powrprof.dll
0x00007ff9206d0000 - 0x00007ff920722000 	C:\WINDOWS\System32\shlwapi.dll
0x00007ff91ce90000 - 0x00007ff91ce9f000 	C:\WINDOWS\System32\kernel.appcore.dll
0x00007ff91dbb0000 - 0x00007ff91dc59000 	C:\WINDOWS\System32\shcore.dll
0x00007ff91ce40000 - 0x00007ff91ce54000 	C:\WINDOWS\System32\profapi.dll

VM Arguments:
jvm_args: -Djava.awt.headless=true -Xmx1024M -Dfile.encoding=GBK -Duser.country=CN -Duser.language=zh -Duser.variant 
java_command: com.android.dx.command.Main --dex --force-jumbo --num-threads=4 --multi-dex --output E:\workspace\SmartCity\app\build\intermediates\transforms\dex\debug\folders\1000\5\slice_5 E:\workspace\SmartCity\app\build\intermediates\transforms\instantRunSlicer\debug\folders\1\5\slice_5
java_class_path (initial): D:\ADT-Bundle\sdk\build-tools\25.0.0\lib\dx.jar
Launcher Type: SUN_STANDARD

Environment Variables:
JAVA_HOME=C:\Program Files\Java\jdk1.8.0_111
CLASSPATH=C:\Program Files\Java\jdk1.8.0_111\lib\dt.jar;C:\Program Files\Java\jdk1.8.0_111\lib\tools.jar
PATH=C:\ProgramData\Oracle\Java\javapath;C:\Windows\system32;C:\Windows;C:\Windows\System32\Wbem;C:\Windows\System32\WindowsPowerShell\v1.0\;C:\Program Files (x86)\NVIDIA Corporation\PhysX\Common;%JAVA_HOME%\bin;%JAVA_HOME%\jre\bin;D:\ADT-Bundle\sdk\platform-tools;C:\Program Files (x86)\decomp;%GRADLE_HOME%\bin;C:\Program Files\Git\bin;C:\WINDOWS\system32;C:\WINDOWS;C:\WINDOWS\System32\Wbem;C:\WINDOWS\System32\WindowsPowerShell\v1.0\;C:\Users\AllenIverson\AppData\Local\Microsoft\WindowsApps;
USERNAME=AllenIverson
OS=Windows_NT
PROCESSOR_IDENTIFIER=Intel64 Family 6 Model 42 Stepping 7, GenuineIntel



---------------  S Y S T E M  ---------------

OS: Windows 10.0 , 64 bit Build 14393 (10.0.14393.0)

CPU:total 4 (2 cores per cpu, 2 threads per core) family 6 model 42 stepping 7, cmov, cx8, fxsr, mmx, sse, sse2, sse3, ssse3, sse4.1, sse4.2, popcnt, avx, aes, clmul, ht, tsc, tscinvbit

Memory: 4k page, physical 8364836k(1203708k free), swap 8364836k(4284k free)

vm_info: OpenJDK 64-Bit Server VM (25.76-b03) for windows-amd64 JRE (1.8.0_76-release-b03), built on Jun 29 2016 19:09:20 by "ralucas" with MS VC++ 10.0 (VS2010)

time: Tue Dec 13 23:59:14 2016
elapsed time: 5 seconds (0d 0h 0m 5s)

