#
# There is insufficient memory for the Java Runtime Environment to continue.
# Native memory allocation (malloc) failed to allocate 32784 bytes for Chunk::new
# Possible reasons:
#   The system is out of physical RAM or swap space
#   In 32 bit mode, the process size limit was hit
# Possible solutions:
#   Reduce memory load on the system
#   Increase physical memory or swap space
#   Check if swap backing store is full
#   Use 64 bit Java on a 64 bit OS
#   Decrease Java heap size (-Xmx/-Xms)
#   Decrease number of Java threads
#   Decrease Java thread stack sizes (-Xss)
#   Set larger code cache with -XX:ReservedCodeCacheSize=
# This output file may be truncated or incomplete.
#
#  Out of Memory Error (allocation.cpp:390), pid=12584, tid=0x0000000000004fb0
#
# JRE version: OpenJDK Runtime Environment (8.0_76-b03) (build 1.8.0_76-release-b03)
# Java VM: OpenJDK 64-Bit Server VM (25.76-b03 mixed mode windows-amd64 compressed oops)
# Failed to write core dump. Minidumps are not enabled by default on client versions of Windows
#

---------------  T H R E A D  ---------------

Current thread (0x0000000014f47800):  JavaThread "C2 CompilerThread0" daemon [_thread_in_native, id=20400, stack(0x00000000164a0000,0x00000000165a0000)]

Stack: [0x00000000164a0000,0x00000000165a0000]
[error occurred during error reporting (printing stack bounds), id 0xc0000005]

Native frames: (J=compiled Java code, j=interpreted, Vv=VM code, C=native code)


Current CompileTask:
C2:  16059 2537       4       com.android.dx.rop.cst.CstBaseMethodRef::getPrototype (41 bytes)


---------------  P R O C E S S  ---------------

Java Threads: ( => current thread )
  0x0000000016922000 JavaThread "pool-1-thread-1" [_thread_in_Java, id=18212, stack(0x0000000019a40000,0x0000000019b40000)]
  0x00000000166fd800 JavaThread "Service Thread" daemon [_thread_blocked, id=20076, stack(0x0000000016ba0000,0x0000000016ca0000)]
  0x00000000166f4800 JavaThread "C1 CompilerThread2" daemon [_thread_blocked, id=9536, stack(0x0000000016aa0000,0x0000000016ba0000)]
  0x0000000014f4a800 JavaThread "C2 CompilerThread1" daemon [_thread_in_native, id=14272, stack(0x00000000165a0000,0x00000000166a0000)]
=>0x0000000014f47800 JavaThread "C2 CompilerThread0" daemon [_thread_in_native, id=20400, stack(0x00000000164a0000,0x00000000165a0000)]
  0x0000000014f46800 JavaThread "Attach Listener" daemon [_thread_blocked, id=17356, stack(0x00000000163a0000,0x00000000164a0000)]
  0x0000000014efa000 JavaThread "Signal Dispatcher" daemon [_thread_blocked, id=19696, stack(0x00000000162a0000,0x00000000163a0000)]
  0x0000000014ed8800 JavaThread "Finalizer" daemon [_thread_blocked, id=3880, stack(0x0000000016140000,0x0000000016240000)]
  0x000000000280f000 JavaThread "Reference Handler" daemon [_thread_blocked, id=13412, stack(0x0000000016040000,0x0000000016140000)]
  0x0000000002720800 JavaThread "main" [_thread_blocked, id=9028, stack(0x0000000002580000,0x0000000002680000)]

Other Threads:
  0x0000000014eb6000 VMThread [stack: 0x0000000015f40000,0x0000000016040000] [id=5052]
  0x00000000166ff000 WatcherThread [stack: 0x0000000016ca0000,0x0000000016da0000] [id=6148]

VM state:not at safepoint (normal execution)

VM Mutex/Monitor currently owned by a thread: None

Heap:
 PSYoungGen      total 138240K, used 43735K [0x00000000eab00000, 0x00000000f3700000, 0x0000000100000000)
  eden space 133120K, 29% used [0x00000000eab00000,0x00000000ed0bb758,0x00000000f2d00000)
  from space 5120K, 99% used [0x00000000f3200000,0x00000000f36fa608,0x00000000f3700000)
  to   space 5120K, 0% used [0x00000000f2d00000,0x00000000f2d00000,0x00000000f3200000)
 ParOldGen       total 87552K, used 24698K [0x00000000c0000000, 0x00000000c5580000, 0x00000000eab00000)
  object space 87552K, 28% used [0x00000000c0000000,0x00000000c181ebb8,0x00000000c5580000)
 Metaspace       used 6653K, capacity 7472K, committed 7552K, reserved 1056768K
  class space    used 606K, capacity 616K, committed 640K, reserved 1048576K

Card table byte_map: [0x0000000011be0000,0x0000000011df0000] byte_map_base: 0x00000000115e0000

Marking Bits: (ParMarkBitMap*) 0x000000005a979d00
 Begin Bits: [0x0000000012350000, 0x0000000013350000)
 End Bits:   [0x0000000013350000, 0x0000000014350000)

Polling page: 0x0000000002680000

CodeCache: size=245760Kb used=11247Kb max_used=11247Kb free=234512Kb
 bounds [0x0000000002820000, 0x0000000003330000, 0x0000000011820000]
 total_blobs=2664 nmethods=2398 adapters=179
 compilation: enabled

Compilation events (10 events):
Event: 16.022 Thread 0x00000000166f4800 nmethod 2531 0x000000000331c690 code [0x000000000331c960, 0x000000000331e208]
Event: 16.022 Thread 0x00000000166f4800 2534       3       com.android.dx.dex.code.DalvInsnList::getOutsSize (105 bytes)
Event: 16.023 Thread 0x00000000166f4800 nmethod 2534 0x000000000331ec10 code [0x000000000331ee00, 0x000000000331fc68]
Event: 16.023 Thread 0x00000000166f4800 2535   !   3       com.android.dx.dex.code.DalvInsnList::writeTo (254 bytes)
Event: 16.023 Thread 0x0000000014f47800 2537       4       com.android.dx.rop.cst.CstBaseMethodRef::getPrototype (41 bytes)
Event: 16.028 Thread 0x00000000166f4800 nmethod 2535 0x0000000003320050 code [0x00000000033204e0, 0x0000000003323618]
Event: 16.028 Thread 0x00000000166f4800 2536       3       com.android.dx.dex.code.InsnFormat::codeUnit (89 bytes)
Event: 16.028 Thread 0x00000000166f4800 nmethod 2536 0x0000000003316810 code [0x00000000033169c0, 0x0000000003316ef8]
Event: 16.028 Thread 0x00000000166f4800 2533       3       com.android.dx.dex.code.InsnFormat::codeUnit (46 bytes)
Event: 16.029 Thread 0x00000000166f4800 nmethod 2533 0x0000000003316210 code [0x00000000033163a0, 0x00000000033166d8]

GC Heap History (8 events):
Event: 3.121 GC heap before
{Heap before GC invocations=1 (full 0):
 PSYoungGen      total 38400K, used 33280K [0x00000000eab00000, 0x00000000ed580000, 0x0000000100000000)
  eden space 33280K, 100% used [0x00000000eab00000,0x00000000ecb80000,0x00000000ecb80000)
  from space 5120K, 0% used [0x00000000ed080000,0x00000000ed080000,0x00000000ed580000)
  to   space 5120K, 0% used [0x00000000ecb80000,0x00000000ecb80000,0x00000000ed080000)
 ParOldGen       total 87552K, used 0K [0x00000000c0000000, 0x00000000c5580000, 0x00000000eab00000)
  object space 87552K, 0% used [0x00000000c0000000,0x00000000c0000000,0x00000000c5580000)
 Metaspace       used 5808K, capacity 6896K, committed 7040K, reserved 1056768K
  class space    used 562K, capacity 616K, committed 640K, reserved 1048576K
Event: 3.265 GC heap after
Heap after GC invocations=1 (full 0):
 PSYoungGen      total 38400K, used 5106K [0x00000000eab00000, 0x00000000ef600000, 0x0000000100000000)
  eden space 33280K, 0% used [0x00000000eab00000,0x00000000eab00000,0x00000000ecb80000)
  from space 5120K, 99% used [0x00000000ecb80000,0x00000000ed07cab8,0x00000000ed080000)
  to   space 5120K, 0% used [0x00000000ef100000,0x00000000ef100000,0x00000000ef600000)
 ParOldGen       total 87552K, used 1254K [0x00000000c0000000, 0x00000000c5580000, 0x00000000eab00000)
  object space 87552K, 1% used [0x00000000c0000000,0x00000000c0139bc0,0x00000000c5580000)
 Metaspace       used 5808K, capacity 6896K, committed 7040K, reserved 1056768K
  class space    used 562K, capacity 616K, committed 640K, reserved 1048576K
}
Event: 5.587 GC heap before
{Heap before GC invocations=2 (full 0):
 PSYoungGen      total 38400K, used 38386K [0x00000000eab00000, 0x00000000ef600000, 0x0000000100000000)
  eden space 33280K, 100% used [0x00000000eab00000,0x00000000ecb80000,0x00000000ecb80000)
  from space 5120K, 99% used [0x00000000ecb80000,0x00000000ed07cab8,0x00000000ed080000)
  to   space 5120K, 0% used [0x00000000ef100000,0x00000000ef100000,0x00000000ef600000)
 ParOldGen       total 87552K, used 1254K [0x00000000c0000000, 0x00000000c5580000, 0x00000000eab00000)
  object space 87552K, 1% used [0x00000000c0000000,0x00000000c0139bc0,0x00000000c5580000)
 Metaspace       used 6018K, capacity 7088K, committed 7296K, reserved 1056768K
  class space    used 565K, capacity 616K, committed 640K, reserved 1048576K
Event: 5.619 GC heap after
Heap after GC invocations=2 (full 0):
 PSYoungGen      total 71680K, used 5089K [0x00000000eab00000, 0x00000000ef600000, 0x0000000100000000)
  eden space 66560K, 0% used [0x00000000eab00000,0x00000000eab00000,0x00000000eec00000)
  from space 5120K, 99% used [0x00000000ef100000,0x00000000ef5f8770,0x00000000ef600000)
  to   space 5120K, 0% used [0x00000000eec00000,0x00000000eec00000,0x00000000ef100000)
 ParOldGen       total 87552K, used 5334K [0x00000000c0000000, 0x00000000c5580000, 0x00000000eab00000)
  object space 87552K, 6% used [0x00000000c0000000,0x00000000c0535ac8,0x00000000c5580000)
 Metaspace       used 6018K, capacity 7088K, committed 7296K, reserved 1056768K
  class space    used 565K, capacity 616K, committed 640K, reserved 1048576K
}
Event: 8.947 GC heap before
{Heap before GC invocations=3 (full 0):
 PSYoungGen      total 71680K, used 71649K [0x00000000eab00000, 0x00000000ef600000, 0x0000000100000000)
  eden space 66560K, 100% used [0x00000000eab00000,0x00000000eec00000,0x00000000eec00000)
  from space 5120K, 99% used [0x00000000ef100000,0x00000000ef5f8770,0x00000000ef600000)
  to   space 5120K, 0% used [0x00000000eec00000,0x00000000eec00000,0x00000000ef100000)
 ParOldGen       total 87552K, used 5334K [0x00000000c0000000, 0x00000000c5580000, 0x00000000eab00000)
  object space 87552K, 6% used [0x00000000c0000000,0x00000000c0535ac8,0x00000000c5580000)
 Metaspace       used 6173K, capacity 7088K, committed 7296K, reserved 1056768K
  class space    used 585K, capacity 616K, committed 640K, reserved 1048576K
Event: 8.976 GC heap after
Heap after GC invocations=3 (full 0):
 PSYoungGen      total 71680K, used 5098K [0x00000000eab00000, 0x00000000f3700000, 0x0000000100000000)
  eden space 66560K, 0% used [0x00000000eab00000,0x00000000eab00000,0x00000000eec00000)
  from space 5120K, 99% used [0x00000000eec00000,0x00000000ef0fab00,0x00000000ef100000)
  to   space 5120K, 0% used [0x00000000f3200000,0x00000000f3200000,0x00000000f3700000)
 ParOldGen       total 87552K, used 15085K [0x00000000c0000000, 0x00000000c5580000, 0x00000000eab00000)
  object space 87552K, 17% used [0x00000000c0000000,0x00000000c0ebb530,0x00000000c5580000)
 Metaspace       used 6173K, capacity 7088K, committed 7296K, reserved 1056768K
  class space    used 585K, capacity 616K, committed 640K, reserved 1048576K
}
Event: 10.735 GC heap before
{Heap before GC invocations=4 (full 0):
 PSYoungGen      total 71680K, used 71658K [0x00000000eab00000, 0x00000000f3700000, 0x0000000100000000)
  eden space 66560K, 100% used [0x00000000eab00000,0x00000000eec00000,0x00000000eec00000)
  from space 5120K, 99% used [0x00000000eec00000,0x00000000ef0fab00,0x00000000ef100000)
  to   space 5120K, 0% used [0x00000000f3200000,0x00000000f3200000,0x00000000f3700000)
 ParOldGen       total 87552K, used 15085K [0x00000000c0000000, 0x00000000c5580000, 0x00000000eab00000)
  object space 87552K, 17% used [0x00000000c0000000,0x00000000c0ebb530,0x00000000c5580000)
 Metaspace       used 6209K, capacity 7152K, committed 7296K, reserved 1056768K
  class space    used 587K, capacity 616K, committed 640K, reserved 1048576K
Event: 11.055 GC heap after
Heap after GC invocations=4 (full 0):
 PSYoungGen      total 138240K, used 5097K [0x00000000eab00000, 0x00000000f3700000, 0x0000000100000000)
  eden space 133120K, 0% used [0x00000000eab00000,0x00000000eab00000,0x00000000f2d00000)
  from space 5120K, 99% used [0x00000000f3200000,0x00000000f36fa608,0x00000000f3700000)
  to   space 5120K, 0% used [0x00000000f2d00000,0x00000000f2d00000,0x00000000f3200000)
 ParOldGen       total 87552K, used 24698K [0x00000000c0000000, 0x00000000c5580000, 0x00000000eab00000)
  object space 87552K, 28% used [0x00000000c0000000,0x00000000c181ebb8,0x00000000c5580000)
 Metaspace       used 6209K, capacity 7152K, committed 7296K, reserved 1056768K
  class space    used 587K, capacity 616K, committed 640K, reserved 1048576K
}

Deoptimization events (10 events):
Event: 14.472 Thread 0x0000000016922000 Uncommon trap: reason=speculate_class_check action=maybe_recompile pc=0x0000000002beaf4c method=com.android.dx.util.FixedSizeList.equals(Ljava/lang/Object;)Z @ 25
Event: 14.472 Thread 0x0000000016922000 Uncommon trap: reason=speculate_class_check action=maybe_recompile pc=0x0000000002beaf4c method=com.android.dx.util.FixedSizeList.equals(Ljava/lang/Object;)Z @ 25
Event: 14.473 Thread 0x0000000016922000 Uncommon trap: reason=unstable_if action=reinterpret pc=0x00000000031893b0 method=java.util.TreeMap.put(Ljava/lang/Object;Ljava/lang/Object;)Ljava/lang/Object; @ 163
Event: 15.217 Thread 0x0000000016922000 Uncommon trap: reason=unstable_if action=reinterpret pc=0x0000000003241934 method=com.android.dx.dex.code.OutputFinisher.align64bits([Lcom/android/dx/dex/code/Dop;)V @ 130
Event: 15.283 Thread 0x0000000016922000 Uncommon trap: reason=unstable_if action=reinterpret pc=0x000000000325ed24 method=com.android.dx.dex.code.StdCatchBuilder.handlersFor(Lcom/android/dx/rop/code/BasicBlock;Lcom/android/dx/dex/code/BlockAddresses;)Lcom/android/dx/dex/code/CatchHandlerList; @ ×EÅ©%/@
Event: 15.574 Thread 0x0000000016922000 Uncommon trap: reason=unstable_if action=reinterpret pc=0x0000000003290bd4 method=com.android.dx.dex.code.LocalList$MakeState.startLocal(ILcom/android/dx/rop/code/RegisterSpec;)V @ 121
Event: 15.582 Thread 0x0000000016922000 Uncommon trap: reason=unstable_if action=reinterpret pc=0x0000000003205fa0 method=java.util.ArrayList.<init>(I)V @ 5
Event: 15.847 Thread 0x0000000016922000 Uncommon trap: reason=unstable_if action=reinterpret pc=0x00000000032cd164 method=com.android.dx.dex.file.DebugInfoEncoder.emitLocalsAtAddress(I)I @ 137
Event: 15.903 Thread 0x0000000016922000 Uncommon trap: reason=unstable_if action=reinterpret pc=0x00000000031ccb5c method=com.android.dx.util.ByteArrayAnnotatedOutput.ensureCapacity(I)V @ 6
Event: 15.933 Thread 0x0000000016922000 Uncommon trap: reason=unstable_if action=reinterpret pc=0x00000000032a3344 method=com.android.dx.util.ByteArrayAnnotatedOutput.writeByte(I)V @ 13

Internal exceptions (8 events):
Event: 0.086 Thread 0x0000000002720800 Exception <a 'java/lang/NoSuchMethodError': Method sun.misc.Unsafe.defineClass(Ljava/lang/String;[BII)Ljava/lang/Class; name or signature does not match> (0x00000000eab07cc0) thrown at [C:\src\android\AOSP-openjdk\external\jetbrains\jdk\hotspot\src\share\vY>I#|¶?
Event: 0.086 Thread 0x0000000002720800 Exception <a 'java/lang/NoSuchMethodError': Method sun.misc.Unsafe.prefetchRead(Ljava/lang/Object;J)V name or signature does not match> (0x00000000eab07fa8) thrown at [C:\src\android\AOSP-openjdk\external\jetbrains\jdk\hotspot\src\share\vm\prims\jni.cpp, l<92‚w¦ÿ?
Event: 1.978 Thread 0x00000000168fd000 Implicit null exception at 0x0000000002bb7762 to 0x0000000002bb7861
Event: 2.789 Thread 0x000000001691c000 Implicit null exception at 0x0000000002b90fb2 to 0x0000000002b93811
Event: 2.789 Thread 0x000000001691c000 Implicit null exception at 0x0000000002b80829 to 0x0000000002b82a09
Event: 5.671 Thread 0x0000000016920800 Exception <a 'java/lang/ArrayIndexOutOfBoundsException': 18> (0x00000000eb182bb8) thrown at [C:\src\android\AOSP-openjdk\external\jetbrains\jdk\hotspot\src\share\vm\interpreter\interpreterRuntime.cpp, line 366]
Event: 5.672 Thread 0x0000000016920800 Exception <a 'java/lang/ArrayIndexOutOfBoundsException': 145> (0x00000000eb184738) thrown at [C:\src\android\AOSP-openjdk\external\jetbrains\jdk\hotspot\src\share\vm\interpreter\interpreterRuntime.cpp, line 366]
Event: 5.673 Thread 0x0000000016920800 Exception <a 'java/lang/ArrayIndexOutOfBoundsException'> (0x00000000eb185a20) thrown at [C:\src\android\AOSP-openjdk\external\jetbrains\jdk\hotspot\src\share\vm\runtime\sharedRuntime.cpp, line 605]

Events (10 events):
Event: 15.903 Thread 0x0000000016922000 Uncommon trap: trap_request=0xffffff65 fr.pc=0x00000000031ccb5c
Event: 15.903 Thread 0x0000000016922000 DEOPT PACKING pc=0x00000000031ccb5c sp=0x0000000019b3ea80
Event: 15.903 Thread 0x0000000016922000 DEOPT UNPACKING pc=0x000000000286556a sp=0x0000000019b3ea08 mode 2
Event: 15.906 loading class com/android/dx/dex/file/MapItem
Event: 15.906 loading class com/android/dx/dex/file/MapItem done
Event: 15.915 loading class com/android/dex/DexFormat
Event: 15.915 loading class com/android/dex/DexFormat done
Event: 15.933 Thread 0x0000000016922000 Uncommon trap: trap_request=0xffffff65 fr.pc=0x00000000032a3344
Event: 15.933 Thread 0x0000000016922000 DEOPT PACKING pc=0x00000000032a3344 sp=0x0000000019b3ecc0
Event: 15.933 Thread 0x0000000016922000 DEOPT UNPACKING pc=0x000000000286556a sp=0x0000000019b3ec78 mode 2


Dynamic libraries:
0x00007ff7cb9f0000 - 0x00007ff7cba21000 	D:\android-studio\jre\bin\java.exe
0x00007ff920c10000 - 0x00007ff920de1000 	C:\WINDOWS\SYSTEM32\ntdll.dll
0x00007ff9205d0000 - 0x00007ff92067b000 	C:\WINDOWS\System32\KERNEL32.DLL
0x00007ff91cf50000 - 0x00007ff91d16d000 	C:\WINDOWS\System32\KERNELBASE.dll
0x00007ff91e010000 - 0x00007ff91e0b2000 	C:\WINDOWS\System32\ADVAPI32.dll
0x00007ff91e7e0000 - 0x00007ff91e87e000 	C:\WINDOWS\System32\msvcrt.dll
0x00007ff91e5f0000 - 0x00007ff91e649000 	C:\WINDOWS\System32\sechost.dll
0x00007ff920730000 - 0x00007ff920851000 	C:\WINDOWS\System32\RPCRT4.dll
0x00007ff920960000 - 0x00007ff920ac5000 	C:\WINDOWS\System32\USER32.dll
0x00007ff91dd30000 - 0x00007ff91dd4e000 	C:\WINDOWS\System32\win32u.dll
0x00007ff920680000 - 0x00007ff9206b4000 	C:\WINDOWS\System32\GDI32.dll
0x00007ff91de50000 - 0x00007ff91dfd2000 	C:\WINDOWS\System32\gdi32full.dll
0x00007ff916e20000 - 0x00007ff917099000 	C:\WINDOWS\WinSxS\amd64_microsoft.windows.common-controls_6595b64144ccf1df_6.0.14393.447_none_42191651c6827bb3\COMCTL32.dll
0x00007ff91e0c0000 - 0x00007ff91e387000 	C:\WINDOWS\System32\combase.dll
0x00007ff91dd50000 - 0x00007ff91de45000 	C:\WINDOWS\System32\ucrtbase.dll
0x00007ff91d170000 - 0x00007ff91d1da000 	C:\WINDOWS\System32\bcryptPrimitives.dll
0x00007ff91e650000 - 0x00007ff91e67e000 	C:\WINDOWS\System32\IMM32.DLL
0x000000005ac10000 - 0x000000005ace2000 	D:\android-studio\jre\jre\bin\msvcr100.dll
0x000000005a1c0000 - 0x000000005a9f4000 	D:\android-studio\jre\jre\bin\server\jvm.dll
0x00007ff91dd00000 - 0x00007ff91dd23000 	C:\WINDOWS\System32\WINMM.dll
0x00007ff91ce60000 - 0x00007ff91ce8b000 	C:\WINDOWS\System32\WINMMBASE.dll
0x00007ff91dc60000 - 0x00007ff91dca2000 	C:\WINDOWS\System32\cfgmgr32.dll
0x00007ff9205c0000 - 0x00007ff9205c8000 	C:\WINDOWS\System32\PSAPI.DLL
0x00007ff8f9890000 - 0x00007ff8f9899000 	C:\WINDOWS\SYSTEM32\WSOCK32.dll
0x00007ff91fe60000 - 0x00007ff91feca000 	C:\WINDOWS\System32\WS2_32.dll
0x00007ff919b80000 - 0x00007ff919b8a000 	C:\WINDOWS\SYSTEM32\VERSION.dll
0x00007ff91b350000 - 0x00007ff91b35f000 	D:\android-studio\jre\jre\bin\verify.dll
0x00007ff913180000 - 0x00007ff9131a9000 	D:\android-studio\jre\jre\bin\java.dll
0x00007ff918f90000 - 0x00007ff918fa6000 	D:\android-studio\jre\jre\bin\zip.dll
0x00007ff91e8e0000 - 0x00007ff91fde9000 	C:\WINDOWS\System32\SHELL32.dll
0x00007ff91d300000 - 0x00007ff91d9da000 	C:\WINDOWS\System32\windows.storage.dll
0x00007ff91dcb0000 - 0x00007ff91dcfc000 	C:\WINDOWS\System32\powrprof.dll
0x00007ff9206d0000 - 0x00007ff920722000 	C:\WINDOWS\System32\shlwapi.dll
0x00007ff91ce90000 - 0x00007ff91ce9f000 	C:\WINDOWS\System32\kernel.appcore.dll
0x00007ff91dbb0000 - 0x00007ff91dc59000 	C:\WINDOWS\System32\shcore.dll
0x00007ff91ce40000 - 0x00007ff91ce54000 	C:\WINDOWS\System32\profapi.dll

VM Arguments:
jvm_args: -Djava.awt.headless=true -Xmx1024M -Dfile.encoding=GBK -Duser.country=CN -Duser.language=zh -Duser.variant 
java_command: com.android.dx.command.Main --dex --force-jumbo --num-threads=4 --multi-dex --output E:\workspace\SmartCity\app\build\intermediates\transforms\dex\debug\folders\1000\10\com.android.support-recyclerview-v7-25.0.1_5062239e7be70bb4956a7021af41fb3fc693dc17 E:\workspace\SmartCity\app\build\intermediates\exploded-aar\com.android.support\recyclerview-v7\25.0.1\jars\classes.jar
java_class_path (initial): D:\ADT-Bundle\sdk\build-tools\25.0.0\lib\dx.jar
Launcher Type: SUN_STANDARD

Environment Variables:
JAVA_HOME=C:\Program Files\Java\jdk1.8.0_111
CLASSPATH=C:\Program Files\Java\jdk1.8.0_111\lib\dt.jar;C:\Program Files\Java\jdk1.8.0_111\lib\tools.jar
PATH=C:\ProgramData\Oracle\Java\javapath;C:\Windows\system32;C:\Windows;C:\Windows\System32\Wbem;C:\Windows\System32\WindowsPowerShell\v1.0\;C:\Program Files (x86)\NVIDIA Corporation\PhysX\Common;%JAVA_HOME%\bin;%JAVA_HOME%\jre\bin;D:\ADT-Bundle\sdk\platform-tools;C:\Program Files (x86)\decomp;%GRADLE_HOME%\bin;C:\Program Files\Git\bin;C:\WINDOWS\system32;C:\WINDOWS;C:\WINDOWS\System32\Wbem;C:\WINDOWS\System32\WindowsPowerShell\v1.0\;C:\Users\AllenIverson\AppData\Local\Microsoft\WindowsApps;
USERNAME=AllenIverson
OS=Windows_NT
PROCESSOR_IDENTIFIER=Intel64 Family 6 Model 42 Stepping 7, GenuineIntel



---------------  S Y S T E M  ---------------

OS: Windows 10.0 , 64 bit Build 14393 (10.0.14393.0)

CPU:total 4 (2 cores per cpu, 2 threads per core) family 6 model 42 stepping 7, cmov, cx8, fxsr, mmx, sse, sse2, sse3, ssse3, sse4.1, sse4.2, popcnt, avx, aes, clmul, ht, tsc, tscinvbit

Memory: 4k page, physical 8364836k(1864460k free), swap 8364836k(3076k free)

vm_info: OpenJDK 64-Bit Server VM (25.76-b03) for windows-amd64 JRE (1.8.0_76-release-b03), built on Jun 29 2016 19:09:20 by "ralucas" with MS VC++ 10.0 (VS2010)

time: Fri Dec 16 12:25:06 2016
elapsed time: 16 seconds (0d 0h 0m 16s)

