#
# There is insufficient memory for the Java Runtime Environment to continue.
# Native memory allocation (malloc) failed to allocate 447616 bytes for Chunk::new
# Possible reasons:
#   The system is out of physical RAM or swap space
#   In 32 bit mode, the process size limit was hit
# Possible solutions:
#   Reduce memory load on the system
#   Increase physical memory or swap space
#   Check if swap backing store is full
#   Use 64 bit Java on a 64 bit OS
#   Decrease Java heap size (-Xmx/-Xms)
#   Decrease number of Java threads
#   Decrease Java thread stack sizes (-Xss)
#   Set larger code cache with -XX:ReservedCodeCacheSize=
# This output file may be truncated or incomplete.
#
#  Out of Memory Error (allocation.cpp:390), pid=10156, tid=0x0000000000003200
#
# JRE version: OpenJDK Runtime Environment (8.0_76-b03) (build 1.8.0_76-release-b03)
# Java VM: OpenJDK 64-Bit Server VM (25.76-b03 mixed mode windows-amd64 compressed oops)
# Failed to write core dump. Minidumps are not enabled by default on client versions of Windows
#

---------------  T H R E A D  ---------------

Current thread (0x0000000015bfb800):  JavaThread "C2 CompilerThread1" daemon [_thread_in_native, id=12800, stack(0x0000000017270000,0x0000000017370000)]

Stack: [0x0000000017270000,0x0000000017370000]
[error occurred during error reporting (printing stack bounds), id 0xc0000005]

Native frames: (J=compiled Java code, j=interpreted, Vv=VM code, C=native code)


Current CompileTask:
C2:   2182 1062       4       com.android.dx.dex.code.OutputFinisher::addConstants (93 bytes)


---------------  P R O C E S S  ---------------

Java Threads: ( => current thread )
  0x00000000175d9800 JavaThread "pool-1-thread-1" [_thread_in_vm, id=4020, stack(0x0000000018770000,0x0000000018870000)]
  0x00000000173f1000 JavaThread "Service Thread" daemon [_thread_blocked, id=8776, stack(0x0000000017870000,0x0000000017970000)]
  0x0000000017373800 JavaThread "C1 CompilerThread2" daemon [_thread_blocked, id=12120, stack(0x0000000017770000,0x0000000017870000)]
=>0x0000000015bfb800 JavaThread "C2 CompilerThread1" daemon [_thread_in_native, id=12800, stack(0x0000000017270000,0x0000000017370000)]
  0x0000000015bf9000 JavaThread "C2 CompilerThread0" daemon [_thread_blocked, id=5024, stack(0x0000000017170000,0x0000000017270000)]
  0x0000000015bae000 JavaThread "Attach Listener" daemon [_thread_blocked, id=7692, stack(0x0000000017070000,0x0000000017170000)]
  0x0000000015bad000 JavaThread "Signal Dispatcher" daemon [_thread_blocked, id=14460, stack(0x0000000016f70000,0x0000000017070000)]
  0x0000000015b87800 JavaThread "Finalizer" daemon [_thread_blocked, id=1980, stack(0x0000000016e10000,0x0000000016f10000)]
  0x0000000015b66800 JavaThread "Reference Handler" daemon [_thread_blocked, id=188, stack(0x0000000016d10000,0x0000000016e10000)]
  0x00000000033d0800 JavaThread "main" [_thread_blocked, id=12216, stack(0x00000000032d0000,0x00000000033d0000)]

Other Threads:
  0x0000000015b66000 VMThread [stack: 0x0000000016c10000,0x0000000016d10000] [id=17988]
  0x000000001740a000 WatcherThread [stack: 0x0000000017970000,0x0000000017a70000] [id=17684]

VM state:not at safepoint (normal execution)

VM Mutex/Monitor currently owned by a thread:  ([mutex/lock_event])
[0x00000000032cbe60] AdapterHandlerLibrary_lock - owner thread: 0x00000000175d9800

Heap:
 PSYoungGen      total 38400K, used 22257K [0x00000000eab00000, 0x00000000ed580000, 0x0000000100000000)
  eden space 33280K, 66% used [0x00000000eab00000,0x00000000ec0bc448,0x00000000ecb80000)
  from space 5120K, 0% used [0x00000000ed080000,0x00000000ed080000,0x00000000ed580000)
  to   space 5120K, 0% used [0x00000000ecb80000,0x00000000ecb80000,0x00000000ed080000)
 ParOldGen       total 87552K, used 0K [0x00000000c0000000, 0x00000000c5580000, 0x00000000eab00000)
  object space 87552K, 0% used [0x00000000c0000000,0x00000000c0000000,0x00000000c5580000)
 Metaspace       used 5848K, capacity 6896K, committed 7040K, reserved 1056768K
  class space    used 575K, capacity 616K, committed 640K, reserved 1048576K

Card table byte_map: [0x0000000012890000,0x0000000012aa0000] byte_map_base: 0x0000000012290000

Marking Bits: (ParMarkBitMap*) 0x000000005a979d00
 Begin Bits: [0x0000000013000000, 0x0000000014000000)
 End Bits:   [0x0000000014000000, 0x0000000015000000)

Polling page: 0x0000000001650000

CodeCache: size=245760Kb used=4260Kb max_used=4271Kb free=241499Kb
 bounds [0x00000000034d0000, 0x0000000003910000, 0x00000000124d0000]
 total_blobs=1372 nmethods=1105 adapters=181
 compilation: enabled

Compilation events (10 events):
Event: 2.156 Thread 0x0000000017373800 nmethod 1106 0x00000000038fae10 code [0x00000000038fafc0, 0x00000000038fb8c8]
Event: 2.156 Thread 0x0000000017373800 1107       1       com.android.dx.dex.file.UniformListItem::itemType (5 bytes)
Event: 2.156 Thread 0x0000000017373800 nmethod 1107 0x00000000038f6690 code [0x00000000038f67e0, 0x00000000038f68f0]
Event: 2.157 Thread 0x0000000017373800 1104       3       com.android.dx.rop.cst.CstString::getUtf16Size (8 bytes)
Event: 2.157 Thread 0x0000000017373800 nmethod 1104 0x00000000038fbb10 code [0x00000000038fbc80, 0x00000000038fbed0]
Event: 2.165 Thread 0x0000000015bf9000 nmethod 1088 0x00000000038ff210 code [0x00000000038ff380, 0x00000000038ff998]
Event: 2.165 Thread 0x0000000015bf9000 1105       4       java.lang.String::startsWith (7 bytes)
Event: 2.168 Thread 0x0000000015bf9000 nmethod 1105 0x00000000038fbfd0 code [0x00000000038fc120, 0x00000000038fc298]
Event: 2.168 Thread 0x0000000015bf9000 1075       4       com.android.dx.rop.cst.CstType::compareTo0 (25 bytes)
Event: 2.169 Thread 0x0000000015bf9000 nmethod 1075 0x00000000038fd8d0 code [0x00000000038fda20, 0x00000000038fdbb8]

GC Heap History (0 events):
No events

Deoptimization events (10 events):
Event: 1.571 Thread 0x00000000175d9800 Uncommon trap: reason=unstable_if action=reinterpret pc=0x0000000003853f68 method=com.android.dx.rop.code.RegisterSpecSet.put(Lcom/android/dx/rop/code/RegisterSpec;)V @ 77
Event: 2.114 Thread 0x00000000175d9800 Uncommon trap: reason=class_check action=maybe_recompile pc=0x00000000038c13b8 method=java.util.Arrays.hashCode([Ljava/lang/Object;)I @ 43
Event: 2.115 Thread 0x00000000175d9800 Uncommon trap: reason=class_check action=maybe_recompile pc=0x00000000038c13b8 method=java.util.Arrays.hashCode([Ljava/lang/Object;)I @ 43
Event: 2.115 Thread 0x00000000175d9800 Uncommon trap: reason=class_check action=maybe_recompile pc=0x00000000038c13b8 method=java.util.Arrays.hashCode([Ljava/lang/Object;)I @ 43
Event: 2.115 Thread 0x00000000175d9800 Uncommon trap: reason=class_check action=maybe_recompile pc=0x00000000038c13b8 method=java.util.Arrays.hashCode([Ljava/lang/Object;)I @ 43
Event: 2.126 Thread 0x00000000175d9800 Uncommon trap: reason=bimorphic action=maybe_recompile pc=0x00000000036f95e0 method=java.util.HashMap.getNode(ILjava/lang/Object;)Ljava/util/HashMap$Node; @ 126
Event: 2.126 Thread 0x00000000175d9800 Uncommon trap: reason=bimorphic action=maybe_recompile pc=0x00000000036f95e0 method=java.util.HashMap.getNode(ILjava/lang/Object;)Ljava/util/HashMap$Node; @ 126
Event: 2.126 Thread 0x00000000175d9800 Uncommon trap: reason=bimorphic action=maybe_recompile pc=0x00000000036f95e0 method=java.util.HashMap.getNode(ILjava/lang/Object;)Ljava/util/HashMap$Node; @ 126
Event: 2.126 Thread 0x00000000175d9800 Uncommon trap: reason=bimorphic action=maybe_recompile pc=0x00000000036f95e0 method=java.util.HashMap.getNode(ILjava/lang/Object;)Ljava/util/HashMap$Node; @ 126
Event: 2.126 Thread 0x00000000175d9800 Uncommon trap: reason=bimorphic action=maybe_recompile pc=0x000000000379fd64 method=java.util.HashMap.getNode(ILjava/lang/Object;)Ljava/util/HashMap$Node; @ 126

Internal exceptions (2 events):
Event: 0.053 Thread 0x00000000033d0800 Exception <a 'java/lang/NoSuchMethodError': Method sun.misc.Unsafe.defineClass(Ljava/lang/String;[BII)Ljava/lang/Class; name or signature does not match> (0x00000000eab07cc0) thrown at [C:\src\android\AOSP-openjdk\external\jetbrains\jdk\hotspot\src\share\v¾üÈ«ñª?
Event: 0.053 Thread 0x00000000033d0800 Exception <a 'java/lang/NoSuchMethodError': Method sun.misc.Unsafe.prefetchRead(Ljava/lang/Object;J)V name or signature does not match> (0x00000000eab07fa8) thrown at [C:\src\android\AOSP-openjdk\external\jetbrains\jdk\hotspot\src\share\vm\prims\jni.cpp, l

Events (10 events):
Event: 2.154 loading class java/util/Collections$1
Event: 2.154 loading class java/util/Collections$1 done
Event: 2.154 loading class com/android/dx/dex/file/MixedItemSection$2
Event: 2.154 loading class com/android/dx/dex/file/MixedItemSection$2 done
Event: 2.156 loading class com/android/dx/dex/file/CodeItem$1
Event: 2.156 loading class com/android/dx/dex/file/CodeItem$1 done
Event: 2.156 loading class com/android/dx/dex/code/DalvInsnList
Event: 2.156 loading class com/android/dx/dex/code/DalvInsnList done
Event: 2.157 loading class com/android/dx/dex/code/PositionList
Event: 2.157 loading class com/android/dx/dex/code/PositionList done


Dynamic libraries:
0x00007ff6a7d30000 - 0x00007ff6a7d61000 	D:\android-studio\jre\bin\java.exe
0x00007ff920c10000 - 0x00007ff920de1000 	C:\WINDOWS\SYSTEM32\ntdll.dll
0x00007ff9205d0000 - 0x00007ff92067b000 	C:\WINDOWS\System32\KERNEL32.DLL
0x00007ff91cf50000 - 0x00007ff91d16d000 	C:\WINDOWS\System32\KERNELBASE.dll
0x00007ff91e010000 - 0x00007ff91e0b2000 	C:\WINDOWS\System32\ADVAPI32.dll
0x00007ff91e7e0000 - 0x00007ff91e87e000 	C:\WINDOWS\System32\msvcrt.dll
0x00007ff91e5f0000 - 0x00007ff91e649000 	C:\WINDOWS\System32\sechost.dll
0x00007ff920730000 - 0x00007ff920851000 	C:\WINDOWS\System32\RPCRT4.dll
0x00007ff920960000 - 0x00007ff920ac5000 	C:\WINDOWS\System32\USER32.dll
0x00007ff91dd30000 - 0x00007ff91dd4e000 	C:\WINDOWS\System32\win32u.dll
0x00007ff920680000 - 0x00007ff9206b4000 	C:\WINDOWS\System32\GDI32.dll
0x00007ff91de50000 - 0x00007ff91dfd2000 	C:\WINDOWS\System32\gdi32full.dll
0x00007ff916e20000 - 0x00007ff917099000 	C:\WINDOWS\WinSxS\amd64_microsoft.windows.common-controls_6595b64144ccf1df_6.0.14393.447_none_42191651c6827bb3\COMCTL32.dll
0x00007ff91e0c0000 - 0x00007ff91e387000 	C:\WINDOWS\System32\combase.dll
0x00007ff91dd50000 - 0x00007ff91de45000 	C:\WINDOWS\System32\ucrtbase.dll
0x00007ff91d170000 - 0x00007ff91d1da000 	C:\WINDOWS\System32\bcryptPrimitives.dll
0x00007ff91e650000 - 0x00007ff91e67e000 	C:\WINDOWS\System32\IMM32.DLL
0x000000005ac10000 - 0x000000005ace2000 	D:\android-studio\jre\jre\bin\msvcr100.dll
0x000000005a1c0000 - 0x000000005a9f4000 	D:\android-studio\jre\jre\bin\server\jvm.dll
0x00007ff91dd00000 - 0x00007ff91dd23000 	C:\WINDOWS\System32\WINMM.dll
0x00007ff91ce60000 - 0x00007ff91ce8b000 	C:\WINDOWS\System32\WINMMBASE.dll
0x00007ff91dc60000 - 0x00007ff91dca2000 	C:\WINDOWS\System32\cfgmgr32.dll
0x00007ff9205c0000 - 0x00007ff9205c8000 	C:\WINDOWS\System32\PSAPI.DLL
0x00007ff8f9890000 - 0x00007ff8f9899000 	C:\WINDOWS\SYSTEM32\WSOCK32.dll
0x00007ff91fe60000 - 0x00007ff91feca000 	C:\WINDOWS\System32\WS2_32.dll
0x00007ff919b80000 - 0x00007ff919b8a000 	C:\WINDOWS\SYSTEM32\VERSION.dll
0x00007ff91b350000 - 0x00007ff91b35f000 	D:\android-studio\jre\jre\bin\verify.dll
0x00007ff9120e0000 - 0x00007ff912109000 	D:\android-studio\jre\jre\bin\java.dll
0x00007ff918f90000 - 0x00007ff918fa6000 	D:\android-studio\jre\jre\bin\zip.dll
0x00007ff91e8e0000 - 0x00007ff91fde9000 	C:\WINDOWS\System32\SHELL32.dll
0x00007ff91d300000 - 0x00007ff91d9da000 	C:\WINDOWS\System32\windows.storage.dll
0x00007ff91dcb0000 - 0x00007ff91dcfc000 	C:\WINDOWS\System32\powrprof.dll
0x00007ff9206d0000 - 0x00007ff920722000 	C:\WINDOWS\System32\shlwapi.dll
0x00007ff91ce90000 - 0x00007ff91ce9f000 	C:\WINDOWS\System32\kernel.appcore.dll
0x00007ff91dbb0000 - 0x00007ff91dc59000 	C:\WINDOWS\System32\shcore.dll
0x00007ff91ce40000 - 0x00007ff91ce54000 	C:\WINDOWS\System32\profapi.dll

VM Arguments:
jvm_args: -Djava.awt.headless=true -Xmx1024M -Dfile.encoding=GBK -Duser.country=CN -Duser.language=zh -Duser.variant 
java_command: com.android.dx.command.Main --dex --force-jumbo --num-threads=4 --multi-dex --output E:\workspace\SmartCity\app\build\intermediates\transforms\dex\debug\folders\1000\10\com.android.support-palette-v7-25.0.1_a11b19a1b4d9c93f38e7039af9178bb47e71ef0e E:\workspace\SmartCity\app\build\intermediates\exploded-aar\com.android.support\palette-v7\25.0.1\jars\classes.jar
java_class_path (initial): D:\ADT-Bundle\sdk\build-tools\25.0.0\lib\dx.jar
Launcher Type: SUN_STANDARD

Environment Variables:
JAVA_HOME=C:\Program Files\Java\jdk1.8.0_111
CLASSPATH=C:\Program Files\Java\jdk1.8.0_111\lib\dt.jar;C:\Program Files\Java\jdk1.8.0_111\lib\tools.jar
PATH=C:\ProgramData\Oracle\Java\javapath;C:\Windows\system32;C:\Windows;C:\Windows\System32\Wbem;C:\Windows\System32\WindowsPowerShell\v1.0\;C:\Program Files (x86)\NVIDIA Corporation\PhysX\Common;%JAVA_HOME%\bin;%JAVA_HOME%\jre\bin;D:\ADT-Bundle\sdk\platform-tools;C:\Program Files (x86)\decomp;%GRADLE_HOME%\bin;C:\Program Files\Git\bin;C:\WINDOWS\system32;C:\WINDOWS;C:\WINDOWS\System32\Wbem;C:\WINDOWS\System32\WindowsPowerShell\v1.0\;C:\Users\AllenIverson\AppData\Local\Microsoft\WindowsApps;
USERNAME=AllenIverson
OS=Windows_NT
PROCESSOR_IDENTIFIER=Intel64 Family 6 Model 42 Stepping 7, GenuineIntel



---------------  S Y S T E M  ---------------

OS: Windows 10.0 , 64 bit Build 14393 (10.0.14393.0)

CPU:total 4 (2 cores per cpu, 2 threads per core) family 6 model 42 stepping 7, cmov, cx8, fxsr, mmx, sse, sse2, sse3, ssse3, sse4.1, sse4.2, popcnt, avx, aes, clmul, ht, tsc, tscinvbit

Memory: 4k page, physical 8364836k(1204856k free), swap 8364836k(4356k free)

vm_info: OpenJDK 64-Bit Server VM (25.76-b03) for windows-amd64 JRE (1.8.0_76-release-b03), built on Jun 29 2016 19:09:20 by "ralucas" with MS VC++ 10.0 (VS2010)

time: Tue Dec 13 16:25:45 2016
elapsed time: 2 seconds (0d 0h 0m 2s)

