#
# There is insufficient memory for the Java Runtime Environment to continue.
# Native memory allocation (malloc) failed to allocate 32912 bytes for Chunk::new
# Possible reasons:
#   The system is out of physical RAM or swap space
#   In 32 bit mode, the process size limit was hit
# Possible solutions:
#   Reduce memory load on the system
#   Increase physical memory or swap space
#   Check if swap backing store is full
#   Use 64 bit Java on a 64 bit OS
#   Decrease Java heap size (-Xmx/-Xms)
#   Decrease number of Java threads
#   Decrease Java thread stack sizes (-Xss)
#   Set larger code cache with -XX:ReservedCodeCacheSize=
# This output file may be truncated or incomplete.
#
#  Out of Memory Error (allocation.cpp:390), pid=17088, tid=0x00000000000014b8
#
# JRE version: OpenJDK Runtime Environment (8.0_76-b03) (build 1.8.0_76-release-b03)
# Java VM: OpenJDK 64-Bit Server VM (25.76-b03 mixed mode windows-amd64 compressed oops)
# Failed to write core dump. Minidumps are not enabled by default on client versions of Windows
#

---------------  T H R E A D  ---------------

Current thread (0x0000000015988800):  JavaThread "C2 CompilerThread0" daemon [_thread_in_native, id=5304, stack(0x0000000016e90000,0x0000000016f90000)]

Stack: [0x0000000016e90000,0x0000000016f90000]
[error occurred during error reporting (printing stack bounds), id 0xc0000005]

Native frames: (J=compiled Java code, j=interpreted, Vv=VM code, C=native code)


Current CompileTask:
C2:   2224 1447       4       java.util.HashMap::putVal (300 bytes)


---------------  P R O C E S S  ---------------

Java Threads: ( => current thread )
  0x000000001730c000 JavaThread "pool-2-thread-4" [_thread_blocked, id=18256, stack(0x0000000017b90000,0x0000000017c90000)]
  0x000000001721a800 JavaThread "pool-2-thread-3" [_thread_blocked, id=12472, stack(0x0000000017a90000,0x0000000017b90000)]
  0x0000000017216800 JavaThread "pool-2-thread-2" [_thread_in_Java, id=15456, stack(0x0000000017990000,0x0000000017a90000)]
  0x00000000171fb800 JavaThread "pool-3-thread-1" [_thread_blocked, id=1044, stack(0x0000000017890000,0x0000000017990000)]
  0x00000000171f6800 JavaThread "pool-2-thread-1" [_thread_blocked, id=6952, stack(0x0000000017790000,0x0000000017890000)]
  0x000000001710d800 JavaThread "Service Thread" daemon [_thread_blocked, id=18112, stack(0x0000000017590000,0x0000000017690000)]
  0x00000000170dd800 JavaThread "C1 CompilerThread2" daemon [_thread_blocked, id=15296, stack(0x0000000017490000,0x0000000017590000)]
  0x000000001598b800 JavaThread "C2 CompilerThread1" daemon [_thread_in_native, id=16820, stack(0x0000000016f90000,0x0000000017090000)]
=>0x0000000015988800 JavaThread "C2 CompilerThread0" daemon [_thread_in_native, id=5304, stack(0x0000000016e90000,0x0000000016f90000)]
  0x0000000015987800 JavaThread "Attach Listener" daemon [_thread_blocked, id=16412, stack(0x0000000016d90000,0x0000000016e90000)]
  0x000000001593b000 JavaThread "Signal Dispatcher" daemon [_thread_blocked, id=2720, stack(0x0000000016c90000,0x0000000016d90000)]
  0x000000000325a800 JavaThread "Finalizer" daemon [_thread_blocked, id=2088, stack(0x0000000016b90000,0x0000000016c90000)]
  0x000000000324f000 JavaThread "Reference Handler" daemon [_thread_blocked, id=19260, stack(0x0000000016a90000,0x0000000016b90000)]
  0x0000000003160800 JavaThread "main" [_thread_in_Java, id=13932, stack(0x0000000002c80000,0x0000000002d80000)]

Other Threads:
  0x00000000158f6000 VMThread [stack: 0x0000000016990000,0x0000000016a90000] [id=9892]
  0x0000000017111000 WatcherThread [stack: 0x0000000017690000,0x0000000017790000] [id=3772]

VM state:not at safepoint (normal execution)

VM Mutex/Monitor currently owned by a thread:  ([mutex/lock_event])
[0x0000000002dcbd10] Heap_lock - owner thread: 0x00000000171f6800

Heap:
 PSYoungGen      total 71680K, used 6272K [0x00000000eab00000, 0x00000000ef600000, 0x0000000100000000)
  eden space 66560K, 1% used [0x00000000eab00000,0x00000000eac24850,0x00000000eec00000)
  from space 5120K, 99% used [0x00000000ef100000,0x00000000ef5fb9d0,0x00000000ef600000)
  to   space 5120K, 0% used [0x00000000eec00000,0x00000000eec00000,0x00000000ef100000)
 ParOldGen       total 87552K, used 7166K [0x00000000c0000000, 0x00000000c5580000, 0x00000000eab00000)
  object space 87552K, 8% used [0x00000000c0000000,0x00000000c06ff9a0,0x00000000c5580000)
 Metaspace       used 5906K, capacity 7024K, committed 7296K, reserved 1056768K
  class space    used 559K, capacity 616K, committed 640K, reserved 1048576K

Card table byte_map: [0x0000000012620000,0x0000000012830000] byte_map_base: 0x0000000012020000

Marking Bits: (ParMarkBitMap*) 0x000000005a979d00
 Begin Bits: [0x0000000012d90000, 0x0000000013d90000)
 End Bits:   [0x0000000013d90000, 0x0000000014d90000)

Polling page: 0x0000000001490000

CodeCache: size=245760Kb used=6071Kb max_used=6078Kb free=239688Kb
 bounds [0x0000000003260000, 0x0000000003860000, 0x0000000012260000]
 total_blobs=1711 nmethods=1448 adapters=177
 compilation: enabled

Compilation events (10 events):
Event: 2.126 Thread 0x00000000170dd800 1460       2       com.android.dx.cf.code.Ropper::addSynchExceptionHandlerBlock (206 bytes)
Event: 2.129 Thread 0x00000000170dd800 nmethod 1460 0x0000000003843ed0 code [0x0000000003844280, 0x0000000003845858]
Event: 2.129 Thread 0x00000000170dd800 1461       2       com.android.dx.cf.code.Ropper::addReturnBlock (228 bytes)
Event: 2.212 Thread 0x00000000170dd800 nmethod 1461 0x0000000003847d50 code [0x00000000038480c0, 0x0000000003849308]
Event: 2.216 Thread 0x0000000015988800 nmethod 1402 0x000000000384fc90 code [0x000000000384ff80, 0x0000000003851b30]
Event: 2.216 Thread 0x0000000015988800 1447       4       java.util.HashMap::putVal (300 bytes)
Event: 2.216 Thread 0x00000000170dd800 1462       2       com.android.dx.cf.code.BasicBlocker::visitBranch (98 bytes)
Event: 2.218 Thread 0x00000000170dd800 nmethod 1462 0x000000000384e3d0 code [0x000000000384e5e0, 0x000000000384ed78]
Event: 2.218 Thread 0x00000000170dd800 1463       2       com.android.dx.cf.code.Simulator$SimVisitor::visitBranch (341 bytes)
Event: 2.219 Thread 0x00000000170dd800 nmethod 1463 0x000000000384d310 code [0x000000000384d540, 0x000000000384dd08]

GC Heap History (4 events):
Event: 1.650 GC heap before
{Heap before GC invocations=1 (full 0):
 PSYoungGen      total 38400K, used 33280K [0x00000000eab00000, 0x00000000ed580000, 0x0000000100000000)
  eden space 33280K, 100% used [0x00000000eab00000,0x00000000ecb80000,0x00000000ecb80000)
  from space 5120K, 0% used [0x00000000ed080000,0x00000000ed080000,0x00000000ed580000)
  to   space 5120K, 0% used [0x00000000ecb80000,0x00000000ecb80000,0x00000000ed080000)
 ParOldGen       total 87552K, used 0K [0x00000000c0000000, 0x00000000c5580000, 0x00000000eab00000)
  object space 87552K, 0% used [0x00000000c0000000,0x00000000c0000000,0x00000000c5580000)
 Metaspace       used 5742K, capacity 6896K, committed 7040K, reserved 1056768K
  class space    used 556K, capacity 616K, committed 640K, reserved 1048576K
Event: 1.709 GC heap after
Heap after GC invocations=1 (full 0):
 PSYoungGen      total 38400K, used 5102K [0x00000000eab00000, 0x00000000ef600000, 0x0000000100000000)
  eden space 33280K, 0% used [0x00000000eab00000,0x00000000eab00000,0x00000000ecb80000)
  from space 5120K, 99% used [0x00000000ecb80000,0x00000000ed07bb28,0x00000000ed080000)
  to   space 5120K, 0% used [0x00000000ef100000,0x00000000ef100000,0x00000000ef600000)
 ParOldGen       total 87552K, used 2250K [0x00000000c0000000, 0x00000000c5580000, 0x00000000eab00000)
  object space 87552K, 2% used [0x00000000c0000000,0x00000000c0232a88,0x00000000c5580000)
 Metaspace       used 5742K, capacity 6896K, committed 7040K, reserved 1056768K
  class space    used 556K, capacity 616K, committed 640K, reserved 1048576K
}
Event: 2.181 GC heap before
{Heap before GC invocations=2 (full 0):
 PSYoungGen      total 38400K, used 38382K [0x00000000eab00000, 0x00000000ef600000, 0x0000000100000000)
  eden space 33280K, 100% used [0x00000000eab00000,0x00000000ecb80000,0x00000000ecb80000)
  from space 5120K, 99% used [0x00000000ecb80000,0x00000000ed07bb28,0x00000000ed080000)
  to   space 5120K, 0% used [0x00000000ef100000,0x00000000ef100000,0x00000000ef600000)
 ParOldGen       total 87552K, used 2250K [0x00000000c0000000, 0x00000000c5580000, 0x00000000eab00000)
  object space 87552K, 2% used [0x00000000c0000000,0x00000000c0232a88,0x00000000c5580000)
 Metaspace       used 5903K, capacity 7024K, committed 7296K, reserved 1056768K
  class space    used 559K, capacity 616K, committed 640K, reserved 1048576K
Event: 2.212 GC heap after
Heap after GC invocations=2 (full 0):
 PSYoungGen      total 71680K, used 5102K [0x00000000eab00000, 0x00000000ef600000, 0x0000000100000000)
  eden space 66560K, 0% used [0x00000000eab00000,0x00000000eab00000,0x00000000eec00000)
  from space 5120K, 99% used [0x00000000ef100000,0x00000000ef5fb9d0,0x00000000ef600000)
  to   space 5120K, 0% used [0x00000000eec00000,0x00000000eec00000,0x00000000ef100000)
 ParOldGen       total 87552K, used 7166K [0x00000000c0000000, 0x00000000c5580000, 0x00000000eab00000)
  object space 87552K, 8% used [0x00000000c0000000,0x00000000c06ff9a0,0x00000000c5580000)
 Metaspace       used 5903K, capacity 7024K, committed 7296K, reserved 1056768K
  class space    used 559K, capacity 616K, committed 640K, reserved 1048576K
}

Deoptimization events (10 events):
Event: 1.825 Thread 0x000000001730c000 Uncommon trap: reason=unstable_if action=reinterpret pc=0x00000000036877c4 method=com.android.dx.rop.code.RegisterSpec.equals(ILcom/android/dx/rop/type/TypeBearer;Lcom/android/dx/rop/code/LocalItem;)Z @ 16
Event: 1.828 Thread 0x000000001730c000 Uncommon trap: reason=null_check action=make_not_entrant pc=0x00000000036abae4 method=com.android.dx.ssa.SsaRenamer.getLocalForNewReg(I)Lcom/android/dx/rop/code/LocalItem; @ 19
Event: 1.828 Thread 0x000000001730c000 Uncommon trap: reason=unstable_if action=reinterpret pc=0x00000000036ec83c method=com.android.dx.ssa.SCCP.simulateBranch(Lcom/android/dx/ssa/SsaInsn;)V @ 81
Event: 1.831 Thread 0x000000001730c000 Uncommon trap: reason=unstable_if action=reinterpret pc=0x00000000036798f8 method=com.android.dx.rop.code.RegisterSpec.equals(ILcom/android/dx/rop/type/TypeBearer;Lcom/android/dx/rop/code/LocalItem;)Z @ 16
Event: 1.833 Thread 0x000000001730c000 Uncommon trap: reason=unstable_if action=reinterpret pc=0x00000000036c4080 method=com.android.dx.util.LabeledList.set(ILcom/android/dx/util/LabeledItem;)V @ 16
Event: 1.879 Thread 0x00000000171f6800 Uncommon trap: reason=bimorphic action=maybe_recompile pc=0x00000000036cb9e8 method=java.util.HashMap.putVal(ILjava/lang/Object;Ljava/lang/Object;ZZ)Ljava/lang/Object; @ 91
Event: 1.880 Thread 0x0000000017216800 Uncommon trap: reason=bimorphic action=maybe_recompile pc=0x00000000036cb9e8 method=java.util.HashMap.putVal(ILjava/lang/Object;Ljava/lang/Object;ZZ)Ljava/lang/Object; @ 91
Event: 2.058 Thread 0x000000001721a800 Uncommon trap: reason=bimorphic action=maybe_recompile pc=0x00000000036cb9e8 method=java.util.HashMap.putVal(ILjava/lang/Object;Ljava/lang/Object;ZZ)Ljava/lang/Object; @ 91
Event: 2.058 Thread 0x000000001721a800 Uncommon trap: reason=bimorphic action=maybe_recompile pc=0x00000000036cb9e8 method=java.util.HashMap.putVal(ILjava/lang/Object;Ljava/lang/Object;ZZ)Ljava/lang/Object; @ 91
Event: 2.100 Thread 0x000000001730c000 Uncommon trap: reason=unstable_if action=reinterpret pc=0x0000000003735a9c method=com.android.dx.ssa.SCCP.simulateStmt(Lcom/android/dx/ssa/SsaInsn;)V @ 59

Internal exceptions (3 events):
Event: 0.076 Thread 0x0000000003160800 Exception <a 'java/lang/NoSuchMethodError': Method sun.misc.Unsafe.defineClass(Ljava/lang/String;[BII)Ljava/lang/Class; name or signature does not match> (0x00000000eab07cc0) thrown at [C:\src\android\AOSP-openjdk\external\jetbrains\jdk\hotspot\src\share\v']þçãy³?
Event: 0.076 Thread 0x0000000003160800 Exception <a 'java/lang/NoSuchMethodError': Method sun.misc.Unsafe.prefetchRead(Ljava/lang/Object;J)V name or signature does not match> (0x00000000eab07fa8) thrown at [C:\src\android\AOSP-openjdk\external\jetbrains\jdk\hotspot\src\share\vm\prims\jni.cpp, lââEæ=ý?
Event: 1.828 Thread 0x000000001730c000 Implicit null exception at 0x00000000036a9566 to 0x00000000036ababd

Events (10 events):
Event: 2.058 Thread 0x000000001721a800 Uncommon trap: trap_request=0xffffffc6 fr.pc=0x00000000036cb9e8
Event: 2.058 Thread 0x000000001721a800 DEOPT PACKING pc=0x00000000036cb9e8 sp=0x0000000017b8e720
Event: 2.058 Thread 0x000000001721a800 DEOPT UNPACKING pc=0x00000000032a556a sp=0x0000000017b8e6a8 mode 2
Event: 2.096 Executing VM operation: ForceSafepoint
Event: 2.097 Executing VM operation: ForceSafepoint done
Event: 2.100 Thread 0x000000001730c000 Uncommon trap: trap_request=0xffffff65 fr.pc=0x0000000003735a9c
Event: 2.100 Thread 0x000000001730c000 DEOPT PACKING pc=0x0000000003735a9c sp=0x0000000017c8e750
Event: 2.100 Thread 0x000000001730c000 DEOPT UNPACKING pc=0x00000000032a556a sp=0x0000000017c8e748 mode 2
Event: 2.131 Executing VM operation: ParallelGCFailedAllocation
Event: 2.212 Executing VM operation: ParallelGCFailedAllocation done


Dynamic libraries:
0x00007ff6a7d30000 - 0x00007ff6a7d61000 	D:\android-studio\jre\bin\java.exe
0x00007ff920c10000 - 0x00007ff920de1000 	C:\WINDOWS\SYSTEM32\ntdll.dll
0x00007ff9205d0000 - 0x00007ff92067b000 	C:\WINDOWS\System32\KERNEL32.DLL
0x00007ff91cf50000 - 0x00007ff91d16d000 	C:\WINDOWS\System32\KERNELBASE.dll
0x00007ff91e010000 - 0x00007ff91e0b2000 	C:\WINDOWS\System32\ADVAPI32.dll
0x00007ff91e7e0000 - 0x00007ff91e87e000 	C:\WINDOWS\System32\msvcrt.dll
0x00007ff91e5f0000 - 0x00007ff91e649000 	C:\WINDOWS\System32\sechost.dll
0x00007ff920730000 - 0x00007ff920851000 	C:\WINDOWS\System32\RPCRT4.dll
0x00007ff920960000 - 0x00007ff920ac5000 	C:\WINDOWS\System32\USER32.dll
0x00007ff91dd30000 - 0x00007ff91dd4e000 	C:\WINDOWS\System32\win32u.dll
0x00007ff920680000 - 0x00007ff9206b4000 	C:\WINDOWS\System32\GDI32.dll
0x00007ff91de50000 - 0x00007ff91dfd2000 	C:\WINDOWS\System32\gdi32full.dll
0x00007ff916e20000 - 0x00007ff917099000 	C:\WINDOWS\WinSxS\amd64_microsoft.windows.common-controls_6595b64144ccf1df_6.0.14393.447_none_42191651c6827bb3\COMCTL32.dll
0x00007ff91e0c0000 - 0x00007ff91e387000 	C:\WINDOWS\System32\combase.dll
0x00007ff91dd50000 - 0x00007ff91de45000 	C:\WINDOWS\System32\ucrtbase.dll
0x00007ff91d170000 - 0x00007ff91d1da000 	C:\WINDOWS\System32\bcryptPrimitives.dll
0x00007ff91e650000 - 0x00007ff91e67e000 	C:\WINDOWS\System32\IMM32.DLL
0x000000005ac10000 - 0x000000005ace2000 	D:\android-studio\jre\jre\bin\msvcr100.dll
0x000000005a1c0000 - 0x000000005a9f4000 	D:\android-studio\jre\jre\bin\server\jvm.dll
0x00007ff91dd00000 - 0x00007ff91dd23000 	C:\WINDOWS\System32\WINMM.dll
0x00007ff91ce60000 - 0x00007ff91ce8b000 	C:\WINDOWS\System32\WINMMBASE.dll
0x00007ff91dc60000 - 0x00007ff91dca2000 	C:\WINDOWS\System32\cfgmgr32.dll
0x00007ff9205c0000 - 0x00007ff9205c8000 	C:\WINDOWS\System32\PSAPI.DLL
0x00007ff8f9890000 - 0x00007ff8f9899000 	C:\WINDOWS\SYSTEM32\WSOCK32.dll
0x00007ff91fe60000 - 0x00007ff91feca000 	C:\WINDOWS\System32\WS2_32.dll
0x00007ff919b80000 - 0x00007ff919b8a000 	C:\WINDOWS\SYSTEM32\VERSION.dll
0x00007ff91b350000 - 0x00007ff91b35f000 	D:\android-studio\jre\jre\bin\verify.dll
0x00007ff9120e0000 - 0x00007ff912109000 	D:\android-studio\jre\jre\bin\java.dll
0x00007ff918f90000 - 0x00007ff918fa6000 	D:\android-studio\jre\jre\bin\zip.dll
0x00007ff91e8e0000 - 0x00007ff91fde9000 	C:\WINDOWS\System32\SHELL32.dll
0x00007ff91d300000 - 0x00007ff91d9da000 	C:\WINDOWS\System32\windows.storage.dll
0x00007ff91dcb0000 - 0x00007ff91dcfc000 	C:\WINDOWS\System32\powrprof.dll
0x00007ff9206d0000 - 0x00007ff920722000 	C:\WINDOWS\System32\shlwapi.dll
0x00007ff91ce90000 - 0x00007ff91ce9f000 	C:\WINDOWS\System32\kernel.appcore.dll
0x00007ff91dbb0000 - 0x00007ff91dc59000 	C:\WINDOWS\System32\shcore.dll
0x00007ff91ce40000 - 0x00007ff91ce54000 	C:\WINDOWS\System32\profapi.dll

VM Arguments:
jvm_args: -Djava.awt.headless=true -Xmx1024M -Dfile.encoding=GBK -Duser.country=CN -Duser.language=zh -Duser.variant 
java_command: com.android.dx.command.Main --dex --force-jumbo --num-threads=4 --multi-dex --output E:\workspace\SmartCity\app\build\intermediates\transforms\dex\debug\folders\1000\5\slice_4 E:\workspace\SmartCity\app\build\intermediates\transforms\instantRunSlicer\debug\folders\1\5\slice_4
java_class_path (initial): D:\ADT-Bundle\sdk\build-tools\25.0.0\lib\dx.jar
Launcher Type: SUN_STANDARD

Environment Variables:
JAVA_HOME=C:\Program Files\Java\jdk1.8.0_111
CLASSPATH=C:\Program Files\Java\jdk1.8.0_111\lib\dt.jar;C:\Program Files\Java\jdk1.8.0_111\lib\tools.jar
PATH=C:\ProgramData\Oracle\Java\javapath;C:\Windows\system32;C:\Windows;C:\Windows\System32\Wbem;C:\Windows\System32\WindowsPowerShell\v1.0\;C:\Program Files (x86)\NVIDIA Corporation\PhysX\Common;%JAVA_HOME%\bin;%JAVA_HOME%\jre\bin;D:\ADT-Bundle\sdk\platform-tools;C:\Program Files (x86)\decomp;%GRADLE_HOME%\bin;C:\Program Files\Git\bin;C:\WINDOWS\system32;C:\WINDOWS;C:\WINDOWS\System32\Wbem;C:\WINDOWS\System32\WindowsPowerShell\v1.0\;C:\Users\AllenIverson\AppData\Local\Microsoft\WindowsApps;
USERNAME=AllenIverson
OS=Windows_NT
PROCESSOR_IDENTIFIER=Intel64 Family 6 Model 42 Stepping 7, GenuineIntel



---------------  S Y S T E M  ---------------

OS: Windows 10.0 , 64 bit Build 14393 (10.0.14393.0)

CPU:total 4 (2 cores per cpu, 2 threads per core) family 6 model 42 stepping 7, cmov, cx8, fxsr, mmx, sse, sse2, sse3, ssse3, sse4.1, sse4.2, popcnt, avx, aes, clmul, ht, tsc, tscinvbit

Memory: 4k page, physical 8364836k(1204388k free), swap 8364836k(3340k free)

vm_info: OpenJDK 64-Bit Server VM (25.76-b03) for windows-amd64 JRE (1.8.0_76-release-b03), built on Jun 29 2016 19:09:20 by "ralucas" with MS VC++ 10.0 (VS2010)

time: Tue Dec 13 16:25:45 2016
elapsed time: 2 seconds (0d 0h 0m 2s)

