#
# There is insufficient memory for the Java Runtime Environment to continue.
# Native memory allocation (malloc) failed to allocate 185616 bytes for Chunk::new
# Possible reasons:
#   The system is out of physical RAM or swap space
#   In 32 bit mode, the process size limit was hit
# Possible solutions:
#   Reduce memory load on the system
#   Increase physical memory or swap space
#   Check if swap backing store is full
#   Use 64 bit Java on a 64 bit OS
#   Decrease Java heap size (-Xmx/-Xms)
#   Decrease number of Java threads
#   Decrease Java thread stack sizes (-Xss)
#   Set larger code cache with -XX:ReservedCodeCacheSize=
# This output file may be truncated or incomplete.
#
#  Out of Memory Error (allocation.cpp:390), pid=14016, tid=0x0000000000000c48
#
# JRE version: OpenJDK Runtime Environment (8.0_76-b03) (build 1.8.0_76-release-b03)
# Java VM: OpenJDK 64-Bit Server VM (25.76-b03 mixed mode windows-amd64 compressed oops)
# Failed to write core dump. Minidumps are not enabled by default on client versions of Windows
#

---------------  T H R E A D  ---------------

Current thread (0x00000000165c6000):  JavaThread "C2 CompilerThread1" daemon [_thread_in_native, id=3144, stack(0x0000000016970000,0x0000000016a70000)]

Stack: [0x0000000016970000,0x0000000016a70000]
[error occurred during error reporting (printing stack bounds), id 0xc0000005]

Native frames: (J=compiled Java code, j=interpreted, Vv=VM code, C=native code)


Current CompileTask:
C2:  21056 2116 %     4       com.android.dx.ssa.PhiTypeResolver::run @ 10 (179 bytes)


---------------  P R O C E S S  ---------------

Java Threads: ( => current thread )
  0x0000000016835800 JavaThread "pool-2-thread-4" [_thread_in_vm, id=8780, stack(0x0000000017170000,0x0000000017270000)]
  0x00000000167f0000 JavaThread "pool-2-thread-2" [_thread_in_Java, id=20028, stack(0x0000000016f70000,0x0000000017070000)]
  0x00000000166e7000 JavaThread "pool-3-thread-1" [_thread_blocked, id=9736, stack(0x0000000016e70000,0x0000000016f70000)]
  0x00000000166e3800 JavaThread "pool-2-thread-1" [_thread_in_vm, id=10844, stack(0x0000000016d70000,0x0000000016e70000)]
  0x00000000165ce800 JavaThread "Service Thread" daemon [_thread_blocked, id=12428, stack(0x0000000016b70000,0x0000000016c70000)]
  0x00000000165c9000 JavaThread "C1 CompilerThread2" daemon [_thread_blocked, id=4640, stack(0x0000000016a70000,0x0000000016b70000)]
=>0x00000000165c6000 JavaThread "C2 CompilerThread1" daemon [_thread_in_native, id=3144, stack(0x0000000016970000,0x0000000016a70000)]
  0x0000000014f0d800 JavaThread "C2 CompilerThread0" daemon [_thread_in_native, id=13272, stack(0x0000000016470000,0x0000000016570000)]
  0x0000000014f0b800 JavaThread "Attach Listener" daemon [_thread_blocked, id=8528, stack(0x0000000016370000,0x0000000016470000)]
  0x0000000014ec1000 JavaThread "Signal Dispatcher" daemon [_thread_blocked, id=124, stack(0x0000000016270000,0x0000000016370000)]
  0x00000000027d4800 JavaThread "Finalizer" daemon [_thread_blocked, id=18188, stack(0x0000000016110000,0x0000000016210000)]
  0x00000000027cf000 JavaThread "Reference Handler" daemon [_thread_blocked, id=19676, stack(0x0000000016010000,0x0000000016110000)]
  0x00000000026e0800 JavaThread "main" [_thread_blocked, id=1372, stack(0x00000000025e0000,0x00000000026e0000)]

Other Threads:
  0x0000000014e76000 VMThread [stack: 0x0000000015f10000,0x0000000016010000] [id=5800]
  0x00000000165d1000 WatcherThread [stack: 0x0000000016c70000,0x0000000016d70000] [id=13656]

VM state:not at safepoint (normal execution)

VM Mutex/Monitor currently owned by a thread: None

Heap:
 PSYoungGen      total 161280K, used 51841K [0x00000000eab00000, 0x00000000f6d80000, 0x0000000100000000)
  eden space 124928K, 12% used [0x00000000eab00000,0x00000000eba207a0,0x00000000f2500000)
  from space 36352K, 99% used [0x00000000f4a00000,0x00000000f6d7fca0,0x00000000f6d80000)
  to   space 32256K, 0% used [0x00000000f2500000,0x00000000f2500000,0x00000000f4480000)
 ParOldGen       total 111616K, used 61065K [0x00000000c0000000, 0x00000000c6d00000, 0x00000000eab00000)
  object space 111616K, 54% used [0x00000000c0000000,0x00000000c3ba2410,0x00000000c6d00000)
 Metaspace       used 6065K, capacity 7152K, committed 7296K, reserved 1056768K
  class space    used 568K, capacity 616K, committed 640K, reserved 1048576K

Card table byte_map: [0x0000000011ba0000,0x0000000011db0000] byte_map_base: 0x00000000115a0000

Marking Bits: (ParMarkBitMap*) 0x000000005a979d00
 Begin Bits: [0x0000000012310000, 0x0000000013310000)
 End Bits:   [0x0000000013310000, 0x0000000014310000)

Polling page: 0x0000000000790000

CodeCache: size=245760Kb used=7948Kb max_used=8939Kb free=237811Kb
 bounds [0x00000000027e0000, 0x00000000030b0000, 0x00000000117e0000]
 total_blobs=1877 nmethods=1613 adapters=177
 compilation: enabled

Compilation events (10 events):
Event: 20.956 Thread 0x0000000014f0d800 nmethod 2118 0x0000000002af4290 code [0x0000000002af4400, 0x0000000002af4768]
Event: 20.962 Thread 0x0000000014f0d800 2119       4       com.android.dx.ssa.back.SsaToRop::removePhiFunctions (83 bytes)
Event: 21.018 Thread 0x0000000014f0d800 nmethod 2119 0x00000000029fd050 code [0x00000000029fd260, 0x00000000029fe448]
Event: 21.018 Thread 0x0000000014f0d800 2120       4       com.android.dx.ssa.back.SsaToRop$PhiVisitor::<init> (10 bytes)
Event: 21.018 Thread 0x0000000014f0d800 nmethod 2120 0x0000000002bc1a10 code [0x0000000002bc1b40, 0x0000000002bc1bb8]
Event: 21.020 Thread 0x0000000014f0d800 2121       4       java.util.ArrayList::add (54 bytes)
Event: 21.028 Thread 0x0000000014f0d800 nmethod 2121 0x0000000002cdaa90 code [0x0000000002cdabe0, 0x0000000002cdaff8]
Event: 21.044 Thread 0x00000000165c9000 2122       3       com.android.dx.rop.code.Insn::contentEquals (84 bytes)
Event: 21.045 Thread 0x00000000165c9000 nmethod 2122 0x00000000029dac10 code [0x00000000029dae00, 0x00000000029dba38]
Event: 21.046 Thread 0x0000000014f0d800 2123       4       com.android.dx.rop.code.Insn::contentEquals (84 bytes)

GC Heap History (10 events):
Event: 9.036 GC heap before
{Heap before GC invocations=5 (full 0):
 PSYoungGen      total 71680K, used 71650K [0x00000000eab00000, 0x00000000ef600000, 0x0000000100000000)
  eden space 66560K, 100% used [0x00000000eab00000,0x00000000eec00000,0x00000000eec00000)
  from space 5120K, 99% used [0x00000000ef100000,0x00000000ef5f8948,0x00000000ef600000)
  to   space 5120K, 0% used [0x00000000eec00000,0x00000000eec00000,0x00000000ef100000)
 ParOldGen       total 87552K, used 46385K [0x00000000c0000000, 0x00000000c5580000, 0x00000000eab00000)
  object space 87552K, 52% used [0x00000000c0000000,0x00000000c2d4c5d8,0x00000000c5580000)
 Metaspace       used 5881K, capacity 7024K, committed 7296K, reserved 1056768K
  class space    used 565K, capacity 616K, committed 640K, reserved 1048576K
Event: 9.262 GC heap after
Heap after GC invocations=5 (full 0):
 PSYoungGen      total 71680K, used 5090K [0x00000000eab00000, 0x00000000f6a00000, 0x0000000100000000)
  eden space 66560K, 0% used [0x00000000eab00000,0x00000000eab00000,0x00000000eec00000)
  from space 5120K, 99% used [0x00000000eec00000,0x00000000ef0f8b50,0x00000000ef100000)
  to   space 31232K, 0% used [0x00000000f4b80000,0x00000000f4b80000,0x00000000f6a00000)
 ParOldGen       total 87552K, used 70077K [0x00000000c0000000, 0x00000000c5580000, 0x00000000eab00000)
  object space 87552K, 80% used [0x00000000c0000000,0x00000000c446f6f8,0x00000000c5580000)
 Metaspace       used 5881K, capacity 7024K, committed 7296K, reserved 1056768K
  class space    used 565K, capacity 616K, committed 640K, reserved 1048576K
}
Event: 9.262 GC heap before
{Heap before GC invocations=6 (full 1):
 PSYoungGen      total 71680K, used 5090K [0x00000000eab00000, 0x00000000f6a00000, 0x0000000100000000)
  eden space 66560K, 0% used [0x00000000eab00000,0x00000000eab00000,0x00000000eec00000)
  from space 5120K, 99% used [0x00000000eec00000,0x00000000ef0f8b50,0x00000000ef100000)
  to   space 31232K, 0% used [0x00000000f4b80000,0x00000000f4b80000,0x00000000f6a00000)
 ParOldGen       total 87552K, used 70077K [0x00000000c0000000, 0x00000000c5580000, 0x00000000eab00000)
  object space 87552K, 80% used [0x00000000c0000000,0x00000000c446f6f8,0x00000000c5580000)
 Metaspace       used 5881K, capacity 7024K, committed 7296K, reserved 1056768K
  class space    used 565K, capacity 616K, committed 640K, reserved 1048576K
Event: 11.618 GC heap after
Heap after GC invocations=6 (full 1):
 PSYoungGen      total 71680K, used 0K [0x00000000eab00000, 0x00000000f6a00000, 0x0000000100000000)
  eden space 66560K, 0% used [0x00000000eab00000,0x00000000eab00000,0x00000000eec00000)
  from space 5120K, 0% used [0x00000000eec00000,0x00000000eec00000,0x00000000ef100000)
  to   space 31232K, 0% used [0x00000000f4b80000,0x00000000f4b80000,0x00000000f6a00000)
 ParOldGen       total 111616K, used 30757K [0x00000000c0000000, 0x00000000c6d00000, 0x00000000eab00000)
  object space 111616K, 27% used [0x00000000c0000000,0x00000000c1e096e0,0x00000000c6d00000)
 Metaspace       used 5881K, capacity 7024K, committed 7296K, reserved 1056768K
  class space    used 565K, capacity 616K, committed 640K, reserved 1048576K
}
Event: 14.065 GC heap before
{Heap before GC invocations=7 (full 1):
 PSYoungGen      total 71680K, used 66560K [0x00000000eab00000, 0x00000000f6a00000, 0x0000000100000000)
  eden space 66560K, 100% used [0x00000000eab00000,0x00000000eec00000,0x00000000eec00000)
  from space 5120K, 0% used [0x00000000eec00000,0x00000000eec00000,0x00000000ef100000)
  to   space 31232K, 0% used [0x00000000f4b80000,0x00000000f4b80000,0x00000000f6a00000)
 ParOldGen       total 111616K, used 30757K [0x00000000c0000000, 0x00000000c6d00000, 0x00000000eab00000)
  object space 111616K, 27% used [0x00000000c0000000,0x00000000c1e096e0,0x00000000c6d00000)
 Metaspace       used 5928K, capacity 7024K, committed 7296K, reserved 1056768K
  class space    used 566K, capacity 616K, committed 640K, reserved 1048576K
Event: 14.596 GC heap after
Heap after GC invocations=7 (full 1):
 PSYoungGen      total 115712K, used 24688K [0x00000000eab00000, 0x00000000f6400000, 0x0000000100000000)
  eden space 90624K, 0% used [0x00000000eab00000,0x00000000eab00000,0x00000000f0380000)
  from space 25088K, 98% used [0x00000000f4b80000,0x00000000f639c3a0,0x00000000f6400000)
  to   space 32256K, 0% used [0x00000000f2500000,0x00000000f2500000,0x00000000f4480000)
 ParOldGen       total 111616K, used 30765K [0x00000000c0000000, 0x00000000c6d00000, 0x00000000eab00000)
  object space 111616K, 27% used [0x00000000c0000000,0x00000000c1e0b6e0,0x00000000c6d00000)
 Metaspace       used 5928K, capacity 7024K, committed 7296K, reserved 1056768K
  class space    used 566K, capacity 616K, committed 640K, reserved 1048576K
}
Event: 16.807 GC heap before
{Heap before GC invocations=8 (full 1):
 PSYoungGen      total 115712K, used 115312K [0x00000000eab00000, 0x00000000f6400000, 0x0000000100000000)
  eden space 90624K, 100% used [0x00000000eab00000,0x00000000f0380000,0x00000000f0380000)
  from space 25088K, 98% used [0x00000000f4b80000,0x00000000f639c3a0,0x00000000f6400000)
  to   space 32256K, 0% used [0x00000000f2500000,0x00000000f2500000,0x00000000f4480000)
 ParOldGen       total 111616K, used 30765K [0x00000000c0000000, 0x00000000c6d00000, 0x00000000eab00000)
  object space 111616K, 27% used [0x00000000c0000000,0x00000000c1e0b6e0,0x00000000c6d00000)
 Metaspace       used 6037K, capacity 7152K, committed 7296K, reserved 1056768K
  class space    used 566K, capacity 616K, committed 640K, reserved 1048576K
Event: 17.298 GC heap after
Heap after GC invocations=8 (full 1):
 PSYoungGen      total 157184K, used 30782K [0x00000000eab00000, 0x00000000f6d80000, 0x0000000100000000)
  eden space 124928K, 0% used [0x00000000eab00000,0x00000000eab00000,0x00000000f2500000)
  from space 32256K, 95% used [0x00000000f2500000,0x00000000f430f990,0x00000000f4480000)
  to   space 36352K, 0% used [0x00000000f4a00000,0x00000000f4a00000,0x00000000f6d80000)
 ParOldGen       total 111616K, used 30773K [0x00000000c0000000, 0x00000000c6d00000, 0x00000000eab00000)
  object space 111616K, 27% used [0x00000000c0000000,0x00000000c1e0d6e0,0x00000000c6d00000)
 Metaspace       used 6037K, capacity 7152K, committed 7296K, reserved 1056768K
  class space    used 566K, capacity 616K, committed 640K, reserved 1048576K
}
Event: 20.491 GC heap before
{Heap before GC invocations=9 (full 1):
 PSYoungGen      total 157184K, used 155710K [0x00000000eab00000, 0x00000000f6d80000, 0x0000000100000000)
  eden space 124928K, 100% used [0x00000000eab00000,0x00000000f2500000,0x00000000f2500000)
  from space 32256K, 95% used [0x00000000f2500000,0x00000000f430f990,0x00000000f4480000)
  to   space 36352K, 0% used [0x00000000f4a00000,0x00000000f4a00000,0x00000000f6d80000)
 ParOldGen       total 111616K, used 30773K [0x00000000c0000000, 0x00000000c6d00000, 0x00000000eab00000)
  object space 111616K, 27% used [0x00000000c0000000,0x00000000c1e0d6e0,0x00000000c6d00000)
 Metaspace       used 6065K, capacity 7152K, committed 7296K, reserved 1056768K
  class space    used 568K, capacity 616K, committed 640K, reserved 1048576K
Event: 20.804 GC heap after
Heap after GC invocations=9 (full 1):
 PSYoungGen      total 161280K, used 36351K [0x00000000eab00000, 0x00000000f6d80000, 0x0000000100000000)
  eden space 124928K, 0% used [0x00000000eab00000,0x00000000eab00000,0x00000000f2500000)
  from space 36352K, 99% used [0x00000000f4a00000,0x00000000f6d7fca0,0x00000000f6d80000)
  to   space 32256K, 0% used [0x00000000f2500000,0x00000000f2500000,0x00000000f4480000)
 ParOldGen       total 111616K, used 61065K [0x00000000c0000000, 0x00000000c6d00000, 0x00000000eab00000)
  object space 111616K, 54% used [0x00000000c0000000,0x00000000c3ba2410,0x00000000c6d00000)
 Metaspace       used 6065K, capacity 7152K, committed 7296K, reserved 1056768K
  class space    used 568K, capacity 616K, committed 640K, reserved 1048576K
}

Deoptimization events (10 events):
Event: 17.826 Thread 0x00000000026e0800 Uncommon trap: reason=unstable_if action=reinterpret pc=0x0000000003074178 method=com.android.dx.cf.code.LocalVariableList$Item.matchesPcAndIndex(II)Z @ 13
Event: 17.830 Thread 0x00000000026e0800 Uncommon trap: reason=unstable_if action=reinterpret pc=0x0000000002f808f8 method=com.android.dx.rop.code.RegisterSpecSet.localItemToSpec(Lcom/android/dx/rop/code/LocalItem;)Lcom/android/dx/rop/code/RegisterSpec; @ 35
Event: 17.832 Thread 0x00000000026e0800 Uncommon trap: reason=null_check action=make_not_entrant pc=0x0000000002c95ff0 method=com.android.dx.ssa.SsaRenamer.getLocalForNewReg(I)Lcom/android/dx/rop/code/LocalItem; @ 19
Event: 17.887 Thread 0x00000000026e0800 Uncommon trap: reason=unstable_if action=reinterpret pc=0x0000000002d8f0d8 method=com.android.dx.dex.code.OutputFinisher.hasLocalInfo(Lcom/android/dx/dex/code/DalvInsn;)Z @ 24
Event: 18.917 Thread 0x000000001680a000 Uncommon trap: reason=unstable_if action=reinterpret pc=0x0000000002bc3e30 method=com.android.dx.dex.code.OutputFinisher.hasLocalInfo(Lcom/android/dx/dex/code/DalvInsn;)Z @ 24
Event: 18.962 Thread 0x000000001680a000 Uncommon trap: reason=unstable_if action=reinterpret pc=0x0000000002ad8904 method=com.android.dx.cf.code.Merger.mergeType(Lcom/android/dx/rop/type/TypeBearer;Lcom/android/dx/rop/type/TypeBearer;)Lcom/android/dx/rop/type/TypeBearer; @ 77
Event: 18.963 Thread 0x000000001680a000 Uncommon trap: reason=unstable_if action=reinterpret pc=0x0000000002d605e8 method=com.android.dx.ssa.SCCP.simulateBranch(Lcom/android/dx/ssa/SsaInsn;)V @ 64
Event: 19.025 Thread 0x000000001680a000 Uncommon trap: reason=unstable_if action=reinterpret pc=0x0000000002b16d3c method=com.android.dx.rop.code.RegisterSpecSet.put(Lcom/android/dx/rop/code/RegisterSpec;)V @ 77
Event: 19.335 Thread 0x000000001680a000 Uncommon trap: reason=unstable_if action=reinterpret pc=0x0000000002c9a518 method=com.android.dx.rop.code.RegisterSpecSet.put(Lcom/android/dx/rop/code/RegisterSpec;)V @ 77
Event: 19.499 Thread 0x000000001680a000 Uncommon trap: reason=unstable_if action=reinterpret pc=0x0000000002da07bc method=com.android.dx.rop.code.RegisterSpecSet.put(Lcom/android/dx/rop/code/RegisterSpec;)V @ 77

Internal exceptions (4 events):
Event: 1.245 Thread 0x00000000026e0800 Exception <a 'java/lang/NoSuchMethodError': Method sun.misc.Unsafe.defineClass(Ljava/lang/String;[BII)Ljava/lang/Class; name or signature does not match> (0x00000000eab07cc0) thrown at [C:\src\android\AOSP-openjdk\external\jetbrains\jdk\hotspot\src\share\v ¦À¤íó?
Event: 1.246 Thread 0x00000000026e0800 Exception <a 'java/lang/NoSuchMethodError': Method sun.misc.Unsafe.prefetchRead(Ljava/lang/Object;J)V name or signature does not match> (0x00000000eab07fa8) thrown at [C:\src\android\AOSP-openjdk\external\jetbrains\jdk\hotspot\src\share\vm\prims\jni.cpp, l")rYÇ0@
Event: 16.779 Thread 0x0000000016835800 Implicit null exception at 0x0000000002abc0a2 to 0x0000000002abc192
Event: 17.832 Thread 0x00000000026e0800 Implicit null exception at 0x0000000002c94bad to 0x0000000002c95fbd

Events (10 events):
Event: 20.281 Executing VM operation: ParallelGCFailedAllocation
Event: 20.804 Executing VM operation: ParallelGCFailedAllocation done
Event: 20.804 Executing VM operation: RevokeBias
Event: 20.804 Executing VM operation: RevokeBias done
Event: 20.804 Executing VM operation: BulkRevokeBias
Event: 20.805 Executing VM operation: BulkRevokeBias done
Event: 20.934 Thread 0x0000000016835800 DEOPT PACKING pc=0x0000000002ec675e sp=0x000000001726e6c0
Event: 20.934 Thread 0x0000000016835800 DEOPT UNPACKING pc=0x00000000028275bf sp=0x000000001726e470 mode 0
Event: 20.962 Thread 0x00000000167f0000 DEOPT PACKING pc=0x0000000002df271c sp=0x000000001706eab0
Event: 20.962 Thread 0x00000000167f0000 DEOPT UNPACKING pc=0x00000000028275bf sp=0x000000001706e870 mode 0


Dynamic libraries:
0x00007ff7cb9f0000 - 0x00007ff7cba21000 	D:\android-studio\jre\bin\java.exe
0x00007ff920c10000 - 0x00007ff920de1000 	C:\WINDOWS\SYSTEM32\ntdll.dll
0x00007ff9205d0000 - 0x00007ff92067b000 	C:\WINDOWS\System32\KERNEL32.DLL
0x00007ff91cf50000 - 0x00007ff91d16d000 	C:\WINDOWS\System32\KERNELBASE.dll
0x00007ff91e010000 - 0x00007ff91e0b2000 	C:\WINDOWS\System32\ADVAPI32.dll
0x00007ff91e7e0000 - 0x00007ff91e87e000 	C:\WINDOWS\System32\msvcrt.dll
0x00007ff91e5f0000 - 0x00007ff91e649000 	C:\WINDOWS\System32\sechost.dll
0x00007ff920730000 - 0x00007ff920851000 	C:\WINDOWS\System32\RPCRT4.dll
0x00007ff920960000 - 0x00007ff920ac5000 	C:\WINDOWS\System32\USER32.dll
0x00007ff91dd30000 - 0x00007ff91dd4e000 	C:\WINDOWS\System32\win32u.dll
0x00007ff920680000 - 0x00007ff9206b4000 	C:\WINDOWS\System32\GDI32.dll
0x00007ff91de50000 - 0x00007ff91dfd2000 	C:\WINDOWS\System32\gdi32full.dll
0x00007ff916e20000 - 0x00007ff917099000 	C:\WINDOWS\WinSxS\amd64_microsoft.windows.common-controls_6595b64144ccf1df_6.0.14393.447_none_42191651c6827bb3\COMCTL32.dll
0x00007ff91e0c0000 - 0x00007ff91e387000 	C:\WINDOWS\System32\combase.dll
0x00007ff91dd50000 - 0x00007ff91de45000 	C:\WINDOWS\System32\ucrtbase.dll
0x00007ff91d170000 - 0x00007ff91d1da000 	C:\WINDOWS\System32\bcryptPrimitives.dll
0x00007ff91e650000 - 0x00007ff91e67e000 	C:\WINDOWS\System32\IMM32.DLL
0x000000005ac10000 - 0x000000005ace2000 	D:\android-studio\jre\jre\bin\msvcr100.dll
0x000000005a1c0000 - 0x000000005a9f4000 	D:\android-studio\jre\jre\bin\server\jvm.dll
0x00007ff91dd00000 - 0x00007ff91dd23000 	C:\WINDOWS\System32\WINMM.dll
0x00007ff91ce60000 - 0x00007ff91ce8b000 	C:\WINDOWS\System32\WINMMBASE.dll
0x00007ff91dc60000 - 0x00007ff91dca2000 	C:\WINDOWS\System32\cfgmgr32.dll
0x00007ff9205c0000 - 0x00007ff9205c8000 	C:\WINDOWS\System32\PSAPI.DLL
0x00007ff8f9890000 - 0x00007ff8f9899000 	C:\WINDOWS\SYSTEM32\WSOCK32.dll
0x00007ff91fe60000 - 0x00007ff91feca000 	C:\WINDOWS\System32\WS2_32.dll
0x00007ff919b80000 - 0x00007ff919b8a000 	C:\WINDOWS\SYSTEM32\VERSION.dll
0x00007ff91b350000 - 0x00007ff91b35f000 	D:\android-studio\jre\jre\bin\verify.dll
0x00007ff913180000 - 0x00007ff9131a9000 	D:\android-studio\jre\jre\bin\java.dll
0x00007ff918f90000 - 0x00007ff918fa6000 	D:\android-studio\jre\jre\bin\zip.dll
0x00007ff91e8e0000 - 0x00007ff91fde9000 	C:\WINDOWS\System32\SHELL32.dll
0x00007ff91d300000 - 0x00007ff91d9da000 	C:\WINDOWS\System32\windows.storage.dll
0x00007ff91dcb0000 - 0x00007ff91dcfc000 	C:\WINDOWS\System32\powrprof.dll
0x00007ff9206d0000 - 0x00007ff920722000 	C:\WINDOWS\System32\shlwapi.dll
0x00007ff91ce90000 - 0x00007ff91ce9f000 	C:\WINDOWS\System32\kernel.appcore.dll
0x00007ff91dbb0000 - 0x00007ff91dc59000 	C:\WINDOWS\System32\shcore.dll
0x00007ff91ce40000 - 0x00007ff91ce54000 	C:\WINDOWS\System32\profapi.dll

VM Arguments:
jvm_args: -Djava.awt.headless=true -Xmx1024M -Dfile.encoding=GBK -Duser.country=CN -Duser.language=zh -Duser.variant 
java_command: com.android.dx.command.Main --dex --force-jumbo --num-threads=4 --multi-dex --output E:\workspace\SmartCity\app\build\intermediates\transforms\dex\debug\folders\1000\5\slice_1 E:\workspace\SmartCity\app\build\intermediates\transforms\instantRunSlicer\debug\folders\1\5\slice_1
java_class_path (initial): D:\ADT-Bundle\sdk\build-tools\25.0.0\lib\dx.jar
Launcher Type: SUN_STANDARD

Environment Variables:
JAVA_HOME=C:\Program Files\Java\jdk1.8.0_111
CLASSPATH=C:\Program Files\Java\jdk1.8.0_111\lib\dt.jar;C:\Program Files\Java\jdk1.8.0_111\lib\tools.jar
PATH=C:\ProgramData\Oracle\Java\javapath;C:\Windows\system32;C:\Windows;C:\Windows\System32\Wbem;C:\Windows\System32\WindowsPowerShell\v1.0\;C:\Program Files (x86)\NVIDIA Corporation\PhysX\Common;%JAVA_HOME%\bin;%JAVA_HOME%\jre\bin;D:\ADT-Bundle\sdk\platform-tools;C:\Program Files (x86)\decomp;%GRADLE_HOME%\bin;C:\Program Files\Git\bin;C:\WINDOWS\system32;C:\WINDOWS;C:\WINDOWS\System32\Wbem;C:\WINDOWS\System32\WindowsPowerShell\v1.0\;C:\Users\AllenIverson\AppData\Local\Microsoft\WindowsApps;
USERNAME=AllenIverson
OS=Windows_NT
PROCESSOR_IDENTIFIER=Intel64 Family 6 Model 42 Stepping 7, GenuineIntel



---------------  S Y S T E M  ---------------

OS: Windows 10.0 , 64 bit Build 14393 (10.0.14393.0)

CPU:total 4 (2 cores per cpu, 2 threads per core) family 6 model 42 stepping 7, cmov, cx8, fxsr, mmx, sse, sse2, sse3, ssse3, sse4.1, sse4.2, popcnt, avx, aes, clmul, ht, tsc, tscinvbit

Memory: 4k page, physical 8364836k(1555188k free), swap 8364836k(4176k free)

vm_info: OpenJDK 64-Bit Server VM (25.76-b03) for windows-amd64 JRE (1.8.0_76-release-b03), built on Jun 29 2016 19:09:20 by "ralucas" with MS VC++ 10.0 (VS2010)

time: Fri Dec 16 12:28:01 2016
elapsed time: 21 seconds (0d 0h 0m 21s)

