#
# There is insufficient memory for the Java Runtime Environment to continue.
# Native memory allocation (malloc) failed to allocate 895216 bytes for Chunk::new
# Possible reasons:
#   The system is out of physical RAM or swap space
#   In 32 bit mode, the process size limit was hit
# Possible solutions:
#   Reduce memory load on the system
#   Increase physical memory or swap space
#   Check if swap backing store is full
#   Use 64 bit Java on a 64 bit OS
#   Decrease Java heap size (-Xmx/-Xms)
#   Decrease number of Java threads
#   Decrease Java thread stack sizes (-Xss)
#   Set larger code cache with -XX:ReservedCodeCacheSize=
# This output file may be truncated or incomplete.
#
#  Out of Memory Error (allocation.cpp:390), pid=11752, tid=0x0000000000004984
#
# JRE version: OpenJDK Runtime Environment (8.0_76-b03) (build 1.8.0_76-release-b03)
# Java VM: OpenJDK 64-Bit Server VM (25.76-b03 mixed mode windows-amd64 compressed oops)
# Failed to write core dump. Minidumps are not enabled by default on client versions of Windows
#

---------------  T H R E A D  ---------------

Current thread (0x00000000157ed800):  JavaThread "C2 CompilerThread0" daemon [_thread_in_native, id=18820, stack(0x0000000016cf0000,0x0000000016df0000)]

Stack: [0x0000000016cf0000,0x0000000016df0000]
[error occurred during error reporting (printing stack bounds), id 0xc0000005]

Native frames: (J=compiled Java code, j=interpreted, Vv=VM code, C=native code)


Current CompileTask:
C2:  19434 1672       4       com.android.dx.dex.code.OutputFinisher::addConstants (93 bytes)


---------------  P R O C E S S  ---------------

Java Threads: ( => current thread )
  0x0000000016f70800 JavaThread "pool-1-thread-1" [_thread_in_Java, id=11080, stack(0x000000001a290000,0x000000001a390000)]
  0x0000000016e53800 JavaThread "Service Thread" daemon [_thread_blocked, id=15048, stack(0x00000000173f0000,0x00000000174f0000)]
  0x0000000016e4a800 JavaThread "C1 CompilerThread2" daemon [_thread_blocked, id=17392, stack(0x00000000172f0000,0x00000000173f0000)]
  0x0000000016df2000 JavaThread "C2 CompilerThread1" daemon [_thread_in_native, id=3532, stack(0x00000000171f0000,0x00000000172f0000)]
=>0x00000000157ed800 JavaThread "C2 CompilerThread0" daemon [_thread_in_native, id=18820, stack(0x0000000016cf0000,0x0000000016df0000)]
  0x00000000157eb800 JavaThread "Attach Listener" daemon [_thread_blocked, id=19660, stack(0x0000000016bf0000,0x0000000016cf0000)]
  0x00000000157a0800 JavaThread "Signal Dispatcher" daemon [_thread_blocked, id=19644, stack(0x0000000016af0000,0x0000000016bf0000)]
  0x0000000015778800 JavaThread "Finalizer" daemon [_thread_blocked, id=20412, stack(0x00000000169f0000,0x0000000016af0000)]
  0x00000000030af000 JavaThread "Reference Handler" daemon [_thread_blocked, id=3152, stack(0x00000000168f0000,0x00000000169f0000)]
  0x0000000002fc0800 JavaThread "main" [_thread_blocked, id=15324, stack(0x0000000002df0000,0x0000000002ef0000)]

Other Threads:
  0x0000000015755800 VMThread [stack: 0x00000000167f0000,0x00000000168f0000] [id=12208]
  0x0000000016e55800 WatcherThread [stack: 0x00000000174f0000,0x00000000175f0000] [id=3916]

VM state:not at safepoint (normal execution)

VM Mutex/Monitor currently owned by a thread: None

Heap:
 PSYoungGen      total 71680K, used 71357K [0x00000000eab00000, 0x00000000ef600000, 0x0000000100000000)
  eden space 66560K, 99% used [0x00000000eab00000,0x00000000eebb14a8,0x00000000eec00000)
  from space 5120K, 99% used [0x00000000ef100000,0x00000000ef5fe028,0x00000000ef600000)
  to   space 5120K, 0% used [0x00000000eec00000,0x00000000eec00000,0x00000000ef100000)
 ParOldGen       total 87552K, used 7272K [0x00000000c0000000, 0x00000000c5580000, 0x00000000eab00000)
  object space 87552K, 8% used [0x00000000c0000000,0x00000000c071a018,0x00000000c5580000)
 Metaspace       used 5945K, capacity 7024K, committed 7296K, reserved 1056768K
  class space    used 565K, capacity 616K, committed 640K, reserved 1048576K

Card table byte_map: [0x0000000012480000,0x0000000012690000] byte_map_base: 0x0000000011e80000

Marking Bits: (ParMarkBitMap*) 0x000000005a979d00
 Begin Bits: [0x0000000012bf0000, 0x0000000013bf0000)
 End Bits:   [0x0000000013bf0000, 0x0000000014bf0000)

Polling page: 0x0000000001340000

CodeCache: size=245760Kb used=7634Kb max_used=7634Kb free=238125Kb
 bounds [0x00000000030c0000, 0x0000000003840000, 0x00000000120c0000]
 total_blobs=1924 nmethods=1661 adapters=177
 compilation: enabled

Compilation events (10 events):
Event: 19.229 Thread 0x0000000016e4a800 1679       3       com.android.dx.dex.code.OutputFinisher::getAllConstants (47 bytes)
Event: 19.230 Thread 0x00000000157ed800 nmethod 1668 0x0000000003827c90 code [0x0000000003827e00, 0x0000000003828418]
Event: 19.230 Thread 0x00000000157ed800 1672       4       com.android.dx.dex.code.OutputFinisher::addConstants (93 bytes)
Event: 19.230 Thread 0x0000000016e4a800 nmethod 1679 0x0000000003826b90 code [0x0000000003826dc0, 0x0000000003827728]
Event: 19.232 Thread 0x0000000016df2000 nmethod 1670 0x000000000382a7d0 code [0x000000000382a980, 0x000000000382b098]
Event: 19.232 Thread 0x0000000016df2000 1675       4       java.util.HashMap::newNode (13 bytes)
Event: 19.233 Thread 0x0000000016df2000 nmethod 1675 0x000000000381cbd0 code [0x000000000381cd20, 0x000000000381ce38]
Event: 19.233 Thread 0x0000000016df2000 1678       4       java.util.AbstractSet::<init> (5 bytes)
Event: 19.234 Thread 0x0000000016df2000 nmethod 1678 0x00000000036724d0 code [0x0000000003672600, 0x0000000003672658]
Event: 19.365 Thread 0x0000000016df2000 1680       4       com.android.dx.dex.code.OutputFinisher::addConstants (68 bytes)

GC Heap History (4 events):
Event: 5.522 GC heap before
{Heap before GC invocations=1 (full 0):
 PSYoungGen      total 38400K, used 33280K [0x00000000eab00000, 0x00000000ed580000, 0x0000000100000000)
  eden space 33280K, 100% used [0x00000000eab00000,0x00000000ecb80000,0x00000000ecb80000)
  from space 5120K, 0% used [0x00000000ed080000,0x00000000ed080000,0x00000000ed580000)
  to   space 5120K, 0% used [0x00000000ecb80000,0x00000000ecb80000,0x00000000ed080000)
 ParOldGen       total 87552K, used 0K [0x00000000c0000000, 0x00000000c5580000, 0x00000000eab00000)
  object space 87552K, 0% used [0x00000000c0000000,0x00000000c0000000,0x00000000c5580000)
 Metaspace       used 5719K, capacity 6896K, committed 7040K, reserved 1056768K
  class space    used 557K, capacity 616K, committed 640K, reserved 1048576K
Event: 5.643 GC heap after
Heap after GC invocations=1 (full 0):
 PSYoungGen      total 38400K, used 5094K [0x00000000eab00000, 0x00000000ef600000, 0x0000000100000000)
  eden space 33280K, 0% used [0x00000000eab00000,0x00000000eab00000,0x00000000ecb80000)
  from space 5120K, 99% used [0x00000000ecb80000,0x00000000ed079a70,0x00000000ed080000)
  to   space 5120K, 0% used [0x00000000ef100000,0x00000000ef100000,0x00000000ef600000)
 ParOldGen       total 87552K, used 1942K [0x00000000c0000000, 0x00000000c5580000, 0x00000000eab00000)
  object space 87552K, 2% used [0x00000000c0000000,0x00000000c01e5820,0x00000000c5580000)
 Metaspace       used 5719K, capacity 6896K, committed 7040K, reserved 1056768K
  class space    used 557K, capacity 616K, committed 640K, reserved 1048576K
}
Event: 10.637 GC heap before
{Heap before GC invocations=2 (full 0):
 PSYoungGen      total 38400K, used 38374K [0x00000000eab00000, 0x00000000ef600000, 0x0000000100000000)
  eden space 33280K, 100% used [0x00000000eab00000,0x00000000ecb80000,0x00000000ecb80000)
  from space 5120K, 99% used [0x00000000ecb80000,0x00000000ed079a70,0x00000000ed080000)
  to   space 5120K, 0% used [0x00000000ef100000,0x00000000ef100000,0x00000000ef600000)
 ParOldGen       total 87552K, used 1942K [0x00000000c0000000, 0x00000000c5580000, 0x00000000eab00000)
  object space 87552K, 2% used [0x00000000c0000000,0x00000000c01e5820,0x00000000c5580000)
 Metaspace       used 5819K, capacity 6960K, committed 7040K, reserved 1056768K
  class space    used 557K, capacity 616K, committed 640K, reserved 1048576K
Event: 11.598 GC heap after
Heap after GC invocations=2 (full 0):
 PSYoungGen      total 71680K, used 5112K [0x00000000eab00000, 0x00000000ef600000, 0x0000000100000000)
  eden space 66560K, 0% used [0x00000000eab00000,0x00000000eab00000,0x00000000eec00000)
  from space 5120K, 99% used [0x00000000ef100000,0x00000000ef5fe028,0x00000000ef600000)
  to   space 5120K, 0% used [0x00000000eec00000,0x00000000eec00000,0x00000000ef100000)
 ParOldGen       total 87552K, used 7272K [0x00000000c0000000, 0x00000000c5580000, 0x00000000eab00000)
  object space 87552K, 8% used [0x00000000c0000000,0x00000000c071a018,0x00000000c5580000)
 Metaspace       used 5819K, capacity 6960K, committed 7040K, reserved 1056768K
  class space    used 557K, capacity 616K, committed 640K, reserved 1048576K
}

Deoptimization events (10 events):
Event: 19.189 Thread 0x0000000016f70800 Uncommon trap: reason=class_check action=maybe_recompile pc=0x0000000003578b58 method=java.util.Arrays.hashCode([Ljava/lang/Object;)I @ 43
Event: 19.189 Thread 0x0000000016f70800 Uncommon trap: reason=class_check action=maybe_recompile pc=0x0000000003578b58 method=java.util.Arrays.hashCode([Ljava/lang/Object;)I @ 43
Event: 19.189 Thread 0x0000000016f70800 Uncommon trap: reason=class_check action=maybe_recompile pc=0x000000000357a7f8 method=java.util.Arrays.hashCode([Ljava/lang/Object;)I @ 43
Event: 19.209 Thread 0x0000000016f70800 Uncommon trap: reason=bimorphic action=maybe_recompile pc=0x0000000003353e14 method=java.util.HashMap.getNode(ILjava/lang/Object;)Ljava/util/HashMap$Node; @ 126
Event: 19.209 Thread 0x0000000016f70800 Uncommon trap: reason=class_check action=maybe_recompile pc=0x0000000003535254 method=java.util.HashMap.putVal(ILjava/lang/Object;Ljava/lang/Object;ZZ)Ljava/lang/Object; @ 203
Event: 19.210 Thread 0x0000000016f70800 Uncommon trap: reason=bimorphic action=maybe_recompile pc=0x0000000003353e14 method=java.util.HashMap.getNode(ILjava/lang/Object;)Ljava/util/HashMap$Node; @ 126
Event: 19.210 Thread 0x0000000016f70800 Uncommon trap: reason=class_check action=maybe_recompile pc=0x0000000003535254 method=java.util.HashMap.putVal(ILjava/lang/Object;Ljava/lang/Object;ZZ)Ljava/lang/Object; @ 203
Event: 19.210 Thread 0x0000000016f70800 Uncommon trap: reason=bimorphic action=maybe_recompile pc=0x0000000003353e14 method=java.util.HashMap.getNode(ILjava/lang/Object;)Ljava/util/HashMap$Node; @ 126
Event: 19.210 Thread 0x0000000016f70800 Uncommon trap: reason=class_check action=maybe_recompile pc=0x0000000003535254 method=java.util.HashMap.putVal(ILjava/lang/Object;Ljava/lang/Object;ZZ)Ljava/lang/Object; @ 203
Event: 19.214 Thread 0x0000000016f70800 Uncommon trap: reason=class_check action=maybe_recompile pc=0x0000000003535254 method=java.util.HashMap.putVal(ILjava/lang/Object;Ljava/lang/Object;ZZ)Ljava/lang/Object; @ 203

Internal exceptions (2 events):
Event: 0.067 Thread 0x0000000002fc0800 Exception <a 'java/lang/NoSuchMethodError': Method sun.misc.Unsafe.defineClass(Ljava/lang/String;[BII)Ljava/lang/Class; name or signature does not match> (0x00000000eab07cc0) thrown at [C:\src\android\AOSP-openjdk\external\jetbrains\jdk\hotspot\src\share\vRœ÷Ø”H±?
Event: 0.068 Thread 0x0000000002fc0800 Exception <a 'java/lang/NoSuchMethodError': Method sun.misc.Unsafe.prefetchRead(Ljava/lang/Object;J)V name or signature does not match> (0x00000000eab07fa8) thrown at [C:\src\android\AOSP-openjdk\external\jetbrains\jdk\hotspot\src\share\vm\prims\jni.cpp, l

Events (10 events):
Event: 19.210 Thread 0x0000000016f70800 DEOPT UNPACKING pc=0x000000000310556a sp=0x000000001a38eb88 mode 2
Event: 19.210 Thread 0x0000000016f70800 Uncommon trap: trap_request=0xffffffc6 fr.pc=0x0000000003353e14
Event: 19.210 Thread 0x0000000016f70800 DEOPT PACKING pc=0x0000000003353e14 sp=0x000000001a38ecc0
Event: 19.210 Thread 0x0000000016f70800 DEOPT UNPACKING pc=0x000000000310556a sp=0x000000001a38ebe8 mode 2
Event: 19.210 Thread 0x0000000016f70800 Uncommon trap: trap_request=0xffffffde fr.pc=0x0000000003535254
Event: 19.210 Thread 0x0000000016f70800 DEOPT PACKING pc=0x0000000003535254 sp=0x000000001a38ec00
Event: 19.210 Thread 0x0000000016f70800 DEOPT UNPACKING pc=0x000000000310556a sp=0x000000001a38eb88 mode 2
Event: 19.214 Thread 0x0000000016f70800 Uncommon trap: trap_request=0xffffffde fr.pc=0x0000000003535254
Event: 19.214 Thread 0x0000000016f70800 DEOPT PACKING pc=0x0000000003535254 sp=0x000000001a38eb60
Event: 19.214 Thread 0x0000000016f70800 DEOPT UNPACKING pc=0x000000000310556a sp=0x000000001a38eae8 mode 2


Dynamic libraries:
0x00007ff7cb9f0000 - 0x00007ff7cba21000 	D:\android-studio\jre\bin\java.exe
0x00007ff920c10000 - 0x00007ff920de1000 	C:\WINDOWS\SYSTEM32\ntdll.dll
0x00007ff9205d0000 - 0x00007ff92067b000 	C:\WINDOWS\System32\KERNEL32.DLL
0x00007ff91cf50000 - 0x00007ff91d16d000 	C:\WINDOWS\System32\KERNELBASE.dll
0x00007ff91e010000 - 0x00007ff91e0b2000 	C:\WINDOWS\System32\ADVAPI32.dll
0x00007ff91e7e0000 - 0x00007ff91e87e000 	C:\WINDOWS\System32\msvcrt.dll
0x00007ff91e5f0000 - 0x00007ff91e649000 	C:\WINDOWS\System32\sechost.dll
0x00007ff920730000 - 0x00007ff920851000 	C:\WINDOWS\System32\RPCRT4.dll
0x00007ff920960000 - 0x00007ff920ac5000 	C:\WINDOWS\System32\USER32.dll
0x00007ff91dd30000 - 0x00007ff91dd4e000 	C:\WINDOWS\System32\win32u.dll
0x00007ff920680000 - 0x00007ff9206b4000 	C:\WINDOWS\System32\GDI32.dll
0x00007ff91de50000 - 0x00007ff91dfd2000 	C:\WINDOWS\System32\gdi32full.dll
0x00007ff916e20000 - 0x00007ff917099000 	C:\WINDOWS\WinSxS\amd64_microsoft.windows.common-controls_6595b64144ccf1df_6.0.14393.447_none_42191651c6827bb3\COMCTL32.dll
0x00007ff91e0c0000 - 0x00007ff91e387000 	C:\WINDOWS\System32\combase.dll
0x00007ff91dd50000 - 0x00007ff91de45000 	C:\WINDOWS\System32\ucrtbase.dll
0x00007ff91d170000 - 0x00007ff91d1da000 	C:\WINDOWS\System32\bcryptPrimitives.dll
0x00007ff91e650000 - 0x00007ff91e67e000 	C:\WINDOWS\System32\IMM32.DLL
0x00000000594c0000 - 0x0000000059592000 	D:\android-studio\jre\jre\bin\msvcr100.dll
0x000000005a1c0000 - 0x000000005a9f4000 	D:\android-studio\jre\jre\bin\server\jvm.dll
0x00007ff91dd00000 - 0x00007ff91dd23000 	C:\WINDOWS\System32\WINMM.dll
0x00007ff91ce60000 - 0x00007ff91ce8b000 	C:\WINDOWS\System32\WINMMBASE.dll
0x00007ff91dc60000 - 0x00007ff91dca2000 	C:\WINDOWS\System32\cfgmgr32.dll
0x00007ff8f9890000 - 0x00007ff8f9899000 	C:\WINDOWS\SYSTEM32\WSOCK32.dll
0x00007ff9205c0000 - 0x00007ff9205c8000 	C:\WINDOWS\System32\PSAPI.DLL
0x00007ff91fe60000 - 0x00007ff91feca000 	C:\WINDOWS\System32\WS2_32.dll
0x00007ff919b80000 - 0x00007ff919b8a000 	C:\WINDOWS\SYSTEM32\VERSION.dll
0x00007ff91b350000 - 0x00007ff91b35f000 	D:\android-studio\jre\jre\bin\verify.dll
0x00007ff913180000 - 0x00007ff9131a9000 	D:\android-studio\jre\jre\bin\java.dll
0x00007ff918f90000 - 0x00007ff918fa6000 	D:\android-studio\jre\jre\bin\zip.dll
0x00007ff91e8e0000 - 0x00007ff91fde9000 	C:\WINDOWS\System32\SHELL32.dll
0x00007ff91d300000 - 0x00007ff91d9da000 	C:\WINDOWS\System32\windows.storage.dll
0x00007ff91dcb0000 - 0x00007ff91dcfc000 	C:\WINDOWS\System32\powrprof.dll
0x00007ff9206d0000 - 0x00007ff920722000 	C:\WINDOWS\System32\shlwapi.dll
0x00007ff91ce90000 - 0x00007ff91ce9f000 	C:\WINDOWS\System32\kernel.appcore.dll
0x00007ff91dbb0000 - 0x00007ff91dc59000 	C:\WINDOWS\System32\shcore.dll
0x00007ff91ce40000 - 0x00007ff91ce54000 	C:\WINDOWS\System32\profapi.dll

VM Arguments:
jvm_args: -Djava.awt.headless=true -Xmx1024M -Dfile.encoding=GBK -Duser.country=CN -Duser.language=zh -Duser.variant 
java_command: com.android.dx.command.Main --dex --force-jumbo --num-threads=4 --multi-dex --output E:\workspace\SmartCity\app\build\intermediates\transforms\dex\debug\folders\1000\5\slice_2 E:\workspace\SmartCity\app\build\intermediates\transforms\instantRunSlicer\debug\folders\1\5\slice_2
java_class_path (initial): D:\ADT-Bundle\sdk\build-tools\25.0.0\lib\dx.jar
Launcher Type: SUN_STANDARD

Environment Variables:
JAVA_HOME=C:\Program Files\Java\jdk1.8.0_111
CLASSPATH=C:\Program Files\Java\jdk1.8.0_111\lib\dt.jar;C:\Program Files\Java\jdk1.8.0_111\lib\tools.jar
PATH=C:\ProgramData\Oracle\Java\javapath;C:\Windows\system32;C:\Windows;C:\Windows\System32\Wbem;C:\Windows\System32\WindowsPowerShell\v1.0\;C:\Program Files (x86)\NVIDIA Corporation\PhysX\Common;%JAVA_HOME%\bin;%JAVA_HOME%\jre\bin;D:\ADT-Bundle\sdk\platform-tools;C:\Program Files (x86)\decomp;%GRADLE_HOME%\bin;C:\Program Files\Git\bin;C:\WINDOWS\system32;C:\WINDOWS;C:\WINDOWS\System32\Wbem;C:\WINDOWS\System32\WindowsPowerShell\v1.0\;C:\Users\AllenIverson\AppData\Local\Microsoft\WindowsApps;
USERNAME=AllenIverson
OS=Windows_NT
PROCESSOR_IDENTIFIER=Intel64 Family 6 Model 42 Stepping 7, GenuineIntel



---------------  S Y S T E M  ---------------

OS: Windows 10.0 , 64 bit Build 14393 (10.0.14393.0)

CPU:total 4 (2 cores per cpu, 2 threads per core) family 6 model 42 stepping 7, cmov, cx8, fxsr, mmx, sse, sse2, sse3, ssse3, sse4.1, sse4.2, popcnt, avx, aes, clmul, ht, tsc, tscinvbit

Memory: 4k page, physical 8364836k(1503144k free), swap 8364836k(4096k free)

vm_info: OpenJDK 64-Bit Server VM (25.76-b03) for windows-amd64 JRE (1.8.0_76-release-b03), built on Jun 29 2016 19:09:20 by "ralucas" with MS VC++ 10.0 (VS2010)

time: Thu Dec 15 23:09:01 2016
elapsed time: 19 seconds (0d 0h 0m 19s)

