#
# There is insufficient memory for the Java Runtime Environment to continue.
# Native memory allocation (malloc) failed to allocate 717824 bytes for Chunk::new
# Possible reasons:
#   The system is out of physical RAM or swap space
#   In 32 bit mode, the process size limit was hit
# Possible solutions:
#   Reduce memory load on the system
#   Increase physical memory or swap space
#   Check if swap backing store is full
#   Use 64 bit Java on a 64 bit OS
#   Decrease Java heap size (-Xmx/-Xms)
#   Decrease number of Java threads
#   Decrease Java thread stack sizes (-Xss)
#   Set larger code cache with -XX:ReservedCodeCacheSize=
# This output file may be truncated or incomplete.
#
#  Out of Memory Error (allocation.cpp:390), pid=10016, tid=0x0000000000003c14
#
# JRE version: OpenJDK Runtime Environment (8.0_76-b03) (build 1.8.0_76-release-b03)
# Java VM: OpenJDK 64-Bit Server VM (25.76-b03 mixed mode windows-amd64 compressed oops)
# Failed to write core dump. Minidumps are not enabled by default on client versions of Windows
#

---------------  T H R E A D  ---------------

Current thread (0x00000000155f7800):  JavaThread "C2 CompilerThread0" daemon [_thread_in_native, id=15380, stack(0x0000000016af0000,0x0000000016bf0000)]

Stack: [0x0000000016af0000,0x0000000016bf0000]
[error occurred during error reporting (printing stack bounds), id 0xc0000005]

Native frames: (J=compiled Java code, j=interpreted, Vv=VM code, C=native code)


Current CompileTask:
C2:   6364 1487   !   4       com.android.dx.cf.code.Ropper::processBlock (1101 bytes)


---------------  P R O C E S S  ---------------

Java Threads: ( => current thread )
  0x0000000016f79000 JavaThread "pool-2-thread-3" [_thread_in_Java, id=11052, stack(0x00000000176f0000,0x00000000177f0000)]
  0x0000000016e5b000 JavaThread "pool-3-thread-1" [_thread_blocked, id=15036, stack(0x00000000174f0000,0x00000000175f0000)]
  0x0000000016d4d800 JavaThread "Service Thread" daemon [_thread_blocked, id=668, stack(0x00000000171f0000,0x00000000172f0000)]
  0x0000000016d47800 JavaThread "C1 CompilerThread2" daemon [_thread_blocked, id=19428, stack(0x00000000170f0000,0x00000000171f0000)]
  0x00000000155fa800 JavaThread "C2 CompilerThread1" daemon [_thread_in_native, id=15364, stack(0x0000000016bf0000,0x0000000016cf0000)]
=>0x00000000155f7800 JavaThread "C2 CompilerThread0" daemon [_thread_in_native, id=15380, stack(0x0000000016af0000,0x0000000016bf0000)]
  0x00000000155ab800 JavaThread "Attach Listener" daemon [_thread_blocked, id=14996, stack(0x00000000169f0000,0x0000000016af0000)]
  0x00000000155aa000 JavaThread "Signal Dispatcher" daemon [_thread_blocked, id=17004, stack(0x00000000168f0000,0x00000000169f0000)]
  0x0000000015588000 JavaThread "Finalizer" daemon [_thread_blocked, id=3612, stack(0x00000000167f0000,0x00000000168f0000)]
  0x0000000002ebf000 JavaThread "Reference Handler" daemon [_thread_blocked, id=18556, stack(0x00000000166f0000,0x00000000167f0000)]
  0x0000000002dd0800 JavaThread "main" [_thread_blocked, id=16660, stack(0x0000000002bf0000,0x0000000002cf0000)]

Other Threads:
  0x0000000015565800 VMThread [stack: 0x00000000165f0000,0x00000000166f0000] [id=12192]
  0x0000000016d50000 WatcherThread [stack: 0x00000000172f0000,0x00000000173f0000] [id=18896]

VM state:not at safepoint (normal execution)

VM Mutex/Monitor currently owned by a thread: None

Heap:
 PSYoungGen      total 38400K, used 27959K [0x00000000eab00000, 0x00000000ef600000, 0x0000000100000000)
  eden space 33280K, 68% used [0x00000000eab00000,0x00000000ec14dfc0,0x00000000ecb80000)
  from space 5120K, 99% used [0x00000000ed080000,0x00000000ed57ff00,0x00000000ed580000)
  to   space 5120K, 0% used [0x00000000ecb80000,0x00000000ecb80000,0x00000000ed080000)
 ParOldGen       total 87552K, used 7310K [0x00000000c0000000, 0x00000000c5580000, 0x00000000eab00000)
  object space 87552K, 8% used [0x00000000c0000000,0x00000000c0723898,0x00000000c5580000)
 Metaspace       used 5858K, capacity 6960K, committed 7040K, reserved 1056768K
  class space    used 558K, capacity 616K, committed 640K, reserved 1048576K

Card table byte_map: [0x0000000012290000,0x00000000124a0000] byte_map_base: 0x0000000011c90000

Marking Bits: (ParMarkBitMap*) 0x000000005a979d00
 Begin Bits: [0x0000000012a00000, 0x0000000013a00000)
 End Bits:   [0x0000000013a00000, 0x0000000014a00000)

Polling page: 0x0000000000c50000

CodeCache: size=245760Kb used=6073Kb max_used=6086Kb free=239686Kb
 bounds [0x0000000002ed0000, 0x00000000034d0000, 0x0000000011ed0000]
 total_blobs=1726 nmethods=1463 adapters=177
 compilation: enabled

Compilation events (10 events):
Event: 6.153 Thread 0x00000000155fa800 nmethod 1500 0x00000000034b80d0 code [0x00000000034b8200, 0x00000000034b82f8]
Event: 6.154 Thread 0x00000000155fa800 1501   !   4       com.android.dx.rop.type.Prototype::putIntern (50 bytes)
Event: 6.188 Thread 0x00000000155fa800 nmethod 1501 0x00000000034c6150 code [0x00000000034c6340, 0x00000000034c7478]
Event: 6.189 Thread 0x00000000155fa800 1502       4       com.android.dx.rop.code.Rops::opMove (77 bytes)
Event: 6.190 Thread 0x00000000155fa800 nmethod 1502 0x00000000034b7dd0 code [0x00000000034b7f20, 0x00000000034b8008]
Event: 6.193 Thread 0x00000000155fa800 1503       4       com.android.dx.rop.code.SourcePosition::<init> (50 bytes)
Event: 6.194 Thread 0x00000000155fa800 nmethod 1503 0x00000000034b7b50 code [0x00000000034b7c80, 0x00000000034b7d38]
Event: 6.195 Thread 0x00000000155fa800 1504       4       com.android.dx.rop.code.RegisterSpec::getBasicFrameType (10 bytes)
Event: 6.195 Thread 0x00000000155fa800 nmethod 1504 0x0000000003456750 code [0x0000000003456880, 0x00000000034568f8]
Event: 6.196 Thread 0x00000000155fa800 1505       4       com.android.dx.rop.code.Rops::ropFor (771 bytes)

GC Heap History (4 events):
Event: 2.796 GC heap before
{Heap before GC invocations=1 (full 0):
 PSYoungGen      total 38400K, used 33280K [0x00000000eab00000, 0x00000000ed580000, 0x0000000100000000)
  eden space 33280K, 100% used [0x00000000eab00000,0x00000000ecb80000,0x00000000ecb80000)
  from space 5120K, 0% used [0x00000000ed080000,0x00000000ed080000,0x00000000ed580000)
  to   space 5120K, 0% used [0x00000000ecb80000,0x00000000ecb80000,0x00000000ed080000)
 ParOldGen       total 87552K, used 0K [0x00000000c0000000, 0x00000000c5580000, 0x00000000eab00000)
  object space 87552K, 0% used [0x00000000c0000000,0x00000000c0000000,0x00000000c5580000)
 Metaspace       used 5713K, capacity 6832K, committed 7040K, reserved 1056768K
  class space    used 556K, capacity 616K, committed 640K, reserved 1048576K
Event: 2.807 GC heap after
Heap after GC invocations=1 (full 0):
 PSYoungGen      total 38400K, used 5103K [0x00000000eab00000, 0x00000000ed580000, 0x0000000100000000)
  eden space 33280K, 0% used [0x00000000eab00000,0x00000000eab00000,0x00000000ecb80000)
  from space 5120K, 99% used [0x00000000ecb80000,0x00000000ed07be28,0x00000000ed080000)
  to   space 5120K, 0% used [0x00000000ed080000,0x00000000ed080000,0x00000000ed580000)
 ParOldGen       total 87552K, used 1857K [0x00000000c0000000, 0x00000000c5580000, 0x00000000eab00000)
  object space 87552K, 2% used [0x00000000c0000000,0x00000000c01d0420,0x00000000c5580000)
 Metaspace       used 5713K, capacity 6832K, committed 7040K, reserved 1056768K
  class space    used 556K, capacity 616K, committed 640K, reserved 1048576K
}
Event: 4.353 GC heap before
{Heap before GC invocations=2 (full 0):
 PSYoungGen      total 38400K, used 38383K [0x00000000eab00000, 0x00000000ed580000, 0x0000000100000000)
  eden space 33280K, 100% used [0x00000000eab00000,0x00000000ecb80000,0x00000000ecb80000)
  from space 5120K, 99% used [0x00000000ecb80000,0x00000000ed07be28,0x00000000ed080000)
  to   space 5120K, 0% used [0x00000000ed080000,0x00000000ed080000,0x00000000ed580000)
 ParOldGen       total 87552K, used 1857K [0x00000000c0000000, 0x00000000c5580000, 0x00000000eab00000)
  object space 87552K, 2% used [0x00000000c0000000,0x00000000c01d0420,0x00000000c5580000)
 Metaspace       used 5824K, capacity 6960K, committed 7040K, reserved 1056768K
  class space    used 557K, capacity 616K, committed 640K, reserved 1048576K
Event: 5.121 GC heap after
Heap after GC invocations=2 (full 0):
 PSYoungGen      total 38400K, used 5119K [0x00000000eab00000, 0x00000000ef600000, 0x0000000100000000)
  eden space 33280K, 0% used [0x00000000eab00000,0x00000000eab00000,0x00000000ecb80000)
  from space 5120K, 99% used [0x00000000ed080000,0x00000000ed57ff00,0x00000000ed580000)
  to   space 5120K, 0% used [0x00000000ecb80000,0x00000000ecb80000,0x00000000ed080000)
 ParOldGen       total 87552K, used 7310K [0x00000000c0000000, 0x00000000c5580000, 0x00000000eab00000)
  object space 87552K, 8% used [0x00000000c0000000,0x00000000c0723898,0x00000000c5580000)
 Metaspace       used 5824K, capacity 6960K, committed 7040K, reserved 1056768K
  class space    used 557K, capacity 616K, committed 640K, reserved 1048576K
}

Deoptimization events (10 events):
Event: 2.605 Thread 0x0000000016e54000 Uncommon trap: reason=class_check action=maybe_recompile pc=0x00000000033286e0 method=com.android.dx.ssa.NormalSsaInsn.accept(Lcom/android/dx/ssa/SsaInsn$Visitor;)V @ 9
Event: 2.892 Thread 0x0000000016e54000 Uncommon trap: reason=class_check action=maybe_recompile pc=0x000000000322ab20 method=com.android.dx.rop.type.Type.equals(Ljava/lang/Object;)Z @ 8
Event: 3.484 Thread 0x0000000016f79000 Uncommon trap: reason=class_check action=maybe_recompile pc=0x00000000034072c8 method=com.android.dx.cf.code.BytecodeArray.parseInstruction(ILcom/android/dx/cf/code/BytecodeArray$Visitor;)I @ 2135
Event: 3.487 Thread 0x0000000016f79000 Uncommon trap: reason=class_check action=maybe_recompile pc=0x00000000034072c8 method=com.android.dx.cf.code.BytecodeArray.parseInstruction(ILcom/android/dx/cf/code/BytecodeArray$Visitor;)I @ 2135
Event: 3.488 Thread 0x0000000016f7a000 Uncommon trap: reason=class_check action=maybe_recompile pc=0x00000000034072c8 method=com.android.dx.cf.code.BytecodeArray.parseInstruction(ILcom/android/dx/cf/code/BytecodeArray$Visitor;)I @ 2135
Event: 3.504 Thread 0x0000000016e54000 Uncommon trap: reason=class_check action=maybe_recompile pc=0x00000000034072c8 method=com.android.dx.cf.code.BytecodeArray.parseInstruction(ILcom/android/dx/cf/code/BytecodeArray$Visitor;)I @ 2135
Event: 3.509 Thread 0x0000000016e54000 Uncommon trap: reason=unstable_if action=reinterpret pc=0x00000000034213cc method=com.android.dx.ssa.SsaRenamer$BlockRenamer.addMapping(ILcom/android/dx/rop/code/RegisterSpec;)V @ 120
Event: 3.509 Thread 0x0000000016e54000 Uncommon trap: reason=unstable_if action=reinterpret pc=0x00000000032b03d0 method=com.android.dx.ssa.SsaRenamer$BlockRenamer.addMapping(ILcom/android/dx/rop/code/RegisterSpec;)V @ 120
Event: 5.242 Thread 0x0000000016f7a000 Uncommon trap: reason=unstable_if action=reinterpret pc=0x0000000003397c38 method=com.android.dx.ssa.SsaRenamer$BlockRenamer.visitMoveInsn(Lcom/android/dx/ssa/NormalSsaInsn;)V @ 104
Event: 5.242 Thread 0x0000000016f7a000 Uncommon trap: reason=unstable_if action=reinterpret pc=0x000000000342ae54 method=com.android.dx.ssa.SsaRenamer$BlockRenamer.process()V @ 90

Internal exceptions (2 events):
Event: 0.051 Thread 0x0000000002dd0800 Exception <a 'java/lang/NoSuchMethodError': Method sun.misc.Unsafe.defineClass(Ljava/lang/String;[BII)Ljava/lang/Class; name or signature does not match> (0x00000000eab07cc0) thrown at [C:\src\android\AOSP-openjdk\external\jetbrains\jdk\hotspot\src\share\v‘T+;è©?
Event: 0.051 Thread 0x0000000002dd0800 Exception <a 'java/lang/NoSuchMethodError': Method sun.misc.Unsafe.prefetchRead(Ljava/lang/Object;J)V name or signature does not match> (0x00000000eab07fa8) thrown at [C:\src\android\AOSP-openjdk\external\jetbrains\jdk\hotspot\src\share\vm\prims\jni.cpp, l

Events (10 events):
Event: 5.242 Thread 0x0000000016f7a000 DEOPT UNPACKING pc=0x0000000002f1556a sp=0x00000000178ee8b8 mode 2
Event: 5.370 Thread 0x0000000016f7a000 DEOPT PACKING pc=0x000000000343721a sp=0x00000000178eea70
Event: 5.370 Thread 0x0000000016f7a000 DEOPT UNPACKING pc=0x0000000002f175bf sp=0x00000000178ee7e8 mode 0
Event: 5.386 loading class java/util/HashMap$KeySet
Event: 5.387 loading class java/util/HashMap$KeySet done
Event: 5.387 loading class java/util/HashMap$KeyIterator
Event: 5.387 loading class java/util/HashMap$KeyIterator done
Event: 5.387 Thread 0x0000000016f7a000 Thread exited: 0x0000000016f7a000
Event: 5.388 Thread 0x0000000016f2c800 Thread exited: 0x0000000016f2c800
Event: 5.593 Thread 0x0000000016e54000 Thread exited: 0x0000000016e54000


Dynamic libraries:
0x00007ff6a7d30000 - 0x00007ff6a7d61000 	D:\android-studio\jre\bin\java.exe
0x00007ff920c10000 - 0x00007ff920de1000 	C:\WINDOWS\SYSTEM32\ntdll.dll
0x00007ff9205d0000 - 0x00007ff92067b000 	C:\WINDOWS\System32\KERNEL32.DLL
0x00007ff91cf50000 - 0x00007ff91d16d000 	C:\WINDOWS\System32\KERNELBASE.dll
0x00007ff91e010000 - 0x00007ff91e0b2000 	C:\WINDOWS\System32\ADVAPI32.dll
0x00007ff91e7e0000 - 0x00007ff91e87e000 	C:\WINDOWS\System32\msvcrt.dll
0x00007ff91e5f0000 - 0x00007ff91e649000 	C:\WINDOWS\System32\sechost.dll
0x00007ff920730000 - 0x00007ff920851000 	C:\WINDOWS\System32\RPCRT4.dll
0x00007ff920960000 - 0x00007ff920ac5000 	C:\WINDOWS\System32\USER32.dll
0x00007ff91dd30000 - 0x00007ff91dd4e000 	C:\WINDOWS\System32\win32u.dll
0x00007ff920680000 - 0x00007ff9206b4000 	C:\WINDOWS\System32\GDI32.dll
0x00007ff91de50000 - 0x00007ff91dfd2000 	C:\WINDOWS\System32\gdi32full.dll
0x00007ff916e20000 - 0x00007ff917099000 	C:\WINDOWS\WinSxS\amd64_microsoft.windows.common-controls_6595b64144ccf1df_6.0.14393.447_none_42191651c6827bb3\COMCTL32.dll
0x00007ff91e0c0000 - 0x00007ff91e387000 	C:\WINDOWS\System32\combase.dll
0x00007ff91dd50000 - 0x00007ff91de45000 	C:\WINDOWS\System32\ucrtbase.dll
0x00007ff91d170000 - 0x00007ff91d1da000 	C:\WINDOWS\System32\bcryptPrimitives.dll
0x00007ff91e650000 - 0x00007ff91e67e000 	C:\WINDOWS\System32\IMM32.DLL
0x000000005ac10000 - 0x000000005ace2000 	D:\android-studio\jre\jre\bin\msvcr100.dll
0x000000005a1c0000 - 0x000000005a9f4000 	D:\android-studio\jre\jre\bin\server\jvm.dll
0x00007ff91dd00000 - 0x00007ff91dd23000 	C:\WINDOWS\System32\WINMM.dll
0x00007ff91ce60000 - 0x00007ff91ce8b000 	C:\WINDOWS\System32\WINMMBASE.dll
0x00007ff91dc60000 - 0x00007ff91dca2000 	C:\WINDOWS\System32\cfgmgr32.dll
0x00007ff9205c0000 - 0x00007ff9205c8000 	C:\WINDOWS\System32\PSAPI.DLL
0x00007ff8f9890000 - 0x00007ff8f9899000 	C:\WINDOWS\SYSTEM32\WSOCK32.dll
0x00007ff91fe60000 - 0x00007ff91feca000 	C:\WINDOWS\System32\WS2_32.dll
0x00007ff919b80000 - 0x00007ff919b8a000 	C:\WINDOWS\SYSTEM32\VERSION.dll
0x00007ff91b350000 - 0x00007ff91b35f000 	D:\android-studio\jre\jre\bin\verify.dll
0x00007ff9120e0000 - 0x00007ff912109000 	D:\android-studio\jre\jre\bin\java.dll
0x00007ff918f90000 - 0x00007ff918fa6000 	D:\android-studio\jre\jre\bin\zip.dll
0x00007ff91e8e0000 - 0x00007ff91fde9000 	C:\WINDOWS\System32\SHELL32.dll
0x00007ff91d300000 - 0x00007ff91d9da000 	C:\WINDOWS\System32\windows.storage.dll
0x00007ff91dcb0000 - 0x00007ff91dcfc000 	C:\WINDOWS\System32\powrprof.dll
0x00007ff9206d0000 - 0x00007ff920722000 	C:\WINDOWS\System32\shlwapi.dll
0x00007ff91ce90000 - 0x00007ff91ce9f000 	C:\WINDOWS\System32\kernel.appcore.dll
0x00007ff91dbb0000 - 0x00007ff91dc59000 	C:\WINDOWS\System32\shcore.dll
0x00007ff91ce40000 - 0x00007ff91ce54000 	C:\WINDOWS\System32\profapi.dll

VM Arguments:
jvm_args: -Djava.awt.headless=true -Xmx1024M -Dfile.encoding=GBK -Duser.country=CN -Duser.language=zh -Duser.variant 
java_command: com.android.dx.command.Main --dex --force-jumbo --num-threads=4 --multi-dex --output E:\workspace\SmartCity\app\build\intermediates\transforms\dex\debug\folders\1000\5\slice_2 E:\workspace\SmartCity\app\build\intermediates\transforms\instantRunSlicer\debug\folders\1\5\slice_2
java_class_path (initial): D:\ADT-Bundle\sdk\build-tools\25.0.0\lib\dx.jar
Launcher Type: SUN_STANDARD

Environment Variables:
JAVA_HOME=C:\Program Files\Java\jdk1.8.0_111
CLASSPATH=C:\Program Files\Java\jdk1.8.0_111\lib\dt.jar;C:\Program Files\Java\jdk1.8.0_111\lib\tools.jar
PATH=C:\ProgramData\Oracle\Java\javapath;C:\Windows\system32;C:\Windows;C:\Windows\System32\Wbem;C:\Windows\System32\WindowsPowerShell\v1.0\;C:\Program Files (x86)\NVIDIA Corporation\PhysX\Common;%JAVA_HOME%\bin;%JAVA_HOME%\jre\bin;D:\ADT-Bundle\sdk\platform-tools;C:\Program Files (x86)\decomp;%GRADLE_HOME%\bin;C:\Program Files\Git\bin;C:\WINDOWS\system32;C:\WINDOWS;C:\WINDOWS\System32\Wbem;C:\WINDOWS\System32\WindowsPowerShell\v1.0\;C:\Users\AllenIverson\AppData\Local\Microsoft\WindowsApps;
USERNAME=AllenIverson
OS=Windows_NT
PROCESSOR_IDENTIFIER=Intel64 Family 6 Model 42 Stepping 7, GenuineIntel



---------------  S Y S T E M  ---------------

OS: Windows 10.0 , 64 bit Build 14393 (10.0.14393.0)

CPU:total 4 (2 cores per cpu, 2 threads per core) family 6 model 42 stepping 7, cmov, cx8, fxsr, mmx, sse, sse2, sse3, ssse3, sse4.1, sse4.2, popcnt, avx, aes, clmul, ht, tsc, tscinvbit

Memory: 4k page, physical 8364836k(1149492k free), swap 8364836k(5452k free)

vm_info: OpenJDK 64-Bit Server VM (25.76-b03) for windows-amd64 JRE (1.8.0_76-release-b03), built on Jun 29 2016 19:09:20 by "ralucas" with MS VC++ 10.0 (VS2010)

time: Tue Dec 13 23:59:07 2016
elapsed time: 6 seconds (0d 0h 0m 6s)

