#
# There is insufficient memory for the Java Runtime Environment to continue.
# Native memory allocation (malloc) failed to allocate 131088 bytes for Chunk::new
# Possible reasons:
#   The system is out of physical RAM or swap space
#   In 32 bit mode, the process size limit was hit
# Possible solutions:
#   Reduce memory load on the system
#   Increase physical memory or swap space
#   Check if swap backing store is full
#   Use 64 bit Java on a 64 bit OS
#   Decrease Java heap size (-Xmx/-Xms)
#   Decrease number of Java threads
#   Decrease Java thread stack sizes (-Xss)
#   Set larger code cache with -XX:ReservedCodeCacheSize=
# This output file may be truncated or incomplete.
#
#  Out of Memory Error (allocation.cpp:390), pid=7596, tid=0x00000000000035c8
#
# JRE version: OpenJDK Runtime Environment (8.0_76-b03) (build 1.8.0_76-release-b03)
# Java VM: OpenJDK 64-Bit Server VM (25.76-b03 mixed mode windows-amd64 compressed oops)
# Failed to write core dump. Minidumps are not enabled by default on client versions of Windows
#

---------------  T H R E A D  ---------------

Current thread (0x0000000015877800):  JavaThread "C2 CompilerThread0" daemon [_thread_in_native, id=13768, stack(0x0000000016d80000,0x0000000016e80000)]

Stack: [0x0000000016d80000,0x0000000016e80000]
[error occurred during error reporting (printing stack bounds), id 0xc0000005]

Native frames: (J=compiled Java code, j=interpreted, Vv=VM code, C=native code)


Current CompileTask:
C2:   6656 1727       4       com.android.dx.rop.code.Rops::ropFor (771 bytes)


---------------  P R O C E S S  ---------------

Java Threads: ( => current thread )
  0x000000001725a800 JavaThread "pool-2-thread-4" [_thread_blocked, id=13164, stack(0x0000000018280000,0x0000000018380000)]
  0x0000000017259800 JavaThread "pool-2-thread-3" [_thread_blocked, id=12432, stack(0x0000000018180000,0x0000000018280000)]
  0x0000000017258800 JavaThread "pool-2-thread-2" [_thread_blocked, id=7508, stack(0x0000000018080000,0x0000000018180000)]
  0x0000000017238000 JavaThread "pool-3-thread-1" [_thread_blocked, id=19700, stack(0x0000000017f80000,0x0000000018080000)]
  0x0000000017237800 JavaThread "pool-2-thread-1" [_thread_in_Java, id=18532, stack(0x0000000017e80000,0x0000000017f80000)]
  0x0000000016fd8000 JavaThread "Service Thread" daemon [_thread_blocked, id=11820, stack(0x0000000017480000,0x0000000017580000)]
  0x0000000016fd4800 JavaThread "C1 CompilerThread2" daemon [_thread_blocked, id=7716, stack(0x0000000017380000,0x0000000017480000)]
  0x000000001587a800 JavaThread "C2 CompilerThread1" daemon [_thread_in_native, id=16276, stack(0x0000000016e80000,0x0000000016f80000)]
=>0x0000000015877800 JavaThread "C2 CompilerThread0" daemon [_thread_in_native, id=13768, stack(0x0000000016d80000,0x0000000016e80000)]
  0x0000000015876800 JavaThread "Attach Listener" daemon [_thread_blocked, id=1784, stack(0x0000000016c80000,0x0000000016d80000)]
  0x000000001582a000 JavaThread "Signal Dispatcher" daemon [_thread_blocked, id=12612, stack(0x0000000016b80000,0x0000000016c80000)]
  0x0000000015808800 JavaThread "Finalizer" daemon [_thread_blocked, id=8308, stack(0x0000000016a80000,0x0000000016b80000)]
  0x000000000313f000 JavaThread "Reference Handler" daemon [_thread_blocked, id=13292, stack(0x0000000016980000,0x0000000016a80000)]
  0x0000000003050800 JavaThread "main" [_thread_in_Java, id=15580, stack(0x0000000002f50000,0x0000000003050000)]

Other Threads:
  0x00000000157e6000 VMThread [stack: 0x0000000016880000,0x0000000016980000] [id=18188]
  0x0000000016fd9800 WatcherThread [stack: 0x0000000017580000,0x0000000017680000] [id=11520]

VM state:not at safepoint (normal execution)

VM Mutex/Monitor currently owned by a thread: None

Heap:
 PSYoungGen      total 71680K, used 45623K [0x00000000eab00000, 0x00000000ef600000, 0x0000000100000000)
  eden space 66560K, 60% used [0x00000000eab00000,0x00000000ed295188,0x00000000eec00000)
  from space 5120K, 99% used [0x00000000ef100000,0x00000000ef5f8ac8,0x00000000ef600000)
  to   space 5120K, 0% used [0x00000000eec00000,0x00000000eec00000,0x00000000ef100000)
 ParOldGen       total 87552K, used 4948K [0x00000000c0000000, 0x00000000c5580000, 0x00000000eab00000)
  object space 87552K, 5% used [0x00000000c0000000,0x00000000c04d5148,0x00000000c5580000)
 Metaspace       used 6157K, capacity 7152K, committed 7296K, reserved 1056768K
  class space    used 568K, capacity 616K, committed 640K, reserved 1048576K

Card table byte_map: [0x0000000012510000,0x0000000012720000] byte_map_base: 0x0000000011f10000

Marking Bits: (ParMarkBitMap*) 0x000000005a979d00
 Begin Bits: [0x0000000012c80000, 0x0000000013c80000)
 End Bits:   [0x0000000013c80000, 0x0000000014c80000)

Polling page: 0x00000000012a0000

CodeCache: size=245760Kb used=7870Kb max_used=7876Kb free=237889Kb
 bounds [0x0000000003150000, 0x0000000003910000, 0x0000000012150000]
 total_blobs=2041 nmethods=1776 adapters=178
 compilation: enabled

Compilation events (10 events):
Event: 6.572 Thread 0x0000000016fd4800 1797       2       com.android.dx.cf.code.LocalVariableList$Item::access$000 (5 bytes)
Event: 6.572 Thread 0x0000000016fd4800 nmethod 1797 0x0000000003901090 code [0x00000000039011e0, 0x0000000003901310]
Event: 6.572 Thread 0x0000000016fd4800 1798       2       com.android.dx.cf.code.LocalVariableList$Item::withSignature (29 bytes)
Event: 6.572 Thread 0x0000000016fd4800 nmethod 1798 0x0000000003900c50 code [0x0000000003900dc0, 0x0000000003900fc8]
Event: 6.577 Thread 0x0000000016fd4800 1799       2       com.android.dx.util.ByteArray::getByte0 (12 bytes)
Event: 6.577 Thread 0x0000000016fd4800 nmethod 1799 0x0000000003900890 code [0x00000000039009e0, 0x0000000003900b50]
Event: 6.586 Thread 0x0000000016fd4800 1800       2       java.util.Collections$UnmodifiableList::get (11 bytes)
Event: 6.587 Thread 0x0000000016fd4800 nmethod 1800 0x0000000003900510 code [0x0000000003900680, 0x0000000003900808]
Event: 6.594 Thread 0x0000000016fd4800 1801       2       com.android.dx.util.ByteArray::getByte (14 bytes)
Event: 6.594 Thread 0x0000000016fd4800 nmethod 1801 0x0000000003900090 code [0x0000000003900200, 0x00000000039003c8]

GC Heap History (4 events):
Event: 2.210 GC heap before
{Heap before GC invocations=1 (full 0):
 PSYoungGen      total 38400K, used 33280K [0x00000000eab00000, 0x00000000ed580000, 0x0000000100000000)
  eden space 33280K, 100% used [0x00000000eab00000,0x00000000ecb80000,0x00000000ecb80000)
  from space 5120K, 0% used [0x00000000ed080000,0x00000000ed080000,0x00000000ed580000)
  to   space 5120K, 0% used [0x00000000ecb80000,0x00000000ecb80000,0x00000000ed080000)
 ParOldGen       total 87552K, used 0K [0x00000000c0000000, 0x00000000c5580000, 0x00000000eab00000)
  object space 87552K, 0% used [0x00000000c0000000,0x00000000c0000000,0x00000000c5580000)
 Metaspace       used 5864K, capacity 6896K, committed 7040K, reserved 1056768K
  class space    used 567K, capacity 616K, committed 640K, reserved 1048576K
Event: 2.409 GC heap after
Heap after GC invocations=1 (full 0):
 PSYoungGen      total 38400K, used 5112K [0x00000000eab00000, 0x00000000ef600000, 0x0000000100000000)
  eden space 33280K, 0% used [0x00000000eab00000,0x00000000eab00000,0x00000000ecb80000)
  from space 5120K, 99% used [0x00000000ecb80000,0x00000000ed07e088,0x00000000ed080000)
  to   space 5120K, 0% used [0x00000000ef100000,0x00000000ef100000,0x00000000ef600000)
 ParOldGen       total 87552K, used 917K [0x00000000c0000000, 0x00000000c5580000, 0x00000000eab00000)
  object space 87552K, 1% used [0x00000000c0000000,0x00000000c00e54b8,0x00000000c5580000)
 Metaspace       used 5864K, capacity 6896K, committed 7040K, reserved 1056768K
  class space    used 567K, capacity 616K, committed 640K, reserved 1048576K
}
Event: 4.022 GC heap before
{Heap before GC invocations=2 (full 0):
 PSYoungGen      total 38400K, used 38392K [0x00000000eab00000, 0x00000000ef600000, 0x0000000100000000)
  eden space 33280K, 100% used [0x00000000eab00000,0x00000000ecb80000,0x00000000ecb80000)
  from space 5120K, 99% used [0x00000000ecb80000,0x00000000ed07e088,0x00000000ed080000)
  to   space 5120K, 0% used [0x00000000ef100000,0x00000000ef100000,0x00000000ef600000)
 ParOldGen       total 87552K, used 917K [0x00000000c0000000, 0x00000000c5580000, 0x00000000eab00000)
  object space 87552K, 1% used [0x00000000c0000000,0x00000000c00e54b8,0x00000000c5580000)
 Metaspace       used 6085K, capacity 7088K, committed 7296K, reserved 1056768K
  class space    used 567K, capacity 616K, committed 640K, reserved 1048576K
Event: 4.116 GC heap after
Heap after GC invocations=2 (full 0):
 PSYoungGen      total 71680K, used 5090K [0x00000000eab00000, 0x00000000ef600000, 0x0000000100000000)
  eden space 66560K, 0% used [0x00000000eab00000,0x00000000eab00000,0x00000000eec00000)
  from space 5120K, 99% used [0x00000000ef100000,0x00000000ef5f8ac8,0x00000000ef600000)
  to   space 5120K, 0% used [0x00000000eec00000,0x00000000eec00000,0x00000000ef100000)
 ParOldGen       total 87552K, used 4948K [0x00000000c0000000, 0x00000000c5580000, 0x00000000eab00000)
  object space 87552K, 5% used [0x00000000c0000000,0x00000000c04d5148,0x00000000c5580000)
 Metaspace       used 6085K, capacity 7088K, committed 7296K, reserved 1056768K
  class space    used 567K, capacity 616K, committed 640K, reserved 1048576K
}

Deoptimization events (10 events):
Event: 6.256 Thread 0x0000000017237800 Uncommon trap: reason=bimorphic action=maybe_recompile pc=0x0000000003897d10 method=com.android.dx.rop.code.RegisterSpec.withSimpleType()Lcom/android/dx/rop/code/RegisterSpec; @ 21
Event: 6.258 Thread 0x0000000017237800 Uncommon trap: reason=bimorphic action=maybe_recompile pc=0x0000000003897d10 method=com.android.dx.rop.code.RegisterSpec.withSimpleType()Lcom/android/dx/rop/code/RegisterSpec; @ 21
Event: 6.274 Thread 0x0000000017237800 Uncommon trap: reason=unstable_if action=reinterpret pc=0x0000000003896ca8 method=com.android.dx.rop.code.RegisterSpec.equals(ILcom/android/dx/rop/type/TypeBearer;Lcom/android/dx/rop/code/LocalItem;)Z @ 42
Event: 6.345 Thread 0x000000001725a800 Uncommon trap: reason=bimorphic action=maybe_recompile pc=0x00000000038a03ec method=com.android.dx.cf.code.BytecodeArray.parseInstruction(ILcom/android/dx/cf/code/BytecodeArray$Visitor;)I @ 1501
Event: 6.345 Thread 0x000000001725a800 Uncommon trap: reason=bimorphic action=maybe_recompile pc=0x00000000038a0170 method=com.android.dx.cf.code.BytecodeArray.parseInstruction(ILcom/android/dx/cf/code/BytecodeArray$Visitor;)I @ 2135
Event: 6.345 Thread 0x000000001725a800 Uncommon trap: reason=bimorphic action=maybe_recompile pc=0x00000000038a03ec method=com.android.dx.cf.code.BytecodeArray.parseInstruction(ILcom/android/dx/cf/code/BytecodeArray$Visitor;)I @ 1501
Event: 6.346 Thread 0x000000001725a800 Uncommon trap: reason=bimorphic action=maybe_recompile pc=0x00000000038a0170 method=com.android.dx.cf.code.BytecodeArray.parseInstruction(ILcom/android/dx/cf/code/BytecodeArray$Visitor;)I @ 2135
Event: 6.359 Thread 0x000000001725a800 Uncommon trap: reason=unstable_if action=reinterpret pc=0x000000000366ff80 method=com.android.dx.ssa.SCCP.simulateStmt(Lcom/android/dx/ssa/SsaInsn;)V @ 53
Event: 6.374 Thread 0x0000000003050800 Uncommon trap: reason=unloaded action=reinterpret pc=0x00000000037dd54c method=com.android.dx.cf.cst.ConstantPoolParser.parse0(ILjava/util/BitSet;)Lcom/android/dx/rop/cst/Constant; @ 176
Event: 6.404 Thread 0x0000000017259800 Uncommon trap: reason=unstable_if action=reinterpret pc=0x00000000034cf8b4 method=com.android.dx.rop.code.RegisterSpec.equals(ILcom/android/dx/rop/type/TypeBearer;Lcom/android/dx/rop/code/LocalItem;)Z @ 16

Internal exceptions (4 events):
Event: 0.080 Thread 0x0000000003050800 Exception <a 'java/lang/NoSuchMethodError': Method sun.misc.Unsafe.defineClass(Ljava/lang/String;[BII)Ljava/lang/Class; name or signature does not match> (0x00000000eab07cc0) thrown at [C:\src\android\AOSP-openjdk\external\jetbrains\jdk\hotspot\src\share\v~´åëp´?
Event: 0.080 Thread 0x0000000003050800 Exception <a 'java/lang/NoSuchMethodError': Method sun.misc.Unsafe.prefetchRead(Ljava/lang/Object;J)V name or signature does not match> (0x00000000eab07fa8) thrown at [C:\src\android\AOSP-openjdk\external\jetbrains\jdk\hotspot\src\share\vm\prims\jni.cpp, lí~Ý{@
Event: 2.935 Thread 0x0000000017237800 Implicit null exception at 0x00000000035afcb7 to 0x00000000035b10b1
Event: 2.936 Thread 0x0000000017237800 Implicit null exception at 0x0000000003582155 to 0x00000000035832c5

Events (10 events):
Event: 6.346 Thread 0x000000001725a800 DEOPT UNPACKING pc=0x000000000319556a sp=0x000000001837e9d0 mode 2
Event: 6.359 Thread 0x000000001725a800 Uncommon trap: trap_request=0xffffff65 fr.pc=0x000000000366ff80
Event: 6.359 Thread 0x000000001725a800 DEOPT PACKING pc=0x000000000366ff80 sp=0x000000001837ea00
Event: 6.359 Thread 0x000000001725a800 DEOPT UNPACKING pc=0x000000000319556a sp=0x000000001837e9e8 mode 2
Event: 6.374 Thread 0x0000000003050800 Uncommon trap: trap_request=0x000000cf fr.pc=0x00000000037dd54c
Event: 6.374 Thread 0x0000000003050800 DEOPT PACKING pc=0x00000000037dd54c sp=0x000000000304eb00
Event: 6.374 Thread 0x0000000003050800 DEOPT UNPACKING pc=0x000000000319556a sp=0x000000000304eb58 mode 2
Event: 6.404 Thread 0x0000000017259800 Uncommon trap: trap_request=0xffffff65 fr.pc=0x00000000034cf8b4
Event: 6.404 Thread 0x0000000017259800 DEOPT PACKING pc=0x00000000034cf8b4 sp=0x000000001827e8b0
Event: 6.404 Thread 0x0000000017259800 DEOPT UNPACKING pc=0x000000000319556a sp=0x000000001827e708 mode 2


Dynamic libraries:
0x00007ff7cb9f0000 - 0x00007ff7cba21000 	D:\android-studio\jre\bin\java.exe
0x00007ff920c10000 - 0x00007ff920de1000 	C:\WINDOWS\SYSTEM32\ntdll.dll
0x00007ff9205d0000 - 0x00007ff92067b000 	C:\WINDOWS\System32\KERNEL32.DLL
0x00007ff91cf50000 - 0x00007ff91d16d000 	C:\WINDOWS\System32\KERNELBASE.dll
0x00007ff91e010000 - 0x00007ff91e0b2000 	C:\WINDOWS\System32\ADVAPI32.dll
0x00007ff91e7e0000 - 0x00007ff91e87e000 	C:\WINDOWS\System32\msvcrt.dll
0x00007ff91e5f0000 - 0x00007ff91e649000 	C:\WINDOWS\System32\sechost.dll
0x00007ff920730000 - 0x00007ff920851000 	C:\WINDOWS\System32\RPCRT4.dll
0x00007ff920960000 - 0x00007ff920ac5000 	C:\WINDOWS\System32\USER32.dll
0x00007ff91dd30000 - 0x00007ff91dd4e000 	C:\WINDOWS\System32\win32u.dll
0x00007ff920680000 - 0x00007ff9206b4000 	C:\WINDOWS\System32\GDI32.dll
0x00007ff91de50000 - 0x00007ff91dfd2000 	C:\WINDOWS\System32\gdi32full.dll
0x00007ff916e20000 - 0x00007ff917099000 	C:\WINDOWS\WinSxS\amd64_microsoft.windows.common-controls_6595b64144ccf1df_6.0.14393.447_none_42191651c6827bb3\COMCTL32.dll
0x00007ff91e0c0000 - 0x00007ff91e387000 	C:\WINDOWS\System32\combase.dll
0x00007ff91dd50000 - 0x00007ff91de45000 	C:\WINDOWS\System32\ucrtbase.dll
0x00007ff91d170000 - 0x00007ff91d1da000 	C:\WINDOWS\System32\bcryptPrimitives.dll
0x00007ff91e650000 - 0x00007ff91e67e000 	C:\WINDOWS\System32\IMM32.DLL
0x000000005ac10000 - 0x000000005ace2000 	D:\android-studio\jre\jre\bin\msvcr100.dll
0x000000005a1c0000 - 0x000000005a9f4000 	D:\android-studio\jre\jre\bin\server\jvm.dll
0x00007ff91dd00000 - 0x00007ff91dd23000 	C:\WINDOWS\System32\WINMM.dll
0x00007ff91ce60000 - 0x00007ff91ce8b000 	C:\WINDOWS\System32\WINMMBASE.dll
0x00007ff91dc60000 - 0x00007ff91dca2000 	C:\WINDOWS\System32\cfgmgr32.dll
0x00007ff9205c0000 - 0x00007ff9205c8000 	C:\WINDOWS\System32\PSAPI.DLL
0x00007ff8f9890000 - 0x00007ff8f9899000 	C:\WINDOWS\SYSTEM32\WSOCK32.dll
0x00007ff91fe60000 - 0x00007ff91feca000 	C:\WINDOWS\System32\WS2_32.dll
0x00007ff919b80000 - 0x00007ff919b8a000 	C:\WINDOWS\SYSTEM32\VERSION.dll
0x00007ff91b350000 - 0x00007ff91b35f000 	D:\android-studio\jre\jre\bin\verify.dll
0x00007ff913180000 - 0x00007ff9131a9000 	D:\android-studio\jre\jre\bin\java.dll
0x00007ff918f90000 - 0x00007ff918fa6000 	D:\android-studio\jre\jre\bin\zip.dll
0x00007ff91e8e0000 - 0x00007ff91fde9000 	C:\WINDOWS\System32\SHELL32.dll
0x00007ff91d300000 - 0x00007ff91d9da000 	C:\WINDOWS\System32\windows.storage.dll
0x00007ff91dcb0000 - 0x00007ff91dcfc000 	C:\WINDOWS\System32\powrprof.dll
0x00007ff9206d0000 - 0x00007ff920722000 	C:\WINDOWS\System32\shlwapi.dll
0x00007ff91ce90000 - 0x00007ff91ce9f000 	C:\WINDOWS\System32\kernel.appcore.dll
0x00007ff91dbb0000 - 0x00007ff91dc59000 	C:\WINDOWS\System32\shcore.dll
0x00007ff91ce40000 - 0x00007ff91ce54000 	C:\WINDOWS\System32\profapi.dll

VM Arguments:
jvm_args: -Djava.awt.headless=true -Xmx1024M -Dfile.encoding=GBK -Duser.country=CN -Duser.language=zh -Duser.variant 
java_command: com.android.dx.command.Main --dex --force-jumbo --num-threads=4 --multi-dex --output E:\workspace\SmartCity\app\build\intermediates\transforms\dex\debug\folders\1000\10\com.android.support-support-compat-25.0.1_458b3d36dfd379a22ac0046f3915bb8ede80e0e8 E:\workspace\SmartCity\app\build\intermediates\exploded-aar\com.android.support\support-compat\25.0.1\jars\classes.jar
java_class_path (initial): D:\ADT-Bundle\sdk\build-tools\25.0.0\lib\dx.jar
Launcher Type: SUN_STANDARD

Environment Variables:
JAVA_HOME=C:\Program Files\Java\jdk1.8.0_111
CLASSPATH=C:\Program Files\Java\jdk1.8.0_111\lib\dt.jar;C:\Program Files\Java\jdk1.8.0_111\lib\tools.jar
PATH=C:\ProgramData\Oracle\Java\javapath;C:\Windows\system32;C:\Windows;C:\Windows\System32\Wbem;C:\Windows\System32\WindowsPowerShell\v1.0\;C:\Program Files (x86)\NVIDIA Corporation\PhysX\Common;%JAVA_HOME%\bin;%JAVA_HOME%\jre\bin;D:\ADT-Bundle\sdk\platform-tools;C:\Program Files (x86)\decomp;%GRADLE_HOME%\bin;C:\Program Files\Git\bin;C:\WINDOWS\system32;C:\WINDOWS;C:\WINDOWS\System32\Wbem;C:\WINDOWS\System32\WindowsPowerShell\v1.0\;C:\Users\AllenIverson\AppData\Local\Microsoft\WindowsApps;
USERNAME=AllenIverson
OS=Windows_NT
PROCESSOR_IDENTIFIER=Intel64 Family 6 Model 42 Stepping 7, GenuineIntel



---------------  S Y S T E M  ---------------

OS: Windows 10.0 , 64 bit Build 14393 (10.0.14393.0)

CPU:total 4 (2 cores per cpu, 2 threads per core) family 6 model 42 stepping 7, cmov, cx8, fxsr, mmx, sse, sse2, sse3, ssse3, sse4.1, sse4.2, popcnt, avx, aes, clmul, ht, tsc, tscinvbit

Memory: 4k page, physical 8364836k(1484528k free), swap 8364836k(5288k free)

vm_info: OpenJDK 64-Bit Server VM (25.76-b03) for windows-amd64 JRE (1.8.0_76-release-b03), built on Jun 29 2016 19:09:20 by "ralucas" with MS VC++ 10.0 (VS2010)

time: Fri Dec 16 10:30:43 2016
elapsed time: 6 seconds (0d 0h 0m 6s)

